[1.848s] Invoking command in '/home/evan/Desktop/Xplore/CS_workspace/cs_ws/src/rover_pkg': PYTHONPATH=/home/evan/Desktop/Xplore/CS_workspace/build/rover_pkg/prefix_override:/home/evan/Desktop/Xplore/CS_workspace/install/rover_pkg/lib/python3.8/site-packages:${PYTHONPATH} /usr/bin/python3 setup.py egg_info --egg-base ../../../build/rover_pkg build --build-base /home/evan/Desktop/Xplore/CS_workspace/build/rover_pkg/build install --record /home/evan/Desktop/Xplore/CS_workspace/build/rover_pkg/install.log --single-version-externally-managed
[2.128s] running egg_info
[2.129s] writing ../../../build/rover_pkg/rover_pkg.egg-info/PKG-INFO
[2.131s] writing dependency_links to ../../../build/rover_pkg/rover_pkg.egg-info/dependency_links.txt
[2.131s] writing entry points to ../../../build/rover_pkg/rover_pkg.egg-info/entry_points.txt
[2.131s] writing requirements to ../../../build/rover_pkg/rover_pkg.egg-info/requires.txt
[2.131s] writing top-level names to ../../../build/rover_pkg/rover_pkg.egg-info/top_level.txt
[2.200s] reading manifest file '../../../build/rover_pkg/rover_pkg.egg-info/SOURCES.txt'
[2.219s] writing manifest file '../../../build/rover_pkg/rover_pkg.egg-info/SOURCES.txt'
[2.219s] running build
[2.221s] running build_py
[2.221s] copying rover_pkg/cameras_publisher.py -> /home/evan/Desktop/Xplore/CS_workspace/build/rover_pkg/build/lib/rover_pkg
[2.221s] running install
[2.221s] running install_lib
[2.222s] copying /home/evan/Desktop/Xplore/CS_workspace/build/rover_pkg/build/lib/rover_pkg/cameras_publisher.py -> /home/evan/Desktop/Xplore/CS_workspace/install/rover_pkg/lib/python3.8/site-packages/rover_pkg
[2.222s] byte-compiling /home/evan/Desktop/Xplore/CS_workspace/install/rover_pkg/lib/python3.8/site-packages/rover_pkg/cameras_publisher.py to cameras_publisher.cpython-38.pyc
[2.226s] running install_data
[2.226s] running install_egg_info
[2.228s] removing '/home/evan/Desktop/Xplore/CS_workspace/install/rover_pkg/lib/python3.8/site-packages/rover_pkg-0.0.0-py3.8.egg-info' (and everything under it)
[2.232s] Copying ../../../build/rover_pkg/rover_pkg.egg-info to /home/evan/Desktop/Xplore/CS_workspace/install/rover_pkg/lib/python3.8/site-packages/rover_pkg-0.0.0-py3.8.egg-info
[2.238s] running install_scripts
[2.262s] Installing cameras_publisher script to /home/evan/Desktop/Xplore/CS_workspace/install/rover_pkg/lib/rover_pkg
[2.265s] Installing gripper_camera script to /home/evan/Desktop/Xplore/CS_workspace/install/rover_pkg/lib/rover_pkg
[2.265s] Installing rover script to /home/evan/Desktop/Xplore/CS_workspace/install/rover_pkg/lib/rover_pkg
[2.268s] writing list of installed files to '/home/evan/Desktop/Xplore/CS_workspace/build/rover_pkg/install.log'
[2.345s] Invoked command in '/home/evan/Desktop/Xplore/CS_workspace/cs_ws/src/rover_pkg' returned '0': PYTHONPATH=/home/evan/Desktop/Xplore/CS_workspace/build/rover_pkg/prefix_override:/home/evan/Desktop/Xplore/CS_workspace/install/rover_pkg/lib/python3.8/site-packages:${PYTHONPATH} /usr/bin/python3 setup.py egg_info --egg-base ../../../build/rover_pkg build --build-base /home/evan/Desktop/Xplore/CS_workspace/build/rover_pkg/build install --record /home/evan/Desktop/Xplore/CS_workspace/build/rover_pkg/install.log --single-version-externally-managed
