[0.231s] Invoking command in '/home/yasmin/CS_workspace/build/xplore_interfaces': CMAKE_PREFIX_PATH=/opt/ros/foxy /usr/bin/cmake --build /home/yasmin/CS_workspace/build/xplore_interfaces -- -j4 -l4
[0.273s] [ 10%] Built target xplore_interfaces__rosidl_generator_c
[0.286s] [ 12%] Built target xplore_interfaces__cpp
[0.291s] [ 23%] Built target xplore_interfaces__rosidl_typesupport_c
[0.309s] [ 34%] Built target xplore_interfaces__rosidl_typesupport_introspection_c
[0.318s] [ 44%] Built target xplore_interfaces__rosidl_typesupport_fastrtps_cpp
[0.321s] [ 55%] Built target xplore_interfaces__rosidl_typesupport_cpp
[0.328s] [ 65%] Built target xplore_interfaces__rosidl_typesupport_introspection_cpp
[0.346s] [ 76%] Built target xplore_interfaces__rosidl_typesupport_fastrtps_c
[0.360s] [ 76%] Built target xplore_interfaces
[0.375s] [ 78%] Built target xplore_interfaces__py
[0.395s] [ 87%] Built target xplore_interfaces__python
[0.421s] [ 91%] Built target xplore_interfaces__rosidl_typesupport_fastrtps_c__pyext
[0.438s] [ 95%] Built target xplore_interfaces__rosidl_typesupport_introspection_c__pyext
[0.444s] [100%] Built target xplore_interfaces__rosidl_typesupport_c__pyext
[0.475s] Invoked command in '/home/yasmin/CS_workspace/build/xplore_interfaces' returned '0': CMAKE_PREFIX_PATH=/opt/ros/foxy /usr/bin/cmake --build /home/yasmin/CS_workspace/build/xplore_interfaces -- -j4 -l4
[0.565s] Invoking command in '/home/yasmin/CS_workspace/build/xplore_interfaces': CMAKE_PREFIX_PATH=/opt/ros/foxy /usr/bin/cmake --install /home/yasmin/CS_workspace/build/xplore_interfaces
[0.583s] -- Install configuration: ""
[0.583s] -- Up-to-date: /home/yasmin/CS_workspace/install/xplore_interfaces/share/ament_index/resource_index/rosidl_interfaces/xplore_interfaces
[0.583s] -- Up-to-date: /home/yasmin/CS_workspace/install/xplore_interfaces/include/xplore_interfaces
[0.583s] -- Up-to-date: /home/yasmin/CS_workspace/install/xplore_interfaces/include/xplore_interfaces/msg
[0.583s] -- Up-to-date: /home/yasmin/CS_workspace/install/xplore_interfaces/include/xplore_interfaces/msg/detail
[0.583s] -- Up-to-date: /home/yasmin/CS_workspace/install/xplore_interfaces/include/xplore_interfaces/msg/detail/camera_error__functions.c
[0.583s] -- Up-to-date: /home/yasmin/CS_workspace/install/xplore_interfaces/include/xplore_interfaces/msg/detail/camera_error__struct.h
[0.583s] -- Up-to-date: /home/yasmin/CS_workspace/install/xplore_interfaces/include/xplore_interfaces/msg/detail/camera_error__functions.h
[0.583s] -- Up-to-date: /home/yasmin/CS_workspace/install/xplore_interfaces/include/xplore_interfaces/msg/detail/camera_error__type_support.h
[0.583s] -- Up-to-date: /home/yasmin/CS_workspace/install/xplore_interfaces/include/xplore_interfaces/msg/camera_error.h
[0.583s] -- Up-to-date: /home/yasmin/CS_workspace/install/xplore_interfaces/include/xplore_interfaces/msg/rosidl_generator_c__visibility_control.h
[0.583s] -- Up-to-date: /home/yasmin/CS_workspace/install/xplore_interfaces/include/xplore_interfaces/srv
[0.583s] -- Up-to-date: /home/yasmin/CS_workspace/install/xplore_interfaces/include/xplore_interfaces/srv/detail
[0.583s] -- Up-to-date: /home/yasmin/CS_workspace/install/xplore_interfaces/include/xplore_interfaces/srv/detail/enable_camera__functions.c
[0.583s] -- Up-to-date: /home/yasmin/CS_workspace/install/xplore_interfaces/include/xplore_interfaces/srv/detail/disable_camera__type_support.h
[0.583s] -- Up-to-date: /home/yasmin/CS_workspace/install/xplore_interfaces/include/xplore_interfaces/srv/detail/disable_camera__functions.c
[0.584s] -- Up-to-date: /home/yasmin/CS_workspace/install/xplore_interfaces/include/xplore_interfaces/srv/detail/enable_camera__type_support.h
[0.584s] -- Up-to-date: /home/yasmin/CS_workspace/install/xplore_interfaces/include/xplore_interfaces/srv/detail/disable_camera__functions.h
[0.584s] -- Up-to-date: /home/yasmin/CS_workspace/install/xplore_interfaces/include/xplore_interfaces/srv/detail/disable_camera__struct.h
[0.584s] -- Up-to-date: /home/yasmin/CS_workspace/install/xplore_interfaces/include/xplore_interfaces/srv/detail/enable_camera__struct.h
[0.584s] -- Up-to-date: /home/yasmin/CS_workspace/install/xplore_interfaces/include/xplore_interfaces/srv/detail/enable_camera__functions.h
[0.584s] -- Up-to-date: /home/yasmin/CS_workspace/install/xplore_interfaces/include/xplore_interfaces/srv/enable_camera.h
[0.584s] -- Up-to-date: /home/yasmin/CS_workspace/install/xplore_interfaces/include/xplore_interfaces/srv/disable_camera.h
[0.584s] -- Up-to-date: /home/yasmin/CS_workspace/install/xplore_interfaces/share/xplore_interfaces/environment/library_path.sh
[0.584s] -- Up-to-date: /home/yasmin/CS_workspace/install/xplore_interfaces/share/xplore_interfaces/environment/library_path.dsv
[0.586s] -- Up-to-date: /home/yasmin/CS_workspace/install/xplore_interfaces/lib/libxplore_interfaces__rosidl_generator_c.so
[0.586s] -- Up-to-date: /home/yasmin/CS_workspace/install/xplore_interfaces/include/xplore_interfaces
[0.586s] -- Up-to-date: /home/yasmin/CS_workspace/install/xplore_interfaces/include/xplore_interfaces/msg
[0.586s] -- Up-to-date: /home/yasmin/CS_workspace/install/xplore_interfaces/include/xplore_interfaces/msg/detail
[0.586s] -- Up-to-date: /home/yasmin/CS_workspace/install/xplore_interfaces/include/xplore_interfaces/msg/detail/camera_error__rosidl_typesupport_fastrtps_c.h
[0.586s] -- Up-to-date: /home/yasmin/CS_workspace/install/xplore_interfaces/include/xplore_interfaces/msg/rosidl_typesupport_fastrtps_c__visibility_control.h
[0.587s] -- Up-to-date: /home/yasmin/CS_workspace/install/xplore_interfaces/include/xplore_interfaces/srv
[0.587s] -- Up-to-date: /home/yasmin/CS_workspace/install/xplore_interfaces/include/xplore_interfaces/srv/detail
[0.587s] -- Up-to-date: /home/yasmin/CS_workspace/install/xplore_interfaces/include/xplore_interfaces/srv/detail/enable_camera__rosidl_typesupport_fastrtps_c.h
[0.587s] -- Up-to-date: /home/yasmin/CS_workspace/install/xplore_interfaces/include/xplore_interfaces/srv/detail/disable_camera__rosidl_typesupport_fastrtps_c.h
[0.588s] -- Up-to-date: /home/yasmin/CS_workspace/install/xplore_interfaces/lib/libxplore_interfaces__rosidl_typesupport_fastrtps_c.so
[0.588s] -- Up-to-date: /home/yasmin/CS_workspace/install/xplore_interfaces/include/xplore_interfaces
[0.588s] -- Up-to-date: /home/yasmin/CS_workspace/install/xplore_interfaces/include/xplore_interfaces/msg
[0.588s] -- Up-to-date: /home/yasmin/CS_workspace/install/xplore_interfaces/include/xplore_interfaces/msg/detail
[0.588s] -- Up-to-date: /home/yasmin/CS_workspace/install/xplore_interfaces/include/xplore_interfaces/msg/detail/camera_error__rosidl_typesupport_fastrtps_cpp.hpp
[0.588s] -- Up-to-date: /home/yasmin/CS_workspace/install/xplore_interfaces/include/xplore_interfaces/msg/detail/dds_fastrtps
[0.588s] -- Up-to-date: /home/yasmin/CS_workspace/install/xplore_interfaces/include/xplore_interfaces/msg/rosidl_typesupport_fastrtps_cpp__visibility_control.h
[0.588s] -- Up-to-date: /home/yasmin/CS_workspace/install/xplore_interfaces/include/xplore_interfaces/srv
[0.588s] -- Up-to-date: /home/yasmin/CS_workspace/install/xplore_interfaces/include/xplore_interfaces/srv/detail
[0.588s] -- Up-to-date: /home/yasmin/CS_workspace/install/xplore_interfaces/include/xplore_interfaces/srv/detail/disable_camera__rosidl_typesupport_fastrtps_cpp.hpp
[0.588s] -- Up-to-date: /home/yasmin/CS_workspace/install/xplore_interfaces/include/xplore_interfaces/srv/detail/enable_camera__rosidl_typesupport_fastrtps_cpp.hpp
[0.588s] -- Up-to-date: /home/yasmin/CS_workspace/install/xplore_interfaces/include/xplore_interfaces/srv/detail/dds_fastrtps
[0.589s] -- Up-to-date: /home/yasmin/CS_workspace/install/xplore_interfaces/lib/libxplore_interfaces__rosidl_typesupport_fastrtps_cpp.so
[0.589s] -- Up-to-date: /home/yasmin/CS_workspace/install/xplore_interfaces/include/xplore_interfaces
[0.589s] -- Up-to-date: /home/yasmin/CS_workspace/install/xplore_interfaces/include/xplore_interfaces/msg
[0.590s] -- Up-to-date: /home/yasmin/CS_workspace/install/xplore_interfaces/include/xplore_interfaces/msg/detail
[0.590s] -- Up-to-date: /home/yasmin/CS_workspace/install/xplore_interfaces/include/xplore_interfaces/msg/detail/camera_error__rosidl_typesupport_introspection_c.h
[0.590s] -- Up-to-date: /home/yasmin/CS_workspace/install/xplore_interfaces/include/xplore_interfaces/msg/detail/camera_error__type_support.c
[0.590s] -- Up-to-date: /home/yasmin/CS_workspace/install/xplore_interfaces/include/xplore_interfaces/msg/rosidl_typesupport_introspection_c__visibility_control.h
[0.590s] -- Up-to-date: /home/yasmin/CS_workspace/install/xplore_interfaces/include/xplore_interfaces/srv
[0.590s] -- Up-to-date: /home/yasmin/CS_workspace/install/xplore_interfaces/include/xplore_interfaces/srv/detail
[0.590s] -- Up-to-date: /home/yasmin/CS_workspace/install/xplore_interfaces/include/xplore_interfaces/srv/detail/disable_camera__rosidl_typesupport_introspection_c.h
[0.590s] -- Up-to-date: /home/yasmin/CS_workspace/install/xplore_interfaces/include/xplore_interfaces/srv/detail/enable_camera__rosidl_typesupport_introspection_c.h
[0.590s] -- Up-to-date: /home/yasmin/CS_workspace/install/xplore_interfaces/include/xplore_interfaces/srv/detail/enable_camera__type_support.c
[0.590s] -- Up-to-date: /home/yasmin/CS_workspace/install/xplore_interfaces/include/xplore_interfaces/srv/detail/disable_camera__type_support.c
[0.591s] -- Up-to-date: /home/yasmin/CS_workspace/install/xplore_interfaces/lib/libxplore_interfaces__rosidl_typesupport_introspection_c.so
[0.592s] -- Up-to-date: /home/yasmin/CS_workspace/install/xplore_interfaces/lib/libxplore_interfaces__rosidl_typesupport_c.so
[0.592s] -- Up-to-date: /home/yasmin/CS_workspace/install/xplore_interfaces/include/xplore_interfaces
[0.592s] -- Up-to-date: /home/yasmin/CS_workspace/install/xplore_interfaces/include/xplore_interfaces/msg
[0.592s] -- Up-to-date: /home/yasmin/CS_workspace/install/xplore_interfaces/include/xplore_interfaces/msg/detail
[0.592s] -- Up-to-date: /home/yasmin/CS_workspace/install/xplore_interfaces/include/xplore_interfaces/msg/detail/camera_error__traits.hpp
[0.592s] -- Up-to-date: /home/yasmin/CS_workspace/install/xplore_interfaces/include/xplore_interfaces/msg/detail/camera_error__struct.hpp
[0.592s] -- Up-to-date: /home/yasmin/CS_workspace/install/xplore_interfaces/include/xplore_interfaces/msg/detail/camera_error__builder.hpp
[0.592s] -- Up-to-date: /home/yasmin/CS_workspace/install/xplore_interfaces/include/xplore_interfaces/msg/camera_error.hpp
[0.592s] -- Up-to-date: /home/yasmin/CS_workspace/install/xplore_interfaces/include/xplore_interfaces/srv
[0.592s] -- Up-to-date: /home/yasmin/CS_workspace/install/xplore_interfaces/include/xplore_interfaces/srv/enable_camera.hpp
[0.592s] -- Up-to-date: /home/yasmin/CS_workspace/install/xplore_interfaces/include/xplore_interfaces/srv/detail
[0.592s] -- Up-to-date: /home/yasmin/CS_workspace/install/xplore_interfaces/include/xplore_interfaces/srv/detail/disable_camera__builder.hpp
[0.592s] -- Up-to-date: /home/yasmin/CS_workspace/install/xplore_interfaces/include/xplore_interfaces/srv/detail/enable_camera__builder.hpp
[0.592s] -- Up-to-date: /home/yasmin/CS_workspace/install/xplore_interfaces/include/xplore_interfaces/srv/detail/enable_camera__struct.hpp
[0.592s] -- Up-to-date: /home/yasmin/CS_workspace/install/xplore_interfaces/include/xplore_interfaces/srv/detail/disable_camera__traits.hpp
[0.592s] -- Up-to-date: /home/yasmin/CS_workspace/install/xplore_interfaces/include/xplore_interfaces/srv/detail/enable_camera__traits.hpp
[0.593s] -- Up-to-date: /home/yasmin/CS_workspace/install/xplore_interfaces/include/xplore_interfaces/srv/detail/disable_camera__struct.hpp
[0.593s] -- Up-to-date: /home/yasmin/CS_workspace/install/xplore_interfaces/include/xplore_interfaces/srv/disable_camera.hpp
[0.593s] -- Up-to-date: /home/yasmin/CS_workspace/install/xplore_interfaces/include/xplore_interfaces
[0.593s] -- Up-to-date: /home/yasmin/CS_workspace/install/xplore_interfaces/include/xplore_interfaces/msg
[0.593s] -- Up-to-date: /home/yasmin/CS_workspace/install/xplore_interfaces/include/xplore_interfaces/msg/detail
[0.593s] -- Up-to-date: /home/yasmin/CS_workspace/install/xplore_interfaces/include/xplore_interfaces/msg/detail/camera_error__type_support.cpp
[0.593s] -- Up-to-date: /home/yasmin/CS_workspace/install/xplore_interfaces/include/xplore_interfaces/msg/detail/camera_error__rosidl_typesupport_introspection_cpp.hpp
[0.593s] -- Up-to-date: /home/yasmin/CS_workspace/install/xplore_interfaces/include/xplore_interfaces/srv
[0.593s] -- Up-to-date: /home/yasmin/CS_workspace/install/xplore_interfaces/include/xplore_interfaces/srv/detail
[0.593s] -- Up-to-date: /home/yasmin/CS_workspace/install/xplore_interfaces/include/xplore_interfaces/srv/detail/disable_camera__type_support.cpp
[0.593s] -- Up-to-date: /home/yasmin/CS_workspace/install/xplore_interfaces/include/xplore_interfaces/srv/detail/enable_camera__rosidl_typesupport_introspection_cpp.hpp
[0.593s] -- Up-to-date: /home/yasmin/CS_workspace/install/xplore_interfaces/include/xplore_interfaces/srv/detail/enable_camera__type_support.cpp
[0.593s] -- Up-to-date: /home/yasmin/CS_workspace/install/xplore_interfaces/include/xplore_interfaces/srv/detail/disable_camera__rosidl_typesupport_introspection_cpp.hpp
[0.594s] -- Up-to-date: /home/yasmin/CS_workspace/install/xplore_interfaces/lib/libxplore_interfaces__rosidl_typesupport_introspection_cpp.so
[0.595s] -- Up-to-date: /home/yasmin/CS_workspace/install/xplore_interfaces/lib/libxplore_interfaces__rosidl_typesupport_cpp.so
[0.595s] -- Up-to-date: /home/yasmin/CS_workspace/install/xplore_interfaces/share/xplore_interfaces/environment/pythonpath.sh
[0.595s] -- Up-to-date: /home/yasmin/CS_workspace/install/xplore_interfaces/share/xplore_interfaces/environment/pythonpath.dsv
[0.595s] -- Up-to-date: /home/yasmin/CS_workspace/install/xplore_interfaces/lib/python3.8/site-packages/xplore_interfaces/__init__.py
[0.613s] -- Up-to-date: /home/yasmin/CS_workspace/install/xplore_interfaces/lib/python3.8/site-packages/xplore_interfaces/msg
[0.613s] -- Up-to-date: /home/yasmin/CS_workspace/install/xplore_interfaces/lib/python3.8/site-packages/xplore_interfaces/msg/_camera_error.py
[0.614s] -- Up-to-date: /home/yasmin/CS_workspace/install/xplore_interfaces/lib/python3.8/site-packages/xplore_interfaces/msg/_camera_error_s.c
[0.614s] -- Up-to-date: /home/yasmin/CS_workspace/install/xplore_interfaces/lib/python3.8/site-packages/xplore_interfaces/msg/__init__.py
[0.614s] -- Up-to-date: /home/yasmin/CS_workspace/install/xplore_interfaces/lib/python3.8/site-packages/xplore_interfaces/srv
[0.614s] -- Up-to-date: /home/yasmin/CS_workspace/install/xplore_interfaces/lib/python3.8/site-packages/xplore_interfaces/srv/_enable_camera_s.c
[0.614s] -- Up-to-date: /home/yasmin/CS_workspace/install/xplore_interfaces/lib/python3.8/site-packages/xplore_interfaces/srv/_enable_camera.py
[0.614s] -- Up-to-date: /home/yasmin/CS_workspace/install/xplore_interfaces/lib/python3.8/site-packages/xplore_interfaces/srv/_disable_camera_s.c
[0.614s] -- Up-to-date: /home/yasmin/CS_workspace/install/xplore_interfaces/lib/python3.8/site-packages/xplore_interfaces/srv/_disable_camera.py
[0.614s] -- Up-to-date: /home/yasmin/CS_workspace/install/xplore_interfaces/lib/python3.8/site-packages/xplore_interfaces/srv/__init__.py
[0.614s] -- Up-to-date: /home/yasmin/CS_workspace/install/xplore_interfaces/lib/python3.8/site-packages/xplore_interfaces/xplore_interfaces_s__rosidl_typesupport_fastrtps_c.cpython-38-aarch64-linux-gnu.so
[0.615s] -- Up-to-date: /home/yasmin/CS_workspace/install/xplore_interfaces/lib/python3.8/site-packages/xplore_interfaces/xplore_interfaces_s__rosidl_typesupport_introspection_c.cpython-38-aarch64-linux-gnu.so
[0.616s] -- Up-to-date: /home/yasmin/CS_workspace/install/xplore_interfaces/lib/python3.8/site-packages/xplore_interfaces/xplore_interfaces_s__rosidl_typesupport_c.cpython-38-aarch64-linux-gnu.so
[0.617s] -- Up-to-date: /home/yasmin/CS_workspace/install/xplore_interfaces/lib/libxplore_interfaces__python.so
[0.621s] -- Up-to-date: /home/yasmin/CS_workspace/install/xplore_interfaces/share/xplore_interfaces/msg/CameraError.idl
[0.621s] -- Up-to-date: /home/yasmin/CS_workspace/install/xplore_interfaces/share/xplore_interfaces/srv/DisableCamera.idl
[0.621s] -- Up-to-date: /home/yasmin/CS_workspace/install/xplore_interfaces/share/xplore_interfaces/srv/EnableCamera.idl
[0.621s] -- Up-to-date: /home/yasmin/CS_workspace/install/xplore_interfaces/share/xplore_interfaces/msg/CameraError.msg
[0.622s] -- Up-to-date: /home/yasmin/CS_workspace/install/xplore_interfaces/share/xplore_interfaces/srv/DisableCamera.srv
[0.622s] -- Up-to-date: /home/yasmin/CS_workspace/install/xplore_interfaces/share/xplore_interfaces/srv/DisableCamera_Request.msg
[0.622s] -- Up-to-date: /home/yasmin/CS_workspace/install/xplore_interfaces/share/xplore_interfaces/srv/DisableCamera_Response.msg
[0.622s] -- Up-to-date: /home/yasmin/CS_workspace/install/xplore_interfaces/share/xplore_interfaces/srv/EnableCamera.srv
[0.622s] -- Up-to-date: /home/yasmin/CS_workspace/install/xplore_interfaces/share/xplore_interfaces/srv/EnableCamera_Request.msg
[0.622s] -- Up-to-date: /home/yasmin/CS_workspace/install/xplore_interfaces/share/xplore_interfaces/srv/EnableCamera_Response.msg
[0.622s] -- Up-to-date: /home/yasmin/CS_workspace/install/xplore_interfaces/share/ament_index/resource_index/package_run_dependencies/xplore_interfaces
[0.622s] -- Up-to-date: /home/yasmin/CS_workspace/install/xplore_interfaces/share/ament_index/resource_index/parent_prefix_path/xplore_interfaces
[0.622s] -- Up-to-date: /home/yasmin/CS_workspace/install/xplore_interfaces/share/xplore_interfaces/environment/ament_prefix_path.sh
[0.622s] -- Up-to-date: /home/yasmin/CS_workspace/install/xplore_interfaces/share/xplore_interfaces/environment/ament_prefix_path.dsv
[0.622s] -- Up-to-date: /home/yasmin/CS_workspace/install/xplore_interfaces/share/xplore_interfaces/environment/path.sh
[0.622s] -- Up-to-date: /home/yasmin/CS_workspace/install/xplore_interfaces/share/xplore_interfaces/environment/path.dsv
[0.624s] -- Up-to-date: /home/yasmin/CS_workspace/install/xplore_interfaces/share/xplore_interfaces/local_setup.bash
[0.625s] -- Up-to-date: /home/yasmin/CS_workspace/install/xplore_interfaces/share/xplore_interfaces/local_setup.sh
[0.625s] -- Up-to-date: /home/yasmin/CS_workspace/install/xplore_interfaces/share/xplore_interfaces/local_setup.zsh
[0.625s] -- Up-to-date: /home/yasmin/CS_workspace/install/xplore_interfaces/share/xplore_interfaces/local_setup.dsv
[0.625s] -- Installing: /home/yasmin/CS_workspace/install/xplore_interfaces/share/xplore_interfaces/package.dsv
[0.625s] -- Up-to-date: /home/yasmin/CS_workspace/install/xplore_interfaces/share/ament_index/resource_index/packages/xplore_interfaces
[0.625s] -- Up-to-date: /home/yasmin/CS_workspace/install/xplore_interfaces/share/xplore_interfaces/cmake/xplore_interfaces__rosidl_generator_cExport.cmake
[0.625s] -- Up-to-date: /home/yasmin/CS_workspace/install/xplore_interfaces/share/xplore_interfaces/cmake/xplore_interfaces__rosidl_generator_cExport-noconfig.cmake
[0.625s] -- Up-to-date: /home/yasmin/CS_workspace/install/xplore_interfaces/share/xplore_interfaces/cmake/xplore_interfaces__rosidl_typesupport_introspection_cExport.cmake
[0.625s] -- Up-to-date: /home/yasmin/CS_workspace/install/xplore_interfaces/share/xplore_interfaces/cmake/xplore_interfaces__rosidl_typesupport_introspection_cExport-noconfig.cmake
[0.625s] -- Up-to-date: /home/yasmin/CS_workspace/install/xplore_interfaces/share/xplore_interfaces/cmake/xplore_interfaces__rosidl_typesupport_cExport.cmake
[0.625s] -- Up-to-date: /home/yasmin/CS_workspace/install/xplore_interfaces/share/xplore_interfaces/cmake/xplore_interfaces__rosidl_typesupport_cExport-noconfig.cmake
[0.627s] -- Up-to-date: /home/yasmin/CS_workspace/install/xplore_interfaces/share/xplore_interfaces/cmake/xplore_interfaces__rosidl_generator_cppExport.cmake
[0.627s] -- Up-to-date: /home/yasmin/CS_workspace/install/xplore_interfaces/share/xplore_interfaces/cmake/xplore_interfaces__rosidl_typesupport_introspection_cppExport.cmake
[0.627s] -- Up-to-date: /home/yasmin/CS_workspace/install/xplore_interfaces/share/xplore_interfaces/cmake/xplore_interfaces__rosidl_typesupport_introspection_cppExport-noconfig.cmake
[0.627s] -- Up-to-date: /home/yasmin/CS_workspace/install/xplore_interfaces/share/xplore_interfaces/cmake/xplore_interfaces__rosidl_typesupport_cppExport.cmake
[0.627s] -- Up-to-date: /home/yasmin/CS_workspace/install/xplore_interfaces/share/xplore_interfaces/cmake/xplore_interfaces__rosidl_typesupport_cppExport-noconfig.cmake
[0.628s] -- Up-to-date: /home/yasmin/CS_workspace/install/xplore_interfaces/share/xplore_interfaces/cmake/rosidl_cmake-extras.cmake
[0.628s] -- Up-to-date: /home/yasmin/CS_workspace/install/xplore_interfaces/share/xplore_interfaces/cmake/ament_cmake_export_dependencies-extras.cmake
[0.628s] -- Up-to-date: /home/yasmin/CS_workspace/install/xplore_interfaces/share/xplore_interfaces/cmake/ament_cmake_export_libraries-extras.cmake
[0.628s] -- Up-to-date: /home/yasmin/CS_workspace/install/xplore_interfaces/share/xplore_interfaces/cmake/ament_cmake_export_targets-extras.cmake
[0.628s] -- Up-to-date: /home/yasmin/CS_workspace/install/xplore_interfaces/share/xplore_interfaces/cmake/ament_cmake_export_include_directories-extras.cmake
[0.628s] -- Up-to-date: /home/yasmin/CS_workspace/install/xplore_interfaces/share/xplore_interfaces/cmake/rosidl_cmake_export_typesupport_libraries-extras.cmake
[0.628s] -- Up-to-date: /home/yasmin/CS_workspace/install/xplore_interfaces/share/xplore_interfaces/cmake/rosidl_cmake_export_typesupport_targets-extras.cmake
[0.628s] -- Up-to-date: /home/yasmin/CS_workspace/install/xplore_interfaces/share/xplore_interfaces/cmake/xplore_interfacesConfig.cmake
[0.628s] -- Up-to-date: /home/yasmin/CS_workspace/install/xplore_interfaces/share/xplore_interfaces/cmake/xplore_interfacesConfig-version.cmake
[0.628s] -- Up-to-date: /home/yasmin/CS_workspace/install/xplore_interfaces/share/xplore_interfaces/package.xml
[0.628s] Invoked command in '/home/yasmin/CS_workspace/build/xplore_interfaces' returned '0': CMAKE_PREFIX_PATH=/opt/ros/foxy /usr/bin/cmake --install /home/yasmin/CS_workspace/build/xplore_interfaces
