[1.232s] Invoking command in '/home/evan/Desktop/Xplore/CS_workspace/cs_ws/src/control_station_pkg': PYTHONPATH=/home/evan/Desktop/Xplore/CS_workspace/build/control_station_pkg/prefix_override:/home/evan/Desktop/Xplore/CS_workspace/install/control_station_pkg/lib/python3.8/site-packages:${PYTHONPATH} /usr/bin/python3 setup.py egg_info --egg-base ../../../build/control_station_pkg build --build-base /home/evan/Desktop/Xplore/CS_workspace/build/control_station_pkg/build install --record /home/evan/Desktop/Xplore/CS_workspace/build/control_station_pkg/install.log --single-version-externally-managed
[1.500s] running egg_info
[1.500s] creating ../../../build/control_station_pkg/control_station_pkg.egg-info
[1.501s] writing ../../../build/control_station_pkg/control_station_pkg.egg-info/PKG-INFO
[1.502s] writing dependency_links to ../../../build/control_station_pkg/control_station_pkg.egg-info/dependency_links.txt
[1.502s] writing entry points to ../../../build/control_station_pkg/control_station_pkg.egg-info/entry_points.txt
[1.503s] writing requirements to ../../../build/control_station_pkg/control_station_pkg.egg-info/requires.txt
[1.503s] writing top-level names to ../../../build/control_station_pkg/control_station_pkg.egg-info/top_level.txt
[1.504s] writing manifest file '../../../build/control_station_pkg/control_station_pkg.egg-info/SOURCES.txt'
[1.541s] reading manifest file '../../../build/control_station_pkg/control_station_pkg.egg-info/SOURCES.txt'
[1.541s] writing manifest file '../../../build/control_station_pkg/control_station_pkg.egg-info/SOURCES.txt'
[1.542s] running build
[1.542s] running build_py
[1.542s] creating /home/evan/Desktop/Xplore/CS_workspace/build/control_station_pkg/build
[1.542s] creating /home/evan/Desktop/Xplore/CS_workspace/build/control_station_pkg/build/lib
[1.542s] creating /home/evan/Desktop/Xplore/CS_workspace/build/control_station_pkg/build/lib/control_station_pkg
[1.542s] copying control_station_pkg/__init__.py -> /home/evan/Desktop/Xplore/CS_workspace/build/control_station_pkg/build/lib/control_station_pkg
[1.543s] copying control_station_pkg/cameras_reciever.py -> /home/evan/Desktop/Xplore/CS_workspace/build/control_station_pkg/build/lib/control_station_pkg
[1.543s] copying control_station_pkg/control_station.py -> /home/evan/Desktop/Xplore/CS_workspace/build/control_station_pkg/build/lib/control_station_pkg
[1.552s] copying control_station_pkg/manage.py -> /home/evan/Desktop/Xplore/CS_workspace/build/control_station_pkg/build/lib/control_station_pkg
[1.552s] running install
[1.552s] running install_lib
[1.552s] creating /home/evan/Desktop/Xplore/CS_workspace/install/control_station_pkg/lib/python3.8/site-packages/control_station_pkg
[1.553s] copying /home/evan/Desktop/Xplore/CS_workspace/build/control_station_pkg/build/lib/control_station_pkg/__init__.py -> /home/evan/Desktop/Xplore/CS_workspace/install/control_station_pkg/lib/python3.8/site-packages/control_station_pkg
[1.553s] copying /home/evan/Desktop/Xplore/CS_workspace/build/control_station_pkg/build/lib/control_station_pkg/cameras_reciever.py -> /home/evan/Desktop/Xplore/CS_workspace/install/control_station_pkg/lib/python3.8/site-packages/control_station_pkg
[1.553s] copying /home/evan/Desktop/Xplore/CS_workspace/build/control_station_pkg/build/lib/control_station_pkg/control_station.py -> /home/evan/Desktop/Xplore/CS_workspace/install/control_station_pkg/lib/python3.8/site-packages/control_station_pkg
[1.553s] copying /home/evan/Desktop/Xplore/CS_workspace/build/control_station_pkg/build/lib/control_station_pkg/manage.py -> /home/evan/Desktop/Xplore/CS_workspace/install/control_station_pkg/lib/python3.8/site-packages/control_station_pkg
[1.553s] byte-compiling /home/evan/Desktop/Xplore/CS_workspace/install/control_station_pkg/lib/python3.8/site-packages/control_station_pkg/__init__.py to __init__.cpython-38.pyc
[1.553s] byte-compiling /home/evan/Desktop/Xplore/CS_workspace/install/control_station_pkg/lib/python3.8/site-packages/control_station_pkg/cameras_reciever.py to cameras_reciever.cpython-38.pyc
[1.553s] byte-compiling /home/evan/Desktop/Xplore/CS_workspace/install/control_station_pkg/lib/python3.8/site-packages/control_station_pkg/control_station.py to control_station.cpython-38.pyc
[1.553s] byte-compiling /home/evan/Desktop/Xplore/CS_workspace/install/control_station_pkg/lib/python3.8/site-packages/control_station_pkg/manage.py to manage.cpython-38.pyc
[1.553s] running install_data
[1.553s] creating /home/evan/Desktop/Xplore/CS_workspace/install/control_station_pkg/share/ament_index
[1.553s] creating /home/evan/Desktop/Xplore/CS_workspace/install/control_station_pkg/share/ament_index/resource_index
[1.554s] creating /home/evan/Desktop/Xplore/CS_workspace/install/control_station_pkg/share/ament_index/resource_index/packages
[1.554s] copying resource/control_station_pkg -> /home/evan/Desktop/Xplore/CS_workspace/install/control_station_pkg/share/ament_index/resource_index/packages
[1.554s] copying package.xml -> /home/evan/Desktop/Xplore/CS_workspace/install/control_station_pkg/share/control_station_pkg
[1.554s] running install_egg_info
[1.558s] Copying ../../../build/control_station_pkg/control_station_pkg.egg-info to /home/evan/Desktop/Xplore/CS_workspace/install/control_station_pkg/lib/python3.8/site-packages/control_station_pkg-0.0.0-py3.8.egg-info
[1.559s] running install_scripts
[1.578s] Installing cameras_reciever script to /home/evan/Desktop/Xplore/CS_workspace/install/control_station_pkg/lib/control_station_pkg
[1.578s] Installing control_station script to /home/evan/Desktop/Xplore/CS_workspace/install/control_station_pkg/lib/control_station_pkg
[1.578s] writing list of installed files to '/home/evan/Desktop/Xplore/CS_workspace/build/control_station_pkg/install.log'
[1.607s] Invoked command in '/home/evan/Desktop/Xplore/CS_workspace/cs_ws/src/control_station_pkg' returned '0': PYTHONPATH=/home/evan/Desktop/Xplore/CS_workspace/build/control_station_pkg/prefix_override:/home/evan/Desktop/Xplore/CS_workspace/install/control_station_pkg/lib/python3.8/site-packages:${PYTHONPATH} /usr/bin/python3 setup.py egg_info --egg-base ../../../build/control_station_pkg build --build-base /home/evan/Desktop/Xplore/CS_workspace/build/control_station_pkg/build install --record /home/evan/Desktop/Xplore/CS_workspace/build/control_station_pkg/install.log --single-version-externally-managed
