[1.604s] Invoking command in '/home/evan/Desktop/Xplore/CS_workspace/cs_ws/src/control_station_pkg': PYTHONPATH=/home/evan/Desktop/Xplore/CS_workspace/build/control_station_pkg/prefix_override:/home/evan/Desktop/Xplore/CS_workspace/install/control_station_pkg/lib/python3.8/site-packages:${PYTHONPATH} /usr/bin/python3 setup.py egg_info --egg-base ../../../build/control_station_pkg build --build-base /home/evan/Desktop/Xplore/CS_workspace/build/control_station_pkg/build install --record /home/evan/Desktop/Xplore/CS_workspace/build/control_station_pkg/install.log --single-version-externally-managed
[1.911s] running egg_info
[1.913s] writing ../../../build/control_station_pkg/control_station_pkg.egg-info/PKG-INFO
[1.913s] writing dependency_links to ../../../build/control_station_pkg/control_station_pkg.egg-info/dependency_links.txt
[1.914s] writing entry points to ../../../build/control_station_pkg/control_station_pkg.egg-info/entry_points.txt
[1.914s] writing requirements to ../../../build/control_station_pkg/control_station_pkg.egg-info/requires.txt
[1.915s] writing top-level names to ../../../build/control_station_pkg/control_station_pkg.egg-info/top_level.txt
[1.954s] reading manifest file '../../../build/control_station_pkg/control_station_pkg.egg-info/SOURCES.txt'
[1.955s] writing manifest file '../../../build/control_station_pkg/control_station_pkg.egg-info/SOURCES.txt'
[1.956s] running build
[1.956s] running build_py
[1.957s] running install
[1.958s] running install_lib
[1.962s] running install_data
[1.963s] running install_egg_info
[1.966s] removing '/home/evan/Desktop/Xplore/CS_workspace/install/control_station_pkg/lib/python3.8/site-packages/control_station_pkg-0.0.0-py3.8.egg-info' (and everything under it)
[1.969s] Copying ../../../build/control_station_pkg/control_station_pkg.egg-info to /home/evan/Desktop/Xplore/CS_workspace/install/control_station_pkg/lib/python3.8/site-packages/control_station_pkg-0.0.0-py3.8.egg-info
[1.971s] running install_scripts
[1.995s] Installing cameras_reciever script to /home/evan/Desktop/Xplore/CS_workspace/install/control_station_pkg/lib/control_station_pkg
[1.996s] Installing control_station script to /home/evan/Desktop/Xplore/CS_workspace/install/control_station_pkg/lib/control_station_pkg
[1.996s] writing list of installed files to '/home/evan/Desktop/Xplore/CS_workspace/build/control_station_pkg/install.log'
[2.038s] Invoked command in '/home/evan/Desktop/Xplore/CS_workspace/cs_ws/src/control_station_pkg' returned '0': PYTHONPATH=/home/evan/Desktop/Xplore/CS_workspace/build/control_station_pkg/prefix_override:/home/evan/Desktop/Xplore/CS_workspace/install/control_station_pkg/lib/python3.8/site-packages:${PYTHONPATH} /usr/bin/python3 setup.py egg_info --egg-base ../../../build/control_station_pkg build --build-base /home/evan/Desktop/Xplore/CS_workspace/build/control_station_pkg/build install --record /home/evan/Desktop/Xplore/CS_workspace/build/control_station_pkg/install.log --single-version-externally-managed
