[0.521s] Invoking command in '/home/yasmin/CS_workspace/cs_ws/src/rover_pkg': PYTHONPATH=/home/yasmin/CS_workspace/install/rover_pkg/lib/python3.8/site-packages:${PYTHONPATH} /usr/bin/python3 setup.py egg_info --egg-base ../../../build/rover_pkg build --build-base /home/yasmin/CS_workspace/build/rover_pkg/build install --prefix /home/yasmin/CS_workspace/install/rover_pkg --record /home/yasmin/CS_workspace/build/rover_pkg/install.log --single-version-externally-managed
[0.627s] running egg_info
[0.627s] creating ../../../build/rover_pkg/rover_pkg.egg-info
[0.627s] writing ../../../build/rover_pkg/rover_pkg.egg-info/PKG-INFO
[0.627s] writing dependency_links to ../../../build/rover_pkg/rover_pkg.egg-info/dependency_links.txt
[0.627s] writing entry points to ../../../build/rover_pkg/rover_pkg.egg-info/entry_points.txt
[0.627s] writing requirements to ../../../build/rover_pkg/rover_pkg.egg-info/requires.txt
[0.627s] writing top-level names to ../../../build/rover_pkg/rover_pkg.egg-info/top_level.txt
[0.631s] writing manifest file '../../../build/rover_pkg/rover_pkg.egg-info/SOURCES.txt'
[0.648s] reading manifest file '../../../build/rover_pkg/rover_pkg.egg-info/SOURCES.txt'
[0.648s] writing manifest file '../../../build/rover_pkg/rover_pkg.egg-info/SOURCES.txt'
[0.648s] running build
[0.648s] running build_py
[0.648s] creating /home/yasmin/CS_workspace/build/rover_pkg/build
[0.649s] creating /home/yasmin/CS_workspace/build/rover_pkg/build/lib
[0.649s] creating /home/yasmin/CS_workspace/build/rover_pkg/build/lib/rover_pkg
[0.649s] copying rover_pkg/gripper_camera.py -> /home/yasmin/CS_workspace/build/rover_pkg/build/lib/rover_pkg
[0.649s] copying rover_pkg/Globals.py -> /home/yasmin/CS_workspace/build/rover_pkg/build/lib/rover_pkg
[0.649s] copying rover_pkg/model.py -> /home/yasmin/CS_workspace/build/rover_pkg/build/lib/rover_pkg
[0.649s] copying rover_pkg/rover.py -> /home/yasmin/CS_workspace/build/rover_pkg/build/lib/rover_pkg
[0.649s] copying rover_pkg/launcher.py -> /home/yasmin/CS_workspace/build/rover_pkg/build/lib/rover_pkg
[0.649s] copying rover_pkg/cameras_test.py -> /home/yasmin/CS_workspace/build/rover_pkg/build/lib/rover_pkg
[0.649s] copying rover_pkg/__init__.py -> /home/yasmin/CS_workspace/build/rover_pkg/build/lib/rover_pkg
[0.649s] copying rover_pkg/cameras_publisher.py -> /home/yasmin/CS_workspace/build/rover_pkg/build/lib/rover_pkg
[0.649s] running install
[0.650s] running install_lib
[0.650s] creating /home/yasmin/CS_workspace/install/rover_pkg/lib/python3.8/site-packages/rover_pkg
[0.650s] copying /home/yasmin/CS_workspace/build/rover_pkg/build/lib/rover_pkg/gripper_camera.py -> /home/yasmin/CS_workspace/install/rover_pkg/lib/python3.8/site-packages/rover_pkg
[0.650s] copying /home/yasmin/CS_workspace/build/rover_pkg/build/lib/rover_pkg/Globals.py -> /home/yasmin/CS_workspace/install/rover_pkg/lib/python3.8/site-packages/rover_pkg
[0.650s] copying /home/yasmin/CS_workspace/build/rover_pkg/build/lib/rover_pkg/model.py -> /home/yasmin/CS_workspace/install/rover_pkg/lib/python3.8/site-packages/rover_pkg
[0.650s] copying /home/yasmin/CS_workspace/build/rover_pkg/build/lib/rover_pkg/rover.py -> /home/yasmin/CS_workspace/install/rover_pkg/lib/python3.8/site-packages/rover_pkg
[0.650s] copying /home/yasmin/CS_workspace/build/rover_pkg/build/lib/rover_pkg/launcher.py -> /home/yasmin/CS_workspace/install/rover_pkg/lib/python3.8/site-packages/rover_pkg
[0.650s] copying /home/yasmin/CS_workspace/build/rover_pkg/build/lib/rover_pkg/cameras_test.py -> /home/yasmin/CS_workspace/install/rover_pkg/lib/python3.8/site-packages/rover_pkg
[0.650s] copying /home/yasmin/CS_workspace/build/rover_pkg/build/lib/rover_pkg/__init__.py -> /home/yasmin/CS_workspace/install/rover_pkg/lib/python3.8/site-packages/rover_pkg
[0.650s] copying /home/yasmin/CS_workspace/build/rover_pkg/build/lib/rover_pkg/cameras_publisher.py -> /home/yasmin/CS_workspace/install/rover_pkg/lib/python3.8/site-packages/rover_pkg
[0.651s] byte-compiling /home/yasmin/CS_workspace/install/rover_pkg/lib/python3.8/site-packages/rover_pkg/gripper_camera.py to gripper_camera.cpython-38.pyc
[0.652s] byte-compiling /home/yasmin/CS_workspace/install/rover_pkg/lib/python3.8/site-packages/rover_pkg/Globals.py to Globals.cpython-38.pyc
[0.652s] byte-compiling /home/yasmin/CS_workspace/install/rover_pkg/lib/python3.8/site-packages/rover_pkg/model.py to model.cpython-38.pyc
[0.653s] byte-compiling /home/yasmin/CS_workspace/install/rover_pkg/lib/python3.8/site-packages/rover_pkg/rover.py to rover.cpython-38.pyc
[0.653s] byte-compiling /home/yasmin/CS_workspace/install/rover_pkg/lib/python3.8/site-packages/rover_pkg/launcher.py to launcher.cpython-38.pyc
[0.654s] byte-compiling /home/yasmin/CS_workspace/install/rover_pkg/lib/python3.8/site-packages/rover_pkg/cameras_test.py to cameras_test.cpython-38.pyc
[0.654s] byte-compiling /home/yasmin/CS_workspace/install/rover_pkg/lib/python3.8/site-packages/rover_pkg/__init__.py to __init__.cpython-38.pyc
[0.654s] byte-compiling /home/yasmin/CS_workspace/install/rover_pkg/lib/python3.8/site-packages/rover_pkg/cameras_publisher.py to cameras_publisher.cpython-38.pyc
[0.654s] running install_data
[0.655s] creating /home/yasmin/CS_workspace/install/rover_pkg/share/ament_index
[0.655s] creating /home/yasmin/CS_workspace/install/rover_pkg/share/ament_index/resource_index
[0.655s] creating /home/yasmin/CS_workspace/install/rover_pkg/share/ament_index/resource_index/packages
[0.655s] copying resource/rover_pkg -> /home/yasmin/CS_workspace/install/rover_pkg/share/ament_index/resource_index/packages
[0.655s] copying package.xml -> /home/yasmin/CS_workspace/install/rover_pkg/share/rover_pkg
[0.655s] running install_egg_info
[0.656s] Copying ../../../build/rover_pkg/rover_pkg.egg-info to /home/yasmin/CS_workspace/install/rover_pkg/lib/python3.8/site-packages/rover_pkg-0.0.0-py3.8.egg-info
[0.656s] running install_scripts
[0.666s] Installing cameras_publisher script to /home/yasmin/CS_workspace/install/rover_pkg/lib/rover_pkg
[0.667s] Installing gripper_camera script to /home/yasmin/CS_workspace/install/rover_pkg/lib/rover_pkg
[0.667s] Installing rover script to /home/yasmin/CS_workspace/install/rover_pkg/lib/rover_pkg
[0.667s] writing list of installed files to '/home/yasmin/CS_workspace/build/rover_pkg/install.log'
[0.680s] Invoked command in '/home/yasmin/CS_workspace/cs_ws/src/rover_pkg' returned '0': PYTHONPATH=/home/yasmin/CS_workspace/install/rover_pkg/lib/python3.8/site-packages:${PYTHONPATH} /usr/bin/python3 setup.py egg_info --egg-base ../../../build/rover_pkg build --build-base /home/yasmin/CS_workspace/build/rover_pkg/build install --prefix /home/yasmin/CS_workspace/install/rover_pkg --record /home/yasmin/CS_workspace/build/rover_pkg/install.log --single-version-externally-managed
