[0.605s] DEBUG:colcon:Command line arguments: ['/usr/bin/colcon', 'build']
[0.605s] DEBUG:colcon:Parsed command line arguments: Namespace(log_base=None, log_level=None, verb_name='build', build_base='build', install_base='install', merge_install=False, symlink_install=False, test_result_base=None, continue_on_error=False, executor='parallel', parallel_workers=12, event_handlers=None, ignore_user_meta=False, metas=['./colcon.meta'], base_paths=['.'], packages_ignore=None, packages_ignore_regex=None, paths=None, packages_up_to=None, packages_up_to_regex=None, packages_above=None, packages_above_and_dependencies=None, packages_above_depth=None, packages_select_by_dep=None, packages_skip_by_dep=None, packages_skip_up_to=None, packages_select_build_failed=False, packages_skip_build_finished=False, packages_select_test_failures=False, packages_skip_test_passed=False, packages_select=None, packages_skip=None, packages_select_regex=None, packages_skip_regex=None, packages_start=None, packages_end=None, allow_overriding=[], cmake_args=None, cmake_target=None, cmake_target_skip_unavailable=False, cmake_clean_cache=False, cmake_clean_first=False, cmake_force_configure=False, ament_cmake_args=None, catkin_cmake_args=None, catkin_skip_building_tests=False, verb_parser=<colcon_defaults.argument_parser.defaults.DefaultArgumentsDecorator object at 0x7fa548003ca0>, verb_extension=<colcon_core.verb.build.BuildVerb object at 0x7fa548003730>, main=<bound method BuildVerb.main of <colcon_core.verb.build.BuildVerb object at 0x7fa548003730>>)
[0.647s] Level 1:colcon.colcon_core.package_discovery:discover_packages(colcon_meta) check parameters
[0.647s] Level 1:colcon.colcon_core.package_discovery:discover_packages(recursive) check parameters
[0.647s] Level 1:colcon.colcon_core.package_discovery:discover_packages(ignore) check parameters
[0.647s] Level 1:colcon.colcon_core.package_discovery:discover_packages(path) check parameters
[0.647s] Level 1:colcon.colcon_core.package_discovery:discover_packages(colcon_meta) discover
[0.647s] Level 1:colcon.colcon_core.package_discovery:discover_packages(recursive) discover
[0.647s] INFO:colcon.colcon_core.package_discovery:Crawling recursively for packages in '/home/zedrichu/Xplore|CS/control/cs_ws'
[0.648s] Level 1:colcon.colcon_core.package_identification:_identify(.) by extensions ['ignore', 'ignore_ament_install']
[0.648s] Level 1:colcon.colcon_core.package_identification:_identify(.) by extension 'ignore'
[0.648s] Level 1:colcon.colcon_core.package_identification:_identify(.) by extension 'ignore_ament_install'
[0.648s] Level 1:colcon.colcon_core.package_identification:_identify(.) by extensions ['colcon_pkg']
[0.648s] Level 1:colcon.colcon_core.package_identification:_identify(.) by extension 'colcon_pkg'
[0.648s] Level 1:colcon.colcon_core.package_identification:_identify(.) by extensions ['colcon_meta']
[0.648s] Level 1:colcon.colcon_core.package_identification:_identify(.) by extension 'colcon_meta'
[0.648s] Level 1:colcon.colcon_core.package_identification:_identify(.) by extensions ['ros']
[0.648s] Level 1:colcon.colcon_core.package_identification:_identify(.) by extension 'ros'
[0.664s] Level 1:colcon.colcon_core.package_identification:_identify(.) by extensions ['cmake', 'python']
[0.664s] Level 1:colcon.colcon_core.package_identification:_identify(.) by extension 'cmake'
[0.664s] Level 1:colcon.colcon_core.package_identification:_identify(.) by extension 'python'
[0.664s] Level 1:colcon.colcon_core.package_identification:_identify(.) by extensions ['python_setup_py']
[0.664s] Level 1:colcon.colcon_core.package_identification:_identify(.) by extension 'python_setup_py'
[0.664s] Level 1:colcon.colcon_core.package_identification:_identify(build) by extensions ['ignore', 'ignore_ament_install']
[0.665s] Level 1:colcon.colcon_core.package_identification:_identify(build) by extension 'ignore'
[0.665s] Level 1:colcon.colcon_core.package_identification:_identify(build) ignored
[0.665s] Level 1:colcon.colcon_core.package_identification:_identify(install) by extensions ['ignore', 'ignore_ament_install']
[0.665s] Level 1:colcon.colcon_core.package_identification:_identify(install) by extension 'ignore'
[0.665s] Level 1:colcon.colcon_core.package_identification:_identify(install) ignored
[0.665s] Level 1:colcon.colcon_core.package_identification:_identify(log) by extensions ['ignore', 'ignore_ament_install']
[0.665s] Level 1:colcon.colcon_core.package_identification:_identify(log) by extension 'ignore'
[0.665s] Level 1:colcon.colcon_core.package_identification:_identify(log) ignored
[0.665s] Level 1:colcon.colcon_core.package_identification:_identify(src) by extensions ['ignore', 'ignore_ament_install']
[0.666s] Level 1:colcon.colcon_core.package_identification:_identify(src) by extension 'ignore'
[0.666s] Level 1:colcon.colcon_core.package_identification:_identify(src) by extension 'ignore_ament_install'
[0.666s] Level 1:colcon.colcon_core.package_identification:_identify(src) by extensions ['colcon_pkg']
[0.666s] Level 1:colcon.colcon_core.package_identification:_identify(src) by extension 'colcon_pkg'
[0.666s] Level 1:colcon.colcon_core.package_identification:_identify(src) by extensions ['colcon_meta']
[0.666s] Level 1:colcon.colcon_core.package_identification:_identify(src) by extension 'colcon_meta'
[0.666s] Level 1:colcon.colcon_core.package_identification:_identify(src) by extensions ['ros']
[0.666s] Level 1:colcon.colcon_core.package_identification:_identify(src) by extension 'ros'
[0.666s] Level 1:colcon.colcon_core.package_identification:_identify(src) by extensions ['cmake', 'python']
[0.666s] Level 1:colcon.colcon_core.package_identification:_identify(src) by extension 'cmake'
[0.666s] Level 1:colcon.colcon_core.package_identification:_identify(src) by extension 'python'
[0.666s] Level 1:colcon.colcon_core.package_identification:_identify(src) by extensions ['python_setup_py']
[0.666s] Level 1:colcon.colcon_core.package_identification:_identify(src) by extension 'python_setup_py'
[0.666s] Level 1:colcon.colcon_core.package_identification:_identify(src/control_station_pkg) by extensions ['ignore', 'ignore_ament_install']
[0.667s] Level 1:colcon.colcon_core.package_identification:_identify(src/control_station_pkg) by extension 'ignore'
[0.667s] Level 1:colcon.colcon_core.package_identification:_identify(src/control_station_pkg) by extension 'ignore_ament_install'
[0.667s] Level 1:colcon.colcon_core.package_identification:_identify(src/control_station_pkg) by extensions ['colcon_pkg']
[0.667s] Level 1:colcon.colcon_core.package_identification:_identify(src/control_station_pkg) by extension 'colcon_pkg'
[0.667s] Level 1:colcon.colcon_core.package_identification:_identify(src/control_station_pkg) by extensions ['colcon_meta']
[0.667s] Level 1:colcon.colcon_core.package_identification:_identify(src/control_station_pkg) by extension 'colcon_meta'
[0.667s] Level 1:colcon.colcon_core.package_identification:_identify(src/control_station_pkg) by extensions ['ros']
[0.667s] Level 1:colcon.colcon_core.package_identification:_identify(src/control_station_pkg) by extension 'ros'
[0.670s] DEBUG:colcon.colcon_core.package_identification:Package 'src/control_station_pkg' with type 'ros.ament_python' and name 'control_station_pkg'
[0.670s] Level 1:colcon.colcon_core.package_identification:_identify(src/rover_pkg) by extensions ['ignore', 'ignore_ament_install']
[0.670s] Level 1:colcon.colcon_core.package_identification:_identify(src/rover_pkg) by extension 'ignore'
[0.671s] Level 1:colcon.colcon_core.package_identification:_identify(src/rover_pkg) by extension 'ignore_ament_install'
[0.671s] Level 1:colcon.colcon_core.package_identification:_identify(src/rover_pkg) by extensions ['colcon_pkg']
[0.671s] Level 1:colcon.colcon_core.package_identification:_identify(src/rover_pkg) by extension 'colcon_pkg'
[0.671s] Level 1:colcon.colcon_core.package_identification:_identify(src/rover_pkg) by extensions ['colcon_meta']
[0.671s] Level 1:colcon.colcon_core.package_identification:_identify(src/rover_pkg) by extension 'colcon_meta'
[0.671s] Level 1:colcon.colcon_core.package_identification:_identify(src/rover_pkg) by extensions ['ros']
[0.671s] Level 1:colcon.colcon_core.package_identification:_identify(src/rover_pkg) by extension 'ros'
[0.672s] DEBUG:colcon.colcon_core.package_identification:Package 'src/rover_pkg' with type 'ros.ament_python' and name 'rover_pkg'
[0.672s] Level 1:colcon.colcon_core.package_discovery:discover_packages(recursive) using defaults
[0.672s] Level 1:colcon.colcon_core.package_discovery:discover_packages(ignore) discover
[0.672s] Level 1:colcon.colcon_core.package_discovery:discover_packages(ignore) using defaults
[0.672s] Level 1:colcon.colcon_core.package_discovery:discover_packages(path) discover
[0.672s] Level 1:colcon.colcon_core.package_discovery:discover_packages(path) using defaults
[0.704s] Level 1:colcon.colcon_core.package_discovery:discover_packages(prefix_path) check parameters
[0.704s] Level 1:colcon.colcon_core.package_discovery:discover_packages(prefix_path) discover
[0.709s] DEBUG:colcon.colcon_installed_package_information.package_discovery:Found 270 installed packages in /opt/ros/humble
[0.711s] Level 1:colcon.colcon_core.package_discovery:discover_packages(prefix_path) using defaults
[0.796s] Level 5:colcon.colcon_core.verb:set package 'control_station_pkg' build argument 'cmake_args' from command line to 'None'
[0.796s] Level 5:colcon.colcon_core.verb:set package 'control_station_pkg' build argument 'cmake_target' from command line to 'None'
[0.796s] Level 5:colcon.colcon_core.verb:set package 'control_station_pkg' build argument 'cmake_target_skip_unavailable' from command line to 'False'
[0.796s] Level 5:colcon.colcon_core.verb:set package 'control_station_pkg' build argument 'cmake_clean_cache' from command line to 'False'
[0.796s] Level 5:colcon.colcon_core.verb:set package 'control_station_pkg' build argument 'cmake_clean_first' from command line to 'False'
[0.796s] Level 5:colcon.colcon_core.verb:set package 'control_station_pkg' build argument 'cmake_force_configure' from command line to 'False'
[0.796s] Level 5:colcon.colcon_core.verb:set package 'control_station_pkg' build argument 'ament_cmake_args' from command line to 'None'
[0.796s] Level 5:colcon.colcon_core.verb:set package 'control_station_pkg' build argument 'catkin_cmake_args' from command line to 'None'
[0.796s] Level 5:colcon.colcon_core.verb:set package 'control_station_pkg' build argument 'catkin_skip_building_tests' from command line to 'False'
[0.796s] DEBUG:colcon.colcon_core.verb:Building package 'control_station_pkg' with the following arguments: {'ament_cmake_args': None, 'build_base': '/home/zedrichu/Xplore|CS/control/cs_ws/build/control_station_pkg', 'catkin_cmake_args': None, 'catkin_skip_building_tests': False, 'cmake_args': None, 'cmake_clean_cache': False, 'cmake_clean_first': False, 'cmake_force_configure': False, 'cmake_target': None, 'cmake_target_skip_unavailable': False, 'install_base': '/home/zedrichu/Xplore|CS/control/cs_ws/install/control_station_pkg', 'merge_install': False, 'path': '/home/zedrichu/Xplore|CS/control/cs_ws/src/control_station_pkg', 'symlink_install': False, 'test_result_base': None}
[0.798s] Level 5:colcon.colcon_core.verb:set package 'rover_pkg' build argument 'cmake_args' from command line to 'None'
[0.798s] Level 5:colcon.colcon_core.verb:set package 'rover_pkg' build argument 'cmake_target' from command line to 'None'
[0.798s] Level 5:colcon.colcon_core.verb:set package 'rover_pkg' build argument 'cmake_target_skip_unavailable' from command line to 'False'
[0.798s] Level 5:colcon.colcon_core.verb:set package 'rover_pkg' build argument 'cmake_clean_cache' from command line to 'False'
[0.798s] Level 5:colcon.colcon_core.verb:set package 'rover_pkg' build argument 'cmake_clean_first' from command line to 'False'
[0.798s] Level 5:colcon.colcon_core.verb:set package 'rover_pkg' build argument 'cmake_force_configure' from command line to 'False'
[0.798s] Level 5:colcon.colcon_core.verb:set package 'rover_pkg' build argument 'ament_cmake_args' from command line to 'None'
[0.798s] Level 5:colcon.colcon_core.verb:set package 'rover_pkg' build argument 'catkin_cmake_args' from command line to 'None'
[0.798s] Level 5:colcon.colcon_core.verb:set package 'rover_pkg' build argument 'catkin_skip_building_tests' from command line to 'False'
[0.798s] DEBUG:colcon.colcon_core.verb:Building package 'rover_pkg' with the following arguments: {'ament_cmake_args': None, 'build_base': '/home/zedrichu/Xplore|CS/control/cs_ws/build/rover_pkg', 'catkin_cmake_args': None, 'catkin_skip_building_tests': False, 'cmake_args': None, 'cmake_clean_cache': False, 'cmake_clean_first': False, 'cmake_force_configure': False, 'cmake_target': None, 'cmake_target_skip_unavailable': False, 'install_base': '/home/zedrichu/Xplore|CS/control/cs_ws/install/rover_pkg', 'merge_install': False, 'path': '/home/zedrichu/Xplore|CS/control/cs_ws/src/rover_pkg', 'symlink_install': False, 'test_result_base': None}
[0.799s] INFO:colcon.colcon_core.executor:Executing jobs using 'parallel' executor
[0.805s] DEBUG:colcon.colcon_parallel_executor.executor.parallel:run_until_complete
[0.806s] INFO:colcon.colcon_ros.task.ament_python.build:Building ROS package in '/home/zedrichu/Xplore|CS/control/cs_ws/src/control_station_pkg' with build type 'ament_python'
[0.806s] Level 1:colcon.colcon_core.shell:create_environment_hook('control_station_pkg', 'ament_prefix_path')
[0.812s] INFO:colcon.colcon_core.plugin_system:Skipping extension 'colcon_core.shell.bat': Not used on non-Windows systems
[0.813s] INFO:colcon.colcon_core.shell:Creating environment hook '/home/zedrichu/Xplore|CS/control/cs_ws/install/control_station_pkg/share/control_station_pkg/hook/ament_prefix_path.ps1'
[0.813s] INFO:colcon.colcon_core.shell:Creating environment descriptor '/home/zedrichu/Xplore|CS/control/cs_ws/install/control_station_pkg/share/control_station_pkg/hook/ament_prefix_path.dsv'
[0.814s] INFO:colcon.colcon_core.shell:Creating environment hook '/home/zedrichu/Xplore|CS/control/cs_ws/install/control_station_pkg/share/control_station_pkg/hook/ament_prefix_path.sh'
[0.816s] INFO:colcon.colcon_core.shell:Skip shell extension 'powershell' for command environment: Not usable outside of PowerShell
[0.816s] DEBUG:colcon.colcon_core.shell:Skip shell extension 'dsv' for command environment
[0.822s] INFO:colcon.colcon_ros.task.ament_python.build:Building ROS package in '/home/zedrichu/Xplore|CS/control/cs_ws/src/rover_pkg' with build type 'ament_python'
[0.822s] Level 1:colcon.colcon_core.shell:create_environment_hook('rover_pkg', 'ament_prefix_path')
[0.824s] INFO:colcon.colcon_core.shell:Creating environment hook '/home/zedrichu/Xplore|CS/control/cs_ws/install/rover_pkg/share/rover_pkg/hook/ament_prefix_path.ps1'
[0.826s] INFO:colcon.colcon_core.shell:Creating environment descriptor '/home/zedrichu/Xplore|CS/control/cs_ws/install/rover_pkg/share/rover_pkg/hook/ament_prefix_path.dsv'
[0.826s] INFO:colcon.colcon_core.shell:Creating environment hook '/home/zedrichu/Xplore|CS/control/cs_ws/install/rover_pkg/share/rover_pkg/hook/ament_prefix_path.sh'
[0.829s] INFO:colcon.colcon_core.shell:Skip shell extension 'powershell' for command environment: Not usable outside of PowerShell
[0.829s] DEBUG:colcon.colcon_core.shell:Skip shell extension 'dsv' for command environment
[1.221s] INFO:colcon.colcon_core.task.python.build:Building Python package in '/home/zedrichu/Xplore|CS/control/cs_ws/src/control_station_pkg'
[1.223s] INFO:colcon.colcon_core.shell:Skip shell extension 'powershell' for command environment: Not usable outside of PowerShell
[1.223s] DEBUG:colcon.colcon_core.shell:Skip shell extension 'dsv' for command environment
[1.623s] INFO:colcon.colcon_core.task.python.build:Building Python package in '/home/zedrichu/Xplore|CS/control/cs_ws/src/rover_pkg'
[1.625s] INFO:colcon.colcon_core.shell:Skip shell extension 'powershell' for command environment: Not usable outside of PowerShell
[1.625s] DEBUG:colcon.colcon_core.shell:Skip shell extension 'dsv' for command environment
[2.194s] DEBUG:colcon.colcon_core.event_handler.log_command:Invoking command in '/home/zedrichu/Xplore|CS/control/cs_ws/src/rover_pkg': PYTHONPATH=/home/zedrichu/Xplore|CS/control/cs_ws/install/rover_pkg/lib/python3.10/site-packages:${PYTHONPATH} /usr/bin/python3 setup.py egg_info --egg-base ../../build/rover_pkg build --build-base /home/zedrichu/Xplore|CS/control/cs_ws/build/rover_pkg/build install --prefix /home/zedrichu/Xplore|CS/control/cs_ws/install/rover_pkg --record /home/zedrichu/Xplore|CS/control/cs_ws/build/rover_pkg/install.log --single-version-externally-managed
[2.200s] DEBUG:colcon.colcon_core.event_handler.log_command:Invoking command in '/home/zedrichu/Xplore|CS/control/cs_ws/src/control_station_pkg': PYTHONPATH=/home/zedrichu/Xplore|CS/control/cs_ws/install/control_station_pkg/lib/python3.10/site-packages:${PYTHONPATH} /usr/bin/python3 setup.py egg_info --egg-base ../../build/control_station_pkg build --build-base /home/zedrichu/Xplore|CS/control/cs_ws/build/control_station_pkg/build install --prefix /home/zedrichu/Xplore|CS/control/cs_ws/install/control_station_pkg --record /home/zedrichu/Xplore|CS/control/cs_ws/build/control_station_pkg/install.log --single-version-externally-managed
[2.673s] DEBUG:colcon.colcon_core.event_handler.log_command:Invoked command in '/home/zedrichu/Xplore|CS/control/cs_ws/src/rover_pkg' returned '0': PYTHONPATH=/home/zedrichu/Xplore|CS/control/cs_ws/install/rover_pkg/lib/python3.10/site-packages:${PYTHONPATH} /usr/bin/python3 setup.py egg_info --egg-base ../../build/rover_pkg build --build-base /home/zedrichu/Xplore|CS/control/cs_ws/build/rover_pkg/build install --prefix /home/zedrichu/Xplore|CS/control/cs_ws/install/rover_pkg --record /home/zedrichu/Xplore|CS/control/cs_ws/build/rover_pkg/install.log --single-version-externally-managed
[2.679s] Level 1:colcon.colcon_core.environment:checking '/home/zedrichu/Xplore|CS/control/cs_ws/install/rover_pkg' for CMake module files
[2.680s] Level 1:colcon.colcon_core.environment:checking '/home/zedrichu/Xplore|CS/control/cs_ws/install/rover_pkg' for CMake config files
[2.680s] Level 1:colcon.colcon_core.environment:checking '/home/zedrichu/Xplore|CS/control/cs_ws/install/rover_pkg/lib'
[2.681s] Level 1:colcon.colcon_core.environment:checking '/home/zedrichu/Xplore|CS/control/cs_ws/install/rover_pkg/bin'
[2.681s] Level 1:colcon.colcon_core.environment:checking '/home/zedrichu/Xplore|CS/control/cs_ws/install/rover_pkg/lib/pkgconfig/rover_pkg.pc'
[2.681s] Level 1:colcon.colcon_core.environment:checking '/home/zedrichu/Xplore|CS/control/cs_ws/install/rover_pkg/lib/python3.10/site-packages'
[2.681s] Level 1:colcon.colcon_core.shell:create_environment_hook('rover_pkg', 'pythonpath')
[2.683s] INFO:colcon.colcon_core.shell:Creating environment hook '/home/zedrichu/Xplore|CS/control/cs_ws/install/rover_pkg/share/rover_pkg/hook/pythonpath.ps1'
[2.684s] INFO:colcon.colcon_core.shell:Creating environment descriptor '/home/zedrichu/Xplore|CS/control/cs_ws/install/rover_pkg/share/rover_pkg/hook/pythonpath.dsv'
[2.685s] INFO:colcon.colcon_core.shell:Creating environment hook '/home/zedrichu/Xplore|CS/control/cs_ws/install/rover_pkg/share/rover_pkg/hook/pythonpath.sh'
[2.685s] Level 1:colcon.colcon_core.environment:checking '/home/zedrichu/Xplore|CS/control/cs_ws/install/rover_pkg/bin'
[2.686s] Level 1:colcon.colcon_core.environment:create_environment_scripts_only(rover_pkg)
[2.687s] INFO:colcon.colcon_core.shell:Creating package script '/home/zedrichu/Xplore|CS/control/cs_ws/install/rover_pkg/share/rover_pkg/package.ps1'
[2.688s] INFO:colcon.colcon_core.shell:Creating package descriptor '/home/zedrichu/Xplore|CS/control/cs_ws/install/rover_pkg/share/rover_pkg/package.dsv'
[2.690s] INFO:colcon.colcon_core.shell:Creating package script '/home/zedrichu/Xplore|CS/control/cs_ws/install/rover_pkg/share/rover_pkg/package.sh'
[2.691s] INFO:colcon.colcon_core.shell:Creating package script '/home/zedrichu/Xplore|CS/control/cs_ws/install/rover_pkg/share/rover_pkg/package.bash'
[2.692s] INFO:colcon.colcon_core.shell:Creating package script '/home/zedrichu/Xplore|CS/control/cs_ws/install/rover_pkg/share/rover_pkg/package.zsh'
[2.693s] Level 1:colcon.colcon_core.environment:create_file_with_runtime_dependencies(/home/zedrichu/Xplore|CS/control/cs_ws/install/rover_pkg/share/colcon-core/packages/rover_pkg)
[2.699s] Level 1:colcon.colcon_core.environment:checking '/home/zedrichu/Xplore|CS/control/cs_ws/install/control_station_pkg' for CMake module files
[2.699s] DEBUG:colcon.colcon_core.event_handler.log_command:Invoked command in '/home/zedrichu/Xplore|CS/control/cs_ws/src/control_station_pkg' returned '0': PYTHONPATH=/home/zedrichu/Xplore|CS/control/cs_ws/install/control_station_pkg/lib/python3.10/site-packages:${PYTHONPATH} /usr/bin/python3 setup.py egg_info --egg-base ../../build/control_station_pkg build --build-base /home/zedrichu/Xplore|CS/control/cs_ws/build/control_station_pkg/build install --prefix /home/zedrichu/Xplore|CS/control/cs_ws/install/control_station_pkg --record /home/zedrichu/Xplore|CS/control/cs_ws/build/control_station_pkg/install.log --single-version-externally-managed
[2.700s] Level 1:colcon.colcon_core.environment:checking '/home/zedrichu/Xplore|CS/control/cs_ws/install/control_station_pkg' for CMake config files
[2.700s] Level 1:colcon.colcon_core.environment:checking '/home/zedrichu/Xplore|CS/control/cs_ws/install/control_station_pkg/lib'
[2.700s] Level 1:colcon.colcon_core.environment:checking '/home/zedrichu/Xplore|CS/control/cs_ws/install/control_station_pkg/bin'
[2.701s] Level 1:colcon.colcon_core.environment:checking '/home/zedrichu/Xplore|CS/control/cs_ws/install/control_station_pkg/lib/pkgconfig/control_station_pkg.pc'
[2.701s] Level 1:colcon.colcon_core.environment:checking '/home/zedrichu/Xplore|CS/control/cs_ws/install/control_station_pkg/lib/python3.10/site-packages'
[2.701s] Level 1:colcon.colcon_core.shell:create_environment_hook('control_station_pkg', 'pythonpath')
[2.703s] INFO:colcon.colcon_core.shell:Creating environment hook '/home/zedrichu/Xplore|CS/control/cs_ws/install/control_station_pkg/share/control_station_pkg/hook/pythonpath.ps1'
[2.703s] INFO:colcon.colcon_core.shell:Creating environment descriptor '/home/zedrichu/Xplore|CS/control/cs_ws/install/control_station_pkg/share/control_station_pkg/hook/pythonpath.dsv'
[2.704s] INFO:colcon.colcon_core.shell:Creating environment hook '/home/zedrichu/Xplore|CS/control/cs_ws/install/control_station_pkg/share/control_station_pkg/hook/pythonpath.sh'
[2.704s] Level 1:colcon.colcon_core.environment:checking '/home/zedrichu/Xplore|CS/control/cs_ws/install/control_station_pkg/bin'
[2.705s] Level 1:colcon.colcon_core.environment:create_environment_scripts_only(control_station_pkg)
[2.706s] INFO:colcon.colcon_core.shell:Creating package script '/home/zedrichu/Xplore|CS/control/cs_ws/install/control_station_pkg/share/control_station_pkg/package.ps1'
[2.707s] INFO:colcon.colcon_core.shell:Creating package descriptor '/home/zedrichu/Xplore|CS/control/cs_ws/install/control_station_pkg/share/control_station_pkg/package.dsv'
[2.707s] INFO:colcon.colcon_core.shell:Creating package script '/home/zedrichu/Xplore|CS/control/cs_ws/install/control_station_pkg/share/control_station_pkg/package.sh'
[2.708s] INFO:colcon.colcon_core.shell:Creating package script '/home/zedrichu/Xplore|CS/control/cs_ws/install/control_station_pkg/share/control_station_pkg/package.bash'
[2.709s] INFO:colcon.colcon_core.shell:Creating package script '/home/zedrichu/Xplore|CS/control/cs_ws/install/control_station_pkg/share/control_station_pkg/package.zsh'
[2.709s] Level 1:colcon.colcon_core.environment:create_file_with_runtime_dependencies(/home/zedrichu/Xplore|CS/control/cs_ws/install/control_station_pkg/share/colcon-core/packages/control_station_pkg)
[2.709s] DEBUG:colcon.colcon_parallel_executor.executor.parallel:closing loop
[2.710s] DEBUG:colcon.colcon_parallel_executor.executor.parallel:loop closed
[2.710s] DEBUG:colcon.colcon_parallel_executor.executor.parallel:run_until_complete finished with '0'
[2.710s] DEBUG:colcon.colcon_core.event_reactor:joining thread
[2.719s] INFO:colcon.colcon_core.plugin_system:Skipping extension 'colcon_notification.desktop_notification.terminal_notifier': Not used on non-Darwin systems
[2.719s] INFO:colcon.colcon_core.plugin_system:Skipping extension 'colcon_notification.desktop_notification.win32': Not used on non-Windows systems
[2.720s] INFO:colcon.colcon_notification.desktop_notification:Sending desktop notification using 'notify2'
[2.723s] DEBUG:colcon.colcon_notification.desktop_notification.notify2:Failed to initialize notify2: org.freedesktop.DBus.Error.Spawn.ExecFailed: /usr/bin/dbus-launch terminated abnormally with the following error: Autolaunch error: X11 initialization failed.

[2.724s] DEBUG:colcon.colcon_core.event_reactor:joined thread
[2.727s] INFO:colcon.colcon_core.shell:Creating prefix script '/home/zedrichu/Xplore|CS/control/cs_ws/install/local_setup.ps1'
[2.728s] INFO:colcon.colcon_core.shell:Creating prefix util module '/home/zedrichu/Xplore|CS/control/cs_ws/install/_local_setup_util_ps1.py'
[2.730s] INFO:colcon.colcon_core.shell:Creating prefix chain script '/home/zedrichu/Xplore|CS/control/cs_ws/install/setup.ps1'
[2.732s] INFO:colcon.colcon_core.shell:Creating prefix script '/home/zedrichu/Xplore|CS/control/cs_ws/install/local_setup.sh'
[2.732s] INFO:colcon.colcon_core.shell:Creating prefix util module '/home/zedrichu/Xplore|CS/control/cs_ws/install/_local_setup_util_sh.py'
[2.733s] INFO:colcon.colcon_core.shell:Creating prefix chain script '/home/zedrichu/Xplore|CS/control/cs_ws/install/setup.sh'
[2.735s] INFO:colcon.colcon_core.shell:Creating prefix script '/home/zedrichu/Xplore|CS/control/cs_ws/install/local_setup.bash'
[2.735s] INFO:colcon.colcon_core.shell:Creating prefix chain script '/home/zedrichu/Xplore|CS/control/cs_ws/install/setup.bash'
[2.737s] INFO:colcon.colcon_core.shell:Creating prefix script '/home/zedrichu/Xplore|CS/control/cs_ws/install/local_setup.zsh'
[2.737s] INFO:colcon.colcon_core.shell:Creating prefix chain script '/home/zedrichu/Xplore|CS/control/cs_ws/install/setup.zsh'
