[  2%] Built target xplore_interfaces__cpp
[ 12%] Built target xplore_interfaces__rosidl_generator_c
[ 23%] Built target xplore_interfaces__rosidl_typesupport_cpp
[ 34%] Built target xplore_interfaces__rosidl_typesupport_introspection_cpp
[ 44%] Built target xplore_interfaces__rosidl_typesupport_fastrtps_cpp
[ 55%] Built target xplore_interfaces__rosidl_typesupport_introspection_c
[ 65%] Built target xplore_interfaces__rosidl_typesupport_c
[ 76%] Built target xplore_interfaces__rosidl_typesupport_fastrtps_c
[ 76%] Built target xplore_interfaces
[ 78%] Built target xplore_interfaces__py
[ 87%] Built target xplore_interfaces__python
[ 91%] Built target xplore_interfaces__rosidl_typesupport_fastrtps_c__pyext
[ 95%] Built target xplore_interfaces__rosidl_typesupport_introspection_c__pyext
[100%] Built target xplore_interfaces__rosidl_typesupport_c__pyext
-- Install configuration: ""
-- Up-to-date: /home/evan/Desktop/Xplore/CS_workspace/install/xplore_interfaces/share/ament_index/resource_index/rosidl_interfaces/xplore_interfaces
-- Up-to-date: /home/evan/Desktop/Xplore/CS_workspace/install/xplore_interfaces/include/xplore_interfaces
-- Up-to-date: /home/evan/Desktop/Xplore/CS_workspace/install/xplore_interfaces/include/xplore_interfaces/srv
-- Up-to-date: /home/evan/Desktop/Xplore/CS_workspace/install/xplore_interfaces/include/xplore_interfaces/srv/disable_camera.h
-- Up-to-date: /home/evan/Desktop/Xplore/CS_workspace/install/xplore_interfaces/include/xplore_interfaces/srv/enable_camera.h
-- Up-to-date: /home/evan/Desktop/Xplore/CS_workspace/install/xplore_interfaces/include/xplore_interfaces/srv/detail
-- Up-to-date: /home/evan/Desktop/Xplore/CS_workspace/install/xplore_interfaces/include/xplore_interfaces/srv/detail/disable_camera__struct.h
-- Up-to-date: /home/evan/Desktop/Xplore/CS_workspace/install/xplore_interfaces/include/xplore_interfaces/srv/detail/disable_camera__functions.c
-- Up-to-date: /home/evan/Desktop/Xplore/CS_workspace/install/xplore_interfaces/include/xplore_interfaces/srv/detail/disable_camera__functions.h
-- Up-to-date: /home/evan/Desktop/Xplore/CS_workspace/install/xplore_interfaces/include/xplore_interfaces/srv/detail/enable_camera__type_support.h
-- Up-to-date: /home/evan/Desktop/Xplore/CS_workspace/install/xplore_interfaces/include/xplore_interfaces/srv/detail/enable_camera__functions.c
-- Up-to-date: /home/evan/Desktop/Xplore/CS_workspace/install/xplore_interfaces/include/xplore_interfaces/srv/detail/disable_camera__type_support.h
-- Up-to-date: /home/evan/Desktop/Xplore/CS_workspace/install/xplore_interfaces/include/xplore_interfaces/srv/detail/enable_camera__struct.h
-- Up-to-date: /home/evan/Desktop/Xplore/CS_workspace/install/xplore_interfaces/include/xplore_interfaces/srv/detail/enable_camera__functions.h
-- Up-to-date: /home/evan/Desktop/Xplore/CS_workspace/install/xplore_interfaces/include/xplore_interfaces/msg
-- Up-to-date: /home/evan/Desktop/Xplore/CS_workspace/install/xplore_interfaces/include/xplore_interfaces/msg/detail
-- Up-to-date: /home/evan/Desktop/Xplore/CS_workspace/install/xplore_interfaces/include/xplore_interfaces/msg/detail/camera_error__functions.h
-- Up-to-date: /home/evan/Desktop/Xplore/CS_workspace/install/xplore_interfaces/include/xplore_interfaces/msg/detail/camera_error__struct.h
-- Up-to-date: /home/evan/Desktop/Xplore/CS_workspace/install/xplore_interfaces/include/xplore_interfaces/msg/detail/camera_error__functions.c
-- Up-to-date: /home/evan/Desktop/Xplore/CS_workspace/install/xplore_interfaces/include/xplore_interfaces/msg/detail/camera_error__type_support.h
-- Up-to-date: /home/evan/Desktop/Xplore/CS_workspace/install/xplore_interfaces/include/xplore_interfaces/msg/rosidl_generator_c__visibility_control.h
-- Up-to-date: /home/evan/Desktop/Xplore/CS_workspace/install/xplore_interfaces/include/xplore_interfaces/msg/camera_error.h
-- Up-to-date: /home/evan/Desktop/Xplore/CS_workspace/install/xplore_interfaces/share/xplore_interfaces/environment/library_path.sh
-- Up-to-date: /home/evan/Desktop/Xplore/CS_workspace/install/xplore_interfaces/share/xplore_interfaces/environment/library_path.dsv
-- Up-to-date: /home/evan/Desktop/Xplore/CS_workspace/install/xplore_interfaces/lib/libxplore_interfaces__rosidl_generator_c.so
-- Up-to-date: /home/evan/Desktop/Xplore/CS_workspace/install/xplore_interfaces/include/xplore_interfaces
-- Up-to-date: /home/evan/Desktop/Xplore/CS_workspace/install/xplore_interfaces/include/xplore_interfaces/srv
-- Up-to-date: /home/evan/Desktop/Xplore/CS_workspace/install/xplore_interfaces/include/xplore_interfaces/srv/detail
-- Up-to-date: /home/evan/Desktop/Xplore/CS_workspace/install/xplore_interfaces/include/xplore_interfaces/srv/detail/disable_camera__rosidl_typesupport_fastrtps_c.h
-- Up-to-date: /home/evan/Desktop/Xplore/CS_workspace/install/xplore_interfaces/include/xplore_interfaces/srv/detail/enable_camera__rosidl_typesupport_fastrtps_c.h
-- Up-to-date: /home/evan/Desktop/Xplore/CS_workspace/install/xplore_interfaces/include/xplore_interfaces/msg
-- Up-to-date: /home/evan/Desktop/Xplore/CS_workspace/install/xplore_interfaces/include/xplore_interfaces/msg/rosidl_typesupport_fastrtps_c__visibility_control.h
-- Up-to-date: /home/evan/Desktop/Xplore/CS_workspace/install/xplore_interfaces/include/xplore_interfaces/msg/detail
-- Up-to-date: /home/evan/Desktop/Xplore/CS_workspace/install/xplore_interfaces/include/xplore_interfaces/msg/detail/camera_error__rosidl_typesupport_fastrtps_c.h
-- Up-to-date: /home/evan/Desktop/Xplore/CS_workspace/install/xplore_interfaces/lib/libxplore_interfaces__rosidl_typesupport_fastrtps_c.so
-- Up-to-date: /home/evan/Desktop/Xplore/CS_workspace/install/xplore_interfaces/include/xplore_interfaces
-- Up-to-date: /home/evan/Desktop/Xplore/CS_workspace/install/xplore_interfaces/include/xplore_interfaces/srv
-- Up-to-date: /home/evan/Desktop/Xplore/CS_workspace/install/xplore_interfaces/include/xplore_interfaces/srv/detail
-- Up-to-date: /home/evan/Desktop/Xplore/CS_workspace/install/xplore_interfaces/include/xplore_interfaces/srv/detail/disable_camera__rosidl_typesupport_fastrtps_cpp.hpp
-- Up-to-date: /home/evan/Desktop/Xplore/CS_workspace/install/xplore_interfaces/include/xplore_interfaces/srv/detail/dds_fastrtps
-- Up-to-date: /home/evan/Desktop/Xplore/CS_workspace/install/xplore_interfaces/include/xplore_interfaces/srv/detail/enable_camera__rosidl_typesupport_fastrtps_cpp.hpp
-- Up-to-date: /home/evan/Desktop/Xplore/CS_workspace/install/xplore_interfaces/include/xplore_interfaces/msg
-- Up-to-date: /home/evan/Desktop/Xplore/CS_workspace/install/xplore_interfaces/include/xplore_interfaces/msg/detail
-- Up-to-date: /home/evan/Desktop/Xplore/CS_workspace/install/xplore_interfaces/include/xplore_interfaces/msg/detail/dds_fastrtps
-- Up-to-date: /home/evan/Desktop/Xplore/CS_workspace/install/xplore_interfaces/include/xplore_interfaces/msg/detail/camera_error__rosidl_typesupport_fastrtps_cpp.hpp
-- Up-to-date: /home/evan/Desktop/Xplore/CS_workspace/install/xplore_interfaces/include/xplore_interfaces/msg/rosidl_typesupport_fastrtps_cpp__visibility_control.h
-- Up-to-date: /home/evan/Desktop/Xplore/CS_workspace/install/xplore_interfaces/lib/libxplore_interfaces__rosidl_typesupport_fastrtps_cpp.so
-- Up-to-date: /home/evan/Desktop/Xplore/CS_workspace/install/xplore_interfaces/include/xplore_interfaces
-- Up-to-date: /home/evan/Desktop/Xplore/CS_workspace/install/xplore_interfaces/include/xplore_interfaces/srv
-- Up-to-date: /home/evan/Desktop/Xplore/CS_workspace/install/xplore_interfaces/include/xplore_interfaces/srv/detail
-- Up-to-date: /home/evan/Desktop/Xplore/CS_workspace/install/xplore_interfaces/include/xplore_interfaces/srv/detail/enable_camera__type_support.c
-- Up-to-date: /home/evan/Desktop/Xplore/CS_workspace/install/xplore_interfaces/include/xplore_interfaces/srv/detail/enable_camera__rosidl_typesupport_introspection_c.h
-- Up-to-date: /home/evan/Desktop/Xplore/CS_workspace/install/xplore_interfaces/include/xplore_interfaces/srv/detail/disable_camera__type_support.c
-- Up-to-date: /home/evan/Desktop/Xplore/CS_workspace/install/xplore_interfaces/include/xplore_interfaces/srv/detail/disable_camera__rosidl_typesupport_introspection_c.h
-- Up-to-date: /home/evan/Desktop/Xplore/CS_workspace/install/xplore_interfaces/include/xplore_interfaces/msg
-- Up-to-date: /home/evan/Desktop/Xplore/CS_workspace/install/xplore_interfaces/include/xplore_interfaces/msg/rosidl_typesupport_introspection_c__visibility_control.h
-- Up-to-date: /home/evan/Desktop/Xplore/CS_workspace/install/xplore_interfaces/include/xplore_interfaces/msg/detail
-- Up-to-date: /home/evan/Desktop/Xplore/CS_workspace/install/xplore_interfaces/include/xplore_interfaces/msg/detail/camera_error__rosidl_typesupport_introspection_c.h
-- Up-to-date: /home/evan/Desktop/Xplore/CS_workspace/install/xplore_interfaces/include/xplore_interfaces/msg/detail/camera_error__type_support.c
-- Up-to-date: /home/evan/Desktop/Xplore/CS_workspace/install/xplore_interfaces/lib/libxplore_interfaces__rosidl_typesupport_introspection_c.so
-- Up-to-date: /home/evan/Desktop/Xplore/CS_workspace/install/xplore_interfaces/lib/libxplore_interfaces__rosidl_typesupport_c.so
-- Up-to-date: /home/evan/Desktop/Xplore/CS_workspace/install/xplore_interfaces/include/xplore_interfaces
-- Up-to-date: /home/evan/Desktop/Xplore/CS_workspace/install/xplore_interfaces/include/xplore_interfaces/srv
-- Up-to-date: /home/evan/Desktop/Xplore/CS_workspace/install/xplore_interfaces/include/xplore_interfaces/srv/disable_camera.hpp
-- Up-to-date: /home/evan/Desktop/Xplore/CS_workspace/install/xplore_interfaces/include/xplore_interfaces/srv/detail
-- Up-to-date: /home/evan/Desktop/Xplore/CS_workspace/install/xplore_interfaces/include/xplore_interfaces/srv/detail/disable_camera__traits.hpp
-- Up-to-date: /home/evan/Desktop/Xplore/CS_workspace/install/xplore_interfaces/include/xplore_interfaces/srv/detail/enable_camera__traits.hpp
-- Up-to-date: /home/evan/Desktop/Xplore/CS_workspace/install/xplore_interfaces/include/xplore_interfaces/srv/detail/enable_camera__builder.hpp
-- Up-to-date: /home/evan/Desktop/Xplore/CS_workspace/install/xplore_interfaces/include/xplore_interfaces/srv/detail/enable_camera__struct.hpp
-- Up-to-date: /home/evan/Desktop/Xplore/CS_workspace/install/xplore_interfaces/include/xplore_interfaces/srv/detail/disable_camera__struct.hpp
-- Up-to-date: /home/evan/Desktop/Xplore/CS_workspace/install/xplore_interfaces/include/xplore_interfaces/srv/detail/disable_camera__builder.hpp
-- Up-to-date: /home/evan/Desktop/Xplore/CS_workspace/install/xplore_interfaces/include/xplore_interfaces/srv/enable_camera.hpp
-- Up-to-date: /home/evan/Desktop/Xplore/CS_workspace/install/xplore_interfaces/include/xplore_interfaces/msg
-- Up-to-date: /home/evan/Desktop/Xplore/CS_workspace/install/xplore_interfaces/include/xplore_interfaces/msg/camera_error.hpp
-- Up-to-date: /home/evan/Desktop/Xplore/CS_workspace/install/xplore_interfaces/include/xplore_interfaces/msg/detail
-- Up-to-date: /home/evan/Desktop/Xplore/CS_workspace/install/xplore_interfaces/include/xplore_interfaces/msg/detail/camera_error__struct.hpp
-- Up-to-date: /home/evan/Desktop/Xplore/CS_workspace/install/xplore_interfaces/include/xplore_interfaces/msg/detail/camera_error__builder.hpp
-- Up-to-date: /home/evan/Desktop/Xplore/CS_workspace/install/xplore_interfaces/include/xplore_interfaces/msg/detail/camera_error__traits.hpp
-- Up-to-date: /home/evan/Desktop/Xplore/CS_workspace/install/xplore_interfaces/include/xplore_interfaces
-- Up-to-date: /home/evan/Desktop/Xplore/CS_workspace/install/xplore_interfaces/include/xplore_interfaces/srv
-- Up-to-date: /home/evan/Desktop/Xplore/CS_workspace/install/xplore_interfaces/include/xplore_interfaces/srv/detail
-- Up-to-date: /home/evan/Desktop/Xplore/CS_workspace/install/xplore_interfaces/include/xplore_interfaces/srv/detail/disable_camera__rosidl_typesupport_introspection_cpp.hpp
-- Up-to-date: /home/evan/Desktop/Xplore/CS_workspace/install/xplore_interfaces/include/xplore_interfaces/srv/detail/enable_camera__rosidl_typesupport_introspection_cpp.hpp
-- Up-to-date: /home/evan/Desktop/Xplore/CS_workspace/install/xplore_interfaces/include/xplore_interfaces/srv/detail/enable_camera__type_support.cpp
-- Up-to-date: /home/evan/Desktop/Xplore/CS_workspace/install/xplore_interfaces/include/xplore_interfaces/srv/detail/disable_camera__type_support.cpp
-- Up-to-date: /home/evan/Desktop/Xplore/CS_workspace/install/xplore_interfaces/include/xplore_interfaces/msg
-- Up-to-date: /home/evan/Desktop/Xplore/CS_workspace/install/xplore_interfaces/include/xplore_interfaces/msg/detail
-- Up-to-date: /home/evan/Desktop/Xplore/CS_workspace/install/xplore_interfaces/include/xplore_interfaces/msg/detail/camera_error__rosidl_typesupport_introspection_cpp.hpp
-- Up-to-date: /home/evan/Desktop/Xplore/CS_workspace/install/xplore_interfaces/include/xplore_interfaces/msg/detail/camera_error__type_support.cpp
-- Up-to-date: /home/evan/Desktop/Xplore/CS_workspace/install/xplore_interfaces/lib/libxplore_interfaces__rosidl_typesupport_introspection_cpp.so
-- Up-to-date: /home/evan/Desktop/Xplore/CS_workspace/install/xplore_interfaces/lib/libxplore_interfaces__rosidl_typesupport_cpp.so
-- Up-to-date: /home/evan/Desktop/Xplore/CS_workspace/install/xplore_interfaces/share/xplore_interfaces/environment/pythonpath.sh
-- Up-to-date: /home/evan/Desktop/Xplore/CS_workspace/install/xplore_interfaces/share/xplore_interfaces/environment/pythonpath.dsv
-- Up-to-date: /home/evan/Desktop/Xplore/CS_workspace/install/xplore_interfaces/lib/python3.8/site-packages/xplore_interfaces/__init__.py
-- Up-to-date: /home/evan/Desktop/Xplore/CS_workspace/install/xplore_interfaces/lib/python3.8/site-packages/xplore_interfaces/msg
-- Up-to-date: /home/evan/Desktop/Xplore/CS_workspace/install/xplore_interfaces/lib/python3.8/site-packages/xplore_interfaces/msg/__init__.py
-- Up-to-date: /home/evan/Desktop/Xplore/CS_workspace/install/xplore_interfaces/lib/python3.8/site-packages/xplore_interfaces/msg/_camera_error_s.c
-- Up-to-date: /home/evan/Desktop/Xplore/CS_workspace/install/xplore_interfaces/lib/python3.8/site-packages/xplore_interfaces/msg/_camera_error.py
-- Up-to-date: /home/evan/Desktop/Xplore/CS_workspace/install/xplore_interfaces/lib/python3.8/site-packages/xplore_interfaces/srv
-- Up-to-date: /home/evan/Desktop/Xplore/CS_workspace/install/xplore_interfaces/lib/python3.8/site-packages/xplore_interfaces/srv/__init__.py
-- Up-to-date: /home/evan/Desktop/Xplore/CS_workspace/install/xplore_interfaces/lib/python3.8/site-packages/xplore_interfaces/srv/_disable_camera_s.c
-- Up-to-date: /home/evan/Desktop/Xplore/CS_workspace/install/xplore_interfaces/lib/python3.8/site-packages/xplore_interfaces/srv/_enable_camera.py
-- Up-to-date: /home/evan/Desktop/Xplore/CS_workspace/install/xplore_interfaces/lib/python3.8/site-packages/xplore_interfaces/srv/_enable_camera_s.c
-- Up-to-date: /home/evan/Desktop/Xplore/CS_workspace/install/xplore_interfaces/lib/python3.8/site-packages/xplore_interfaces/srv/_disable_camera.py
-- Up-to-date: /home/evan/Desktop/Xplore/CS_workspace/install/xplore_interfaces/lib/python3.8/site-packages/xplore_interfaces/xplore_interfaces_s__rosidl_typesupport_fastrtps_c.cpython-38-x86_64-linux-gnu.so
-- Up-to-date: /home/evan/Desktop/Xplore/CS_workspace/install/xplore_interfaces/lib/python3.8/site-packages/xplore_interfaces/xplore_interfaces_s__rosidl_typesupport_introspection_c.cpython-38-x86_64-linux-gnu.so
-- Up-to-date: /home/evan/Desktop/Xplore/CS_workspace/install/xplore_interfaces/lib/python3.8/site-packages/xplore_interfaces/xplore_interfaces_s__rosidl_typesupport_c.cpython-38-x86_64-linux-gnu.so
-- Up-to-date: /home/evan/Desktop/Xplore/CS_workspace/install/xplore_interfaces/lib/libxplore_interfaces__python.so
-- Up-to-date: /home/evan/Desktop/Xplore/CS_workspace/install/xplore_interfaces/share/xplore_interfaces/msg/CameraError.idl
-- Up-to-date: /home/evan/Desktop/Xplore/CS_workspace/install/xplore_interfaces/share/xplore_interfaces/srv/DisableCamera.idl
-- Up-to-date: /home/evan/Desktop/Xplore/CS_workspace/install/xplore_interfaces/share/xplore_interfaces/srv/EnableCamera.idl
-- Up-to-date: /home/evan/Desktop/Xplore/CS_workspace/install/xplore_interfaces/share/xplore_interfaces/msg/CameraError.msg
-- Up-to-date: /home/evan/Desktop/Xplore/CS_workspace/install/xplore_interfaces/share/xplore_interfaces/srv/DisableCamera.srv
-- Up-to-date: /home/evan/Desktop/Xplore/CS_workspace/install/xplore_interfaces/share/xplore_interfaces/srv/DisableCamera_Request.msg
-- Up-to-date: /home/evan/Desktop/Xplore/CS_workspace/install/xplore_interfaces/share/xplore_interfaces/srv/DisableCamera_Response.msg
-- Up-to-date: /home/evan/Desktop/Xplore/CS_workspace/install/xplore_interfaces/share/xplore_interfaces/srv/EnableCamera.srv
-- Up-to-date: /home/evan/Desktop/Xplore/CS_workspace/install/xplore_interfaces/share/xplore_interfaces/srv/EnableCamera_Request.msg
-- Up-to-date: /home/evan/Desktop/Xplore/CS_workspace/install/xplore_interfaces/share/xplore_interfaces/srv/EnableCamera_Response.msg
-- Up-to-date: /home/evan/Desktop/Xplore/CS_workspace/install/xplore_interfaces/share/ament_index/resource_index/package_run_dependencies/xplore_interfaces
-- Up-to-date: /home/evan/Desktop/Xplore/CS_workspace/install/xplore_interfaces/share/ament_index/resource_index/parent_prefix_path/xplore_interfaces
-- Up-to-date: /home/evan/Desktop/Xplore/CS_workspace/install/xplore_interfaces/share/xplore_interfaces/environment/ament_prefix_path.sh
-- Up-to-date: /home/evan/Desktop/Xplore/CS_workspace/install/xplore_interfaces/share/xplore_interfaces/environment/ament_prefix_path.dsv
-- Up-to-date: /home/evan/Desktop/Xplore/CS_workspace/install/xplore_interfaces/share/xplore_interfaces/environment/path.sh
-- Up-to-date: /home/evan/Desktop/Xplore/CS_workspace/install/xplore_interfaces/share/xplore_interfaces/environment/path.dsv
-- Up-to-date: /home/evan/Desktop/Xplore/CS_workspace/install/xplore_interfaces/share/xplore_interfaces/local_setup.bash
-- Up-to-date: /home/evan/Desktop/Xplore/CS_workspace/install/xplore_interfaces/share/xplore_interfaces/local_setup.sh
-- Up-to-date: /home/evan/Desktop/Xplore/CS_workspace/install/xplore_interfaces/share/xplore_interfaces/local_setup.zsh
-- Up-to-date: /home/evan/Desktop/Xplore/CS_workspace/install/xplore_interfaces/share/xplore_interfaces/local_setup.dsv
-- Installing: /home/evan/Desktop/Xplore/CS_workspace/install/xplore_interfaces/share/xplore_interfaces/package.dsv
-- Up-to-date: /home/evan/Desktop/Xplore/CS_workspace/install/xplore_interfaces/share/ament_index/resource_index/packages/xplore_interfaces
-- Up-to-date: /home/evan/Desktop/Xplore/CS_workspace/install/xplore_interfaces/share/xplore_interfaces/cmake/xplore_interfaces__rosidl_generator_cExport.cmake
-- Up-to-date: /home/evan/Desktop/Xplore/CS_workspace/install/xplore_interfaces/share/xplore_interfaces/cmake/xplore_interfaces__rosidl_generator_cExport-noconfig.cmake
-- Up-to-date: /home/evan/Desktop/Xplore/CS_workspace/install/xplore_interfaces/share/xplore_interfaces/cmake/xplore_interfaces__rosidl_typesupport_introspection_cExport.cmake
-- Up-to-date: /home/evan/Desktop/Xplore/CS_workspace/install/xplore_interfaces/share/xplore_interfaces/cmake/xplore_interfaces__rosidl_typesupport_introspection_cExport-noconfig.cmake
-- Up-to-date: /home/evan/Desktop/Xplore/CS_workspace/install/xplore_interfaces/share/xplore_interfaces/cmake/xplore_interfaces__rosidl_typesupport_cExport.cmake
-- Up-to-date: /home/evan/Desktop/Xplore/CS_workspace/install/xplore_interfaces/share/xplore_interfaces/cmake/xplore_interfaces__rosidl_typesupport_cExport-noconfig.cmake
-- Up-to-date: /home/evan/Desktop/Xplore/CS_workspace/install/xplore_interfaces/share/xplore_interfaces/cmake/xplore_interfaces__rosidl_generator_cppExport.cmake
-- Up-to-date: /home/evan/Desktop/Xplore/CS_workspace/install/xplore_interfaces/share/xplore_interfaces/cmake/xplore_interfaces__rosidl_typesupport_introspection_cppExport.cmake
-- Up-to-date: /home/evan/Desktop/Xplore/CS_workspace/install/xplore_interfaces/share/xplore_interfaces/cmake/xplore_interfaces__rosidl_typesupport_introspection_cppExport-noconfig.cmake
-- Up-to-date: /home/evan/Desktop/Xplore/CS_workspace/install/xplore_interfaces/share/xplore_interfaces/cmake/xplore_interfaces__rosidl_typesupport_cppExport.cmake
-- Up-to-date: /home/evan/Desktop/Xplore/CS_workspace/install/xplore_interfaces/share/xplore_interfaces/cmake/xplore_interfaces__rosidl_typesupport_cppExport-noconfig.cmake
-- Up-to-date: /home/evan/Desktop/Xplore/CS_workspace/install/xplore_interfaces/share/xplore_interfaces/cmake/rosidl_cmake-extras.cmake
-- Up-to-date: /home/evan/Desktop/Xplore/CS_workspace/install/xplore_interfaces/share/xplore_interfaces/cmake/ament_cmake_export_dependencies-extras.cmake
-- Up-to-date: /home/evan/Desktop/Xplore/CS_workspace/install/xplore_interfaces/share/xplore_interfaces/cmake/ament_cmake_export_libraries-extras.cmake
-- Up-to-date: /home/evan/Desktop/Xplore/CS_workspace/install/xplore_interfaces/share/xplore_interfaces/cmake/ament_cmake_export_targets-extras.cmake
-- Up-to-date: /home/evan/Desktop/Xplore/CS_workspace/install/xplore_interfaces/share/xplore_interfaces/cmake/ament_cmake_export_include_directories-extras.cmake
-- Up-to-date: /home/evan/Desktop/Xplore/CS_workspace/install/xplore_interfaces/share/xplore_interfaces/cmake/rosidl_cmake_export_typesupport_libraries-extras.cmake
-- Up-to-date: /home/evan/Desktop/Xplore/CS_workspace/install/xplore_interfaces/share/xplore_interfaces/cmake/rosidl_cmake_export_typesupport_targets-extras.cmake
-- Up-to-date: /home/evan/Desktop/Xplore/CS_workspace/install/xplore_interfaces/share/xplore_interfaces/cmake/xplore_interfacesConfig.cmake
-- Up-to-date: /home/evan/Desktop/Xplore/CS_workspace/install/xplore_interfaces/share/xplore_interfaces/cmake/xplore_interfacesConfig-version.cmake
-- Up-to-date: /home/evan/Desktop/Xplore/CS_workspace/install/xplore_interfaces/share/xplore_interfaces/package.xml
