[0.321s] DEBUG:colcon:Command line arguments: ['/usr/bin/colcon', 'build']
[0.322s] DEBUG:colcon:Parsed command line arguments: Namespace(allow_overriding=[], ament_cmake_args=None, base_paths=['.'], build_base='build', catkin_cmake_args=None, catkin_skip_building_tests=False, cmake_args=None, cmake_clean_cache=False, cmake_clean_first=False, cmake_force_configure=False, cmake_target=None, cmake_target_skip_unavailable=False, continue_on_error=False, event_handlers=None, executor='parallel', ignore_user_meta=False, install_base='install', log_base=None, log_level=None, main=<bound method BuildVerb.main of <colcon_core.verb.build.BuildVerb object at 0x7fdceb50a250>>, merge_install=False, metas=['./colcon.meta'], packages_above=None, packages_above_and_dependencies=None, packages_above_depth=None, packages_end=None, packages_ignore=None, packages_ignore_regex=None, packages_select=None, packages_select_build_failed=False, packages_select_by_dep=None, packages_select_regex=None, packages_select_test_failures=False, packages_skip=None, packages_skip_build_finished=False, packages_skip_by_dep=None, packages_skip_regex=None, packages_skip_test_passed=False, packages_skip_up_to=None, packages_start=None, packages_up_to=None, packages_up_to_regex=None, parallel_workers=4, paths=None, symlink_install=False, test_result_base=None, verb_extension=<colcon_core.verb.build.BuildVerb object at 0x7fdceb50a250>, verb_name='build', verb_parser=<colcon_defaults.argument_parser.defaults.DefaultArgumentsDecorator object at 0x7fdceb50a790>)
[0.347s] Level 1:colcon.colcon_core.package_discovery:discover_packages(colcon_meta) check parameters
[0.347s] Level 1:colcon.colcon_core.package_discovery:discover_packages(recursive) check parameters
[0.347s] Level 1:colcon.colcon_core.package_discovery:discover_packages(ignore) check parameters
[0.347s] Level 1:colcon.colcon_core.package_discovery:discover_packages(path) check parameters
[0.347s] Level 1:colcon.colcon_core.package_discovery:discover_packages(colcon_meta) discover
[0.347s] Level 1:colcon.colcon_core.package_discovery:discover_packages(recursive) discover
[0.347s] INFO:colcon.colcon_core.package_discovery:Crawling recursively for packages in '/home/evan/Desktop/Xplore/CS_workspace'
[0.348s] Level 1:colcon.colcon_core.package_identification:_identify(.) by extensions ['ignore', 'ignore_ament_install']
[0.348s] Level 1:colcon.colcon_core.package_identification:_identify(.) by extension 'ignore'
[0.348s] Level 1:colcon.colcon_core.package_identification:_identify(.) by extension 'ignore_ament_install'
[0.348s] Level 1:colcon.colcon_core.package_identification:_identify(.) by extensions ['colcon_pkg']
[0.348s] Level 1:colcon.colcon_core.package_identification:_identify(.) by extension 'colcon_pkg'
[0.348s] Level 1:colcon.colcon_core.package_identification:_identify(.) by extensions ['colcon_meta']
[0.348s] Level 1:colcon.colcon_core.package_identification:_identify(.) by extension 'colcon_meta'
[0.348s] Level 1:colcon.colcon_core.package_identification:_identify(.) by extensions ['ros']
[0.348s] Level 1:colcon.colcon_core.package_identification:_identify(.) by extension 'ros'
[0.367s] Level 1:colcon.colcon_core.package_identification:_identify(.) by extensions ['cmake', 'python']
[0.367s] Level 1:colcon.colcon_core.package_identification:_identify(.) by extension 'cmake'
[0.367s] Level 1:colcon.colcon_core.package_identification:_identify(.) by extension 'python'
[0.367s] Level 1:colcon.colcon_core.package_identification:_identify(.) by extensions ['python_setup_py']
[0.367s] Level 1:colcon.colcon_core.package_identification:_identify(.) by extension 'python_setup_py'
[0.367s] Level 1:colcon.colcon_core.package_identification:_identify(SCRIPTS) by extensions ['ignore', 'ignore_ament_install']
[0.368s] Level 1:colcon.colcon_core.package_identification:_identify(SCRIPTS) by extension 'ignore'
[0.368s] Level 1:colcon.colcon_core.package_identification:_identify(SCRIPTS) by extension 'ignore_ament_install'
[0.368s] Level 1:colcon.colcon_core.package_identification:_identify(SCRIPTS) by extensions ['colcon_pkg']
[0.368s] Level 1:colcon.colcon_core.package_identification:_identify(SCRIPTS) by extension 'colcon_pkg'
[0.368s] Level 1:colcon.colcon_core.package_identification:_identify(SCRIPTS) by extensions ['colcon_meta']
[0.368s] Level 1:colcon.colcon_core.package_identification:_identify(SCRIPTS) by extension 'colcon_meta'
[0.368s] Level 1:colcon.colcon_core.package_identification:_identify(SCRIPTS) by extensions ['ros']
[0.368s] Level 1:colcon.colcon_core.package_identification:_identify(SCRIPTS) by extension 'ros'
[0.368s] Level 1:colcon.colcon_core.package_identification:_identify(SCRIPTS) by extensions ['cmake', 'python']
[0.368s] Level 1:colcon.colcon_core.package_identification:_identify(SCRIPTS) by extension 'cmake'
[0.368s] Level 1:colcon.colcon_core.package_identification:_identify(SCRIPTS) by extension 'python'
[0.368s] Level 1:colcon.colcon_core.package_identification:_identify(SCRIPTS) by extensions ['python_setup_py']
[0.368s] Level 1:colcon.colcon_core.package_identification:_identify(SCRIPTS) by extension 'python_setup_py'
[0.368s] Level 1:colcon.colcon_core.package_identification:_identify(build) by extensions ['ignore', 'ignore_ament_install']
[0.369s] Level 1:colcon.colcon_core.package_identification:_identify(build) by extension 'ignore'
[0.369s] Level 1:colcon.colcon_core.package_identification:_identify(build) ignored
[0.369s] Level 1:colcon.colcon_core.package_identification:_identify(cs_ws) by extensions ['ignore', 'ignore_ament_install']
[0.369s] Level 1:colcon.colcon_core.package_identification:_identify(cs_ws) by extension 'ignore'
[0.369s] Level 1:colcon.colcon_core.package_identification:_identify(cs_ws) by extension 'ignore_ament_install'
[0.369s] Level 1:colcon.colcon_core.package_identification:_identify(cs_ws) by extensions ['colcon_pkg']
[0.369s] Level 1:colcon.colcon_core.package_identification:_identify(cs_ws) by extension 'colcon_pkg'
[0.369s] Level 1:colcon.colcon_core.package_identification:_identify(cs_ws) by extensions ['colcon_meta']
[0.369s] Level 1:colcon.colcon_core.package_identification:_identify(cs_ws) by extension 'colcon_meta'
[0.369s] Level 1:colcon.colcon_core.package_identification:_identify(cs_ws) by extensions ['ros']
[0.369s] Level 1:colcon.colcon_core.package_identification:_identify(cs_ws) by extension 'ros'
[0.369s] Level 1:colcon.colcon_core.package_identification:_identify(cs_ws) by extensions ['cmake', 'python']
[0.369s] Level 1:colcon.colcon_core.package_identification:_identify(cs_ws) by extension 'cmake'
[0.369s] Level 1:colcon.colcon_core.package_identification:_identify(cs_ws) by extension 'python'
[0.369s] Level 1:colcon.colcon_core.package_identification:_identify(cs_ws) by extensions ['python_setup_py']
[0.369s] Level 1:colcon.colcon_core.package_identification:_identify(cs_ws) by extension 'python_setup_py'
[0.370s] Level 1:colcon.colcon_core.package_identification:_identify(cs_ws/build) by extensions ['ignore', 'ignore_ament_install']
[0.370s] Level 1:colcon.colcon_core.package_identification:_identify(cs_ws/build) by extension 'ignore'
[0.370s] Level 1:colcon.colcon_core.package_identification:_identify(cs_ws/build) ignored
[0.370s] Level 1:colcon.colcon_core.package_identification:_identify(cs_ws/install) by extensions ['ignore', 'ignore_ament_install']
[0.370s] Level 1:colcon.colcon_core.package_identification:_identify(cs_ws/install) by extension 'ignore'
[0.370s] Level 1:colcon.colcon_core.package_identification:_identify(cs_ws/install) ignored
[0.370s] Level 1:colcon.colcon_core.package_identification:_identify(cs_ws/log) by extensions ['ignore', 'ignore_ament_install']
[0.370s] Level 1:colcon.colcon_core.package_identification:_identify(cs_ws/log) by extension 'ignore'
[0.371s] Level 1:colcon.colcon_core.package_identification:_identify(cs_ws/log) ignored
[0.371s] Level 1:colcon.colcon_core.package_identification:_identify(cs_ws/src) by extensions ['ignore', 'ignore_ament_install']
[0.371s] Level 1:colcon.colcon_core.package_identification:_identify(cs_ws/src) by extension 'ignore'
[0.371s] Level 1:colcon.colcon_core.package_identification:_identify(cs_ws/src) by extension 'ignore_ament_install'
[0.371s] Level 1:colcon.colcon_core.package_identification:_identify(cs_ws/src) by extensions ['colcon_pkg']
[0.371s] Level 1:colcon.colcon_core.package_identification:_identify(cs_ws/src) by extension 'colcon_pkg'
[0.371s] Level 1:colcon.colcon_core.package_identification:_identify(cs_ws/src) by extensions ['colcon_meta']
[0.371s] Level 1:colcon.colcon_core.package_identification:_identify(cs_ws/src) by extension 'colcon_meta'
[0.371s] Level 1:colcon.colcon_core.package_identification:_identify(cs_ws/src) by extensions ['ros']
[0.371s] Level 1:colcon.colcon_core.package_identification:_identify(cs_ws/src) by extension 'ros'
[0.371s] Level 1:colcon.colcon_core.package_identification:_identify(cs_ws/src) by extensions ['cmake', 'python']
[0.371s] Level 1:colcon.colcon_core.package_identification:_identify(cs_ws/src) by extension 'cmake'
[0.371s] Level 1:colcon.colcon_core.package_identification:_identify(cs_ws/src) by extension 'python'
[0.371s] Level 1:colcon.colcon_core.package_identification:_identify(cs_ws/src) by extensions ['python_setup_py']
[0.371s] Level 1:colcon.colcon_core.package_identification:_identify(cs_ws/src) by extension 'python_setup_py'
[0.372s] Level 1:colcon.colcon_core.package_identification:_identify(cs_ws/src/control_station_pkg) by extensions ['ignore', 'ignore_ament_install']
[0.372s] Level 1:colcon.colcon_core.package_identification:_identify(cs_ws/src/control_station_pkg) by extension 'ignore'
[0.372s] Level 1:colcon.colcon_core.package_identification:_identify(cs_ws/src/control_station_pkg) by extension 'ignore_ament_install'
[0.372s] Level 1:colcon.colcon_core.package_identification:_identify(cs_ws/src/control_station_pkg) by extensions ['colcon_pkg']
[0.372s] Level 1:colcon.colcon_core.package_identification:_identify(cs_ws/src/control_station_pkg) by extension 'colcon_pkg'
[0.372s] Level 1:colcon.colcon_core.package_identification:_identify(cs_ws/src/control_station_pkg) by extensions ['colcon_meta']
[0.372s] Level 1:colcon.colcon_core.package_identification:_identify(cs_ws/src/control_station_pkg) by extension 'colcon_meta'
[0.372s] Level 1:colcon.colcon_core.package_identification:_identify(cs_ws/src/control_station_pkg) by extensions ['ros']
[0.372s] Level 1:colcon.colcon_core.package_identification:_identify(cs_ws/src/control_station_pkg) by extension 'ros'
[0.375s] DEBUG:colcon.colcon_core.package_identification:Package 'cs_ws/src/control_station_pkg' with type 'ros.ament_python' and name 'control_station_pkg'
[0.375s] Level 1:colcon.colcon_core.package_identification:_identify(cs_ws/src/cs_test_pkg) by extensions ['ignore', 'ignore_ament_install']
[0.375s] Level 1:colcon.colcon_core.package_identification:_identify(cs_ws/src/cs_test_pkg) by extension 'ignore'
[0.376s] Level 1:colcon.colcon_core.package_identification:_identify(cs_ws/src/cs_test_pkg) by extension 'ignore_ament_install'
[0.376s] Level 1:colcon.colcon_core.package_identification:_identify(cs_ws/src/cs_test_pkg) by extensions ['colcon_pkg']
[0.376s] Level 1:colcon.colcon_core.package_identification:_identify(cs_ws/src/cs_test_pkg) by extension 'colcon_pkg'
[0.376s] Level 1:colcon.colcon_core.package_identification:_identify(cs_ws/src/cs_test_pkg) by extensions ['colcon_meta']
[0.376s] Level 1:colcon.colcon_core.package_identification:_identify(cs_ws/src/cs_test_pkg) by extension 'colcon_meta'
[0.376s] Level 1:colcon.colcon_core.package_identification:_identify(cs_ws/src/cs_test_pkg) by extensions ['ros']
[0.376s] Level 1:colcon.colcon_core.package_identification:_identify(cs_ws/src/cs_test_pkg) by extension 'ros'
[0.376s] DEBUG:colcon.colcon_core.package_identification:Package 'cs_ws/src/cs_test_pkg' with type 'ros.ament_python' and name 'cs_test_pkg'
[0.376s] Level 1:colcon.colcon_core.package_identification:_identify(cs_ws/src/rover_pkg) by extensions ['ignore', 'ignore_ament_install']
[0.377s] Level 1:colcon.colcon_core.package_identification:_identify(cs_ws/src/rover_pkg) by extension 'ignore'
[0.377s] Level 1:colcon.colcon_core.package_identification:_identify(cs_ws/src/rover_pkg) by extension 'ignore_ament_install'
[0.377s] Level 1:colcon.colcon_core.package_identification:_identify(cs_ws/src/rover_pkg) by extensions ['colcon_pkg']
[0.377s] Level 1:colcon.colcon_core.package_identification:_identify(cs_ws/src/rover_pkg) by extension 'colcon_pkg'
[0.377s] Level 1:colcon.colcon_core.package_identification:_identify(cs_ws/src/rover_pkg) by extensions ['colcon_meta']
[0.377s] Level 1:colcon.colcon_core.package_identification:_identify(cs_ws/src/rover_pkg) by extension 'colcon_meta'
[0.377s] Level 1:colcon.colcon_core.package_identification:_identify(cs_ws/src/rover_pkg) by extensions ['ros']
[0.377s] Level 1:colcon.colcon_core.package_identification:_identify(cs_ws/src/rover_pkg) by extension 'ros'
[0.378s] DEBUG:colcon.colcon_core.package_identification:Package 'cs_ws/src/rover_pkg' with type 'ros.ament_python' and name 'rover_pkg'
[0.378s] Level 1:colcon.colcon_core.package_identification:_identify(cs_ws/src/xplore_interfaces) by extensions ['ignore', 'ignore_ament_install']
[0.378s] Level 1:colcon.colcon_core.package_identification:_identify(cs_ws/src/xplore_interfaces) by extension 'ignore'
[0.378s] Level 1:colcon.colcon_core.package_identification:_identify(cs_ws/src/xplore_interfaces) by extension 'ignore_ament_install'
[0.378s] Level 1:colcon.colcon_core.package_identification:_identify(cs_ws/src/xplore_interfaces) by extensions ['colcon_pkg']
[0.378s] Level 1:colcon.colcon_core.package_identification:_identify(cs_ws/src/xplore_interfaces) by extension 'colcon_pkg'
[0.378s] Level 1:colcon.colcon_core.package_identification:_identify(cs_ws/src/xplore_interfaces) by extensions ['colcon_meta']
[0.378s] Level 1:colcon.colcon_core.package_identification:_identify(cs_ws/src/xplore_interfaces) by extension 'colcon_meta'
[0.378s] Level 1:colcon.colcon_core.package_identification:_identify(cs_ws/src/xplore_interfaces) by extensions ['ros']
[0.378s] Level 1:colcon.colcon_core.package_identification:_identify(cs_ws/src/xplore_interfaces) by extension 'ros'
[0.379s] DEBUG:colcon.colcon_core.package_identification:Package 'cs_ws/src/xplore_interfaces' with type 'ros.ament_cmake' and name 'xplore_interfaces'
[0.379s] Level 1:colcon.colcon_core.package_identification:_identify(install) by extensions ['ignore', 'ignore_ament_install']
[0.379s] Level 1:colcon.colcon_core.package_identification:_identify(install) by extension 'ignore'
[0.379s] Level 1:colcon.colcon_core.package_identification:_identify(install) ignored
[0.379s] Level 1:colcon.colcon_core.package_identification:_identify(log) by extensions ['ignore', 'ignore_ament_install']
[0.379s] Level 1:colcon.colcon_core.package_identification:_identify(log) by extension 'ignore'
[0.379s] Level 1:colcon.colcon_core.package_identification:_identify(log) ignored
[0.380s] Level 1:colcon.colcon_core.package_identification:_identify(node_modules) by extensions ['ignore', 'ignore_ament_install']
[0.380s] Level 1:colcon.colcon_core.package_identification:_identify(node_modules) by extension 'ignore'
[0.380s] Level 1:colcon.colcon_core.package_identification:_identify(node_modules) by extension 'ignore_ament_install'
[0.380s] Level 1:colcon.colcon_core.package_identification:_identify(node_modules) by extensions ['colcon_pkg']
[0.380s] Level 1:colcon.colcon_core.package_identification:_identify(node_modules) by extension 'colcon_pkg'
[0.380s] Level 1:colcon.colcon_core.package_identification:_identify(node_modules) by extensions ['colcon_meta']
[0.380s] Level 1:colcon.colcon_core.package_identification:_identify(node_modules) by extension 'colcon_meta'
[0.380s] Level 1:colcon.colcon_core.package_identification:_identify(node_modules) by extensions ['ros']
[0.380s] Level 1:colcon.colcon_core.package_identification:_identify(node_modules) by extension 'ros'
[0.380s] Level 1:colcon.colcon_core.package_identification:_identify(node_modules) by extensions ['cmake', 'python']
[0.380s] Level 1:colcon.colcon_core.package_identification:_identify(node_modules) by extension 'cmake'
[0.380s] Level 1:colcon.colcon_core.package_identification:_identify(node_modules) by extension 'python'
[0.380s] Level 1:colcon.colcon_core.package_identification:_identify(node_modules) by extensions ['python_setup_py']
[0.380s] Level 1:colcon.colcon_core.package_identification:_identify(node_modules) by extension 'python_setup_py'
[0.380s] Level 1:colcon.colcon_core.package_identification:_identify(node_modules/@kurkle) by extensions ['ignore', 'ignore_ament_install']
[0.381s] Level 1:colcon.colcon_core.package_identification:_identify(node_modules/@kurkle) by extension 'ignore'
[0.381s] Level 1:colcon.colcon_core.package_identification:_identify(node_modules/@kurkle) by extension 'ignore_ament_install'
[0.381s] Level 1:colcon.colcon_core.package_identification:_identify(node_modules/@kurkle) by extensions ['colcon_pkg']
[0.381s] Level 1:colcon.colcon_core.package_identification:_identify(node_modules/@kurkle) by extension 'colcon_pkg'
[0.381s] Level 1:colcon.colcon_core.package_identification:_identify(node_modules/@kurkle) by extensions ['colcon_meta']
[0.381s] Level 1:colcon.colcon_core.package_identification:_identify(node_modules/@kurkle) by extension 'colcon_meta'
[0.381s] Level 1:colcon.colcon_core.package_identification:_identify(node_modules/@kurkle) by extensions ['ros']
[0.381s] Level 1:colcon.colcon_core.package_identification:_identify(node_modules/@kurkle) by extension 'ros'
[0.381s] Level 1:colcon.colcon_core.package_identification:_identify(node_modules/@kurkle) by extensions ['cmake', 'python']
[0.381s] Level 1:colcon.colcon_core.package_identification:_identify(node_modules/@kurkle) by extension 'cmake'
[0.381s] Level 1:colcon.colcon_core.package_identification:_identify(node_modules/@kurkle) by extension 'python'
[0.381s] Level 1:colcon.colcon_core.package_identification:_identify(node_modules/@kurkle) by extensions ['python_setup_py']
[0.381s] Level 1:colcon.colcon_core.package_identification:_identify(node_modules/@kurkle) by extension 'python_setup_py'
[0.381s] Level 1:colcon.colcon_core.package_identification:_identify(node_modules/@kurkle/color) by extensions ['ignore', 'ignore_ament_install']
[0.381s] Level 1:colcon.colcon_core.package_identification:_identify(node_modules/@kurkle/color) by extension 'ignore'
[0.381s] Level 1:colcon.colcon_core.package_identification:_identify(node_modules/@kurkle/color) by extension 'ignore_ament_install'
[0.382s] Level 1:colcon.colcon_core.package_identification:_identify(node_modules/@kurkle/color) by extensions ['colcon_pkg']
[0.382s] Level 1:colcon.colcon_core.package_identification:_identify(node_modules/@kurkle/color) by extension 'colcon_pkg'
[0.382s] Level 1:colcon.colcon_core.package_identification:_identify(node_modules/@kurkle/color) by extensions ['colcon_meta']
[0.382s] Level 1:colcon.colcon_core.package_identification:_identify(node_modules/@kurkle/color) by extension 'colcon_meta'
[0.382s] Level 1:colcon.colcon_core.package_identification:_identify(node_modules/@kurkle/color) by extensions ['ros']
[0.382s] Level 1:colcon.colcon_core.package_identification:_identify(node_modules/@kurkle/color) by extension 'ros'
[0.382s] Level 1:colcon.colcon_core.package_identification:_identify(node_modules/@kurkle/color) by extensions ['cmake', 'python']
[0.382s] Level 1:colcon.colcon_core.package_identification:_identify(node_modules/@kurkle/color) by extension 'cmake'
[0.382s] Level 1:colcon.colcon_core.package_identification:_identify(node_modules/@kurkle/color) by extension 'python'
[0.382s] Level 1:colcon.colcon_core.package_identification:_identify(node_modules/@kurkle/color) by extensions ['python_setup_py']
[0.382s] Level 1:colcon.colcon_core.package_identification:_identify(node_modules/@kurkle/color) by extension 'python_setup_py'
[0.382s] Level 1:colcon.colcon_core.package_identification:_identify(node_modules/@kurkle/color/dist) by extensions ['ignore', 'ignore_ament_install']
[0.382s] Level 1:colcon.colcon_core.package_identification:_identify(node_modules/@kurkle/color/dist) by extension 'ignore'
[0.382s] Level 1:colcon.colcon_core.package_identification:_identify(node_modules/@kurkle/color/dist) by extension 'ignore_ament_install'
[0.382s] Level 1:colcon.colcon_core.package_identification:_identify(node_modules/@kurkle/color/dist) by extensions ['colcon_pkg']
[0.383s] Level 1:colcon.colcon_core.package_identification:_identify(node_modules/@kurkle/color/dist) by extension 'colcon_pkg'
[0.383s] Level 1:colcon.colcon_core.package_identification:_identify(node_modules/@kurkle/color/dist) by extensions ['colcon_meta']
[0.383s] Level 1:colcon.colcon_core.package_identification:_identify(node_modules/@kurkle/color/dist) by extension 'colcon_meta'
[0.383s] Level 1:colcon.colcon_core.package_identification:_identify(node_modules/@kurkle/color/dist) by extensions ['ros']
[0.383s] Level 1:colcon.colcon_core.package_identification:_identify(node_modules/@kurkle/color/dist) by extension 'ros'
[0.383s] Level 1:colcon.colcon_core.package_identification:_identify(node_modules/@kurkle/color/dist) by extensions ['cmake', 'python']
[0.383s] Level 1:colcon.colcon_core.package_identification:_identify(node_modules/@kurkle/color/dist) by extension 'cmake'
[0.383s] Level 1:colcon.colcon_core.package_identification:_identify(node_modules/@kurkle/color/dist) by extension 'python'
[0.383s] Level 1:colcon.colcon_core.package_identification:_identify(node_modules/@kurkle/color/dist) by extensions ['python_setup_py']
[0.383s] Level 1:colcon.colcon_core.package_identification:_identify(node_modules/@kurkle/color/dist) by extension 'python_setup_py'
[0.383s] Level 1:colcon.colcon_core.package_identification:_identify(node_modules/chart.js) by extensions ['ignore', 'ignore_ament_install']
[0.383s] Level 1:colcon.colcon_core.package_identification:_identify(node_modules/chart.js) by extension 'ignore'
[0.383s] Level 1:colcon.colcon_core.package_identification:_identify(node_modules/chart.js) by extension 'ignore_ament_install'
[0.383s] Level 1:colcon.colcon_core.package_identification:_identify(node_modules/chart.js) by extensions ['colcon_pkg']
[0.383s] Level 1:colcon.colcon_core.package_identification:_identify(node_modules/chart.js) by extension 'colcon_pkg'
[0.384s] Level 1:colcon.colcon_core.package_identification:_identify(node_modules/chart.js) by extensions ['colcon_meta']
[0.384s] Level 1:colcon.colcon_core.package_identification:_identify(node_modules/chart.js) by extension 'colcon_meta'
[0.384s] Level 1:colcon.colcon_core.package_identification:_identify(node_modules/chart.js) by extensions ['ros']
[0.384s] Level 1:colcon.colcon_core.package_identification:_identify(node_modules/chart.js) by extension 'ros'
[0.384s] Level 1:colcon.colcon_core.package_identification:_identify(node_modules/chart.js) by extensions ['cmake', 'python']
[0.384s] Level 1:colcon.colcon_core.package_identification:_identify(node_modules/chart.js) by extension 'cmake'
[0.384s] Level 1:colcon.colcon_core.package_identification:_identify(node_modules/chart.js) by extension 'python'
[0.384s] Level 1:colcon.colcon_core.package_identification:_identify(node_modules/chart.js) by extensions ['python_setup_py']
[0.384s] Level 1:colcon.colcon_core.package_identification:_identify(node_modules/chart.js) by extension 'python_setup_py'
[0.384s] Level 1:colcon.colcon_core.package_identification:_identify(node_modules/chart.js/auto) by extensions ['ignore', 'ignore_ament_install']
[0.384s] Level 1:colcon.colcon_core.package_identification:_identify(node_modules/chart.js/auto) by extension 'ignore'
[0.384s] Level 1:colcon.colcon_core.package_identification:_identify(node_modules/chart.js/auto) by extension 'ignore_ament_install'
[0.384s] Level 1:colcon.colcon_core.package_identification:_identify(node_modules/chart.js/auto) by extensions ['colcon_pkg']
[0.384s] Level 1:colcon.colcon_core.package_identification:_identify(node_modules/chart.js/auto) by extension 'colcon_pkg'
[0.384s] Level 1:colcon.colcon_core.package_identification:_identify(node_modules/chart.js/auto) by extensions ['colcon_meta']
[0.384s] Level 1:colcon.colcon_core.package_identification:_identify(node_modules/chart.js/auto) by extension 'colcon_meta'
[0.384s] Level 1:colcon.colcon_core.package_identification:_identify(node_modules/chart.js/auto) by extensions ['ros']
[0.384s] Level 1:colcon.colcon_core.package_identification:_identify(node_modules/chart.js/auto) by extension 'ros'
[0.385s] Level 1:colcon.colcon_core.package_identification:_identify(node_modules/chart.js/auto) by extensions ['cmake', 'python']
[0.385s] Level 1:colcon.colcon_core.package_identification:_identify(node_modules/chart.js/auto) by extension 'cmake'
[0.385s] Level 1:colcon.colcon_core.package_identification:_identify(node_modules/chart.js/auto) by extension 'python'
[0.385s] Level 1:colcon.colcon_core.package_identification:_identify(node_modules/chart.js/auto) by extensions ['python_setup_py']
[0.385s] Level 1:colcon.colcon_core.package_identification:_identify(node_modules/chart.js/auto) by extension 'python_setup_py'
[0.385s] Level 1:colcon.colcon_core.package_identification:_identify(node_modules/chart.js/dist) by extensions ['ignore', 'ignore_ament_install']
[0.385s] Level 1:colcon.colcon_core.package_identification:_identify(node_modules/chart.js/dist) by extension 'ignore'
[0.385s] Level 1:colcon.colcon_core.package_identification:_identify(node_modules/chart.js/dist) by extension 'ignore_ament_install'
[0.385s] Level 1:colcon.colcon_core.package_identification:_identify(node_modules/chart.js/dist) by extensions ['colcon_pkg']
[0.385s] Level 1:colcon.colcon_core.package_identification:_identify(node_modules/chart.js/dist) by extension 'colcon_pkg'
[0.385s] Level 1:colcon.colcon_core.package_identification:_identify(node_modules/chart.js/dist) by extensions ['colcon_meta']
[0.385s] Level 1:colcon.colcon_core.package_identification:_identify(node_modules/chart.js/dist) by extension 'colcon_meta'
[0.385s] Level 1:colcon.colcon_core.package_identification:_identify(node_modules/chart.js/dist) by extensions ['ros']
[0.385s] Level 1:colcon.colcon_core.package_identification:_identify(node_modules/chart.js/dist) by extension 'ros'
[0.385s] Level 1:colcon.colcon_core.package_identification:_identify(node_modules/chart.js/dist) by extensions ['cmake', 'python']
[0.385s] Level 1:colcon.colcon_core.package_identification:_identify(node_modules/chart.js/dist) by extension 'cmake'
[0.386s] Level 1:colcon.colcon_core.package_identification:_identify(node_modules/chart.js/dist) by extension 'python'
[0.386s] Level 1:colcon.colcon_core.package_identification:_identify(node_modules/chart.js/dist) by extensions ['python_setup_py']
[0.386s] Level 1:colcon.colcon_core.package_identification:_identify(node_modules/chart.js/dist) by extension 'python_setup_py'
[0.386s] Level 1:colcon.colcon_core.package_identification:_identify(node_modules/chart.js/dist/chunks) by extensions ['ignore', 'ignore_ament_install']
[0.386s] Level 1:colcon.colcon_core.package_identification:_identify(node_modules/chart.js/dist/chunks) by extension 'ignore'
[0.386s] Level 1:colcon.colcon_core.package_identification:_identify(node_modules/chart.js/dist/chunks) by extension 'ignore_ament_install'
[0.386s] Level 1:colcon.colcon_core.package_identification:_identify(node_modules/chart.js/dist/chunks) by extensions ['colcon_pkg']
[0.386s] Level 1:colcon.colcon_core.package_identification:_identify(node_modules/chart.js/dist/chunks) by extension 'colcon_pkg'
[0.386s] Level 1:colcon.colcon_core.package_identification:_identify(node_modules/chart.js/dist/chunks) by extensions ['colcon_meta']
[0.386s] Level 1:colcon.colcon_core.package_identification:_identify(node_modules/chart.js/dist/chunks) by extension 'colcon_meta'
[0.386s] Level 1:colcon.colcon_core.package_identification:_identify(node_modules/chart.js/dist/chunks) by extensions ['ros']
[0.386s] Level 1:colcon.colcon_core.package_identification:_identify(node_modules/chart.js/dist/chunks) by extension 'ros'
[0.386s] Level 1:colcon.colcon_core.package_identification:_identify(node_modules/chart.js/dist/chunks) by extensions ['cmake', 'python']
[0.386s] Level 1:colcon.colcon_core.package_identification:_identify(node_modules/chart.js/dist/chunks) by extension 'cmake'
[0.386s] Level 1:colcon.colcon_core.package_identification:_identify(node_modules/chart.js/dist/chunks) by extension 'python'
[0.386s] Level 1:colcon.colcon_core.package_identification:_identify(node_modules/chart.js/dist/chunks) by extensions ['python_setup_py']
[0.386s] Level 1:colcon.colcon_core.package_identification:_identify(node_modules/chart.js/dist/chunks) by extension 'python_setup_py'
[0.387s] Level 1:colcon.colcon_core.package_identification:_identify(node_modules/chart.js/dist/controllers) by extensions ['ignore', 'ignore_ament_install']
[0.387s] Level 1:colcon.colcon_core.package_identification:_identify(node_modules/chart.js/dist/controllers) by extension 'ignore'
[0.387s] Level 1:colcon.colcon_core.package_identification:_identify(node_modules/chart.js/dist/controllers) by extension 'ignore_ament_install'
[0.387s] Level 1:colcon.colcon_core.package_identification:_identify(node_modules/chart.js/dist/controllers) by extensions ['colcon_pkg']
[0.387s] Level 1:colcon.colcon_core.package_identification:_identify(node_modules/chart.js/dist/controllers) by extension 'colcon_pkg'
[0.387s] Level 1:colcon.colcon_core.package_identification:_identify(node_modules/chart.js/dist/controllers) by extensions ['colcon_meta']
[0.387s] Level 1:colcon.colcon_core.package_identification:_identify(node_modules/chart.js/dist/controllers) by extension 'colcon_meta'
[0.387s] Level 1:colcon.colcon_core.package_identification:_identify(node_modules/chart.js/dist/controllers) by extensions ['ros']
[0.387s] Level 1:colcon.colcon_core.package_identification:_identify(node_modules/chart.js/dist/controllers) by extension 'ros'
[0.387s] Level 1:colcon.colcon_core.package_identification:_identify(node_modules/chart.js/dist/controllers) by extensions ['cmake', 'python']
[0.387s] Level 1:colcon.colcon_core.package_identification:_identify(node_modules/chart.js/dist/controllers) by extension 'cmake'
[0.387s] Level 1:colcon.colcon_core.package_identification:_identify(node_modules/chart.js/dist/controllers) by extension 'python'
[0.387s] Level 1:colcon.colcon_core.package_identification:_identify(node_modules/chart.js/dist/controllers) by extensions ['python_setup_py']
[0.387s] Level 1:colcon.colcon_core.package_identification:_identify(node_modules/chart.js/dist/controllers) by extension 'python_setup_py'
[0.388s] Level 1:colcon.colcon_core.package_identification:_identify(node_modules/chart.js/dist/core) by extensions ['ignore', 'ignore_ament_install']
[0.388s] Level 1:colcon.colcon_core.package_identification:_identify(node_modules/chart.js/dist/core) by extension 'ignore'
[0.388s] Level 1:colcon.colcon_core.package_identification:_identify(node_modules/chart.js/dist/core) by extension 'ignore_ament_install'
[0.388s] Level 1:colcon.colcon_core.package_identification:_identify(node_modules/chart.js/dist/core) by extensions ['colcon_pkg']
[0.388s] Level 1:colcon.colcon_core.package_identification:_identify(node_modules/chart.js/dist/core) by extension 'colcon_pkg'
[0.388s] Level 1:colcon.colcon_core.package_identification:_identify(node_modules/chart.js/dist/core) by extensions ['colcon_meta']
[0.388s] Level 1:colcon.colcon_core.package_identification:_identify(node_modules/chart.js/dist/core) by extension 'colcon_meta'
[0.388s] Level 1:colcon.colcon_core.package_identification:_identify(node_modules/chart.js/dist/core) by extensions ['ros']
[0.388s] Level 1:colcon.colcon_core.package_identification:_identify(node_modules/chart.js/dist/core) by extension 'ros'
[0.388s] Level 1:colcon.colcon_core.package_identification:_identify(node_modules/chart.js/dist/core) by extensions ['cmake', 'python']
[0.388s] Level 1:colcon.colcon_core.package_identification:_identify(node_modules/chart.js/dist/core) by extension 'cmake'
[0.388s] Level 1:colcon.colcon_core.package_identification:_identify(node_modules/chart.js/dist/core) by extension 'python'
[0.388s] Level 1:colcon.colcon_core.package_identification:_identify(node_modules/chart.js/dist/core) by extensions ['python_setup_py']
[0.388s] Level 1:colcon.colcon_core.package_identification:_identify(node_modules/chart.js/dist/core) by extension 'python_setup_py'
[0.388s] Level 1:colcon.colcon_core.package_identification:_identify(node_modules/chart.js/dist/elements) by extensions ['ignore', 'ignore_ament_install']
[0.388s] Level 1:colcon.colcon_core.package_identification:_identify(node_modules/chart.js/dist/elements) by extension 'ignore'
[0.389s] Level 1:colcon.colcon_core.package_identification:_identify(node_modules/chart.js/dist/elements) by extension 'ignore_ament_install'
[0.389s] Level 1:colcon.colcon_core.package_identification:_identify(node_modules/chart.js/dist/elements) by extensions ['colcon_pkg']
[0.389s] Level 1:colcon.colcon_core.package_identification:_identify(node_modules/chart.js/dist/elements) by extension 'colcon_pkg'
[0.389s] Level 1:colcon.colcon_core.package_identification:_identify(node_modules/chart.js/dist/elements) by extensions ['colcon_meta']
[0.389s] Level 1:colcon.colcon_core.package_identification:_identify(node_modules/chart.js/dist/elements) by extension 'colcon_meta'
[0.389s] Level 1:colcon.colcon_core.package_identification:_identify(node_modules/chart.js/dist/elements) by extensions ['ros']
[0.389s] Level 1:colcon.colcon_core.package_identification:_identify(node_modules/chart.js/dist/elements) by extension 'ros'
[0.389s] Level 1:colcon.colcon_core.package_identification:_identify(node_modules/chart.js/dist/elements) by extensions ['cmake', 'python']
[0.389s] Level 1:colcon.colcon_core.package_identification:_identify(node_modules/chart.js/dist/elements) by extension 'cmake'
[0.389s] Level 1:colcon.colcon_core.package_identification:_identify(node_modules/chart.js/dist/elements) by extension 'python'
[0.389s] Level 1:colcon.colcon_core.package_identification:_identify(node_modules/chart.js/dist/elements) by extensions ['python_setup_py']
[0.389s] Level 1:colcon.colcon_core.package_identification:_identify(node_modules/chart.js/dist/elements) by extension 'python_setup_py'
[0.389s] Level 1:colcon.colcon_core.package_identification:_identify(node_modules/chart.js/dist/helpers) by extensions ['ignore', 'ignore_ament_install']
[0.389s] Level 1:colcon.colcon_core.package_identification:_identify(node_modules/chart.js/dist/helpers) by extension 'ignore'
[0.389s] Level 1:colcon.colcon_core.package_identification:_identify(node_modules/chart.js/dist/helpers) by extension 'ignore_ament_install'
[0.390s] Level 1:colcon.colcon_core.package_identification:_identify(node_modules/chart.js/dist/helpers) by extensions ['colcon_pkg']
[0.390s] Level 1:colcon.colcon_core.package_identification:_identify(node_modules/chart.js/dist/helpers) by extension 'colcon_pkg'
[0.390s] Level 1:colcon.colcon_core.package_identification:_identify(node_modules/chart.js/dist/helpers) by extensions ['colcon_meta']
[0.390s] Level 1:colcon.colcon_core.package_identification:_identify(node_modules/chart.js/dist/helpers) by extension 'colcon_meta'
[0.390s] Level 1:colcon.colcon_core.package_identification:_identify(node_modules/chart.js/dist/helpers) by extensions ['ros']
[0.390s] Level 1:colcon.colcon_core.package_identification:_identify(node_modules/chart.js/dist/helpers) by extension 'ros'
[0.390s] Level 1:colcon.colcon_core.package_identification:_identify(node_modules/chart.js/dist/helpers) by extensions ['cmake', 'python']
[0.390s] Level 1:colcon.colcon_core.package_identification:_identify(node_modules/chart.js/dist/helpers) by extension 'cmake'
[0.390s] Level 1:colcon.colcon_core.package_identification:_identify(node_modules/chart.js/dist/helpers) by extension 'python'
[0.390s] Level 1:colcon.colcon_core.package_identification:_identify(node_modules/chart.js/dist/helpers) by extensions ['python_setup_py']
[0.390s] Level 1:colcon.colcon_core.package_identification:_identify(node_modules/chart.js/dist/helpers) by extension 'python_setup_py'
[0.390s] Level 1:colcon.colcon_core.package_identification:_identify(node_modules/chart.js/dist/platform) by extensions ['ignore', 'ignore_ament_install']
[0.390s] Level 1:colcon.colcon_core.package_identification:_identify(node_modules/chart.js/dist/platform) by extension 'ignore'
[0.390s] Level 1:colcon.colcon_core.package_identification:_identify(node_modules/chart.js/dist/platform) by extension 'ignore_ament_install'
[0.390s] Level 1:colcon.colcon_core.package_identification:_identify(node_modules/chart.js/dist/platform) by extensions ['colcon_pkg']
[0.390s] Level 1:colcon.colcon_core.package_identification:_identify(node_modules/chart.js/dist/platform) by extension 'colcon_pkg'
[0.391s] Level 1:colcon.colcon_core.package_identification:_identify(node_modules/chart.js/dist/platform) by extensions ['colcon_meta']
[0.391s] Level 1:colcon.colcon_core.package_identification:_identify(node_modules/chart.js/dist/platform) by extension 'colcon_meta'
[0.391s] Level 1:colcon.colcon_core.package_identification:_identify(node_modules/chart.js/dist/platform) by extensions ['ros']
[0.391s] Level 1:colcon.colcon_core.package_identification:_identify(node_modules/chart.js/dist/platform) by extension 'ros'
[0.391s] Level 1:colcon.colcon_core.package_identification:_identify(node_modules/chart.js/dist/platform) by extensions ['cmake', 'python']
[0.391s] Level 1:colcon.colcon_core.package_identification:_identify(node_modules/chart.js/dist/platform) by extension 'cmake'
[0.391s] Level 1:colcon.colcon_core.package_identification:_identify(node_modules/chart.js/dist/platform) by extension 'python'
[0.391s] Level 1:colcon.colcon_core.package_identification:_identify(node_modules/chart.js/dist/platform) by extensions ['python_setup_py']
[0.391s] Level 1:colcon.colcon_core.package_identification:_identify(node_modules/chart.js/dist/platform) by extension 'python_setup_py'
[0.391s] Level 1:colcon.colcon_core.package_identification:_identify(node_modules/chart.js/dist/plugins) by extensions ['ignore', 'ignore_ament_install']
[0.391s] Level 1:colcon.colcon_core.package_identification:_identify(node_modules/chart.js/dist/plugins) by extension 'ignore'
[0.391s] Level 1:colcon.colcon_core.package_identification:_identify(node_modules/chart.js/dist/plugins) by extension 'ignore_ament_install'
[0.391s] Level 1:colcon.colcon_core.package_identification:_identify(node_modules/chart.js/dist/plugins) by extensions ['colcon_pkg']
[0.391s] Level 1:colcon.colcon_core.package_identification:_identify(node_modules/chart.js/dist/plugins) by extension 'colcon_pkg'
[0.391s] Level 1:colcon.colcon_core.package_identification:_identify(node_modules/chart.js/dist/plugins) by extensions ['colcon_meta']
[0.391s] Level 1:colcon.colcon_core.package_identification:_identify(node_modules/chart.js/dist/plugins) by extension 'colcon_meta'
[0.391s] Level 1:colcon.colcon_core.package_identification:_identify(node_modules/chart.js/dist/plugins) by extensions ['ros']
[0.391s] Level 1:colcon.colcon_core.package_identification:_identify(node_modules/chart.js/dist/plugins) by extension 'ros'
[0.392s] Level 1:colcon.colcon_core.package_identification:_identify(node_modules/chart.js/dist/plugins) by extensions ['cmake', 'python']
[0.392s] Level 1:colcon.colcon_core.package_identification:_identify(node_modules/chart.js/dist/plugins) by extension 'cmake'
[0.392s] Level 1:colcon.colcon_core.package_identification:_identify(node_modules/chart.js/dist/plugins) by extension 'python'
[0.392s] Level 1:colcon.colcon_core.package_identification:_identify(node_modules/chart.js/dist/plugins) by extensions ['python_setup_py']
[0.392s] Level 1:colcon.colcon_core.package_identification:_identify(node_modules/chart.js/dist/plugins) by extension 'python_setup_py'
[0.392s] Level 1:colcon.colcon_core.package_identification:_identify(node_modules/chart.js/dist/plugins/plugin.filler) by extensions ['ignore', 'ignore_ament_install']
[0.392s] Level 1:colcon.colcon_core.package_identification:_identify(node_modules/chart.js/dist/plugins/plugin.filler) by extension 'ignore'
[0.392s] Level 1:colcon.colcon_core.package_identification:_identify(node_modules/chart.js/dist/plugins/plugin.filler) by extension 'ignore_ament_install'
[0.392s] Level 1:colcon.colcon_core.package_identification:_identify(node_modules/chart.js/dist/plugins/plugin.filler) by extensions ['colcon_pkg']
[0.392s] Level 1:colcon.colcon_core.package_identification:_identify(node_modules/chart.js/dist/plugins/plugin.filler) by extension 'colcon_pkg'
[0.392s] Level 1:colcon.colcon_core.package_identification:_identify(node_modules/chart.js/dist/plugins/plugin.filler) by extensions ['colcon_meta']
[0.392s] Level 1:colcon.colcon_core.package_identification:_identify(node_modules/chart.js/dist/plugins/plugin.filler) by extension 'colcon_meta'
[0.392s] Level 1:colcon.colcon_core.package_identification:_identify(node_modules/chart.js/dist/plugins/plugin.filler) by extensions ['ros']
[0.392s] Level 1:colcon.colcon_core.package_identification:_identify(node_modules/chart.js/dist/plugins/plugin.filler) by extension 'ros'
[0.392s] Level 1:colcon.colcon_core.package_identification:_identify(node_modules/chart.js/dist/plugins/plugin.filler) by extensions ['cmake', 'python']
[0.392s] Level 1:colcon.colcon_core.package_identification:_identify(node_modules/chart.js/dist/plugins/plugin.filler) by extension 'cmake'
[0.393s] Level 1:colcon.colcon_core.package_identification:_identify(node_modules/chart.js/dist/plugins/plugin.filler) by extension 'python'
[0.393s] Level 1:colcon.colcon_core.package_identification:_identify(node_modules/chart.js/dist/plugins/plugin.filler) by extensions ['python_setup_py']
[0.393s] Level 1:colcon.colcon_core.package_identification:_identify(node_modules/chart.js/dist/plugins/plugin.filler) by extension 'python_setup_py'
[0.393s] Level 1:colcon.colcon_core.package_identification:_identify(node_modules/chart.js/dist/scales) by extensions ['ignore', 'ignore_ament_install']
[0.393s] Level 1:colcon.colcon_core.package_identification:_identify(node_modules/chart.js/dist/scales) by extension 'ignore'
[0.393s] Level 1:colcon.colcon_core.package_identification:_identify(node_modules/chart.js/dist/scales) by extension 'ignore_ament_install'
[0.393s] Level 1:colcon.colcon_core.package_identification:_identify(node_modules/chart.js/dist/scales) by extensions ['colcon_pkg']
[0.393s] Level 1:colcon.colcon_core.package_identification:_identify(node_modules/chart.js/dist/scales) by extension 'colcon_pkg'
[0.393s] Level 1:colcon.colcon_core.package_identification:_identify(node_modules/chart.js/dist/scales) by extensions ['colcon_meta']
[0.393s] Level 1:colcon.colcon_core.package_identification:_identify(node_modules/chart.js/dist/scales) by extension 'colcon_meta'
[0.393s] Level 1:colcon.colcon_core.package_identification:_identify(node_modules/chart.js/dist/scales) by extensions ['ros']
[0.393s] Level 1:colcon.colcon_core.package_identification:_identify(node_modules/chart.js/dist/scales) by extension 'ros'
[0.393s] Level 1:colcon.colcon_core.package_identification:_identify(node_modules/chart.js/dist/scales) by extensions ['cmake', 'python']
[0.393s] Level 1:colcon.colcon_core.package_identification:_identify(node_modules/chart.js/dist/scales) by extension 'cmake'
[0.393s] Level 1:colcon.colcon_core.package_identification:_identify(node_modules/chart.js/dist/scales) by extension 'python'
[0.393s] Level 1:colcon.colcon_core.package_identification:_identify(node_modules/chart.js/dist/scales) by extensions ['python_setup_py']
[0.393s] Level 1:colcon.colcon_core.package_identification:_identify(node_modules/chart.js/dist/scales) by extension 'python_setup_py'
[0.394s] Level 1:colcon.colcon_core.package_identification:_identify(node_modules/chart.js/dist/types) by extensions ['ignore', 'ignore_ament_install']
[0.394s] Level 1:colcon.colcon_core.package_identification:_identify(node_modules/chart.js/dist/types) by extension 'ignore'
[0.394s] Level 1:colcon.colcon_core.package_identification:_identify(node_modules/chart.js/dist/types) by extension 'ignore_ament_install'
[0.394s] Level 1:colcon.colcon_core.package_identification:_identify(node_modules/chart.js/dist/types) by extensions ['colcon_pkg']
[0.394s] Level 1:colcon.colcon_core.package_identification:_identify(node_modules/chart.js/dist/types) by extension 'colcon_pkg'
[0.394s] Level 1:colcon.colcon_core.package_identification:_identify(node_modules/chart.js/dist/types) by extensions ['colcon_meta']
[0.394s] Level 1:colcon.colcon_core.package_identification:_identify(node_modules/chart.js/dist/types) by extension 'colcon_meta'
[0.394s] Level 1:colcon.colcon_core.package_identification:_identify(node_modules/chart.js/dist/types) by extensions ['ros']
[0.394s] Level 1:colcon.colcon_core.package_identification:_identify(node_modules/chart.js/dist/types) by extension 'ros'
[0.394s] Level 1:colcon.colcon_core.package_identification:_identify(node_modules/chart.js/dist/types) by extensions ['cmake', 'python']
[0.394s] Level 1:colcon.colcon_core.package_identification:_identify(node_modules/chart.js/dist/types) by extension 'cmake'
[0.394s] Level 1:colcon.colcon_core.package_identification:_identify(node_modules/chart.js/dist/types) by extension 'python'
[0.394s] Level 1:colcon.colcon_core.package_identification:_identify(node_modules/chart.js/dist/types) by extensions ['python_setup_py']
[0.394s] Level 1:colcon.colcon_core.package_identification:_identify(node_modules/chart.js/dist/types) by extension 'python_setup_py'
[0.394s] Level 1:colcon.colcon_core.package_identification:_identify(node_modules/chart.js/helpers) by extensions ['ignore', 'ignore_ament_install']
[0.395s] Level 1:colcon.colcon_core.package_identification:_identify(node_modules/chart.js/helpers) by extension 'ignore'
[0.395s] Level 1:colcon.colcon_core.package_identification:_identify(node_modules/chart.js/helpers) by extension 'ignore_ament_install'
[0.395s] Level 1:colcon.colcon_core.package_identification:_identify(node_modules/chart.js/helpers) by extensions ['colcon_pkg']
[0.395s] Level 1:colcon.colcon_core.package_identification:_identify(node_modules/chart.js/helpers) by extension 'colcon_pkg'
[0.395s] Level 1:colcon.colcon_core.package_identification:_identify(node_modules/chart.js/helpers) by extensions ['colcon_meta']
[0.395s] Level 1:colcon.colcon_core.package_identification:_identify(node_modules/chart.js/helpers) by extension 'colcon_meta'
[0.395s] Level 1:colcon.colcon_core.package_identification:_identify(node_modules/chart.js/helpers) by extensions ['ros']
[0.395s] Level 1:colcon.colcon_core.package_identification:_identify(node_modules/chart.js/helpers) by extension 'ros'
[0.395s] Level 1:colcon.colcon_core.package_identification:_identify(node_modules/chart.js/helpers) by extensions ['cmake', 'python']
[0.395s] Level 1:colcon.colcon_core.package_identification:_identify(node_modules/chart.js/helpers) by extension 'cmake'
[0.395s] Level 1:colcon.colcon_core.package_identification:_identify(node_modules/chart.js/helpers) by extension 'python'
[0.395s] Level 1:colcon.colcon_core.package_identification:_identify(node_modules/chart.js/helpers) by extensions ['python_setup_py']
[0.395s] Level 1:colcon.colcon_core.package_identification:_identify(node_modules/chart.js/helpers) by extension 'python_setup_py'
[0.395s] Level 1:colcon.colcon_core.package_discovery:discover_packages(recursive) using defaults
[0.395s] Level 1:colcon.colcon_core.package_discovery:discover_packages(ignore) discover
[0.395s] Level 1:colcon.colcon_core.package_discovery:discover_packages(ignore) using defaults
[0.395s] Level 1:colcon.colcon_core.package_discovery:discover_packages(path) discover
[0.395s] Level 1:colcon.colcon_core.package_discovery:discover_packages(path) using defaults
[0.418s] Level 1:colcon.colcon_core.package_discovery:discover_packages(prefix_path) check parameters
[0.419s] Level 1:colcon.colcon_core.package_discovery:discover_packages(prefix_path) discover
[0.421s] DEBUG:colcon.colcon_installed_package_information.package_discovery:Found 4 installed packages in /home/evan/Desktop/Xplore/CS_workspace/install
[0.423s] DEBUG:colcon.colcon_installed_package_information.package_discovery:Found 304 installed packages in /opt/ros/foxy
[0.425s] Level 1:colcon.colcon_core.package_discovery:discover_packages(prefix_path) using defaults
[0.496s] Level 5:colcon.colcon_core.verb:set package 'control_station_pkg' build argument 'cmake_args' from command line to 'None'
[0.496s] Level 5:colcon.colcon_core.verb:set package 'control_station_pkg' build argument 'cmake_target' from command line to 'None'
[0.496s] Level 5:colcon.colcon_core.verb:set package 'control_station_pkg' build argument 'cmake_target_skip_unavailable' from command line to 'False'
[0.496s] Level 5:colcon.colcon_core.verb:set package 'control_station_pkg' build argument 'cmake_clean_cache' from command line to 'False'
[0.496s] Level 5:colcon.colcon_core.verb:set package 'control_station_pkg' build argument 'cmake_clean_first' from command line to 'False'
[0.496s] Level 5:colcon.colcon_core.verb:set package 'control_station_pkg' build argument 'cmake_force_configure' from command line to 'False'
[0.496s] Level 5:colcon.colcon_core.verb:set package 'control_station_pkg' build argument 'ament_cmake_args' from command line to 'None'
[0.497s] Level 5:colcon.colcon_core.verb:set package 'control_station_pkg' build argument 'catkin_cmake_args' from command line to 'None'
[0.497s] Level 5:colcon.colcon_core.verb:set package 'control_station_pkg' build argument 'catkin_skip_building_tests' from command line to 'False'
[0.497s] DEBUG:colcon.colcon_core.verb:Building package 'control_station_pkg' with the following arguments: {'ament_cmake_args': None, 'build_base': '/home/evan/Desktop/Xplore/CS_workspace/build/control_station_pkg', 'catkin_cmake_args': None, 'catkin_skip_building_tests': False, 'cmake_args': None, 'cmake_clean_cache': False, 'cmake_clean_first': False, 'cmake_force_configure': False, 'cmake_target': None, 'cmake_target_skip_unavailable': False, 'install_base': '/home/evan/Desktop/Xplore/CS_workspace/install/control_station_pkg', 'merge_install': False, 'path': '/home/evan/Desktop/Xplore/CS_workspace/cs_ws/src/control_station_pkg', 'symlink_install': False, 'test_result_base': None}
[0.498s] Level 5:colcon.colcon_core.verb:set package 'cs_test_pkg' build argument 'cmake_args' from command line to 'None'
[0.498s] Level 5:colcon.colcon_core.verb:set package 'cs_test_pkg' build argument 'cmake_target' from command line to 'None'
[0.498s] Level 5:colcon.colcon_core.verb:set package 'cs_test_pkg' build argument 'cmake_target_skip_unavailable' from command line to 'False'
[0.498s] Level 5:colcon.colcon_core.verb:set package 'cs_test_pkg' build argument 'cmake_clean_cache' from command line to 'False'
[0.498s] Level 5:colcon.colcon_core.verb:set package 'cs_test_pkg' build argument 'cmake_clean_first' from command line to 'False'
[0.498s] Level 5:colcon.colcon_core.verb:set package 'cs_test_pkg' build argument 'cmake_force_configure' from command line to 'False'
[0.498s] Level 5:colcon.colcon_core.verb:set package 'cs_test_pkg' build argument 'ament_cmake_args' from command line to 'None'
[0.498s] Level 5:colcon.colcon_core.verb:set package 'cs_test_pkg' build argument 'catkin_cmake_args' from command line to 'None'
[0.498s] Level 5:colcon.colcon_core.verb:set package 'cs_test_pkg' build argument 'catkin_skip_building_tests' from command line to 'False'
[0.498s] DEBUG:colcon.colcon_core.verb:Building package 'cs_test_pkg' with the following arguments: {'ament_cmake_args': None, 'build_base': '/home/evan/Desktop/Xplore/CS_workspace/build/cs_test_pkg', 'catkin_cmake_args': None, 'catkin_skip_building_tests': False, 'cmake_args': None, 'cmake_clean_cache': False, 'cmake_clean_first': False, 'cmake_force_configure': False, 'cmake_target': None, 'cmake_target_skip_unavailable': False, 'install_base': '/home/evan/Desktop/Xplore/CS_workspace/install/cs_test_pkg', 'merge_install': False, 'path': '/home/evan/Desktop/Xplore/CS_workspace/cs_ws/src/cs_test_pkg', 'symlink_install': False, 'test_result_base': None}
[0.499s] Level 5:colcon.colcon_core.verb:set package 'rover_pkg' build argument 'cmake_args' from command line to 'None'
[0.499s] Level 5:colcon.colcon_core.verb:set package 'rover_pkg' build argument 'cmake_target' from command line to 'None'
[0.499s] Level 5:colcon.colcon_core.verb:set package 'rover_pkg' build argument 'cmake_target_skip_unavailable' from command line to 'False'
[0.499s] Level 5:colcon.colcon_core.verb:set package 'rover_pkg' build argument 'cmake_clean_cache' from command line to 'False'
[0.499s] Level 5:colcon.colcon_core.verb:set package 'rover_pkg' build argument 'cmake_clean_first' from command line to 'False'
[0.499s] Level 5:colcon.colcon_core.verb:set package 'rover_pkg' build argument 'cmake_force_configure' from command line to 'False'
[0.499s] Level 5:colcon.colcon_core.verb:set package 'rover_pkg' build argument 'ament_cmake_args' from command line to 'None'
[0.499s] Level 5:colcon.colcon_core.verb:set package 'rover_pkg' build argument 'catkin_cmake_args' from command line to 'None'
[0.499s] Level 5:colcon.colcon_core.verb:set package 'rover_pkg' build argument 'catkin_skip_building_tests' from command line to 'False'
[0.500s] DEBUG:colcon.colcon_core.verb:Building package 'rover_pkg' with the following arguments: {'ament_cmake_args': None, 'build_base': '/home/evan/Desktop/Xplore/CS_workspace/build/rover_pkg', 'catkin_cmake_args': None, 'catkin_skip_building_tests': False, 'cmake_args': None, 'cmake_clean_cache': False, 'cmake_clean_first': False, 'cmake_force_configure': False, 'cmake_target': None, 'cmake_target_skip_unavailable': False, 'install_base': '/home/evan/Desktop/Xplore/CS_workspace/install/rover_pkg', 'merge_install': False, 'path': '/home/evan/Desktop/Xplore/CS_workspace/cs_ws/src/rover_pkg', 'symlink_install': False, 'test_result_base': None}
[0.501s] Level 5:colcon.colcon_core.verb:set package 'xplore_interfaces' build argument 'cmake_args' from command line to 'None'
[0.501s] Level 5:colcon.colcon_core.verb:set package 'xplore_interfaces' build argument 'cmake_target' from command line to 'None'
[0.501s] Level 5:colcon.colcon_core.verb:set package 'xplore_interfaces' build argument 'cmake_target_skip_unavailable' from command line to 'False'
[0.501s] Level 5:colcon.colcon_core.verb:set package 'xplore_interfaces' build argument 'cmake_clean_cache' from command line to 'False'
[0.501s] Level 5:colcon.colcon_core.verb:set package 'xplore_interfaces' build argument 'cmake_clean_first' from command line to 'False'
[0.501s] Level 5:colcon.colcon_core.verb:set package 'xplore_interfaces' build argument 'cmake_force_configure' from command line to 'False'
[0.501s] Level 5:colcon.colcon_core.verb:set package 'xplore_interfaces' build argument 'ament_cmake_args' from command line to 'None'
[0.501s] Level 5:colcon.colcon_core.verb:set package 'xplore_interfaces' build argument 'catkin_cmake_args' from command line to 'None'
[0.501s] Level 5:colcon.colcon_core.verb:set package 'xplore_interfaces' build argument 'catkin_skip_building_tests' from command line to 'False'
[0.501s] DEBUG:colcon.colcon_core.verb:Building package 'xplore_interfaces' with the following arguments: {'ament_cmake_args': None, 'build_base': '/home/evan/Desktop/Xplore/CS_workspace/build/xplore_interfaces', 'catkin_cmake_args': None, 'catkin_skip_building_tests': False, 'cmake_args': None, 'cmake_clean_cache': False, 'cmake_clean_first': False, 'cmake_force_configure': False, 'cmake_target': None, 'cmake_target_skip_unavailable': False, 'install_base': '/home/evan/Desktop/Xplore/CS_workspace/install/xplore_interfaces', 'merge_install': False, 'path': '/home/evan/Desktop/Xplore/CS_workspace/cs_ws/src/xplore_interfaces', 'symlink_install': False, 'test_result_base': None}
[0.502s] INFO:colcon.colcon_core.executor:Executing jobs using 'parallel' executor
[0.506s] DEBUG:colcon.colcon_parallel_executor.executor.parallel:run_until_complete
[0.506s] INFO:colcon.colcon_ros.task.ament_python.build:Building ROS package in '/home/evan/Desktop/Xplore/CS_workspace/cs_ws/src/control_station_pkg' with build type 'ament_python'
[0.507s] Level 1:colcon.colcon_core.shell:create_environment_hook('control_station_pkg', 'ament_prefix_path')
[0.512s] INFO:colcon.colcon_core.plugin_system:Skipping extension 'colcon_core.shell.bat': Not used on non-Windows systems
[0.512s] INFO:colcon.colcon_core.shell:Creating environment hook '/home/evan/Desktop/Xplore/CS_workspace/install/control_station_pkg/share/control_station_pkg/hook/ament_prefix_path.ps1'
[0.513s] INFO:colcon.colcon_core.shell:Creating environment descriptor '/home/evan/Desktop/Xplore/CS_workspace/install/control_station_pkg/share/control_station_pkg/hook/ament_prefix_path.dsv'
[0.513s] INFO:colcon.colcon_core.shell:Creating environment hook '/home/evan/Desktop/Xplore/CS_workspace/install/control_station_pkg/share/control_station_pkg/hook/ament_prefix_path.sh'
[0.515s] INFO:colcon.colcon_core.shell:Skip shell extension 'powershell' for command environment: Not usable outside of PowerShell
[0.515s] DEBUG:colcon.colcon_core.shell:Skip shell extension 'dsv' for command environment
[0.522s] INFO:colcon.colcon_ros.task.ament_python.build:Building ROS package in '/home/evan/Desktop/Xplore/CS_workspace/cs_ws/src/cs_test_pkg' with build type 'ament_python'
[0.523s] Level 1:colcon.colcon_core.shell:create_environment_hook('cs_test_pkg', 'ament_prefix_path')
[0.525s] INFO:colcon.colcon_core.shell:Creating environment hook '/home/evan/Desktop/Xplore/CS_workspace/install/cs_test_pkg/share/cs_test_pkg/hook/ament_prefix_path.ps1'
[0.526s] INFO:colcon.colcon_core.shell:Creating environment descriptor '/home/evan/Desktop/Xplore/CS_workspace/install/cs_test_pkg/share/cs_test_pkg/hook/ament_prefix_path.dsv'
[0.527s] INFO:colcon.colcon_core.shell:Creating environment hook '/home/evan/Desktop/Xplore/CS_workspace/install/cs_test_pkg/share/cs_test_pkg/hook/ament_prefix_path.sh'
[0.529s] INFO:colcon.colcon_core.shell:Skip shell extension 'powershell' for command environment: Not usable outside of PowerShell
[0.529s] DEBUG:colcon.colcon_core.shell:Skip shell extension 'dsv' for command environment
[0.538s] INFO:colcon.colcon_ros.task.ament_python.build:Building ROS package in '/home/evan/Desktop/Xplore/CS_workspace/cs_ws/src/rover_pkg' with build type 'ament_python'
[0.538s] Level 1:colcon.colcon_core.shell:create_environment_hook('rover_pkg', 'ament_prefix_path')
[0.541s] INFO:colcon.colcon_core.shell:Creating environment hook '/home/evan/Desktop/Xplore/CS_workspace/install/rover_pkg/share/rover_pkg/hook/ament_prefix_path.ps1'
[0.541s] INFO:colcon.colcon_core.shell:Creating environment descriptor '/home/evan/Desktop/Xplore/CS_workspace/install/rover_pkg/share/rover_pkg/hook/ament_prefix_path.dsv'
[0.542s] INFO:colcon.colcon_core.shell:Creating environment hook '/home/evan/Desktop/Xplore/CS_workspace/install/rover_pkg/share/rover_pkg/hook/ament_prefix_path.sh'
[0.544s] INFO:colcon.colcon_core.shell:Skip shell extension 'powershell' for command environment: Not usable outside of PowerShell
[0.544s] DEBUG:colcon.colcon_core.shell:Skip shell extension 'dsv' for command environment
[0.552s] INFO:colcon.colcon_ros.task.ament_cmake.build:Building ROS package in '/home/evan/Desktop/Xplore/CS_workspace/cs_ws/src/xplore_interfaces' with build type 'ament_cmake'
[0.552s] INFO:colcon.colcon_cmake.task.cmake.build:Building CMake package in '/home/evan/Desktop/Xplore/CS_workspace/cs_ws/src/xplore_interfaces'
[0.554s] INFO:colcon.colcon_core.shell:Skip shell extension 'powershell' for command environment: Not usable outside of PowerShell
[0.554s] DEBUG:colcon.colcon_core.shell:Skip shell extension 'dsv' for command environment
[0.802s] INFO:colcon.colcon_core.task.python.build:Building Python package in '/home/evan/Desktop/Xplore/CS_workspace/cs_ws/src/control_station_pkg'
[0.804s] INFO:colcon.colcon_core.shell:Skip shell extension 'powershell' for command environment: Not usable outside of PowerShell
[0.804s] DEBUG:colcon.colcon_core.shell:Skip shell extension 'dsv' for command environment
[1.083s] INFO:colcon.colcon_core.task.python.build:Building Python package in '/home/evan/Desktop/Xplore/CS_workspace/cs_ws/src/cs_test_pkg'
[1.086s] INFO:colcon.colcon_core.shell:Skip shell extension 'powershell' for command environment: Not usable outside of PowerShell
[1.086s] DEBUG:colcon.colcon_core.shell:Skip shell extension 'dsv' for command environment
[1.335s] INFO:colcon.colcon_core.task.python.build:Building Python package in '/home/evan/Desktop/Xplore/CS_workspace/cs_ws/src/rover_pkg'
[1.337s] INFO:colcon.colcon_core.shell:Skip shell extension 'powershell' for command environment: Not usable outside of PowerShell
[1.337s] DEBUG:colcon.colcon_core.shell:Skip shell extension 'dsv' for command environment
[1.351s] DEBUG:colcon.colcon_core.event_handler.log_command:Invoking command in '/home/evan/Desktop/Xplore/CS_workspace/build/xplore_interfaces': CMAKE_PREFIX_PATH=${CMAKE_PREFIX_PATH}:/home/evan/Desktop/Xplore/CS_workspace/install/rover_pkg:/home/evan/Desktop/Xplore/CS_workspace/install/cs_test_pkg:/home/evan/Desktop/Xplore/CS_workspace/install/control_station_pkg:/opt/ros/foxy /usr/local/bin/cmake --build /home/evan/Desktop/Xplore/CS_workspace/build/xplore_interfaces -- -j4 -l4
[1.599s] DEBUG:colcon.colcon_core.event_handler.log_command:Invoked command in '/home/evan/Desktop/Xplore/CS_workspace/build/xplore_interfaces' returned '0': CMAKE_PREFIX_PATH=${CMAKE_PREFIX_PATH}:/home/evan/Desktop/Xplore/CS_workspace/install/rover_pkg:/home/evan/Desktop/Xplore/CS_workspace/install/cs_test_pkg:/home/evan/Desktop/Xplore/CS_workspace/install/control_station_pkg:/opt/ros/foxy /usr/local/bin/cmake --build /home/evan/Desktop/Xplore/CS_workspace/build/xplore_interfaces -- -j4 -l4
[1.700s] DEBUG:colcon.colcon_core.event_handler.log_command:Invoking command in '/home/evan/Desktop/Xplore/CS_workspace/build/xplore_interfaces': CMAKE_PREFIX_PATH=${CMAKE_PREFIX_PATH}:/home/evan/Desktop/Xplore/CS_workspace/install/rover_pkg:/home/evan/Desktop/Xplore/CS_workspace/install/cs_test_pkg:/home/evan/Desktop/Xplore/CS_workspace/install/control_station_pkg:/opt/ros/foxy /usr/local/bin/cmake --install /home/evan/Desktop/Xplore/CS_workspace/build/xplore_interfaces
[1.798s] Level 1:colcon.colcon_core.environment:create_environment_scripts_only(xplore_interfaces)
[1.805s] Level 1:colcon.colcon_core.environment:checking '/home/evan/Desktop/Xplore/CS_workspace/install/xplore_interfaces' for CMake module files
[1.806s] Level 1:colcon.colcon_core.environment:checking '/home/evan/Desktop/Xplore/CS_workspace/install/xplore_interfaces' for CMake config files
[1.806s] Level 1:colcon.colcon_core.shell:create_environment_hook('xplore_interfaces', 'cmake_prefix_path')
[1.808s] INFO:colcon.colcon_core.shell:Creating environment hook '/home/evan/Desktop/Xplore/CS_workspace/install/xplore_interfaces/share/xplore_interfaces/hook/cmake_prefix_path.ps1'
[1.808s] DEBUG:colcon.colcon_core.event_handler.log_command:Invoked command in '/home/evan/Desktop/Xplore/CS_workspace/build/xplore_interfaces' returned '0': CMAKE_PREFIX_PATH=${CMAKE_PREFIX_PATH}:/home/evan/Desktop/Xplore/CS_workspace/install/rover_pkg:/home/evan/Desktop/Xplore/CS_workspace/install/cs_test_pkg:/home/evan/Desktop/Xplore/CS_workspace/install/control_station_pkg:/opt/ros/foxy /usr/local/bin/cmake --install /home/evan/Desktop/Xplore/CS_workspace/build/xplore_interfaces
[1.809s] INFO:colcon.colcon_core.shell:Creating environment descriptor '/home/evan/Desktop/Xplore/CS_workspace/install/xplore_interfaces/share/xplore_interfaces/hook/cmake_prefix_path.dsv'
[1.809s] INFO:colcon.colcon_core.shell:Creating environment hook '/home/evan/Desktop/Xplore/CS_workspace/install/xplore_interfaces/share/xplore_interfaces/hook/cmake_prefix_path.sh'
[1.810s] Level 1:colcon.colcon_core.environment:checking '/home/evan/Desktop/Xplore/CS_workspace/install/xplore_interfaces/lib'
[1.810s] Level 1:colcon.colcon_core.shell:create_environment_hook('xplore_interfaces', 'ld_library_path_lib')
[1.812s] INFO:colcon.colcon_core.shell:Creating environment hook '/home/evan/Desktop/Xplore/CS_workspace/install/xplore_interfaces/share/xplore_interfaces/hook/ld_library_path_lib.ps1'
[1.812s] INFO:colcon.colcon_core.shell:Creating environment descriptor '/home/evan/Desktop/Xplore/CS_workspace/install/xplore_interfaces/share/xplore_interfaces/hook/ld_library_path_lib.dsv'
[1.813s] INFO:colcon.colcon_core.shell:Creating environment hook '/home/evan/Desktop/Xplore/CS_workspace/install/xplore_interfaces/share/xplore_interfaces/hook/ld_library_path_lib.sh'
[1.814s] Level 1:colcon.colcon_core.environment:checking '/home/evan/Desktop/Xplore/CS_workspace/install/xplore_interfaces/bin'
[1.814s] Level 1:colcon.colcon_core.environment:checking '/home/evan/Desktop/Xplore/CS_workspace/install/xplore_interfaces/lib/pkgconfig/xplore_interfaces.pc'
[1.815s] Level 1:colcon.colcon_core.environment:checking '/home/evan/Desktop/Xplore/CS_workspace/install/xplore_interfaces/lib/python3.8/site-packages'
[1.815s] Level 1:colcon.colcon_core.shell:create_environment_hook('xplore_interfaces', 'pythonpath')
[1.817s] INFO:colcon.colcon_core.shell:Creating environment hook '/home/evan/Desktop/Xplore/CS_workspace/install/xplore_interfaces/share/xplore_interfaces/hook/pythonpath.ps1'
[1.818s] INFO:colcon.colcon_core.shell:Creating environment descriptor '/home/evan/Desktop/Xplore/CS_workspace/install/xplore_interfaces/share/xplore_interfaces/hook/pythonpath.dsv'
[1.818s] INFO:colcon.colcon_core.shell:Creating environment hook '/home/evan/Desktop/Xplore/CS_workspace/install/xplore_interfaces/share/xplore_interfaces/hook/pythonpath.sh'
[1.819s] Level 1:colcon.colcon_core.environment:checking '/home/evan/Desktop/Xplore/CS_workspace/install/xplore_interfaces/bin'
[1.820s] INFO:colcon.colcon_core.shell:Creating package script '/home/evan/Desktop/Xplore/CS_workspace/install/xplore_interfaces/share/xplore_interfaces/package.ps1'
[1.821s] INFO:colcon.colcon_core.shell:Creating package descriptor '/home/evan/Desktop/Xplore/CS_workspace/install/xplore_interfaces/share/xplore_interfaces/package.dsv'
[1.822s] INFO:colcon.colcon_core.shell:Creating package script '/home/evan/Desktop/Xplore/CS_workspace/install/xplore_interfaces/share/xplore_interfaces/package.sh'
[1.823s] INFO:colcon.colcon_core.shell:Creating package script '/home/evan/Desktop/Xplore/CS_workspace/install/xplore_interfaces/share/xplore_interfaces/package.bash'
[1.824s] INFO:colcon.colcon_core.shell:Creating package script '/home/evan/Desktop/Xplore/CS_workspace/install/xplore_interfaces/share/xplore_interfaces/package.zsh'
[1.824s] Level 1:colcon.colcon_core.environment:create_file_with_runtime_dependencies(/home/evan/Desktop/Xplore/CS_workspace/install/xplore_interfaces/share/colcon-core/packages/xplore_interfaces)
[1.851s] DEBUG:colcon.colcon_core.event_handler.log_command:Invoking command in '/home/evan/Desktop/Xplore/CS_workspace/cs_ws/src/rover_pkg': PYTHONPATH=/home/evan/Desktop/Xplore/CS_workspace/build/rover_pkg/prefix_override:/home/evan/Desktop/Xplore/CS_workspace/install/rover_pkg/lib/python3.8/site-packages:${PYTHONPATH} /usr/bin/python3 setup.py egg_info --egg-base ../../../build/rover_pkg build --build-base /home/evan/Desktop/Xplore/CS_workspace/build/rover_pkg/build install --record /home/evan/Desktop/Xplore/CS_workspace/build/rover_pkg/install.log --single-version-externally-managed
[1.890s] DEBUG:colcon.colcon_core.event_handler.log_command:Invoking command in '/home/evan/Desktop/Xplore/CS_workspace/cs_ws/src/control_station_pkg': PYTHONPATH=/home/evan/Desktop/Xplore/CS_workspace/build/control_station_pkg/prefix_override:/home/evan/Desktop/Xplore/CS_workspace/install/control_station_pkg/lib/python3.8/site-packages:${PYTHONPATH} /usr/bin/python3 setup.py egg_info --egg-base ../../../build/control_station_pkg build --build-base /home/evan/Desktop/Xplore/CS_workspace/build/control_station_pkg/build install --record /home/evan/Desktop/Xplore/CS_workspace/build/control_station_pkg/install.log --single-version-externally-managed
[1.931s] DEBUG:colcon.colcon_core.event_handler.log_command:Invoking command in '/home/evan/Desktop/Xplore/CS_workspace/cs_ws/src/cs_test_pkg': PYTHONPATH=/home/evan/Desktop/Xplore/CS_workspace/build/cs_test_pkg/prefix_override:/home/evan/Desktop/Xplore/CS_workspace/install/cs_test_pkg/lib/python3.8/site-packages:${PYTHONPATH} /usr/bin/python3 setup.py egg_info --egg-base ../../../build/cs_test_pkg build --build-base /home/evan/Desktop/Xplore/CS_workspace/build/cs_test_pkg/build install --record /home/evan/Desktop/Xplore/CS_workspace/build/cs_test_pkg/install.log --install-scripts $base/lib/cs_test_pkg --single-version-externally-managed
[1.938s] Level 1:colcon.colcon_core.environment:create_environment_scripts_only(xplore_interfaces)
[1.941s] Level 1:colcon.colcon_core.environment:checking '/home/evan/Desktop/Xplore/CS_workspace/install/xplore_interfaces' for CMake module files
[1.942s] Level 1:colcon.colcon_core.environment:checking '/home/evan/Desktop/Xplore/CS_workspace/install/xplore_interfaces' for CMake config files
[1.942s] Level 1:colcon.colcon_core.shell:create_environment_hook('xplore_interfaces', 'cmake_prefix_path')
[1.944s] INFO:colcon.colcon_core.shell:Creating environment hook '/home/evan/Desktop/Xplore/CS_workspace/install/xplore_interfaces/share/xplore_interfaces/hook/cmake_prefix_path.ps1'
[1.945s] INFO:colcon.colcon_core.shell:Creating environment descriptor '/home/evan/Desktop/Xplore/CS_workspace/install/xplore_interfaces/share/xplore_interfaces/hook/cmake_prefix_path.dsv'
[1.946s] INFO:colcon.colcon_core.shell:Creating environment hook '/home/evan/Desktop/Xplore/CS_workspace/install/xplore_interfaces/share/xplore_interfaces/hook/cmake_prefix_path.sh'
[1.947s] Level 1:colcon.colcon_core.environment:checking '/home/evan/Desktop/Xplore/CS_workspace/install/xplore_interfaces/lib'
[1.947s] Level 1:colcon.colcon_core.shell:create_environment_hook('xplore_interfaces', 'ld_library_path_lib')
[1.948s] INFO:colcon.colcon_core.shell:Creating environment hook '/home/evan/Desktop/Xplore/CS_workspace/install/xplore_interfaces/share/xplore_interfaces/hook/ld_library_path_lib.ps1'
[1.949s] INFO:colcon.colcon_core.shell:Creating environment descriptor '/home/evan/Desktop/Xplore/CS_workspace/install/xplore_interfaces/share/xplore_interfaces/hook/ld_library_path_lib.dsv'
[1.950s] INFO:colcon.colcon_core.shell:Creating environment hook '/home/evan/Desktop/Xplore/CS_workspace/install/xplore_interfaces/share/xplore_interfaces/hook/ld_library_path_lib.sh'
[1.951s] Level 1:colcon.colcon_core.environment:checking '/home/evan/Desktop/Xplore/CS_workspace/install/xplore_interfaces/bin'
[1.951s] Level 1:colcon.colcon_core.environment:checking '/home/evan/Desktop/Xplore/CS_workspace/install/xplore_interfaces/lib/pkgconfig/xplore_interfaces.pc'
[1.951s] Level 1:colcon.colcon_core.environment:checking '/home/evan/Desktop/Xplore/CS_workspace/install/xplore_interfaces/lib/python3.8/site-packages'
[1.951s] Level 1:colcon.colcon_core.shell:create_environment_hook('xplore_interfaces', 'pythonpath')
[1.953s] INFO:colcon.colcon_core.shell:Creating environment hook '/home/evan/Desktop/Xplore/CS_workspace/install/xplore_interfaces/share/xplore_interfaces/hook/pythonpath.ps1'
[1.954s] INFO:colcon.colcon_core.shell:Creating environment descriptor '/home/evan/Desktop/Xplore/CS_workspace/install/xplore_interfaces/share/xplore_interfaces/hook/pythonpath.dsv'
[1.955s] INFO:colcon.colcon_core.shell:Creating environment hook '/home/evan/Desktop/Xplore/CS_workspace/install/xplore_interfaces/share/xplore_interfaces/hook/pythonpath.sh'
[1.955s] Level 1:colcon.colcon_core.environment:checking '/home/evan/Desktop/Xplore/CS_workspace/install/xplore_interfaces/bin'
[1.957s] INFO:colcon.colcon_core.shell:Creating package script '/home/evan/Desktop/Xplore/CS_workspace/install/xplore_interfaces/share/xplore_interfaces/package.ps1'
[1.958s] INFO:colcon.colcon_core.shell:Creating package descriptor '/home/evan/Desktop/Xplore/CS_workspace/install/xplore_interfaces/share/xplore_interfaces/package.dsv'
[1.959s] INFO:colcon.colcon_core.shell:Creating package script '/home/evan/Desktop/Xplore/CS_workspace/install/xplore_interfaces/share/xplore_interfaces/package.sh'
[1.960s] INFO:colcon.colcon_core.shell:Creating package script '/home/evan/Desktop/Xplore/CS_workspace/install/xplore_interfaces/share/xplore_interfaces/package.bash'
[1.961s] INFO:colcon.colcon_core.shell:Creating package script '/home/evan/Desktop/Xplore/CS_workspace/install/xplore_interfaces/share/xplore_interfaces/package.zsh'
[1.961s] Level 1:colcon.colcon_core.environment:create_file_with_runtime_dependencies(/home/evan/Desktop/Xplore/CS_workspace/install/xplore_interfaces/share/colcon-core/packages/xplore_interfaces)
[2.225s] Level 1:colcon.colcon_core.environment:checking '/home/evan/Desktop/Xplore/CS_workspace/install/rover_pkg' for CMake module files
[2.226s] DEBUG:colcon.colcon_core.event_handler.log_command:Invoked command in '/home/evan/Desktop/Xplore/CS_workspace/cs_ws/src/rover_pkg' returned '0': PYTHONPATH=/home/evan/Desktop/Xplore/CS_workspace/build/rover_pkg/prefix_override:/home/evan/Desktop/Xplore/CS_workspace/install/rover_pkg/lib/python3.8/site-packages:${PYTHONPATH} /usr/bin/python3 setup.py egg_info --egg-base ../../../build/rover_pkg build --build-base /home/evan/Desktop/Xplore/CS_workspace/build/rover_pkg/build install --record /home/evan/Desktop/Xplore/CS_workspace/build/rover_pkg/install.log --single-version-externally-managed
[2.227s] Level 1:colcon.colcon_core.environment:checking '/home/evan/Desktop/Xplore/CS_workspace/install/rover_pkg' for CMake config files
[2.229s] Level 1:colcon.colcon_core.environment:checking '/home/evan/Desktop/Xplore/CS_workspace/install/rover_pkg/lib'
[2.229s] Level 1:colcon.colcon_core.environment:checking '/home/evan/Desktop/Xplore/CS_workspace/install/rover_pkg/bin'
[2.230s] Level 1:colcon.colcon_core.environment:checking '/home/evan/Desktop/Xplore/CS_workspace/install/rover_pkg/lib/pkgconfig/rover_pkg.pc'
[2.230s] Level 1:colcon.colcon_core.environment:checking '/home/evan/Desktop/Xplore/CS_workspace/install/rover_pkg/lib/python3.8/site-packages'
[2.230s] Level 1:colcon.colcon_core.shell:create_environment_hook('rover_pkg', 'pythonpath')
[2.232s] INFO:colcon.colcon_core.shell:Creating environment hook '/home/evan/Desktop/Xplore/CS_workspace/install/rover_pkg/share/rover_pkg/hook/pythonpath.ps1'
[2.232s] INFO:colcon.colcon_core.shell:Creating environment descriptor '/home/evan/Desktop/Xplore/CS_workspace/install/rover_pkg/share/rover_pkg/hook/pythonpath.dsv'
[2.233s] INFO:colcon.colcon_core.shell:Creating environment hook '/home/evan/Desktop/Xplore/CS_workspace/install/rover_pkg/share/rover_pkg/hook/pythonpath.sh'
[2.234s] Level 1:colcon.colcon_core.environment:checking '/home/evan/Desktop/Xplore/CS_workspace/install/rover_pkg/bin'
[2.234s] Level 1:colcon.colcon_core.environment:create_environment_scripts_only(rover_pkg)
[2.236s] INFO:colcon.colcon_core.shell:Creating package script '/home/evan/Desktop/Xplore/CS_workspace/install/rover_pkg/share/rover_pkg/package.ps1'
[2.237s] INFO:colcon.colcon_core.shell:Creating package descriptor '/home/evan/Desktop/Xplore/CS_workspace/install/rover_pkg/share/rover_pkg/package.dsv'
[2.237s] INFO:colcon.colcon_core.shell:Creating package script '/home/evan/Desktop/Xplore/CS_workspace/install/rover_pkg/share/rover_pkg/package.sh'
[2.238s] INFO:colcon.colcon_core.shell:Creating package script '/home/evan/Desktop/Xplore/CS_workspace/install/rover_pkg/share/rover_pkg/package.bash'
[2.239s] INFO:colcon.colcon_core.shell:Creating package script '/home/evan/Desktop/Xplore/CS_workspace/install/rover_pkg/share/rover_pkg/package.zsh'
[2.239s] Level 1:colcon.colcon_core.environment:create_file_with_runtime_dependencies(/home/evan/Desktop/Xplore/CS_workspace/install/rover_pkg/share/colcon-core/packages/rover_pkg)
[2.256s] Level 1:colcon.colcon_core.environment:checking '/home/evan/Desktop/Xplore/CS_workspace/install/control_station_pkg' for CMake module files
[2.257s] DEBUG:colcon.colcon_core.event_handler.log_command:Invoked command in '/home/evan/Desktop/Xplore/CS_workspace/cs_ws/src/control_station_pkg' returned '0': PYTHONPATH=/home/evan/Desktop/Xplore/CS_workspace/build/control_station_pkg/prefix_override:/home/evan/Desktop/Xplore/CS_workspace/install/control_station_pkg/lib/python3.8/site-packages:${PYTHONPATH} /usr/bin/python3 setup.py egg_info --egg-base ../../../build/control_station_pkg build --build-base /home/evan/Desktop/Xplore/CS_workspace/build/control_station_pkg/build install --record /home/evan/Desktop/Xplore/CS_workspace/build/control_station_pkg/install.log --single-version-externally-managed
[2.257s] Level 1:colcon.colcon_core.environment:checking '/home/evan/Desktop/Xplore/CS_workspace/install/control_station_pkg' for CMake config files
[2.258s] Level 1:colcon.colcon_core.environment:checking '/home/evan/Desktop/Xplore/CS_workspace/install/control_station_pkg/lib'
[2.258s] Level 1:colcon.colcon_core.environment:checking '/home/evan/Desktop/Xplore/CS_workspace/install/control_station_pkg/bin'
[2.258s] Level 1:colcon.colcon_core.environment:checking '/home/evan/Desktop/Xplore/CS_workspace/install/control_station_pkg/lib/pkgconfig/control_station_pkg.pc'
[2.259s] Level 1:colcon.colcon_core.environment:checking '/home/evan/Desktop/Xplore/CS_workspace/install/control_station_pkg/lib/python3.8/site-packages'
[2.259s] Level 1:colcon.colcon_core.shell:create_environment_hook('control_station_pkg', 'pythonpath')
[2.260s] INFO:colcon.colcon_core.shell:Creating environment hook '/home/evan/Desktop/Xplore/CS_workspace/install/control_station_pkg/share/control_station_pkg/hook/pythonpath.ps1'
[2.261s] INFO:colcon.colcon_core.shell:Creating environment descriptor '/home/evan/Desktop/Xplore/CS_workspace/install/control_station_pkg/share/control_station_pkg/hook/pythonpath.dsv'
[2.261s] INFO:colcon.colcon_core.shell:Creating environment hook '/home/evan/Desktop/Xplore/CS_workspace/install/control_station_pkg/share/control_station_pkg/hook/pythonpath.sh'
[2.262s] Level 1:colcon.colcon_core.environment:checking '/home/evan/Desktop/Xplore/CS_workspace/install/control_station_pkg/bin'
[2.262s] Level 1:colcon.colcon_core.environment:create_environment_scripts_only(control_station_pkg)
[2.263s] INFO:colcon.colcon_core.shell:Creating package script '/home/evan/Desktop/Xplore/CS_workspace/install/control_station_pkg/share/control_station_pkg/package.ps1'
[2.264s] INFO:colcon.colcon_core.shell:Creating package descriptor '/home/evan/Desktop/Xplore/CS_workspace/install/control_station_pkg/share/control_station_pkg/package.dsv'
[2.264s] INFO:colcon.colcon_core.shell:Creating package script '/home/evan/Desktop/Xplore/CS_workspace/install/control_station_pkg/share/control_station_pkg/package.sh'
[2.265s] INFO:colcon.colcon_core.shell:Creating package script '/home/evan/Desktop/Xplore/CS_workspace/install/control_station_pkg/share/control_station_pkg/package.bash'
[2.265s] INFO:colcon.colcon_core.shell:Creating package script '/home/evan/Desktop/Xplore/CS_workspace/install/control_station_pkg/share/control_station_pkg/package.zsh'
[2.266s] Level 1:colcon.colcon_core.environment:create_file_with_runtime_dependencies(/home/evan/Desktop/Xplore/CS_workspace/install/control_station_pkg/share/colcon-core/packages/control_station_pkg)
[2.298s] Level 1:colcon.colcon_core.environment:checking '/home/evan/Desktop/Xplore/CS_workspace/install/cs_test_pkg' for CMake module files
[2.299s] DEBUG:colcon.colcon_core.event_handler.log_command:Invoked command in '/home/evan/Desktop/Xplore/CS_workspace/cs_ws/src/cs_test_pkg' returned '0': PYTHONPATH=/home/evan/Desktop/Xplore/CS_workspace/build/cs_test_pkg/prefix_override:/home/evan/Desktop/Xplore/CS_workspace/install/cs_test_pkg/lib/python3.8/site-packages:${PYTHONPATH} /usr/bin/python3 setup.py egg_info --egg-base ../../../build/cs_test_pkg build --build-base /home/evan/Desktop/Xplore/CS_workspace/build/cs_test_pkg/build install --record /home/evan/Desktop/Xplore/CS_workspace/build/cs_test_pkg/install.log --install-scripts $base/lib/cs_test_pkg --single-version-externally-managed
[2.300s] Level 1:colcon.colcon_core.environment:checking '/home/evan/Desktop/Xplore/CS_workspace/install/cs_test_pkg' for CMake config files
[2.300s] Level 1:colcon.colcon_core.environment:checking '/home/evan/Desktop/Xplore/CS_workspace/install/cs_test_pkg/lib'
[2.300s] Level 1:colcon.colcon_core.environment:checking '/home/evan/Desktop/Xplore/CS_workspace/install/cs_test_pkg/bin'
[2.300s] Level 1:colcon.colcon_core.environment:checking '/home/evan/Desktop/Xplore/CS_workspace/install/cs_test_pkg/lib/pkgconfig/cs_test_pkg.pc'
[2.301s] Level 1:colcon.colcon_core.environment:checking '/home/evan/Desktop/Xplore/CS_workspace/install/cs_test_pkg/lib/python3.8/site-packages'
[2.301s] Level 1:colcon.colcon_core.shell:create_environment_hook('cs_test_pkg', 'pythonpath')
[2.302s] INFO:colcon.colcon_core.shell:Creating environment hook '/home/evan/Desktop/Xplore/CS_workspace/install/cs_test_pkg/share/cs_test_pkg/hook/pythonpath.ps1'
[2.303s] INFO:colcon.colcon_core.shell:Creating environment descriptor '/home/evan/Desktop/Xplore/CS_workspace/install/cs_test_pkg/share/cs_test_pkg/hook/pythonpath.dsv'
[2.303s] INFO:colcon.colcon_core.shell:Creating environment hook '/home/evan/Desktop/Xplore/CS_workspace/install/cs_test_pkg/share/cs_test_pkg/hook/pythonpath.sh'
[2.304s] Level 1:colcon.colcon_core.environment:checking '/home/evan/Desktop/Xplore/CS_workspace/install/cs_test_pkg/bin'
[2.304s] Level 1:colcon.colcon_core.environment:create_environment_scripts_only(cs_test_pkg)
[2.305s] INFO:colcon.colcon_core.shell:Creating package script '/home/evan/Desktop/Xplore/CS_workspace/install/cs_test_pkg/share/cs_test_pkg/package.ps1'
[2.306s] INFO:colcon.colcon_core.shell:Creating package descriptor '/home/evan/Desktop/Xplore/CS_workspace/install/cs_test_pkg/share/cs_test_pkg/package.dsv'
[2.306s] INFO:colcon.colcon_core.shell:Creating package script '/home/evan/Desktop/Xplore/CS_workspace/install/cs_test_pkg/share/cs_test_pkg/package.sh'
[2.307s] INFO:colcon.colcon_core.shell:Creating package script '/home/evan/Desktop/Xplore/CS_workspace/install/cs_test_pkg/share/cs_test_pkg/package.bash'
[2.307s] INFO:colcon.colcon_core.shell:Creating package script '/home/evan/Desktop/Xplore/CS_workspace/install/cs_test_pkg/share/cs_test_pkg/package.zsh'
[2.307s] Level 1:colcon.colcon_core.environment:create_file_with_runtime_dependencies(/home/evan/Desktop/Xplore/CS_workspace/install/cs_test_pkg/share/colcon-core/packages/cs_test_pkg)
[2.308s] DEBUG:colcon.colcon_parallel_executor.executor.parallel:closing loop
[2.308s] DEBUG:colcon.colcon_parallel_executor.executor.parallel:loop closed
[2.308s] DEBUG:colcon.colcon_parallel_executor.executor.parallel:run_until_complete finished with '0'
[2.308s] DEBUG:colcon.colcon_core.event_reactor:joining thread
[2.316s] INFO:colcon.colcon_core.plugin_system:Skipping extension 'colcon_notification.desktop_notification.terminal_notifier': Not used on non-Darwin systems
[2.316s] INFO:colcon.colcon_core.plugin_system:Skipping extension 'colcon_notification.desktop_notification.win32': Not used on non-Windows systems
[2.316s] INFO:colcon.colcon_notification.desktop_notification:Sending desktop notification using 'notify2'
[2.332s] DEBUG:colcon.colcon_core.event_reactor:joined thread
[2.334s] INFO:colcon.colcon_core.shell:Creating prefix script '/home/evan/Desktop/Xplore/CS_workspace/install/local_setup.ps1'
[2.335s] INFO:colcon.colcon_core.shell:Creating prefix util module '/home/evan/Desktop/Xplore/CS_workspace/install/_local_setup_util_ps1.py'
[2.336s] INFO:colcon.colcon_core.shell:Creating prefix chain script '/home/evan/Desktop/Xplore/CS_workspace/install/setup.ps1'
[2.339s] INFO:colcon.colcon_core.shell:Creating prefix script '/home/evan/Desktop/Xplore/CS_workspace/install/local_setup.sh'
[2.339s] INFO:colcon.colcon_core.shell:Creating prefix util module '/home/evan/Desktop/Xplore/CS_workspace/install/_local_setup_util_sh.py'
[2.340s] INFO:colcon.colcon_core.shell:Creating prefix chain script '/home/evan/Desktop/Xplore/CS_workspace/install/setup.sh'
[2.341s] INFO:colcon.colcon_core.shell:Creating prefix script '/home/evan/Desktop/Xplore/CS_workspace/install/local_setup.bash'
[2.342s] INFO:colcon.colcon_core.shell:Creating prefix chain script '/home/evan/Desktop/Xplore/CS_workspace/install/setup.bash'
[2.344s] INFO:colcon.colcon_core.shell:Creating prefix script '/home/evan/Desktop/Xplore/CS_workspace/install/local_setup.zsh'
[2.344s] INFO:colcon.colcon_core.shell:Creating prefix chain script '/home/evan/Desktop/Xplore/CS_workspace/install/setup.zsh'
