[0.798s] Invoking command in '/home/evan/Desktop/Xplore/CS_workspace/build/xplore_interfaces': CMAKE_PREFIX_PATH=${CMAKE_PREFIX_PATH}:/home/evan/Desktop/Xplore/CS_workspace/install/rover_pkg:/home/evan/Desktop/Xplore/CS_workspace/install/cs_test_pkg:/home/evan/Desktop/Xplore/CS_workspace/install/control_station_pkg:/opt/ros/foxy /usr/local/bin/cmake --build /home/evan/Desktop/Xplore/CS_workspace/build/xplore_interfaces -- -j4 -l4
[0.855s] [  2%] Built target xplore_interfaces__cpp
[0.871s] [ 12%] Built target xplore_interfaces__rosidl_generator_c
[0.895s] [ 23%] Built target xplore_interfaces__rosidl_typesupport_fastrtps_cpp
[0.901s] [ 34%] Built target xplore_interfaces__rosidl_typesupport_cpp
[0.907s] [ 44%] Built target xplore_interfaces__rosidl_typesupport_introspection_cpp
[0.923s] [ 55%] Built target xplore_interfaces__rosidl_typesupport_fastrtps_c
[0.939s] [ 65%] Built target xplore_interfaces__rosidl_typesupport_c
[0.947s] [ 76%] Built target xplore_interfaces__rosidl_typesupport_introspection_c
[0.962s] [ 76%] Built target xplore_interfaces
[0.974s] [ 78%] Built target xplore_interfaces__py
[0.989s] [ 87%] Built target xplore_interfaces__python
[1.018s] [ 91%] Built target xplore_interfaces__rosidl_typesupport_c__pyext
[1.026s] [ 95%] Built target xplore_interfaces__rosidl_typesupport_fastrtps_c__pyext
[1.033s] [100%] Built target xplore_interfaces__rosidl_typesupport_introspection_c__pyext
[1.047s] Invoked command in '/home/evan/Desktop/Xplore/CS_workspace/build/xplore_interfaces' returned '0': CMAKE_PREFIX_PATH=${CMAKE_PREFIX_PATH}:/home/evan/Desktop/Xplore/CS_workspace/install/rover_pkg:/home/evan/Desktop/Xplore/CS_workspace/install/cs_test_pkg:/home/evan/Desktop/Xplore/CS_workspace/install/control_station_pkg:/opt/ros/foxy /usr/local/bin/cmake --build /home/evan/Desktop/Xplore/CS_workspace/build/xplore_interfaces -- -j4 -l4
[1.148s] Invoking command in '/home/evan/Desktop/Xplore/CS_workspace/build/xplore_interfaces': CMAKE_PREFIX_PATH=${CMAKE_PREFIX_PATH}:/home/evan/Desktop/Xplore/CS_workspace/install/rover_pkg:/home/evan/Desktop/Xplore/CS_workspace/install/cs_test_pkg:/home/evan/Desktop/Xplore/CS_workspace/install/control_station_pkg:/opt/ros/foxy /usr/local/bin/cmake --install /home/evan/Desktop/Xplore/CS_workspace/build/xplore_interfaces
[1.169s] -- Install configuration: ""
[1.170s] -- Up-to-date: /home/evan/Desktop/Xplore/CS_workspace/install/xplore_interfaces/share/ament_index/resource_index/rosidl_interfaces/xplore_interfaces
[1.170s] -- Up-to-date: /home/evan/Desktop/Xplore/CS_workspace/install/xplore_interfaces/include/xplore_interfaces
[1.170s] -- Up-to-date: /home/evan/Desktop/Xplore/CS_workspace/install/xplore_interfaces/include/xplore_interfaces/srv
[1.170s] -- Up-to-date: /home/evan/Desktop/Xplore/CS_workspace/install/xplore_interfaces/include/xplore_interfaces/srv/disable_camera.h
[1.170s] -- Up-to-date: /home/evan/Desktop/Xplore/CS_workspace/install/xplore_interfaces/include/xplore_interfaces/srv/enable_camera.h
[1.170s] -- Up-to-date: /home/evan/Desktop/Xplore/CS_workspace/install/xplore_interfaces/include/xplore_interfaces/srv/detail
[1.170s] -- Up-to-date: /home/evan/Desktop/Xplore/CS_workspace/install/xplore_interfaces/include/xplore_interfaces/srv/detail/disable_camera__struct.h
[1.170s] -- Up-to-date: /home/evan/Desktop/Xplore/CS_workspace/install/xplore_interfaces/include/xplore_interfaces/srv/detail/disable_camera__functions.c
[1.170s] -- Up-to-date: /home/evan/Desktop/Xplore/CS_workspace/install/xplore_interfaces/include/xplore_interfaces/srv/detail/disable_camera__functions.h
[1.170s] -- Up-to-date: /home/evan/Desktop/Xplore/CS_workspace/install/xplore_interfaces/include/xplore_interfaces/srv/detail/enable_camera__type_support.h
[1.170s] -- Up-to-date: /home/evan/Desktop/Xplore/CS_workspace/install/xplore_interfaces/include/xplore_interfaces/srv/detail/enable_camera__functions.c
[1.170s] -- Up-to-date: /home/evan/Desktop/Xplore/CS_workspace/install/xplore_interfaces/include/xplore_interfaces/srv/detail/disable_camera__type_support.h
[1.170s] -- Up-to-date: /home/evan/Desktop/Xplore/CS_workspace/install/xplore_interfaces/include/xplore_interfaces/srv/detail/enable_camera__struct.h
[1.171s] -- Up-to-date: /home/evan/Desktop/Xplore/CS_workspace/install/xplore_interfaces/include/xplore_interfaces/srv/detail/enable_camera__functions.h
[1.171s] -- Up-to-date: /home/evan/Desktop/Xplore/CS_workspace/install/xplore_interfaces/include/xplore_interfaces/msg
[1.171s] -- Up-to-date: /home/evan/Desktop/Xplore/CS_workspace/install/xplore_interfaces/include/xplore_interfaces/msg/detail
[1.171s] -- Up-to-date: /home/evan/Desktop/Xplore/CS_workspace/install/xplore_interfaces/include/xplore_interfaces/msg/detail/camera_error__functions.h
[1.171s] -- Up-to-date: /home/evan/Desktop/Xplore/CS_workspace/install/xplore_interfaces/include/xplore_interfaces/msg/detail/camera_error__struct.h
[1.171s] -- Up-to-date: /home/evan/Desktop/Xplore/CS_workspace/install/xplore_interfaces/include/xplore_interfaces/msg/detail/camera_error__functions.c
[1.171s] -- Up-to-date: /home/evan/Desktop/Xplore/CS_workspace/install/xplore_interfaces/include/xplore_interfaces/msg/detail/camera_error__type_support.h
[1.171s] -- Up-to-date: /home/evan/Desktop/Xplore/CS_workspace/install/xplore_interfaces/include/xplore_interfaces/msg/rosidl_generator_c__visibility_control.h
[1.171s] -- Up-to-date: /home/evan/Desktop/Xplore/CS_workspace/install/xplore_interfaces/include/xplore_interfaces/msg/camera_error.h
[1.171s] -- Up-to-date: /home/evan/Desktop/Xplore/CS_workspace/install/xplore_interfaces/share/xplore_interfaces/environment/library_path.sh
[1.171s] -- Up-to-date: /home/evan/Desktop/Xplore/CS_workspace/install/xplore_interfaces/share/xplore_interfaces/environment/library_path.dsv
[1.171s] -- Up-to-date: /home/evan/Desktop/Xplore/CS_workspace/install/xplore_interfaces/lib/libxplore_interfaces__rosidl_generator_c.so
[1.171s] -- Up-to-date: /home/evan/Desktop/Xplore/CS_workspace/install/xplore_interfaces/include/xplore_interfaces
[1.171s] -- Up-to-date: /home/evan/Desktop/Xplore/CS_workspace/install/xplore_interfaces/include/xplore_interfaces/srv
[1.171s] -- Up-to-date: /home/evan/Desktop/Xplore/CS_workspace/install/xplore_interfaces/include/xplore_interfaces/srv/detail
[1.172s] -- Up-to-date: /home/evan/Desktop/Xplore/CS_workspace/install/xplore_interfaces/include/xplore_interfaces/srv/detail/disable_camera__rosidl_typesupport_fastrtps_c.h
[1.172s] -- Up-to-date: /home/evan/Desktop/Xplore/CS_workspace/install/xplore_interfaces/include/xplore_interfaces/srv/detail/enable_camera__rosidl_typesupport_fastrtps_c.h
[1.172s] -- Up-to-date: /home/evan/Desktop/Xplore/CS_workspace/install/xplore_interfaces/include/xplore_interfaces/msg
[1.172s] -- Up-to-date: /home/evan/Desktop/Xplore/CS_workspace/install/xplore_interfaces/include/xplore_interfaces/msg/rosidl_typesupport_fastrtps_c__visibility_control.h
[1.172s] -- Up-to-date: /home/evan/Desktop/Xplore/CS_workspace/install/xplore_interfaces/include/xplore_interfaces/msg/detail
[1.172s] -- Up-to-date: /home/evan/Desktop/Xplore/CS_workspace/install/xplore_interfaces/include/xplore_interfaces/msg/detail/camera_error__rosidl_typesupport_fastrtps_c.h
[1.172s] -- Up-to-date: /home/evan/Desktop/Xplore/CS_workspace/install/xplore_interfaces/lib/libxplore_interfaces__rosidl_typesupport_fastrtps_c.so
[1.172s] -- Up-to-date: /home/evan/Desktop/Xplore/CS_workspace/install/xplore_interfaces/include/xplore_interfaces
[1.172s] -- Up-to-date: /home/evan/Desktop/Xplore/CS_workspace/install/xplore_interfaces/include/xplore_interfaces/srv
[1.172s] -- Up-to-date: /home/evan/Desktop/Xplore/CS_workspace/install/xplore_interfaces/include/xplore_interfaces/srv/detail
[1.172s] -- Up-to-date: /home/evan/Desktop/Xplore/CS_workspace/install/xplore_interfaces/include/xplore_interfaces/srv/detail/disable_camera__rosidl_typesupport_fastrtps_cpp.hpp
[1.172s] -- Up-to-date: /home/evan/Desktop/Xplore/CS_workspace/install/xplore_interfaces/include/xplore_interfaces/srv/detail/dds_fastrtps
[1.172s] -- Up-to-date: /home/evan/Desktop/Xplore/CS_workspace/install/xplore_interfaces/include/xplore_interfaces/srv/detail/enable_camera__rosidl_typesupport_fastrtps_cpp.hpp
[1.172s] -- Up-to-date: /home/evan/Desktop/Xplore/CS_workspace/install/xplore_interfaces/include/xplore_interfaces/msg
[1.173s] -- Up-to-date: /home/evan/Desktop/Xplore/CS_workspace/install/xplore_interfaces/include/xplore_interfaces/msg/detail
[1.173s] -- Up-to-date: /home/evan/Desktop/Xplore/CS_workspace/install/xplore_interfaces/include/xplore_interfaces/msg/detail/dds_fastrtps
[1.173s] -- Up-to-date: /home/evan/Desktop/Xplore/CS_workspace/install/xplore_interfaces/include/xplore_interfaces/msg/detail/camera_error__rosidl_typesupport_fastrtps_cpp.hpp
[1.173s] -- Up-to-date: /home/evan/Desktop/Xplore/CS_workspace/install/xplore_interfaces/include/xplore_interfaces/msg/rosidl_typesupport_fastrtps_cpp__visibility_control.h
[1.173s] -- Up-to-date: /home/evan/Desktop/Xplore/CS_workspace/install/xplore_interfaces/lib/libxplore_interfaces__rosidl_typesupport_fastrtps_cpp.so
[1.173s] -- Up-to-date: /home/evan/Desktop/Xplore/CS_workspace/install/xplore_interfaces/include/xplore_interfaces
[1.173s] -- Up-to-date: /home/evan/Desktop/Xplore/CS_workspace/install/xplore_interfaces/include/xplore_interfaces/srv
[1.173s] -- Up-to-date: /home/evan/Desktop/Xplore/CS_workspace/install/xplore_interfaces/include/xplore_interfaces/srv/detail
[1.173s] -- Up-to-date: /home/evan/Desktop/Xplore/CS_workspace/install/xplore_interfaces/include/xplore_interfaces/srv/detail/enable_camera__type_support.c
[1.173s] -- Up-to-date: /home/evan/Desktop/Xplore/CS_workspace/install/xplore_interfaces/include/xplore_interfaces/srv/detail/enable_camera__rosidl_typesupport_introspection_c.h
[1.173s] -- Up-to-date: /home/evan/Desktop/Xplore/CS_workspace/install/xplore_interfaces/include/xplore_interfaces/srv/detail/disable_camera__type_support.c
[1.173s] -- Up-to-date: /home/evan/Desktop/Xplore/CS_workspace/install/xplore_interfaces/include/xplore_interfaces/srv/detail/disable_camera__rosidl_typesupport_introspection_c.h
[1.173s] -- Up-to-date: /home/evan/Desktop/Xplore/CS_workspace/install/xplore_interfaces/include/xplore_interfaces/msg
[1.173s] -- Up-to-date: /home/evan/Desktop/Xplore/CS_workspace/install/xplore_interfaces/include/xplore_interfaces/msg/rosidl_typesupport_introspection_c__visibility_control.h
[1.174s] -- Up-to-date: /home/evan/Desktop/Xplore/CS_workspace/install/xplore_interfaces/include/xplore_interfaces/msg/detail
[1.174s] -- Up-to-date: /home/evan/Desktop/Xplore/CS_workspace/install/xplore_interfaces/include/xplore_interfaces/msg/detail/camera_error__rosidl_typesupport_introspection_c.h
[1.174s] -- Up-to-date: /home/evan/Desktop/Xplore/CS_workspace/install/xplore_interfaces/include/xplore_interfaces/msg/detail/camera_error__type_support.c
[1.174s] -- Up-to-date: /home/evan/Desktop/Xplore/CS_workspace/install/xplore_interfaces/lib/libxplore_interfaces__rosidl_typesupport_introspection_c.so
[1.174s] -- Up-to-date: /home/evan/Desktop/Xplore/CS_workspace/install/xplore_interfaces/lib/libxplore_interfaces__rosidl_typesupport_c.so
[1.174s] -- Up-to-date: /home/evan/Desktop/Xplore/CS_workspace/install/xplore_interfaces/include/xplore_interfaces
[1.174s] -- Up-to-date: /home/evan/Desktop/Xplore/CS_workspace/install/xplore_interfaces/include/xplore_interfaces/srv
[1.174s] -- Up-to-date: /home/evan/Desktop/Xplore/CS_workspace/install/xplore_interfaces/include/xplore_interfaces/srv/disable_camera.hpp
[1.174s] -- Up-to-date: /home/evan/Desktop/Xplore/CS_workspace/install/xplore_interfaces/include/xplore_interfaces/srv/detail
[1.174s] -- Up-to-date: /home/evan/Desktop/Xplore/CS_workspace/install/xplore_interfaces/include/xplore_interfaces/srv/detail/disable_camera__traits.hpp
[1.174s] -- Up-to-date: /home/evan/Desktop/Xplore/CS_workspace/install/xplore_interfaces/include/xplore_interfaces/srv/detail/enable_camera__traits.hpp
[1.174s] -- Up-to-date: /home/evan/Desktop/Xplore/CS_workspace/install/xplore_interfaces/include/xplore_interfaces/srv/detail/enable_camera__builder.hpp
[1.174s] -- Up-to-date: /home/evan/Desktop/Xplore/CS_workspace/install/xplore_interfaces/include/xplore_interfaces/srv/detail/enable_camera__struct.hpp
[1.174s] -- Up-to-date: /home/evan/Desktop/Xplore/CS_workspace/install/xplore_interfaces/include/xplore_interfaces/srv/detail/disable_camera__struct.hpp
[1.175s] -- Up-to-date: /home/evan/Desktop/Xplore/CS_workspace/install/xplore_interfaces/include/xplore_interfaces/srv/detail/disable_camera__builder.hpp
[1.175s] -- Up-to-date: /home/evan/Desktop/Xplore/CS_workspace/install/xplore_interfaces/include/xplore_interfaces/srv/enable_camera.hpp
[1.175s] -- Up-to-date: /home/evan/Desktop/Xplore/CS_workspace/install/xplore_interfaces/include/xplore_interfaces/msg
[1.175s] -- Up-to-date: /home/evan/Desktop/Xplore/CS_workspace/install/xplore_interfaces/include/xplore_interfaces/msg/camera_error.hpp
[1.175s] -- Up-to-date: /home/evan/Desktop/Xplore/CS_workspace/install/xplore_interfaces/include/xplore_interfaces/msg/detail
[1.175s] -- Up-to-date: /home/evan/Desktop/Xplore/CS_workspace/install/xplore_interfaces/include/xplore_interfaces/msg/detail/camera_error__struct.hpp
[1.175s] -- Up-to-date: /home/evan/Desktop/Xplore/CS_workspace/install/xplore_interfaces/include/xplore_interfaces/msg/detail/camera_error__builder.hpp
[1.175s] -- Up-to-date: /home/evan/Desktop/Xplore/CS_workspace/install/xplore_interfaces/include/xplore_interfaces/msg/detail/camera_error__traits.hpp
[1.175s] -- Up-to-date: /home/evan/Desktop/Xplore/CS_workspace/install/xplore_interfaces/include/xplore_interfaces
[1.175s] -- Up-to-date: /home/evan/Desktop/Xplore/CS_workspace/install/xplore_interfaces/include/xplore_interfaces/srv
[1.175s] -- Up-to-date: /home/evan/Desktop/Xplore/CS_workspace/install/xplore_interfaces/include/xplore_interfaces/srv/detail
[1.175s] -- Up-to-date: /home/evan/Desktop/Xplore/CS_workspace/install/xplore_interfaces/include/xplore_interfaces/srv/detail/disable_camera__rosidl_typesupport_introspection_cpp.hpp
[1.175s] -- Up-to-date: /home/evan/Desktop/Xplore/CS_workspace/install/xplore_interfaces/include/xplore_interfaces/srv/detail/enable_camera__rosidl_typesupport_introspection_cpp.hpp
[1.175s] -- Up-to-date: /home/evan/Desktop/Xplore/CS_workspace/install/xplore_interfaces/include/xplore_interfaces/srv/detail/enable_camera__type_support.cpp
[1.176s] -- Up-to-date: /home/evan/Desktop/Xplore/CS_workspace/install/xplore_interfaces/include/xplore_interfaces/srv/detail/disable_camera__type_support.cpp
[1.176s] -- Up-to-date: /home/evan/Desktop/Xplore/CS_workspace/install/xplore_interfaces/include/xplore_interfaces/msg
[1.176s] -- Up-to-date: /home/evan/Desktop/Xplore/CS_workspace/install/xplore_interfaces/include/xplore_interfaces/msg/detail
[1.176s] -- Up-to-date: /home/evan/Desktop/Xplore/CS_workspace/install/xplore_interfaces/include/xplore_interfaces/msg/detail/camera_error__rosidl_typesupport_introspection_cpp.hpp
[1.176s] -- Up-to-date: /home/evan/Desktop/Xplore/CS_workspace/install/xplore_interfaces/include/xplore_interfaces/msg/detail/camera_error__type_support.cpp
[1.176s] -- Up-to-date: /home/evan/Desktop/Xplore/CS_workspace/install/xplore_interfaces/lib/libxplore_interfaces__rosidl_typesupport_introspection_cpp.so
[1.176s] -- Up-to-date: /home/evan/Desktop/Xplore/CS_workspace/install/xplore_interfaces/lib/libxplore_interfaces__rosidl_typesupport_cpp.so
[1.176s] -- Up-to-date: /home/evan/Desktop/Xplore/CS_workspace/install/xplore_interfaces/share/xplore_interfaces/environment/pythonpath.sh
[1.176s] -- Up-to-date: /home/evan/Desktop/Xplore/CS_workspace/install/xplore_interfaces/share/xplore_interfaces/environment/pythonpath.dsv
[1.176s] -- Up-to-date: /home/evan/Desktop/Xplore/CS_workspace/install/xplore_interfaces/lib/python3.8/site-packages/xplore_interfaces/__init__.py
[1.239s] -- Up-to-date: /home/evan/Desktop/Xplore/CS_workspace/install/xplore_interfaces/lib/python3.8/site-packages/xplore_interfaces/msg
[1.239s] -- Up-to-date: /home/evan/Desktop/Xplore/CS_workspace/install/xplore_interfaces/lib/python3.8/site-packages/xplore_interfaces/msg/__init__.py
[1.239s] -- Up-to-date: /home/evan/Desktop/Xplore/CS_workspace/install/xplore_interfaces/lib/python3.8/site-packages/xplore_interfaces/msg/_camera_error_s.c
[1.239s] -- Up-to-date: /home/evan/Desktop/Xplore/CS_workspace/install/xplore_interfaces/lib/python3.8/site-packages/xplore_interfaces/msg/_camera_error.py
[1.239s] -- Up-to-date: /home/evan/Desktop/Xplore/CS_workspace/install/xplore_interfaces/lib/python3.8/site-packages/xplore_interfaces/srv
[1.239s] -- Up-to-date: /home/evan/Desktop/Xplore/CS_workspace/install/xplore_interfaces/lib/python3.8/site-packages/xplore_interfaces/srv/__init__.py
[1.239s] -- Up-to-date: /home/evan/Desktop/Xplore/CS_workspace/install/xplore_interfaces/lib/python3.8/site-packages/xplore_interfaces/srv/_disable_camera_s.c
[1.239s] -- Up-to-date: /home/evan/Desktop/Xplore/CS_workspace/install/xplore_interfaces/lib/python3.8/site-packages/xplore_interfaces/srv/_enable_camera.py
[1.239s] -- Up-to-date: /home/evan/Desktop/Xplore/CS_workspace/install/xplore_interfaces/lib/python3.8/site-packages/xplore_interfaces/srv/_enable_camera_s.c
[1.239s] -- Up-to-date: /home/evan/Desktop/Xplore/CS_workspace/install/xplore_interfaces/lib/python3.8/site-packages/xplore_interfaces/srv/_disable_camera.py
[1.240s] -- Up-to-date: /home/evan/Desktop/Xplore/CS_workspace/install/xplore_interfaces/lib/python3.8/site-packages/xplore_interfaces/xplore_interfaces_s__rosidl_typesupport_fastrtps_c.cpython-38-x86_64-linux-gnu.so
[1.240s] -- Up-to-date: /home/evan/Desktop/Xplore/CS_workspace/install/xplore_interfaces/lib/python3.8/site-packages/xplore_interfaces/xplore_interfaces_s__rosidl_typesupport_introspection_c.cpython-38-x86_64-linux-gnu.so
[1.240s] -- Up-to-date: /home/evan/Desktop/Xplore/CS_workspace/install/xplore_interfaces/lib/python3.8/site-packages/xplore_interfaces/xplore_interfaces_s__rosidl_typesupport_c.cpython-38-x86_64-linux-gnu.so
[1.240s] -- Up-to-date: /home/evan/Desktop/Xplore/CS_workspace/install/xplore_interfaces/lib/libxplore_interfaces__python.so
[1.240s] -- Up-to-date: /home/evan/Desktop/Xplore/CS_workspace/install/xplore_interfaces/share/xplore_interfaces/msg/CameraError.idl
[1.240s] -- Up-to-date: /home/evan/Desktop/Xplore/CS_workspace/install/xplore_interfaces/share/xplore_interfaces/srv/DisableCamera.idl
[1.240s] -- Up-to-date: /home/evan/Desktop/Xplore/CS_workspace/install/xplore_interfaces/share/xplore_interfaces/srv/EnableCamera.idl
[1.240s] -- Up-to-date: /home/evan/Desktop/Xplore/CS_workspace/install/xplore_interfaces/share/xplore_interfaces/msg/CameraError.msg
[1.240s] -- Up-to-date: /home/evan/Desktop/Xplore/CS_workspace/install/xplore_interfaces/share/xplore_interfaces/srv/DisableCamera.srv
[1.240s] -- Up-to-date: /home/evan/Desktop/Xplore/CS_workspace/install/xplore_interfaces/share/xplore_interfaces/srv/DisableCamera_Request.msg
[1.240s] -- Up-to-date: /home/evan/Desktop/Xplore/CS_workspace/install/xplore_interfaces/share/xplore_interfaces/srv/DisableCamera_Response.msg
[1.240s] -- Up-to-date: /home/evan/Desktop/Xplore/CS_workspace/install/xplore_interfaces/share/xplore_interfaces/srv/EnableCamera.srv
[1.240s] -- Up-to-date: /home/evan/Desktop/Xplore/CS_workspace/install/xplore_interfaces/share/xplore_interfaces/srv/EnableCamera_Request.msg
[1.240s] -- Up-to-date: /home/evan/Desktop/Xplore/CS_workspace/install/xplore_interfaces/share/xplore_interfaces/srv/EnableCamera_Response.msg
[1.241s] -- Up-to-date: /home/evan/Desktop/Xplore/CS_workspace/install/xplore_interfaces/share/ament_index/resource_index/package_run_dependencies/xplore_interfaces
[1.241s] -- Up-to-date: /home/evan/Desktop/Xplore/CS_workspace/install/xplore_interfaces/share/ament_index/resource_index/parent_prefix_path/xplore_interfaces
[1.241s] -- Up-to-date: /home/evan/Desktop/Xplore/CS_workspace/install/xplore_interfaces/share/xplore_interfaces/environment/ament_prefix_path.sh
[1.241s] -- Up-to-date: /home/evan/Desktop/Xplore/CS_workspace/install/xplore_interfaces/share/xplore_interfaces/environment/ament_prefix_path.dsv
[1.241s] -- Up-to-date: /home/evan/Desktop/Xplore/CS_workspace/install/xplore_interfaces/share/xplore_interfaces/environment/path.sh
[1.241s] -- Up-to-date: /home/evan/Desktop/Xplore/CS_workspace/install/xplore_interfaces/share/xplore_interfaces/environment/path.dsv
[1.241s] -- Up-to-date: /home/evan/Desktop/Xplore/CS_workspace/install/xplore_interfaces/share/xplore_interfaces/local_setup.bash
[1.241s] -- Up-to-date: /home/evan/Desktop/Xplore/CS_workspace/install/xplore_interfaces/share/xplore_interfaces/local_setup.sh
[1.241s] -- Up-to-date: /home/evan/Desktop/Xplore/CS_workspace/install/xplore_interfaces/share/xplore_interfaces/local_setup.zsh
[1.241s] -- Up-to-date: /home/evan/Desktop/Xplore/CS_workspace/install/xplore_interfaces/share/xplore_interfaces/local_setup.dsv
[1.241s] -- Installing: /home/evan/Desktop/Xplore/CS_workspace/install/xplore_interfaces/share/xplore_interfaces/package.dsv
[1.241s] -- Up-to-date: /home/evan/Desktop/Xplore/CS_workspace/install/xplore_interfaces/share/ament_index/resource_index/packages/xplore_interfaces
[1.241s] -- Up-to-date: /home/evan/Desktop/Xplore/CS_workspace/install/xplore_interfaces/share/xplore_interfaces/cmake/xplore_interfaces__rosidl_generator_cExport.cmake
[1.241s] -- Up-to-date: /home/evan/Desktop/Xplore/CS_workspace/install/xplore_interfaces/share/xplore_interfaces/cmake/xplore_interfaces__rosidl_generator_cExport-noconfig.cmake
[1.241s] -- Up-to-date: /home/evan/Desktop/Xplore/CS_workspace/install/xplore_interfaces/share/xplore_interfaces/cmake/xplore_interfaces__rosidl_typesupport_introspection_cExport.cmake
[1.242s] -- Up-to-date: /home/evan/Desktop/Xplore/CS_workspace/install/xplore_interfaces/share/xplore_interfaces/cmake/xplore_interfaces__rosidl_typesupport_introspection_cExport-noconfig.cmake
[1.242s] -- Up-to-date: /home/evan/Desktop/Xplore/CS_workspace/install/xplore_interfaces/share/xplore_interfaces/cmake/xplore_interfaces__rosidl_typesupport_cExport.cmake
[1.242s] -- Up-to-date: /home/evan/Desktop/Xplore/CS_workspace/install/xplore_interfaces/share/xplore_interfaces/cmake/xplore_interfaces__rosidl_typesupport_cExport-noconfig.cmake
[1.242s] -- Up-to-date: /home/evan/Desktop/Xplore/CS_workspace/install/xplore_interfaces/share/xplore_interfaces/cmake/xplore_interfaces__rosidl_generator_cppExport.cmake
[1.242s] -- Up-to-date: /home/evan/Desktop/Xplore/CS_workspace/install/xplore_interfaces/share/xplore_interfaces/cmake/xplore_interfaces__rosidl_typesupport_introspection_cppExport.cmake
[1.242s] -- Up-to-date: /home/evan/Desktop/Xplore/CS_workspace/install/xplore_interfaces/share/xplore_interfaces/cmake/xplore_interfaces__rosidl_typesupport_introspection_cppExport-noconfig.cmake
[1.242s] -- Up-to-date: /home/evan/Desktop/Xplore/CS_workspace/install/xplore_interfaces/share/xplore_interfaces/cmake/xplore_interfaces__rosidl_typesupport_cppExport.cmake
[1.242s] -- Up-to-date: /home/evan/Desktop/Xplore/CS_workspace/install/xplore_interfaces/share/xplore_interfaces/cmake/xplore_interfaces__rosidl_typesupport_cppExport-noconfig.cmake
[1.243s] -- Up-to-date: /home/evan/Desktop/Xplore/CS_workspace/install/xplore_interfaces/share/xplore_interfaces/cmake/rosidl_cmake-extras.cmake
[1.243s] -- Up-to-date: /home/evan/Desktop/Xplore/CS_workspace/install/xplore_interfaces/share/xplore_interfaces/cmake/ament_cmake_export_dependencies-extras.cmake
[1.243s] -- Up-to-date: /home/evan/Desktop/Xplore/CS_workspace/install/xplore_interfaces/share/xplore_interfaces/cmake/ament_cmake_export_libraries-extras.cmake
[1.243s] -- Up-to-date: /home/evan/Desktop/Xplore/CS_workspace/install/xplore_interfaces/share/xplore_interfaces/cmake/ament_cmake_export_targets-extras.cmake
[1.243s] -- Up-to-date: /home/evan/Desktop/Xplore/CS_workspace/install/xplore_interfaces/share/xplore_interfaces/cmake/ament_cmake_export_include_directories-extras.cmake
[1.244s] -- Up-to-date: /home/evan/Desktop/Xplore/CS_workspace/install/xplore_interfaces/share/xplore_interfaces/cmake/rosidl_cmake_export_typesupport_libraries-extras.cmake
[1.244s] -- Up-to-date: /home/evan/Desktop/Xplore/CS_workspace/install/xplore_interfaces/share/xplore_interfaces/cmake/rosidl_cmake_export_typesupport_targets-extras.cmake
[1.244s] -- Up-to-date: /home/evan/Desktop/Xplore/CS_workspace/install/xplore_interfaces/share/xplore_interfaces/cmake/xplore_interfacesConfig.cmake
[1.244s] -- Up-to-date: /home/evan/Desktop/Xplore/CS_workspace/install/xplore_interfaces/share/xplore_interfaces/cmake/xplore_interfacesConfig-version.cmake
[1.244s] -- Up-to-date: /home/evan/Desktop/Xplore/CS_workspace/install/xplore_interfaces/share/xplore_interfaces/package.xml
[1.256s] Invoked command in '/home/evan/Desktop/Xplore/CS_workspace/build/xplore_interfaces' returned '0': CMAKE_PREFIX_PATH=${CMAKE_PREFIX_PATH}:/home/evan/Desktop/Xplore/CS_workspace/install/rover_pkg:/home/evan/Desktop/Xplore/CS_workspace/install/cs_test_pkg:/home/evan/Desktop/Xplore/CS_workspace/install/control_station_pkg:/opt/ros/foxy /usr/local/bin/cmake --install /home/evan/Desktop/Xplore/CS_workspace/build/xplore_interfaces
