[0.233s] Invoking command in '/home/yasmin/CS_workspace/build/xplore_interfaces': CMAKE_PREFIX_PATH=${CMAKE_PREFIX_PATH}:/home/yasmin/CS_workspace/install/rover_pkg:/home/yasmin/CS_workspace/install/cs_test_pkg:/home/yasmin/CS_workspace/install/control_station_pkg:/opt/ros/foxy /usr/bin/cmake --build /home/yasmin/CS_workspace/build/xplore_interfaces -- -j4 -l4
[0.275s] [  2%] Built target xplore_interfaces__cpp
[0.296s] [ 12%] Built target xplore_interfaces__rosidl_typesupport_cpp
[0.303s] [ 23%] Built target xplore_interfaces__rosidl_generator_c
[0.305s] [ 34%] Built target xplore_interfaces__rosidl_typesupport_introspection_cpp
[0.320s] [ 44%] Built target xplore_interfaces__rosidl_typesupport_fastrtps_cpp
[0.323s] [ 55%] Built target xplore_interfaces__rosidl_typesupport_c
[0.326s] [ 65%] Built target xplore_interfaces__rosidl_typesupport_introspection_c
[0.343s] [ 76%] Built target xplore_interfaces__rosidl_typesupport_fastrtps_c
[0.358s] [ 76%] Built target xplore_interfaces
[0.374s] [ 78%] Built target xplore_interfaces__py
[0.394s] [ 87%] Built target xplore_interfaces__python
[0.434s] [ 91%] Built target xplore_interfaces__rosidl_typesupport_c__pyext
[0.435s] [ 95%] Built target xplore_interfaces__rosidl_typesupport_fastrtps_c__pyext
[0.436s] [100%] Built target xplore_interfaces__rosidl_typesupport_introspection_c__pyext
[0.448s] Invoked command in '/home/yasmin/CS_workspace/build/xplore_interfaces' returned '0': CMAKE_PREFIX_PATH=${CMAKE_PREFIX_PATH}:/home/yasmin/CS_workspace/install/rover_pkg:/home/yasmin/CS_workspace/install/cs_test_pkg:/home/yasmin/CS_workspace/install/control_station_pkg:/opt/ros/foxy /usr/bin/cmake --build /home/yasmin/CS_workspace/build/xplore_interfaces -- -j4 -l4
[0.537s] Invoking command in '/home/yasmin/CS_workspace/build/xplore_interfaces': CMAKE_PREFIX_PATH=${CMAKE_PREFIX_PATH}:/home/yasmin/CS_workspace/install/rover_pkg:/home/yasmin/CS_workspace/install/cs_test_pkg:/home/yasmin/CS_workspace/install/control_station_pkg:/opt/ros/foxy /usr/bin/cmake --install /home/yasmin/CS_workspace/build/xplore_interfaces
[0.548s] -- Install configuration: ""
[0.548s] -- Up-to-date: /home/yasmin/CS_workspace/install/xplore_interfaces/share/ament_index/resource_index/rosidl_interfaces/xplore_interfaces
[0.548s] -- Up-to-date: /home/yasmin/CS_workspace/install/xplore_interfaces/include/xplore_interfaces
[0.548s] -- Up-to-date: /home/yasmin/CS_workspace/install/xplore_interfaces/include/xplore_interfaces/msg
[0.548s] -- Up-to-date: /home/yasmin/CS_workspace/install/xplore_interfaces/include/xplore_interfaces/msg/detail
[0.548s] -- Up-to-date: /home/yasmin/CS_workspace/install/xplore_interfaces/include/xplore_interfaces/msg/detail/camera_error__functions.c
[0.548s] -- Up-to-date: /home/yasmin/CS_workspace/install/xplore_interfaces/include/xplore_interfaces/msg/detail/camera_error__struct.h
[0.548s] -- Up-to-date: /home/yasmin/CS_workspace/install/xplore_interfaces/include/xplore_interfaces/msg/detail/camera_error__functions.h
[0.548s] -- Up-to-date: /home/yasmin/CS_workspace/install/xplore_interfaces/include/xplore_interfaces/msg/detail/camera_error__type_support.h
[0.548s] -- Up-to-date: /home/yasmin/CS_workspace/install/xplore_interfaces/include/xplore_interfaces/msg/camera_error.h
[0.548s] -- Up-to-date: /home/yasmin/CS_workspace/install/xplore_interfaces/include/xplore_interfaces/msg/rosidl_generator_c__visibility_control.h
[0.548s] -- Up-to-date: /home/yasmin/CS_workspace/install/xplore_interfaces/include/xplore_interfaces/srv
[0.548s] -- Up-to-date: /home/yasmin/CS_workspace/install/xplore_interfaces/include/xplore_interfaces/srv/detail
[0.549s] -- Up-to-date: /home/yasmin/CS_workspace/install/xplore_interfaces/include/xplore_interfaces/srv/detail/enable_camera__functions.c
[0.549s] -- Up-to-date: /home/yasmin/CS_workspace/install/xplore_interfaces/include/xplore_interfaces/srv/detail/disable_camera__type_support.h
[0.549s] -- Up-to-date: /home/yasmin/CS_workspace/install/xplore_interfaces/include/xplore_interfaces/srv/detail/disable_camera__functions.c
[0.549s] -- Up-to-date: /home/yasmin/CS_workspace/install/xplore_interfaces/include/xplore_interfaces/srv/detail/enable_camera__type_support.h
[0.549s] -- Up-to-date: /home/yasmin/CS_workspace/install/xplore_interfaces/include/xplore_interfaces/srv/detail/disable_camera__functions.h
[0.549s] -- Up-to-date: /home/yasmin/CS_workspace/install/xplore_interfaces/include/xplore_interfaces/srv/detail/disable_camera__struct.h
[0.549s] -- Up-to-date: /home/yasmin/CS_workspace/install/xplore_interfaces/include/xplore_interfaces/srv/detail/enable_camera__struct.h
[0.549s] -- Up-to-date: /home/yasmin/CS_workspace/install/xplore_interfaces/include/xplore_interfaces/srv/detail/enable_camera__functions.h
[0.549s] -- Up-to-date: /home/yasmin/CS_workspace/install/xplore_interfaces/include/xplore_interfaces/srv/enable_camera.h
[0.549s] -- Up-to-date: /home/yasmin/CS_workspace/install/xplore_interfaces/include/xplore_interfaces/srv/disable_camera.h
[0.549s] -- Up-to-date: /home/yasmin/CS_workspace/install/xplore_interfaces/share/xplore_interfaces/environment/library_path.sh
[0.550s] -- Up-to-date: /home/yasmin/CS_workspace/install/xplore_interfaces/share/xplore_interfaces/environment/library_path.dsv
[0.550s] -- Up-to-date: /home/yasmin/CS_workspace/install/xplore_interfaces/lib/libxplore_interfaces__rosidl_generator_c.so
[0.550s] -- Up-to-date: /home/yasmin/CS_workspace/install/xplore_interfaces/include/xplore_interfaces
[0.550s] -- Up-to-date: /home/yasmin/CS_workspace/install/xplore_interfaces/include/xplore_interfaces/msg
[0.550s] -- Up-to-date: /home/yasmin/CS_workspace/install/xplore_interfaces/include/xplore_interfaces/msg/detail
[0.550s] -- Up-to-date: /home/yasmin/CS_workspace/install/xplore_interfaces/include/xplore_interfaces/msg/detail/camera_error__rosidl_typesupport_fastrtps_c.h
[0.550s] -- Up-to-date: /home/yasmin/CS_workspace/install/xplore_interfaces/include/xplore_interfaces/msg/rosidl_typesupport_fastrtps_c__visibility_control.h
[0.550s] -- Up-to-date: /home/yasmin/CS_workspace/install/xplore_interfaces/include/xplore_interfaces/srv
[0.550s] -- Up-to-date: /home/yasmin/CS_workspace/install/xplore_interfaces/include/xplore_interfaces/srv/detail
[0.550s] -- Up-to-date: /home/yasmin/CS_workspace/install/xplore_interfaces/include/xplore_interfaces/srv/detail/enable_camera__rosidl_typesupport_fastrtps_c.h
[0.550s] -- Up-to-date: /home/yasmin/CS_workspace/install/xplore_interfaces/include/xplore_interfaces/srv/detail/disable_camera__rosidl_typesupport_fastrtps_c.h
[0.550s] -- Up-to-date: /home/yasmin/CS_workspace/install/xplore_interfaces/lib/libxplore_interfaces__rosidl_typesupport_fastrtps_c.so
[0.550s] -- Up-to-date: /home/yasmin/CS_workspace/install/xplore_interfaces/include/xplore_interfaces
[0.550s] -- Up-to-date: /home/yasmin/CS_workspace/install/xplore_interfaces/include/xplore_interfaces/msg
[0.550s] -- Up-to-date: /home/yasmin/CS_workspace/install/xplore_interfaces/include/xplore_interfaces/msg/detail
[0.550s] -- Up-to-date: /home/yasmin/CS_workspace/install/xplore_interfaces/include/xplore_interfaces/msg/detail/camera_error__rosidl_typesupport_fastrtps_cpp.hpp
[0.550s] -- Up-to-date: /home/yasmin/CS_workspace/install/xplore_interfaces/include/xplore_interfaces/msg/detail/dds_fastrtps
[0.550s] -- Up-to-date: /home/yasmin/CS_workspace/install/xplore_interfaces/include/xplore_interfaces/msg/rosidl_typesupport_fastrtps_cpp__visibility_control.h
[0.550s] -- Up-to-date: /home/yasmin/CS_workspace/install/xplore_interfaces/include/xplore_interfaces/srv
[0.550s] -- Up-to-date: /home/yasmin/CS_workspace/install/xplore_interfaces/include/xplore_interfaces/srv/detail
[0.550s] -- Up-to-date: /home/yasmin/CS_workspace/install/xplore_interfaces/include/xplore_interfaces/srv/detail/disable_camera__rosidl_typesupport_fastrtps_cpp.hpp
[0.550s] -- Up-to-date: /home/yasmin/CS_workspace/install/xplore_interfaces/include/xplore_interfaces/srv/detail/enable_camera__rosidl_typesupport_fastrtps_cpp.hpp
[0.550s] -- Up-to-date: /home/yasmin/CS_workspace/install/xplore_interfaces/include/xplore_interfaces/srv/detail/dds_fastrtps
[0.550s] -- Up-to-date: /home/yasmin/CS_workspace/install/xplore_interfaces/lib/libxplore_interfaces__rosidl_typesupport_fastrtps_cpp.so
[0.550s] -- Up-to-date: /home/yasmin/CS_workspace/install/xplore_interfaces/include/xplore_interfaces
[0.550s] -- Up-to-date: /home/yasmin/CS_workspace/install/xplore_interfaces/include/xplore_interfaces/msg
[0.550s] -- Up-to-date: /home/yasmin/CS_workspace/install/xplore_interfaces/include/xplore_interfaces/msg/detail
[0.550s] -- Up-to-date: /home/yasmin/CS_workspace/install/xplore_interfaces/include/xplore_interfaces/msg/detail/camera_error__rosidl_typesupport_introspection_c.h
[0.550s] -- Up-to-date: /home/yasmin/CS_workspace/install/xplore_interfaces/include/xplore_interfaces/msg/detail/camera_error__type_support.c
[0.551s] -- Up-to-date: /home/yasmin/CS_workspace/install/xplore_interfaces/include/xplore_interfaces/msg/rosidl_typesupport_introspection_c__visibility_control.h
[0.551s] -- Up-to-date: /home/yasmin/CS_workspace/install/xplore_interfaces/include/xplore_interfaces/srv
[0.551s] -- Up-to-date: /home/yasmin/CS_workspace/install/xplore_interfaces/include/xplore_interfaces/srv/detail
[0.551s] -- Up-to-date: /home/yasmin/CS_workspace/install/xplore_interfaces/include/xplore_interfaces/srv/detail/disable_camera__rosidl_typesupport_introspection_c.h
[0.551s] -- Up-to-date: /home/yasmin/CS_workspace/install/xplore_interfaces/include/xplore_interfaces/srv/detail/enable_camera__rosidl_typesupport_introspection_c.h
[0.551s] -- Up-to-date: /home/yasmin/CS_workspace/install/xplore_interfaces/include/xplore_interfaces/srv/detail/enable_camera__type_support.c
[0.551s] -- Up-to-date: /home/yasmin/CS_workspace/install/xplore_interfaces/include/xplore_interfaces/srv/detail/disable_camera__type_support.c
[0.551s] -- Up-to-date: /home/yasmin/CS_workspace/install/xplore_interfaces/lib/libxplore_interfaces__rosidl_typesupport_introspection_c.so
[0.551s] -- Up-to-date: /home/yasmin/CS_workspace/install/xplore_interfaces/lib/libxplore_interfaces__rosidl_typesupport_c.so
[0.551s] -- Up-to-date: /home/yasmin/CS_workspace/install/xplore_interfaces/include/xplore_interfaces
[0.551s] -- Up-to-date: /home/yasmin/CS_workspace/install/xplore_interfaces/include/xplore_interfaces/msg
[0.551s] -- Up-to-date: /home/yasmin/CS_workspace/install/xplore_interfaces/include/xplore_interfaces/msg/detail
[0.551s] -- Up-to-date: /home/yasmin/CS_workspace/install/xplore_interfaces/include/xplore_interfaces/msg/detail/camera_error__traits.hpp
[0.551s] -- Up-to-date: /home/yasmin/CS_workspace/install/xplore_interfaces/include/xplore_interfaces/msg/detail/camera_error__struct.hpp
[0.551s] -- Up-to-date: /home/yasmin/CS_workspace/install/xplore_interfaces/include/xplore_interfaces/msg/detail/camera_error__builder.hpp
[0.551s] -- Up-to-date: /home/yasmin/CS_workspace/install/xplore_interfaces/include/xplore_interfaces/msg/camera_error.hpp
[0.551s] -- Up-to-date: /home/yasmin/CS_workspace/install/xplore_interfaces/include/xplore_interfaces/srv
[0.551s] -- Up-to-date: /home/yasmin/CS_workspace/install/xplore_interfaces/include/xplore_interfaces/srv/enable_camera.hpp
[0.551s] -- Up-to-date: /home/yasmin/CS_workspace/install/xplore_interfaces/include/xplore_interfaces/srv/detail
[0.551s] -- Up-to-date: /home/yasmin/CS_workspace/install/xplore_interfaces/include/xplore_interfaces/srv/detail/disable_camera__builder.hpp
[0.551s] -- Up-to-date: /home/yasmin/CS_workspace/install/xplore_interfaces/include/xplore_interfaces/srv/detail/enable_camera__builder.hpp
[0.551s] -- Up-to-date: /home/yasmin/CS_workspace/install/xplore_interfaces/include/xplore_interfaces/srv/detail/enable_camera__struct.hpp
[0.551s] -- Up-to-date: /home/yasmin/CS_workspace/install/xplore_interfaces/include/xplore_interfaces/srv/detail/disable_camera__traits.hpp
[0.551s] -- Up-to-date: /home/yasmin/CS_workspace/install/xplore_interfaces/include/xplore_interfaces/srv/detail/enable_camera__traits.hpp
[0.551s] -- Up-to-date: /home/yasmin/CS_workspace/install/xplore_interfaces/include/xplore_interfaces/srv/detail/disable_camera__struct.hpp
[0.551s] -- Up-to-date: /home/yasmin/CS_workspace/install/xplore_interfaces/include/xplore_interfaces/srv/disable_camera.hpp
[0.551s] -- Up-to-date: /home/yasmin/CS_workspace/install/xplore_interfaces/include/xplore_interfaces
[0.551s] -- Up-to-date: /home/yasmin/CS_workspace/install/xplore_interfaces/include/xplore_interfaces/msg
[0.551s] -- Up-to-date: /home/yasmin/CS_workspace/install/xplore_interfaces/include/xplore_interfaces/msg/detail
[0.551s] -- Up-to-date: /home/yasmin/CS_workspace/install/xplore_interfaces/include/xplore_interfaces/msg/detail/camera_error__type_support.cpp
[0.551s] -- Up-to-date: /home/yasmin/CS_workspace/install/xplore_interfaces/include/xplore_interfaces/msg/detail/camera_error__rosidl_typesupport_introspection_cpp.hpp
[0.551s] -- Up-to-date: /home/yasmin/CS_workspace/install/xplore_interfaces/include/xplore_interfaces/srv
[0.551s] -- Up-to-date: /home/yasmin/CS_workspace/install/xplore_interfaces/include/xplore_interfaces/srv/detail
[0.551s] -- Up-to-date: /home/yasmin/CS_workspace/install/xplore_interfaces/include/xplore_interfaces/srv/detail/disable_camera__type_support.cpp
[0.551s] -- Up-to-date: /home/yasmin/CS_workspace/install/xplore_interfaces/include/xplore_interfaces/srv/detail/enable_camera__rosidl_typesupport_introspection_cpp.hpp
[0.551s] -- Up-to-date: /home/yasmin/CS_workspace/install/xplore_interfaces/include/xplore_interfaces/srv/detail/enable_camera__type_support.cpp
[0.552s] -- Up-to-date: /home/yasmin/CS_workspace/install/xplore_interfaces/include/xplore_interfaces/srv/detail/disable_camera__rosidl_typesupport_introspection_cpp.hpp
[0.552s] -- Up-to-date: /home/yasmin/CS_workspace/install/xplore_interfaces/lib/libxplore_interfaces__rosidl_typesupport_introspection_cpp.so
[0.552s] -- Up-to-date: /home/yasmin/CS_workspace/install/xplore_interfaces/lib/libxplore_interfaces__rosidl_typesupport_cpp.so
[0.552s] -- Up-to-date: /home/yasmin/CS_workspace/install/xplore_interfaces/share/xplore_interfaces/environment/pythonpath.sh
[0.552s] -- Up-to-date: /home/yasmin/CS_workspace/install/xplore_interfaces/share/xplore_interfaces/environment/pythonpath.dsv
[0.552s] -- Up-to-date: /home/yasmin/CS_workspace/install/xplore_interfaces/lib/python3.8/site-packages/xplore_interfaces/__init__.py
[0.580s] -- Up-to-date: /home/yasmin/CS_workspace/install/xplore_interfaces/lib/python3.8/site-packages/xplore_interfaces/msg
[0.580s] -- Up-to-date: /home/yasmin/CS_workspace/install/xplore_interfaces/lib/python3.8/site-packages/xplore_interfaces/msg/_camera_error.py
[0.580s] -- Up-to-date: /home/yasmin/CS_workspace/install/xplore_interfaces/lib/python3.8/site-packages/xplore_interfaces/msg/_camera_error_s.c
[0.583s] -- Up-to-date: /home/yasmin/CS_workspace/install/xplore_interfaces/lib/python3.8/site-packages/xplore_interfaces/msg/__init__.py
[0.583s] -- Up-to-date: /home/yasmin/CS_workspace/install/xplore_interfaces/lib/python3.8/site-packages/xplore_interfaces/srv
[0.583s] -- Up-to-date: /home/yasmin/CS_workspace/install/xplore_interfaces/lib/python3.8/site-packages/xplore_interfaces/srv/_enable_camera_s.c
[0.584s] -- Up-to-date: /home/yasmin/CS_workspace/install/xplore_interfaces/lib/python3.8/site-packages/xplore_interfaces/srv/_enable_camera.py
[0.584s] -- Up-to-date: /home/yasmin/CS_workspace/install/xplore_interfaces/lib/python3.8/site-packages/xplore_interfaces/srv/_disable_camera_s.c
[0.584s] -- Up-to-date: /home/yasmin/CS_workspace/install/xplore_interfaces/lib/python3.8/site-packages/xplore_interfaces/srv/_disable_camera.py
[0.584s] -- Up-to-date: /home/yasmin/CS_workspace/install/xplore_interfaces/lib/python3.8/site-packages/xplore_interfaces/srv/__init__.py
[0.584s] -- Up-to-date: /home/yasmin/CS_workspace/install/xplore_interfaces/lib/python3.8/site-packages/xplore_interfaces/xplore_interfaces_s__rosidl_typesupport_fastrtps_c.cpython-38-aarch64-linux-gnu.so
[0.584s] -- Up-to-date: /home/yasmin/CS_workspace/install/xplore_interfaces/lib/python3.8/site-packages/xplore_interfaces/xplore_interfaces_s__rosidl_typesupport_introspection_c.cpython-38-aarch64-linux-gnu.so
[0.584s] -- Up-to-date: /home/yasmin/CS_workspace/install/xplore_interfaces/lib/python3.8/site-packages/xplore_interfaces/xplore_interfaces_s__rosidl_typesupport_c.cpython-38-aarch64-linux-gnu.so
[0.584s] -- Up-to-date: /home/yasmin/CS_workspace/install/xplore_interfaces/lib/libxplore_interfaces__python.so
[0.584s] -- Up-to-date: /home/yasmin/CS_workspace/install/xplore_interfaces/share/xplore_interfaces/msg/CameraError.idl
[0.584s] -- Up-to-date: /home/yasmin/CS_workspace/install/xplore_interfaces/share/xplore_interfaces/srv/DisableCamera.idl
[0.584s] -- Up-to-date: /home/yasmin/CS_workspace/install/xplore_interfaces/share/xplore_interfaces/srv/EnableCamera.idl
[0.584s] -- Up-to-date: /home/yasmin/CS_workspace/install/xplore_interfaces/share/xplore_interfaces/msg/CameraError.msg
[0.584s] -- Up-to-date: /home/yasmin/CS_workspace/install/xplore_interfaces/share/xplore_interfaces/srv/DisableCamera.srv
[0.584s] -- Up-to-date: /home/yasmin/CS_workspace/install/xplore_interfaces/share/xplore_interfaces/srv/DisableCamera_Request.msg
[0.584s] -- Up-to-date: /home/yasmin/CS_workspace/install/xplore_interfaces/share/xplore_interfaces/srv/DisableCamera_Response.msg
[0.584s] -- Up-to-date: /home/yasmin/CS_workspace/install/xplore_interfaces/share/xplore_interfaces/srv/EnableCamera.srv
[0.584s] -- Up-to-date: /home/yasmin/CS_workspace/install/xplore_interfaces/share/xplore_interfaces/srv/EnableCamera_Request.msg
[0.584s] -- Up-to-date: /home/yasmin/CS_workspace/install/xplore_interfaces/share/xplore_interfaces/srv/EnableCamera_Response.msg
[0.585s] -- Up-to-date: /home/yasmin/CS_workspace/install/xplore_interfaces/share/ament_index/resource_index/package_run_dependencies/xplore_interfaces
[0.585s] -- Up-to-date: /home/yasmin/CS_workspace/install/xplore_interfaces/share/ament_index/resource_index/parent_prefix_path/xplore_interfaces
[0.585s] -- Up-to-date: /home/yasmin/CS_workspace/install/xplore_interfaces/share/xplore_interfaces/environment/ament_prefix_path.sh
[0.585s] -- Up-to-date: /home/yasmin/CS_workspace/install/xplore_interfaces/share/xplore_interfaces/environment/ament_prefix_path.dsv
[0.585s] -- Up-to-date: /home/yasmin/CS_workspace/install/xplore_interfaces/share/xplore_interfaces/environment/path.sh
[0.587s] -- Up-to-date: /home/yasmin/CS_workspace/install/xplore_interfaces/share/xplore_interfaces/environment/path.dsv
[0.587s] -- Up-to-date: /home/yasmin/CS_workspace/install/xplore_interfaces/share/xplore_interfaces/local_setup.bash
[0.587s] -- Up-to-date: /home/yasmin/CS_workspace/install/xplore_interfaces/share/xplore_interfaces/local_setup.sh
[0.587s] -- Up-to-date: /home/yasmin/CS_workspace/install/xplore_interfaces/share/xplore_interfaces/local_setup.zsh
[0.587s] -- Up-to-date: /home/yasmin/CS_workspace/install/xplore_interfaces/share/xplore_interfaces/local_setup.dsv
[0.587s] -- Installing: /home/yasmin/CS_workspace/install/xplore_interfaces/share/xplore_interfaces/package.dsv
[0.587s] -- Up-to-date: /home/yasmin/CS_workspace/install/xplore_interfaces/share/ament_index/resource_index/packages/xplore_interfaces
[0.587s] -- Up-to-date: /home/yasmin/CS_workspace/install/xplore_interfaces/share/xplore_interfaces/cmake/xplore_interfaces__rosidl_generator_cExport.cmake
[0.588s] -- Up-to-date: /home/yasmin/CS_workspace/install/xplore_interfaces/share/xplore_interfaces/cmake/xplore_interfaces__rosidl_generator_cExport-noconfig.cmake
[0.588s] -- Up-to-date: /home/yasmin/CS_workspace/install/xplore_interfaces/share/xplore_interfaces/cmake/xplore_interfaces__rosidl_typesupport_introspection_cExport.cmake
[0.588s] -- Up-to-date: /home/yasmin/CS_workspace/install/xplore_interfaces/share/xplore_interfaces/cmake/xplore_interfaces__rosidl_typesupport_introspection_cExport-noconfig.cmake
[0.588s] -- Up-to-date: /home/yasmin/CS_workspace/install/xplore_interfaces/share/xplore_interfaces/cmake/xplore_interfaces__rosidl_typesupport_cExport.cmake
[0.588s] -- Up-to-date: /home/yasmin/CS_workspace/install/xplore_interfaces/share/xplore_interfaces/cmake/xplore_interfaces__rosidl_typesupport_cExport-noconfig.cmake
[0.588s] -- Up-to-date: /home/yasmin/CS_workspace/install/xplore_interfaces/share/xplore_interfaces/cmake/xplore_interfaces__rosidl_generator_cppExport.cmake
[0.588s] -- Up-to-date: /home/yasmin/CS_workspace/install/xplore_interfaces/share/xplore_interfaces/cmake/xplore_interfaces__rosidl_typesupport_introspection_cppExport.cmake
[0.588s] -- Up-to-date: /home/yasmin/CS_workspace/install/xplore_interfaces/share/xplore_interfaces/cmake/xplore_interfaces__rosidl_typesupport_introspection_cppExport-noconfig.cmake
[0.588s] -- Up-to-date: /home/yasmin/CS_workspace/install/xplore_interfaces/share/xplore_interfaces/cmake/xplore_interfaces__rosidl_typesupport_cppExport.cmake
[0.588s] -- Up-to-date: /home/yasmin/CS_workspace/install/xplore_interfaces/share/xplore_interfaces/cmake/xplore_interfaces__rosidl_typesupport_cppExport-noconfig.cmake
[0.588s] -- Up-to-date: /home/yasmin/CS_workspace/install/xplore_interfaces/share/xplore_interfaces/cmake/rosidl_cmake-extras.cmake
[0.588s] -- Up-to-date: /home/yasmin/CS_workspace/install/xplore_interfaces/share/xplore_interfaces/cmake/ament_cmake_export_dependencies-extras.cmake
[0.588s] -- Up-to-date: /home/yasmin/CS_workspace/install/xplore_interfaces/share/xplore_interfaces/cmake/ament_cmake_export_libraries-extras.cmake
[0.588s] -- Up-to-date: /home/yasmin/CS_workspace/install/xplore_interfaces/share/xplore_interfaces/cmake/ament_cmake_export_targets-extras.cmake
[0.588s] -- Up-to-date: /home/yasmin/CS_workspace/install/xplore_interfaces/share/xplore_interfaces/cmake/ament_cmake_export_include_directories-extras.cmake
[0.588s] -- Up-to-date: /home/yasmin/CS_workspace/install/xplore_interfaces/share/xplore_interfaces/cmake/rosidl_cmake_export_typesupport_libraries-extras.cmake
[0.588s] -- Up-to-date: /home/yasmin/CS_workspace/install/xplore_interfaces/share/xplore_interfaces/cmake/rosidl_cmake_export_typesupport_targets-extras.cmake
[0.588s] -- Up-to-date: /home/yasmin/CS_workspace/install/xplore_interfaces/share/xplore_interfaces/cmake/xplore_interfacesConfig.cmake
[0.588s] -- Up-to-date: /home/yasmin/CS_workspace/install/xplore_interfaces/share/xplore_interfaces/cmake/xplore_interfacesConfig-version.cmake
[0.588s] -- Up-to-date: /home/yasmin/CS_workspace/install/xplore_interfaces/share/xplore_interfaces/package.xml
[0.588s] Invoked command in '/home/yasmin/CS_workspace/build/xplore_interfaces' returned '0': CMAKE_PREFIX_PATH=${CMAKE_PREFIX_PATH}:/home/yasmin/CS_workspace/install/rover_pkg:/home/yasmin/CS_workspace/install/cs_test_pkg:/home/yasmin/CS_workspace/install/control_station_pkg:/opt/ros/foxy /usr/bin/cmake --install /home/yasmin/CS_workspace/build/xplore_interfaces
