[0.725s] Invoking command in '/home/evan/Desktop/Xplore/CS_workspace/build/xplore_interfaces': CMAKE_PREFIX_PATH=/opt/ros/foxy /usr/local/bin/cmake /home/evan/Desktop/Xplore/CS_workspace/cs_ws/src/xplore_interfaces -DCMAKE_INSTALL_PREFIX=/home/evan/Desktop/Xplore/CS_workspace/install/xplore_interfaces
[0.785s] -- The C compiler identification is GNU 9.4.0
[0.862s] -- The CXX compiler identification is GNU 9.4.0
[0.876s] -- Detecting C compiler ABI info
[0.970s] -- Detecting C compiler ABI info - done
[0.997s] -- Check for working C compiler: /usr/bin/cc - skipped
[0.997s] -- Detecting C compile features
[0.997s] -- Detecting C compile features - done
[1.002s] -- Detecting CXX compiler ABI info
[1.111s] -- Detecting CXX compiler ABI info - done
[1.134s] -- Check for working CXX compiler: /usr/bin/c++ - skipped
[1.134s] -- Detecting CXX compile features
[1.135s] -- Detecting CXX compile features - done
[1.139s] -- Found ament_cmake: 0.9.11 (/opt/ros/foxy/share/ament_cmake/cmake)
[1.180s] -- Found PythonInterp: /usr/bin/python3 (found suitable version "3.8.10", minimum required is "3") 
[1.180s] -- Using PYTHON_EXECUTABLE: /usr/bin/python3
[1.435s] -- Found ament_lint_auto: 0.9.8 (/opt/ros/foxy/share/ament_lint_auto/cmake)
[1.521s] -- Found rosidl_default_generators: 1.0.1 (/opt/ros/foxy/share/rosidl_default_generators/cmake)
[1.525s] -- Using all available rosidl_typesupport_c: rosidl_typesupport_fastrtps_c;rosidl_typesupport_introspection_c
[1.533s] -- Found rosidl_adapter: 1.3.0 (/opt/ros/foxy/share/rosidl_adapter/cmake)
[1.698s] -- Found OpenSSL: /usr/lib/x86_64-linux-gnu/libcrypto.so (found version "1.1.1f")  
[1.736s] -- Found FastRTPS: /opt/ros/foxy/include  
[1.827s] -- Using all available rosidl_typesupport_cpp: rosidl_typesupport_fastrtps_cpp;rosidl_typesupport_introspection_cpp
[1.881s] -- Found PythonInterp: /usr/bin/python3 (found version "3.8.10") 
[1.973s] -- Found ament_cmake_ros: 0.9.2 (/opt/ros/foxy/share/ament_cmake_ros/cmake)
[2.097s] -- Using all available rosidl_typesupport_c: rosidl_typesupport_fastrtps_c;rosidl_typesupport_introspection_c
[2.104s] -- Using all available rosidl_typesupport_cpp: rosidl_typesupport_fastrtps_cpp;rosidl_typesupport_introspection_cpp
[2.134s] -- Found PythonInterp: /usr/bin/python3 (found suitable version "3.8.10", minimum required is "3.5") 
[2.136s] -- Found python_cmake_module: 0.8.1 (/opt/ros/foxy/share/python_cmake_module/cmake)
[2.172s] -- Found PythonLibs: /usr/lib/x86_64-linux-gnu/libpython3.8.so (found suitable version "3.8.10", minimum required is "3.5") 
[2.174s] -- Using PYTHON_EXECUTABLE: /usr/bin/python3
[2.174s] -- Using PYTHON_INCLUDE_DIRS: /usr/include/python3.8
[2.175s] -- Using PYTHON_LIBRARIES: /usr/lib/x86_64-linux-gnu/libpython3.8.so
[2.203s] -- Found PythonExtra: .so  
[2.256s] -- Added test 'copyright' to check source files copyright and LICENSE
[2.259s] -- Added test 'lint_cmake' to check CMake code style
[2.261s] -- Added test 'xmllint' to check XML markup files
[2.268s] -- Configuring done (1.5s)
[2.314s] -- Generating done (0.0s)
[2.317s] -- Build files have been written to: /home/evan/Desktop/Xplore/CS_workspace/build/xplore_interfaces
[2.325s] Invoked command in '/home/evan/Desktop/Xplore/CS_workspace/build/xplore_interfaces' returned '0': CMAKE_PREFIX_PATH=/opt/ros/foxy /usr/local/bin/cmake /home/evan/Desktop/Xplore/CS_workspace/cs_ws/src/xplore_interfaces -DCMAKE_INSTALL_PREFIX=/home/evan/Desktop/Xplore/CS_workspace/install/xplore_interfaces
[2.328s] Invoking command in '/home/evan/Desktop/Xplore/CS_workspace/build/xplore_interfaces': CMAKE_PREFIX_PATH=/opt/ros/foxy /usr/local/bin/cmake --build /home/evan/Desktop/Xplore/CS_workspace/build/xplore_interfaces -- -j4 -l4
[2.350s] [  2%] [34m[1mGenerating C code for ROS interfaces[0m
[2.356s] [  4%] [34m[1mGenerating C++ code for ROS interfaces[0m
[2.718s] [  4%] Built target xplore_interfaces__cpp
[2.726s] [  6%] [34m[1mGenerating C++ type support dispatch for ROS interfaces[0m
[2.730s] [  8%] [34m[1mGenerating C++ type support for eProsima Fast-RTPS[0m
[2.735s] [ 10%] [34m[1mGenerating C++ introspection for ROS interfaces[0m
[2.886s] [ 12%] [32mBuilding C object CMakeFiles/xplore_interfaces__rosidl_generator_c.dir/rosidl_generator_c/xplore_interfaces/msg/detail/camera_error__functions.c.o[0m
[3.006s] [ 14%] [32mBuilding C object CMakeFiles/xplore_interfaces__rosidl_generator_c.dir/rosidl_generator_c/xplore_interfaces/srv/detail/disable_camera__functions.c.o[0m
[3.120s] [ 17%] [32mBuilding C object CMakeFiles/xplore_interfaces__rosidl_generator_c.dir/rosidl_generator_c/xplore_interfaces/srv/detail/enable_camera__functions.c.o[0m
[3.176s] [ 19%] [32mBuilding CXX object CMakeFiles/xplore_interfaces__rosidl_typesupport_cpp.dir/rosidl_typesupport_cpp/xplore_interfaces/msg/camera_error__type_support.cpp.o[0m
[3.192s] [ 21%] [32m[1mLinking C shared library libxplore_interfaces__rosidl_generator_c.so[0m
[3.235s] [ 21%] Built target xplore_interfaces__rosidl_generator_c
[3.241s] [ 23%] [32mBuilding CXX object CMakeFiles/xplore_interfaces__rosidl_typesupport_introspection_cpp.dir/rosidl_typesupport_introspection_cpp/xplore_interfaces/msg/detail/camera_error__type_support.cpp.o[0m
[3.253s] [ 25%] [32mBuilding CXX object CMakeFiles/xplore_interfaces__rosidl_typesupport_cpp.dir/rosidl_typesupport_cpp/xplore_interfaces/srv/disable_camera__type_support.cpp.o[0m
[3.336s] [ 27%] [32mBuilding CXX object CMakeFiles/xplore_interfaces__rosidl_typesupport_fastrtps_cpp.dir/rosidl_typesupport_fastrtps_cpp/xplore_interfaces/msg/detail/dds_fastrtps/camera_error__type_support.cpp.o[0m
[3.555s] [ 29%] [34m[1mGenerating C introspection for ROS interfaces[0m
[3.694s] [ 31%] [32mBuilding CXX object CMakeFiles/xplore_interfaces__rosidl_typesupport_introspection_cpp.dir/rosidl_typesupport_introspection_cpp/xplore_interfaces/srv/detail/disable_camera__type_support.cpp.o[0m
[3.708s] [ 34%] [32mBuilding CXX object CMakeFiles/xplore_interfaces__rosidl_typesupport_cpp.dir/rosidl_typesupport_cpp/xplore_interfaces/srv/enable_camera__type_support.cpp.o[0m
[4.015s] [ 36%] [32mBuilding C object CMakeFiles/xplore_interfaces__rosidl_typesupport_introspection_c.dir/rosidl_typesupport_introspection_c/xplore_interfaces/msg/detail/camera_error__type_support.c.o[0m
[4.051s] [ 38%] [32mBuilding C object CMakeFiles/xplore_interfaces__rosidl_typesupport_introspection_c.dir/rosidl_typesupport_introspection_c/xplore_interfaces/srv/detail/disable_camera__type_support.c.o[0m
[4.075s] [ 40%] [32m[1mLinking CXX shared library libxplore_interfaces__rosidl_typesupport_cpp.so[0m
[4.078s] [ 42%] [32mBuilding CXX object CMakeFiles/xplore_interfaces__rosidl_typesupport_fastrtps_cpp.dir/rosidl_typesupport_fastrtps_cpp/xplore_interfaces/srv/detail/dds_fastrtps/disable_camera__type_support.cpp.o[0m
[4.092s] [ 44%] [32mBuilding C object CMakeFiles/xplore_interfaces__rosidl_typesupport_introspection_c.dir/rosidl_typesupport_introspection_c/xplore_interfaces/srv/detail/enable_camera__type_support.c.o[0m
[4.109s] [ 46%] [32mBuilding CXX object CMakeFiles/xplore_interfaces__rosidl_typesupport_introspection_cpp.dir/rosidl_typesupport_introspection_cpp/xplore_interfaces/srv/detail/enable_camera__type_support.cpp.o[0m
[4.115s] [ 46%] Built target xplore_interfaces__rosidl_typesupport_cpp
[4.131s] [ 48%] [34m[1mGenerating C type support dispatch for ROS interfaces[0m
[4.137s] [ 51%] [32m[1mLinking C shared library libxplore_interfaces__rosidl_typesupport_introspection_c.so[0m
[4.160s] [ 51%] Built target xplore_interfaces__rosidl_typesupport_introspection_c
[4.165s] [ 53%] [32mBuilding CXX object CMakeFiles/xplore_interfaces__rosidl_typesupport_fastrtps_cpp.dir/rosidl_typesupport_fastrtps_cpp/xplore_interfaces/srv/detail/dds_fastrtps/enable_camera__type_support.cpp.o[0m
[4.459s] [ 55%] [32m[1mLinking CXX shared library libxplore_interfaces__rosidl_typesupport_introspection_cpp.so[0m
[4.544s] [ 55%] Built target xplore_interfaces__rosidl_typesupport_introspection_cpp
[4.551s] [ 57%] [32mBuilding CXX object CMakeFiles/xplore_interfaces__rosidl_typesupport_c.dir/rosidl_typesupport_c/xplore_interfaces/srv/disable_camera__type_support.cpp.o[0m
[4.561s] [ 59%] [32mBuilding CXX object CMakeFiles/xplore_interfaces__rosidl_typesupport_c.dir/rosidl_typesupport_c/xplore_interfaces/msg/camera_error__type_support.cpp.o[0m
[4.642s] [ 61%] [32mBuilding CXX object CMakeFiles/xplore_interfaces__rosidl_typesupport_c.dir/rosidl_typesupport_c/xplore_interfaces/srv/enable_camera__type_support.cpp.o[0m
[4.682s] [ 63%] [32m[1mLinking CXX shared library libxplore_interfaces__rosidl_typesupport_c.so[0m
[4.717s] [ 63%] Built target xplore_interfaces__rosidl_typesupport_c
[4.801s] [ 65%] [32m[1mLinking CXX shared library libxplore_interfaces__rosidl_typesupport_fastrtps_cpp.so[0m
[4.913s] [ 65%] Built target xplore_interfaces__rosidl_typesupport_fastrtps_cpp
[4.920s] [ 68%] [34m[1mGenerating C type support for eProsima Fast-RTPS[0m
[5.225s] [ 72%] [32mBuilding CXX object CMakeFiles/xplore_interfaces__rosidl_typesupport_fastrtps_c.dir/rosidl_typesupport_fastrtps_c/xplore_interfaces/srv/detail/disable_camera__type_support_c.cpp.o[0m
[5.225s] [ 74%] [32mBuilding CXX object CMakeFiles/xplore_interfaces__rosidl_typesupport_fastrtps_c.dir/rosidl_typesupport_fastrtps_c/xplore_interfaces/srv/detail/enable_camera__type_support_c.cpp.o[0m
[5.225s] [ 74%] [32mBuilding CXX object CMakeFiles/xplore_interfaces__rosidl_typesupport_fastrtps_c.dir/rosidl_typesupport_fastrtps_c/xplore_interfaces/msg/detail/camera_error__type_support_c.cpp.o[0m
[5.608s] [ 76%] [32m[1mLinking CXX shared library libxplore_interfaces__rosidl_typesupport_fastrtps_c.so[0m
[5.692s] [ 76%] Built target xplore_interfaces__rosidl_typesupport_fastrtps_c
[5.702s] [ 76%] Built target xplore_interfaces
[5.712s] [ 78%] [34m[1mGenerating Python code for ROS interfaces[0m
[6.324s] [ 78%] Built target xplore_interfaces__py
[6.334s] [ 85%] [32mBuilding C object CMakeFiles/xplore_interfaces__python.dir/rosidl_generator_py/xplore_interfaces/srv/_disable_camera_s.c.o[0m
[6.334s] [ 85%] [32mBuilding C object CMakeFiles/xplore_interfaces__python.dir/rosidl_generator_py/xplore_interfaces/msg/_camera_error_s.c.o[0m
[6.335s] [ 85%] [32mBuilding C object CMakeFiles/xplore_interfaces__python.dir/rosidl_generator_py/xplore_interfaces/srv/_enable_camera_s.c.o[0m
[6.443s] [ 87%] [32m[1mLinking C shared library rosidl_generator_py/xplore_interfaces/libxplore_interfaces__python.so[0m
[6.473s] [ 87%] Built target xplore_interfaces__python
[6.485s] [ 93%] [32mBuilding C object CMakeFiles/xplore_interfaces__rosidl_typesupport_introspection_c__pyext.dir/rosidl_generator_py/xplore_interfaces/_xplore_interfaces_s.ep.rosidl_typesupport_introspection_c.c.o[0m
[6.485s] [ 93%] [32mBuilding C object CMakeFiles/xplore_interfaces__rosidl_typesupport_fastrtps_c__pyext.dir/rosidl_generator_py/xplore_interfaces/_xplore_interfaces_s.ep.rosidl_typesupport_fastrtps_c.c.o[0m
[6.485s] [ 93%] [32mBuilding C object CMakeFiles/xplore_interfaces__rosidl_typesupport_c__pyext.dir/rosidl_generator_py/xplore_interfaces/_xplore_interfaces_s.ep.rosidl_typesupport_c.c.o[0m
[6.580s] [ 95%] [32m[1mLinking C shared library rosidl_generator_py/xplore_interfaces/xplore_interfaces_s__rosidl_typesupport_c.cpython-38-x86_64-linux-gnu.so[0m
[6.582s] [ 97%] [32m[1mLinking C shared library rosidl_generator_py/xplore_interfaces/xplore_interfaces_s__rosidl_typesupport_introspection_c.cpython-38-x86_64-linux-gnu.so[0m
[6.582s] [100%] [32m[1mLinking CXX shared library rosidl_generator_py/xplore_interfaces/xplore_interfaces_s__rosidl_typesupport_fastrtps_c.cpython-38-x86_64-linux-gnu.so[0m
[6.607s] [100%] Built target xplore_interfaces__rosidl_typesupport_c__pyext
[6.614s] [100%] Built target xplore_interfaces__rosidl_typesupport_introspection_c__pyext
[6.647s] [100%] Built target xplore_interfaces__rosidl_typesupport_fastrtps_c__pyext
[6.653s] Invoked command in '/home/evan/Desktop/Xplore/CS_workspace/build/xplore_interfaces' returned '0': CMAKE_PREFIX_PATH=/opt/ros/foxy /usr/local/bin/cmake --build /home/evan/Desktop/Xplore/CS_workspace/build/xplore_interfaces -- -j4 -l4
[6.737s] Invoking command in '/home/evan/Desktop/Xplore/CS_workspace/build/xplore_interfaces': CMAKE_PREFIX_PATH=/opt/ros/foxy /usr/local/bin/cmake --install /home/evan/Desktop/Xplore/CS_workspace/build/xplore_interfaces
[6.742s] -- Install configuration: ""
[6.782s] -- Installing: /home/evan/Desktop/Xplore/CS_workspace/install/xplore_interfaces/share/ament_index/resource_index/rosidl_interfaces/xplore_interfaces
[6.782s] -- Installing: /home/evan/Desktop/Xplore/CS_workspace/install/xplore_interfaces/include/xplore_interfaces
[6.783s] -- Installing: /home/evan/Desktop/Xplore/CS_workspace/install/xplore_interfaces/include/xplore_interfaces/srv
[6.783s] -- Installing: /home/evan/Desktop/Xplore/CS_workspace/install/xplore_interfaces/include/xplore_interfaces/srv/disable_camera.h
[6.783s] -- Installing: /home/evan/Desktop/Xplore/CS_workspace/install/xplore_interfaces/include/xplore_interfaces/srv/enable_camera.h
[6.783s] -- Installing: /home/evan/Desktop/Xplore/CS_workspace/install/xplore_interfaces/include/xplore_interfaces/srv/detail
[6.783s] -- Installing: /home/evan/Desktop/Xplore/CS_workspace/install/xplore_interfaces/include/xplore_interfaces/srv/detail/disable_camera__struct.h
[6.783s] -- Installing: /home/evan/Desktop/Xplore/CS_workspace/install/xplore_interfaces/include/xplore_interfaces/srv/detail/disable_camera__functions.c
[6.783s] -- Installing: /home/evan/Desktop/Xplore/CS_workspace/install/xplore_interfaces/include/xplore_interfaces/srv/detail/disable_camera__functions.h
[6.784s] -- Installing: /home/evan/Desktop/Xplore/CS_workspace/install/xplore_interfaces/include/xplore_interfaces/srv/detail/enable_camera__type_support.h
[6.784s] -- Installing: /home/evan/Desktop/Xplore/CS_workspace/install/xplore_interfaces/include/xplore_interfaces/srv/detail/enable_camera__functions.c
[6.784s] -- Installing: /home/evan/Desktop/Xplore/CS_workspace/install/xplore_interfaces/include/xplore_interfaces/srv/detail/disable_camera__type_support.h
[6.784s] -- Installing: /home/evan/Desktop/Xplore/CS_workspace/install/xplore_interfaces/include/xplore_interfaces/srv/detail/enable_camera__struct.h
[6.784s] -- Installing: /home/evan/Desktop/Xplore/CS_workspace/install/xplore_interfaces/include/xplore_interfaces/srv/detail/enable_camera__functions.h
[6.784s] -- Installing: /home/evan/Desktop/Xplore/CS_workspace/install/xplore_interfaces/include/xplore_interfaces/msg
[6.784s] -- Installing: /home/evan/Desktop/Xplore/CS_workspace/install/xplore_interfaces/include/xplore_interfaces/msg/detail
[6.784s] -- Installing: /home/evan/Desktop/Xplore/CS_workspace/install/xplore_interfaces/include/xplore_interfaces/msg/detail/camera_error__functions.h
[6.784s] -- Installing: /home/evan/Desktop/Xplore/CS_workspace/install/xplore_interfaces/include/xplore_interfaces/msg/detail/camera_error__struct.h
[6.784s] -- Installing: /home/evan/Desktop/Xplore/CS_workspace/install/xplore_interfaces/include/xplore_interfaces/msg/detail/camera_error__functions.c
[6.785s] -- Installing: /home/evan/Desktop/Xplore/CS_workspace/install/xplore_interfaces/include/xplore_interfaces/msg/detail/camera_error__type_support.h
[6.785s] -- Installing: /home/evan/Desktop/Xplore/CS_workspace/install/xplore_interfaces/include/xplore_interfaces/msg/rosidl_generator_c__visibility_control.h
[6.785s] -- Installing: /home/evan/Desktop/Xplore/CS_workspace/install/xplore_interfaces/include/xplore_interfaces/msg/camera_error.h
[6.785s] -- Installing: /home/evan/Desktop/Xplore/CS_workspace/install/xplore_interfaces/share/xplore_interfaces/environment/library_path.sh
[6.785s] -- Installing: /home/evan/Desktop/Xplore/CS_workspace/install/xplore_interfaces/share/xplore_interfaces/environment/library_path.dsv
[6.785s] -- Installing: /home/evan/Desktop/Xplore/CS_workspace/install/xplore_interfaces/lib/libxplore_interfaces__rosidl_generator_c.so
[6.786s] -- Set runtime path of "/home/evan/Desktop/Xplore/CS_workspace/install/xplore_interfaces/lib/libxplore_interfaces__rosidl_generator_c.so" to ""
[6.786s] -- Up-to-date: /home/evan/Desktop/Xplore/CS_workspace/install/xplore_interfaces/include/xplore_interfaces
[6.786s] -- Up-to-date: /home/evan/Desktop/Xplore/CS_workspace/install/xplore_interfaces/include/xplore_interfaces/srv
[6.786s] -- Up-to-date: /home/evan/Desktop/Xplore/CS_workspace/install/xplore_interfaces/include/xplore_interfaces/srv/detail
[6.786s] -- Installing: /home/evan/Desktop/Xplore/CS_workspace/install/xplore_interfaces/include/xplore_interfaces/srv/detail/disable_camera__rosidl_typesupport_fastrtps_c.h
[6.786s] -- Installing: /home/evan/Desktop/Xplore/CS_workspace/install/xplore_interfaces/include/xplore_interfaces/srv/detail/enable_camera__rosidl_typesupport_fastrtps_c.h
[6.786s] -- Up-to-date: /home/evan/Desktop/Xplore/CS_workspace/install/xplore_interfaces/include/xplore_interfaces/msg
[6.787s] -- Installing: /home/evan/Desktop/Xplore/CS_workspace/install/xplore_interfaces/include/xplore_interfaces/msg/rosidl_typesupport_fastrtps_c__visibility_control.h
[6.787s] -- Up-to-date: /home/evan/Desktop/Xplore/CS_workspace/install/xplore_interfaces/include/xplore_interfaces/msg/detail
[6.787s] -- Installing: /home/evan/Desktop/Xplore/CS_workspace/install/xplore_interfaces/include/xplore_interfaces/msg/detail/camera_error__rosidl_typesupport_fastrtps_c.h
[6.787s] -- Installing: /home/evan/Desktop/Xplore/CS_workspace/install/xplore_interfaces/lib/libxplore_interfaces__rosidl_typesupport_fastrtps_c.so
[6.787s] -- Set runtime path of "/home/evan/Desktop/Xplore/CS_workspace/install/xplore_interfaces/lib/libxplore_interfaces__rosidl_typesupport_fastrtps_c.so" to ""
[6.787s] -- Up-to-date: /home/evan/Desktop/Xplore/CS_workspace/install/xplore_interfaces/include/xplore_interfaces
[6.787s] -- Up-to-date: /home/evan/Desktop/Xplore/CS_workspace/install/xplore_interfaces/include/xplore_interfaces/srv
[6.788s] -- Up-to-date: /home/evan/Desktop/Xplore/CS_workspace/install/xplore_interfaces/include/xplore_interfaces/srv/detail
[6.788s] -- Installing: /home/evan/Desktop/Xplore/CS_workspace/install/xplore_interfaces/include/xplore_interfaces/srv/detail/disable_camera__rosidl_typesupport_fastrtps_cpp.hpp
[6.788s] -- Installing: /home/evan/Desktop/Xplore/CS_workspace/install/xplore_interfaces/include/xplore_interfaces/srv/detail/dds_fastrtps
[6.788s] -- Installing: /home/evan/Desktop/Xplore/CS_workspace/install/xplore_interfaces/include/xplore_interfaces/srv/detail/enable_camera__rosidl_typesupport_fastrtps_cpp.hpp
[6.788s] -- Up-to-date: /home/evan/Desktop/Xplore/CS_workspace/install/xplore_interfaces/include/xplore_interfaces/msg
[6.788s] -- Up-to-date: /home/evan/Desktop/Xplore/CS_workspace/install/xplore_interfaces/include/xplore_interfaces/msg/detail
[6.788s] -- Installing: /home/evan/Desktop/Xplore/CS_workspace/install/xplore_interfaces/include/xplore_interfaces/msg/detail/dds_fastrtps
[6.788s] -- Installing: /home/evan/Desktop/Xplore/CS_workspace/install/xplore_interfaces/include/xplore_interfaces/msg/detail/camera_error__rosidl_typesupport_fastrtps_cpp.hpp
[6.788s] -- Installing: /home/evan/Desktop/Xplore/CS_workspace/install/xplore_interfaces/include/xplore_interfaces/msg/rosidl_typesupport_fastrtps_cpp__visibility_control.h
[6.788s] -- Installing: /home/evan/Desktop/Xplore/CS_workspace/install/xplore_interfaces/lib/libxplore_interfaces__rosidl_typesupport_fastrtps_cpp.so
[6.789s] -- Set runtime path of "/home/evan/Desktop/Xplore/CS_workspace/install/xplore_interfaces/lib/libxplore_interfaces__rosidl_typesupport_fastrtps_cpp.so" to ""
[6.789s] -- Up-to-date: /home/evan/Desktop/Xplore/CS_workspace/install/xplore_interfaces/include/xplore_interfaces
[6.789s] -- Up-to-date: /home/evan/Desktop/Xplore/CS_workspace/install/xplore_interfaces/include/xplore_interfaces/srv
[6.789s] -- Up-to-date: /home/evan/Desktop/Xplore/CS_workspace/install/xplore_interfaces/include/xplore_interfaces/srv/detail
[6.789s] -- Installing: /home/evan/Desktop/Xplore/CS_workspace/install/xplore_interfaces/include/xplore_interfaces/srv/detail/enable_camera__type_support.c
[6.789s] -- Installing: /home/evan/Desktop/Xplore/CS_workspace/install/xplore_interfaces/include/xplore_interfaces/srv/detail/enable_camera__rosidl_typesupport_introspection_c.h
[6.789s] -- Installing: /home/evan/Desktop/Xplore/CS_workspace/install/xplore_interfaces/include/xplore_interfaces/srv/detail/disable_camera__type_support.c
[6.790s] -- Installing: /home/evan/Desktop/Xplore/CS_workspace/install/xplore_interfaces/include/xplore_interfaces/srv/detail/disable_camera__rosidl_typesupport_introspection_c.h
[6.790s] -- Up-to-date: /home/evan/Desktop/Xplore/CS_workspace/install/xplore_interfaces/include/xplore_interfaces/msg
[6.790s] -- Installing: /home/evan/Desktop/Xplore/CS_workspace/install/xplore_interfaces/include/xplore_interfaces/msg/rosidl_typesupport_introspection_c__visibility_control.h
[6.790s] -- Up-to-date: /home/evan/Desktop/Xplore/CS_workspace/install/xplore_interfaces/include/xplore_interfaces/msg/detail
[6.790s] -- Installing: /home/evan/Desktop/Xplore/CS_workspace/install/xplore_interfaces/include/xplore_interfaces/msg/detail/camera_error__rosidl_typesupport_introspection_c.h
[6.790s] -- Installing: /home/evan/Desktop/Xplore/CS_workspace/install/xplore_interfaces/include/xplore_interfaces/msg/detail/camera_error__type_support.c
[6.790s] -- Installing: /home/evan/Desktop/Xplore/CS_workspace/install/xplore_interfaces/lib/libxplore_interfaces__rosidl_typesupport_introspection_c.so
[6.791s] -- Set runtime path of "/home/evan/Desktop/Xplore/CS_workspace/install/xplore_interfaces/lib/libxplore_interfaces__rosidl_typesupport_introspection_c.so" to ""
[6.791s] -- Installing: /home/evan/Desktop/Xplore/CS_workspace/install/xplore_interfaces/lib/libxplore_interfaces__rosidl_typesupport_c.so
[6.791s] -- Set runtime path of "/home/evan/Desktop/Xplore/CS_workspace/install/xplore_interfaces/lib/libxplore_interfaces__rosidl_typesupport_c.so" to ""
[6.791s] -- Up-to-date: /home/evan/Desktop/Xplore/CS_workspace/install/xplore_interfaces/include/xplore_interfaces
[6.791s] -- Up-to-date: /home/evan/Desktop/Xplore/CS_workspace/install/xplore_interfaces/include/xplore_interfaces/srv
[6.791s] -- Installing: /home/evan/Desktop/Xplore/CS_workspace/install/xplore_interfaces/include/xplore_interfaces/srv/disable_camera.hpp
[6.791s] -- Up-to-date: /home/evan/Desktop/Xplore/CS_workspace/install/xplore_interfaces/include/xplore_interfaces/srv/detail
[6.792s] -- Installing: /home/evan/Desktop/Xplore/CS_workspace/install/xplore_interfaces/include/xplore_interfaces/srv/detail/disable_camera__traits.hpp
[6.792s] -- Installing: /home/evan/Desktop/Xplore/CS_workspace/install/xplore_interfaces/include/xplore_interfaces/srv/detail/enable_camera__traits.hpp
[6.792s] -- Installing: /home/evan/Desktop/Xplore/CS_workspace/install/xplore_interfaces/include/xplore_interfaces/srv/detail/enable_camera__builder.hpp
[6.792s] -- Installing: /home/evan/Desktop/Xplore/CS_workspace/install/xplore_interfaces/include/xplore_interfaces/srv/detail/enable_camera__struct.hpp
[6.792s] -- Installing: /home/evan/Desktop/Xplore/CS_workspace/install/xplore_interfaces/include/xplore_interfaces/srv/detail/disable_camera__struct.hpp
[6.792s] -- Installing: /home/evan/Desktop/Xplore/CS_workspace/install/xplore_interfaces/include/xplore_interfaces/srv/detail/disable_camera__builder.hpp
[6.792s] -- Installing: /home/evan/Desktop/Xplore/CS_workspace/install/xplore_interfaces/include/xplore_interfaces/srv/enable_camera.hpp
[6.792s] -- Up-to-date: /home/evan/Desktop/Xplore/CS_workspace/install/xplore_interfaces/include/xplore_interfaces/msg
[6.792s] -- Installing: /home/evan/Desktop/Xplore/CS_workspace/install/xplore_interfaces/include/xplore_interfaces/msg/camera_error.hpp
[6.792s] -- Up-to-date: /home/evan/Desktop/Xplore/CS_workspace/install/xplore_interfaces/include/xplore_interfaces/msg/detail
[6.793s] -- Installing: /home/evan/Desktop/Xplore/CS_workspace/install/xplore_interfaces/include/xplore_interfaces/msg/detail/camera_error__struct.hpp
[6.793s] -- Installing: /home/evan/Desktop/Xplore/CS_workspace/install/xplore_interfaces/include/xplore_interfaces/msg/detail/camera_error__builder.hpp
[6.793s] -- Installing: /home/evan/Desktop/Xplore/CS_workspace/install/xplore_interfaces/include/xplore_interfaces/msg/detail/camera_error__traits.hpp
[6.793s] -- Up-to-date: /home/evan/Desktop/Xplore/CS_workspace/install/xplore_interfaces/include/xplore_interfaces
[6.793s] -- Up-to-date: /home/evan/Desktop/Xplore/CS_workspace/install/xplore_interfaces/include/xplore_interfaces/srv
[6.793s] -- Up-to-date: /home/evan/Desktop/Xplore/CS_workspace/install/xplore_interfaces/include/xplore_interfaces/srv/detail
[6.793s] -- Installing: /home/evan/Desktop/Xplore/CS_workspace/install/xplore_interfaces/include/xplore_interfaces/srv/detail/disable_camera__rosidl_typesupport_introspection_cpp.hpp
[6.793s] -- Installing: /home/evan/Desktop/Xplore/CS_workspace/install/xplore_interfaces/include/xplore_interfaces/srv/detail/enable_camera__rosidl_typesupport_introspection_cpp.hpp
[6.794s] -- Installing: /home/evan/Desktop/Xplore/CS_workspace/install/xplore_interfaces/include/xplore_interfaces/srv/detail/enable_camera__type_support.cpp
[6.794s] -- Installing: /home/evan/Desktop/Xplore/CS_workspace/install/xplore_interfaces/include/xplore_interfaces/srv/detail/disable_camera__type_support.cpp
[6.794s] -- Up-to-date: /home/evan/Desktop/Xplore/CS_workspace/install/xplore_interfaces/include/xplore_interfaces/msg
[6.794s] -- Up-to-date: /home/evan/Desktop/Xplore/CS_workspace/install/xplore_interfaces/include/xplore_interfaces/msg/detail
[6.794s] -- Installing: /home/evan/Desktop/Xplore/CS_workspace/install/xplore_interfaces/include/xplore_interfaces/msg/detail/camera_error__rosidl_typesupport_introspection_cpp.hpp
[6.794s] -- Installing: /home/evan/Desktop/Xplore/CS_workspace/install/xplore_interfaces/include/xplore_interfaces/msg/detail/camera_error__type_support.cpp
[6.794s] -- Installing: /home/evan/Desktop/Xplore/CS_workspace/install/xplore_interfaces/lib/libxplore_interfaces__rosidl_typesupport_introspection_cpp.so
[6.795s] -- Set runtime path of "/home/evan/Desktop/Xplore/CS_workspace/install/xplore_interfaces/lib/libxplore_interfaces__rosidl_typesupport_introspection_cpp.so" to ""
[6.795s] -- Installing: /home/evan/Desktop/Xplore/CS_workspace/install/xplore_interfaces/lib/libxplore_interfaces__rosidl_typesupport_cpp.so
[6.795s] -- Set runtime path of "/home/evan/Desktop/Xplore/CS_workspace/install/xplore_interfaces/lib/libxplore_interfaces__rosidl_typesupport_cpp.so" to ""
[6.795s] -- Installing: /home/evan/Desktop/Xplore/CS_workspace/install/xplore_interfaces/share/xplore_interfaces/environment/pythonpath.sh
[6.795s] -- Installing: /home/evan/Desktop/Xplore/CS_workspace/install/xplore_interfaces/share/xplore_interfaces/environment/pythonpath.dsv
[6.796s] -- Installing: /home/evan/Desktop/Xplore/CS_workspace/install/xplore_interfaces/lib/python3.8/site-packages/xplore_interfaces/__init__.py
[6.831s] Compiling '/home/evan/Desktop/Xplore/CS_workspace/install/xplore_interfaces/lib/python3.8/site-packages/xplore_interfaces/__init__.py'...
[6.839s] -- Installing: /home/evan/Desktop/Xplore/CS_workspace/install/xplore_interfaces/lib/python3.8/site-packages/xplore_interfaces/msg
[6.839s] -- Installing: /home/evan/Desktop/Xplore/CS_workspace/install/xplore_interfaces/lib/python3.8/site-packages/xplore_interfaces/msg/__init__.py
[6.839s] -- Installing: /home/evan/Desktop/Xplore/CS_workspace/install/xplore_interfaces/lib/python3.8/site-packages/xplore_interfaces/msg/_camera_error_s.c
[6.839s] -- Installing: /home/evan/Desktop/Xplore/CS_workspace/install/xplore_interfaces/lib/python3.8/site-packages/xplore_interfaces/msg/_camera_error.py
[6.839s] -- Installing: /home/evan/Desktop/Xplore/CS_workspace/install/xplore_interfaces/lib/python3.8/site-packages/xplore_interfaces/srv
[6.840s] -- Installing: /home/evan/Desktop/Xplore/CS_workspace/install/xplore_interfaces/lib/python3.8/site-packages/xplore_interfaces/srv/__init__.py
[6.840s] -- Installing: /home/evan/Desktop/Xplore/CS_workspace/install/xplore_interfaces/lib/python3.8/site-packages/xplore_interfaces/srv/_disable_camera_s.c
[6.840s] -- Installing: /home/evan/Desktop/Xplore/CS_workspace/install/xplore_interfaces/lib/python3.8/site-packages/xplore_interfaces/srv/_enable_camera.py
[6.840s] -- Installing: /home/evan/Desktop/Xplore/CS_workspace/install/xplore_interfaces/lib/python3.8/site-packages/xplore_interfaces/srv/_enable_camera_s.c
[6.840s] -- Installing: /home/evan/Desktop/Xplore/CS_workspace/install/xplore_interfaces/lib/python3.8/site-packages/xplore_interfaces/srv/_disable_camera.py
[6.840s] -- Installing: /home/evan/Desktop/Xplore/CS_workspace/install/xplore_interfaces/lib/python3.8/site-packages/xplore_interfaces/xplore_interfaces_s__rosidl_typesupport_fastrtps_c.cpython-38-x86_64-linux-gnu.so
[6.841s] -- Set runtime path of "/home/evan/Desktop/Xplore/CS_workspace/install/xplore_interfaces/lib/python3.8/site-packages/xplore_interfaces/xplore_interfaces_s__rosidl_typesupport_fastrtps_c.cpython-38-x86_64-linux-gnu.so" to ""
[6.841s] -- Installing: /home/evan/Desktop/Xplore/CS_workspace/install/xplore_interfaces/lib/python3.8/site-packages/xplore_interfaces/xplore_interfaces_s__rosidl_typesupport_introspection_c.cpython-38-x86_64-linux-gnu.so
[6.841s] -- Set runtime path of "/home/evan/Desktop/Xplore/CS_workspace/install/xplore_interfaces/lib/python3.8/site-packages/xplore_interfaces/xplore_interfaces_s__rosidl_typesupport_introspection_c.cpython-38-x86_64-linux-gnu.so" to ""
[6.841s] -- Installing: /home/evan/Desktop/Xplore/CS_workspace/install/xplore_interfaces/lib/python3.8/site-packages/xplore_interfaces/xplore_interfaces_s__rosidl_typesupport_c.cpython-38-x86_64-linux-gnu.so
[6.842s] -- Set runtime path of "/home/evan/Desktop/Xplore/CS_workspace/install/xplore_interfaces/lib/python3.8/site-packages/xplore_interfaces/xplore_interfaces_s__rosidl_typesupport_c.cpython-38-x86_64-linux-gnu.so" to ""
[6.842s] -- Installing: /home/evan/Desktop/Xplore/CS_workspace/install/xplore_interfaces/lib/libxplore_interfaces__python.so
[6.843s] -- Set runtime path of "/home/evan/Desktop/Xplore/CS_workspace/install/xplore_interfaces/lib/libxplore_interfaces__python.so" to ""
[6.843s] -- Installing: /home/evan/Desktop/Xplore/CS_workspace/install/xplore_interfaces/share/xplore_interfaces/msg/CameraError.idl
[6.843s] -- Installing: /home/evan/Desktop/Xplore/CS_workspace/install/xplore_interfaces/share/xplore_interfaces/srv/DisableCamera.idl
[6.843s] -- Installing: /home/evan/Desktop/Xplore/CS_workspace/install/xplore_interfaces/share/xplore_interfaces/srv/EnableCamera.idl
[6.843s] -- Installing: /home/evan/Desktop/Xplore/CS_workspace/install/xplore_interfaces/share/xplore_interfaces/msg/CameraError.msg
[6.843s] -- Installing: /home/evan/Desktop/Xplore/CS_workspace/install/xplore_interfaces/share/xplore_interfaces/srv/DisableCamera.srv
[6.843s] -- Installing: /home/evan/Desktop/Xplore/CS_workspace/install/xplore_interfaces/share/xplore_interfaces/srv/DisableCamera_Request.msg
[6.844s] -- Installing: /home/evan/Desktop/Xplore/CS_workspace/install/xplore_interfaces/share/xplore_interfaces/srv/DisableCamera_Response.msg
[6.844s] -- Installing: /home/evan/Desktop/Xplore/CS_workspace/install/xplore_interfaces/share/xplore_interfaces/srv/EnableCamera.srv
[6.844s] -- Installing: /home/evan/Desktop/Xplore/CS_workspace/install/xplore_interfaces/share/xplore_interfaces/srv/EnableCamera_Request.msg
[6.844s] -- Installing: /home/evan/Desktop/Xplore/CS_workspace/install/xplore_interfaces/share/xplore_interfaces/srv/EnableCamera_Response.msg
[6.844s] -- Installing: /home/evan/Desktop/Xplore/CS_workspace/install/xplore_interfaces/share/ament_index/resource_index/package_run_dependencies/xplore_interfaces
[6.845s] -- Installing: /home/evan/Desktop/Xplore/CS_workspace/install/xplore_interfaces/share/ament_index/resource_index/parent_prefix_path/xplore_interfaces
[6.845s] -- Installing: /home/evan/Desktop/Xplore/CS_workspace/install/xplore_interfaces/share/xplore_interfaces/environment/ament_prefix_path.sh
[6.845s] -- Installing: /home/evan/Desktop/Xplore/CS_workspace/install/xplore_interfaces/share/xplore_interfaces/environment/ament_prefix_path.dsv
[6.845s] -- Installing: /home/evan/Desktop/Xplore/CS_workspace/install/xplore_interfaces/share/xplore_interfaces/environment/path.sh
[6.845s] -- Installing: /home/evan/Desktop/Xplore/CS_workspace/install/xplore_interfaces/share/xplore_interfaces/environment/path.dsv
[6.845s] -- Installing: /home/evan/Desktop/Xplore/CS_workspace/install/xplore_interfaces/share/xplore_interfaces/local_setup.bash
[6.846s] -- Installing: /home/evan/Desktop/Xplore/CS_workspace/install/xplore_interfaces/share/xplore_interfaces/local_setup.sh
[6.846s] -- Installing: /home/evan/Desktop/Xplore/CS_workspace/install/xplore_interfaces/share/xplore_interfaces/local_setup.zsh
[6.846s] -- Installing: /home/evan/Desktop/Xplore/CS_workspace/install/xplore_interfaces/share/xplore_interfaces/local_setup.dsv
[6.846s] -- Installing: /home/evan/Desktop/Xplore/CS_workspace/install/xplore_interfaces/share/xplore_interfaces/package.dsv
[6.846s] -- Installing: /home/evan/Desktop/Xplore/CS_workspace/install/xplore_interfaces/share/ament_index/resource_index/packages/xplore_interfaces
[6.846s] -- Installing: /home/evan/Desktop/Xplore/CS_workspace/install/xplore_interfaces/share/xplore_interfaces/cmake/xplore_interfaces__rosidl_generator_cExport.cmake
[6.847s] -- Installing: /home/evan/Desktop/Xplore/CS_workspace/install/xplore_interfaces/share/xplore_interfaces/cmake/xplore_interfaces__rosidl_generator_cExport-noconfig.cmake
[6.847s] -- Installing: /home/evan/Desktop/Xplore/CS_workspace/install/xplore_interfaces/share/xplore_interfaces/cmake/xplore_interfaces__rosidl_typesupport_introspection_cExport.cmake
[6.847s] -- Installing: /home/evan/Desktop/Xplore/CS_workspace/install/xplore_interfaces/share/xplore_interfaces/cmake/xplore_interfaces__rosidl_typesupport_introspection_cExport-noconfig.cmake
[6.847s] -- Installing: /home/evan/Desktop/Xplore/CS_workspace/install/xplore_interfaces/share/xplore_interfaces/cmake/xplore_interfaces__rosidl_typesupport_cExport.cmake
[6.847s] -- Installing: /home/evan/Desktop/Xplore/CS_workspace/install/xplore_interfaces/share/xplore_interfaces/cmake/xplore_interfaces__rosidl_typesupport_cExport-noconfig.cmake
[6.847s] -- Installing: /home/evan/Desktop/Xplore/CS_workspace/install/xplore_interfaces/share/xplore_interfaces/cmake/xplore_interfaces__rosidl_generator_cppExport.cmake
[6.848s] -- Installing: /home/evan/Desktop/Xplore/CS_workspace/install/xplore_interfaces/share/xplore_interfaces/cmake/xplore_interfaces__rosidl_typesupport_introspection_cppExport.cmake
[6.848s] -- Installing: /home/evan/Desktop/Xplore/CS_workspace/install/xplore_interfaces/share/xplore_interfaces/cmake/xplore_interfaces__rosidl_typesupport_introspection_cppExport-noconfig.cmake
[6.848s] -- Installing: /home/evan/Desktop/Xplore/CS_workspace/install/xplore_interfaces/share/xplore_interfaces/cmake/xplore_interfaces__rosidl_typesupport_cppExport.cmake
[6.848s] -- Installing: /home/evan/Desktop/Xplore/CS_workspace/install/xplore_interfaces/share/xplore_interfaces/cmake/xplore_interfaces__rosidl_typesupport_cppExport-noconfig.cmake
[6.849s] -- Installing: /home/evan/Desktop/Xplore/CS_workspace/install/xplore_interfaces/share/xplore_interfaces/cmake/rosidl_cmake-extras.cmake
[6.849s] -- Installing: /home/evan/Desktop/Xplore/CS_workspace/install/xplore_interfaces/share/xplore_interfaces/cmake/ament_cmake_export_dependencies-extras.cmake
[6.849s] -- Installing: /home/evan/Desktop/Xplore/CS_workspace/install/xplore_interfaces/share/xplore_interfaces/cmake/ament_cmake_export_libraries-extras.cmake
[6.849s] -- Installing: /home/evan/Desktop/Xplore/CS_workspace/install/xplore_interfaces/share/xplore_interfaces/cmake/ament_cmake_export_targets-extras.cmake
[6.849s] -- Installing: /home/evan/Desktop/Xplore/CS_workspace/install/xplore_interfaces/share/xplore_interfaces/cmake/ament_cmake_export_include_directories-extras.cmake
[6.849s] -- Installing: /home/evan/Desktop/Xplore/CS_workspace/install/xplore_interfaces/share/xplore_interfaces/cmake/rosidl_cmake_export_typesupport_libraries-extras.cmake
[6.850s] -- Installing: /home/evan/Desktop/Xplore/CS_workspace/install/xplore_interfaces/share/xplore_interfaces/cmake/rosidl_cmake_export_typesupport_targets-extras.cmake
[6.850s] -- Installing: /home/evan/Desktop/Xplore/CS_workspace/install/xplore_interfaces/share/xplore_interfaces/cmake/xplore_interfacesConfig.cmake
[6.850s] -- Installing: /home/evan/Desktop/Xplore/CS_workspace/install/xplore_interfaces/share/xplore_interfaces/cmake/xplore_interfacesConfig-version.cmake
[6.850s] -- Installing: /home/evan/Desktop/Xplore/CS_workspace/install/xplore_interfaces/share/xplore_interfaces/package.xml
[6.855s] Invoked command in '/home/evan/Desktop/Xplore/CS_workspace/build/xplore_interfaces' returned '0': CMAKE_PREFIX_PATH=/opt/ros/foxy /usr/local/bin/cmake --install /home/evan/Desktop/Xplore/CS_workspace/build/xplore_interfaces
