running egg_info
creating ../../../build/control_station_pkg/control_station_pkg.egg-info
writing ../../../build/control_station_pkg/control_station_pkg.egg-info/PKG-INFO
writing dependency_links to ../../../build/control_station_pkg/control_station_pkg.egg-info/dependency_links.txt
writing entry points to ../../../build/control_station_pkg/control_station_pkg.egg-info/entry_points.txt
writing requirements to ../../../build/control_station_pkg/control_station_pkg.egg-info/requires.txt
writing top-level names to ../../../build/control_station_pkg/control_station_pkg.egg-info/top_level.txt
writing manifest file '../../../build/control_station_pkg/control_station_pkg.egg-info/SOURCES.txt'
reading manifest file '../../../build/control_station_pkg/control_station_pkg.egg-info/SOURCES.txt'
writing manifest file '../../../build/control_station_pkg/control_station_pkg.egg-info/SOURCES.txt'
running build
running build_py
creating /home/yasmin/CS_workspace/build/control_station_pkg/build
creating /home/yasmin/CS_workspace/build/control_station_pkg/build/lib
creating /home/yasmin/CS_workspace/build/control_station_pkg/build/lib/control_station_pkg
copying control_station_pkg/cameras_reciever.py -> /home/yasmin/CS_workspace/build/control_station_pkg/build/lib/control_station_pkg
copying control_station_pkg/control_station.py -> /home/yasmin/CS_workspace/build/control_station_pkg/build/lib/control_station_pkg
copying control_station_pkg/manage.py -> /home/yasmin/CS_workspace/build/control_station_pkg/build/lib/control_station_pkg
copying control_station_pkg/__init__.py -> /home/yasmin/CS_workspace/build/control_station_pkg/build/lib/control_station_pkg
running install
running install_lib
creating /home/yasmin/CS_workspace/install/control_station_pkg/lib/python3.8/site-packages/control_station_pkg
copying /home/yasmin/CS_workspace/build/control_station_pkg/build/lib/control_station_pkg/cameras_reciever.py -> /home/yasmin/CS_workspace/install/control_station_pkg/lib/python3.8/site-packages/control_station_pkg
copying /home/yasmin/CS_workspace/build/control_station_pkg/build/lib/control_station_pkg/control_station.py -> /home/yasmin/CS_workspace/install/control_station_pkg/lib/python3.8/site-packages/control_station_pkg
copying /home/yasmin/CS_workspace/build/control_station_pkg/build/lib/control_station_pkg/manage.py -> /home/yasmin/CS_workspace/install/control_station_pkg/lib/python3.8/site-packages/control_station_pkg
copying /home/yasmin/CS_workspace/build/control_station_pkg/build/lib/control_station_pkg/__init__.py -> /home/yasmin/CS_workspace/install/control_station_pkg/lib/python3.8/site-packages/control_station_pkg
byte-compiling /home/yasmin/CS_workspace/install/control_station_pkg/lib/python3.8/site-packages/control_station_pkg/cameras_reciever.py to cameras_reciever.cpython-38.pyc
byte-compiling /home/yasmin/CS_workspace/install/control_station_pkg/lib/python3.8/site-packages/control_station_pkg/control_station.py to control_station.cpython-38.pyc
byte-compiling /home/yasmin/CS_workspace/install/control_station_pkg/lib/python3.8/site-packages/control_station_pkg/manage.py to manage.cpython-38.pyc
byte-compiling /home/yasmin/CS_workspace/install/control_station_pkg/lib/python3.8/site-packages/control_station_pkg/__init__.py to __init__.cpython-38.pyc
running install_data
creating /home/yasmin/CS_workspace/install/control_station_pkg/share/ament_index
creating /home/yasmin/CS_workspace/install/control_station_pkg/share/ament_index/resource_index
creating /home/yasmin/CS_workspace/install/control_station_pkg/share/ament_index/resource_index/packages
copying resource/control_station_pkg -> /home/yasmin/CS_workspace/install/control_station_pkg/share/ament_index/resource_index/packages
copying package.xml -> /home/yasmin/CS_workspace/install/control_station_pkg/share/control_station_pkg
running install_egg_info
Copying ../../../build/control_station_pkg/control_station_pkg.egg-info to /home/yasmin/CS_workspace/install/control_station_pkg/lib/python3.8/site-packages/control_station_pkg-0.0.0-py3.8.egg-info
running install_scripts
Installing cameras_reciever script to /home/yasmin/CS_workspace/install/control_station_pkg/lib/control_station_pkg
Installing control_station script to /home/yasmin/CS_workspace/install/control_station_pkg/lib/control_station_pkg
writing list of installed files to '/home/yasmin/CS_workspace/build/control_station_pkg/install.log'
