[0.278s] Invoking command in '/home/yasmin/CS_workspace/cs_ws/src/control_station_pkg': AMENT_PREFIX_PATH=/home/yasmin/CS_workspace/install/avionics_interfaces:${AMENT_PREFIX_PATH} CMAKE_PREFIX_PATH=/home/yasmin/CS_workspace/install/avionics_interfaces LD_LIBRARY_PATH=/home/yasmin/CS_workspace/install/avionics_interfaces/lib:${LD_LIBRARY_PATH} PYTHONPATH=/home/yasmin/CS_workspace/install/control_station_pkg/lib/python3.8/site-packages:/home/yasmin/CS_workspace/install/avionics_interfaces/lib/python3.8/site-packages:${PYTHONPATH} /usr/bin/python3 setup.py egg_info --egg-base ../../../build/control_station_pkg build --build-base /home/yasmin/CS_workspace/build/control_station_pkg/build install --prefix /home/yasmin/CS_workspace/install/control_station_pkg --record /home/yasmin/CS_workspace/build/control_station_pkg/install.log --single-version-externally-managed
[0.365s] running egg_info
[0.365s] creating ../../../build/control_station_pkg/control_station_pkg.egg-info
[0.366s] writing ../../../build/control_station_pkg/control_station_pkg.egg-info/PKG-INFO
[0.366s] writing dependency_links to ../../../build/control_station_pkg/control_station_pkg.egg-info/dependency_links.txt
[0.366s] writing entry points to ../../../build/control_station_pkg/control_station_pkg.egg-info/entry_points.txt
[0.366s] writing requirements to ../../../build/control_station_pkg/control_station_pkg.egg-info/requires.txt
[0.366s] writing top-level names to ../../../build/control_station_pkg/control_station_pkg.egg-info/top_level.txt
[0.366s] writing manifest file '../../../build/control_station_pkg/control_station_pkg.egg-info/SOURCES.txt'
[0.381s] reading manifest file '../../../build/control_station_pkg/control_station_pkg.egg-info/SOURCES.txt'
[0.382s] writing manifest file '../../../build/control_station_pkg/control_station_pkg.egg-info/SOURCES.txt'
[0.382s] running build
[0.382s] running build_py
[0.382s] creating /home/yasmin/CS_workspace/build/control_station_pkg/build
[0.382s] creating /home/yasmin/CS_workspace/build/control_station_pkg/build/lib
[0.382s] creating /home/yasmin/CS_workspace/build/control_station_pkg/build/lib/control_station_pkg
[0.382s] copying control_station_pkg/cameras_reciever.py -> /home/yasmin/CS_workspace/build/control_station_pkg/build/lib/control_station_pkg
[0.382s] copying control_station_pkg/control_station.py -> /home/yasmin/CS_workspace/build/control_station_pkg/build/lib/control_station_pkg
[0.382s] copying control_station_pkg/manage.py -> /home/yasmin/CS_workspace/build/control_station_pkg/build/lib/control_station_pkg
[0.383s] copying control_station_pkg/__init__.py -> /home/yasmin/CS_workspace/build/control_station_pkg/build/lib/control_station_pkg
[0.383s] running install
[0.383s] running install_lib
[0.383s] creating /home/yasmin/CS_workspace/install/control_station_pkg/lib/python3.8/site-packages/control_station_pkg
[0.383s] copying /home/yasmin/CS_workspace/build/control_station_pkg/build/lib/control_station_pkg/cameras_reciever.py -> /home/yasmin/CS_workspace/install/control_station_pkg/lib/python3.8/site-packages/control_station_pkg
[0.383s] copying /home/yasmin/CS_workspace/build/control_station_pkg/build/lib/control_station_pkg/control_station.py -> /home/yasmin/CS_workspace/install/control_station_pkg/lib/python3.8/site-packages/control_station_pkg
[0.384s] copying /home/yasmin/CS_workspace/build/control_station_pkg/build/lib/control_station_pkg/manage.py -> /home/yasmin/CS_workspace/install/control_station_pkg/lib/python3.8/site-packages/control_station_pkg
[0.384s] copying /home/yasmin/CS_workspace/build/control_station_pkg/build/lib/control_station_pkg/__init__.py -> /home/yasmin/CS_workspace/install/control_station_pkg/lib/python3.8/site-packages/control_station_pkg
[0.384s] byte-compiling /home/yasmin/CS_workspace/install/control_station_pkg/lib/python3.8/site-packages/control_station_pkg/cameras_reciever.py to cameras_reciever.cpython-38.pyc
[0.385s] byte-compiling /home/yasmin/CS_workspace/install/control_station_pkg/lib/python3.8/site-packages/control_station_pkg/control_station.py to control_station.cpython-38.pyc
[0.385s] byte-compiling /home/yasmin/CS_workspace/install/control_station_pkg/lib/python3.8/site-packages/control_station_pkg/manage.py to manage.cpython-38.pyc
[0.385s] byte-compiling /home/yasmin/CS_workspace/install/control_station_pkg/lib/python3.8/site-packages/control_station_pkg/__init__.py to __init__.cpython-38.pyc
[0.385s] running install_data
[0.385s] creating /home/yasmin/CS_workspace/install/control_station_pkg/share/ament_index
[0.385s] creating /home/yasmin/CS_workspace/install/control_station_pkg/share/ament_index/resource_index
[0.385s] creating /home/yasmin/CS_workspace/install/control_station_pkg/share/ament_index/resource_index/packages
[0.385s] copying resource/control_station_pkg -> /home/yasmin/CS_workspace/install/control_station_pkg/share/ament_index/resource_index/packages
[0.385s] copying package.xml -> /home/yasmin/CS_workspace/install/control_station_pkg/share/control_station_pkg
[0.385s] running install_egg_info
[0.386s] Copying ../../../build/control_station_pkg/control_station_pkg.egg-info to /home/yasmin/CS_workspace/install/control_station_pkg/lib/python3.8/site-packages/control_station_pkg-0.0.0-py3.8.egg-info
[0.386s] running install_scripts
[0.394s] Installing cameras_reciever script to /home/yasmin/CS_workspace/install/control_station_pkg/lib/control_station_pkg
[0.395s] Installing control_station script to /home/yasmin/CS_workspace/install/control_station_pkg/lib/control_station_pkg
[0.395s] writing list of installed files to '/home/yasmin/CS_workspace/build/control_station_pkg/install.log'
[0.408s] Invoked command in '/home/yasmin/CS_workspace/cs_ws/src/control_station_pkg' returned '0': AMENT_PREFIX_PATH=/home/yasmin/CS_workspace/install/avionics_interfaces:${AMENT_PREFIX_PATH} CMAKE_PREFIX_PATH=/home/yasmin/CS_workspace/install/avionics_interfaces LD_LIBRARY_PATH=/home/yasmin/CS_workspace/install/avionics_interfaces/lib:${LD_LIBRARY_PATH} PYTHONPATH=/home/yasmin/CS_workspace/install/control_station_pkg/lib/python3.8/site-packages:/home/yasmin/CS_workspace/install/avionics_interfaces/lib/python3.8/site-packages:${PYTHONPATH} /usr/bin/python3 setup.py egg_info --egg-base ../../../build/control_station_pkg build --build-base /home/yasmin/CS_workspace/build/control_station_pkg/build install --prefix /home/yasmin/CS_workspace/install/control_station_pkg --record /home/yasmin/CS_workspace/build/control_station_pkg/install.log --single-version-externally-managed
