[0.274s] Invoking command in '/home/yasmin/CS_workspace/cs_ws/src/control_station_pkg': AMENT_PREFIX_PATH=/home/yasmin/CS_workspace/install/avionics_interfaces:${AMENT_PREFIX_PATH} CMAKE_PREFIX_PATH=/home/yasmin/CS_workspace/install/avionics_interfaces LD_LIBRARY_PATH=/home/yasmin/CS_workspace/install/avionics_interfaces/lib:${LD_LIBRARY_PATH} PYTHONPATH=/home/yasmin/CS_workspace/install/control_station_pkg/lib/python3.8/site-packages:/home/yasmin/CS_workspace/install/avionics_interfaces/lib/python3.8/site-packages:${PYTHONPATH} /usr/bin/python3 setup.py egg_info --egg-base ../../../build/control_station_pkg build --build-base /home/yasmin/CS_workspace/build/control_station_pkg/build install --prefix /home/yasmin/CS_workspace/install/control_station_pkg --record /home/yasmin/CS_workspace/build/control_station_pkg/install.log --single-version-externally-managed
[0.364s] running egg_info
[0.364s] writing ../../../build/control_station_pkg/control_station_pkg.egg-info/PKG-INFO
[0.365s] writing dependency_links to ../../../build/control_station_pkg/control_station_pkg.egg-info/dependency_links.txt
[0.365s] writing entry points to ../../../build/control_station_pkg/control_station_pkg.egg-info/entry_points.txt
[0.365s] writing requirements to ../../../build/control_station_pkg/control_station_pkg.egg-info/requires.txt
[0.365s] writing top-level names to ../../../build/control_station_pkg/control_station_pkg.egg-info/top_level.txt
[0.381s] reading manifest file '../../../build/control_station_pkg/control_station_pkg.egg-info/SOURCES.txt'
[0.382s] writing manifest file '../../../build/control_station_pkg/control_station_pkg.egg-info/SOURCES.txt'
[0.382s] running build
[0.382s] running build_py
[0.383s] running install
[0.383s] running install_lib
[0.384s] running install_data
[0.384s] running install_egg_info
[0.385s] removing '/home/yasmin/CS_workspace/install/control_station_pkg/lib/python3.8/site-packages/control_station_pkg-0.0.0-py3.8.egg-info' (and everything under it)
[0.394s] Copying ../../../build/control_station_pkg/control_station_pkg.egg-info to /home/yasmin/CS_workspace/install/control_station_pkg/lib/python3.8/site-packages/control_station_pkg-0.0.0-py3.8.egg-info
[0.394s] running install_scripts
[0.394s] Installing cameras_reciever script to /home/yasmin/CS_workspace/install/control_station_pkg/lib/control_station_pkg
[0.394s] Installing control_station script to /home/yasmin/CS_workspace/install/control_station_pkg/lib/control_station_pkg
[0.394s] writing list of installed files to '/home/yasmin/CS_workspace/build/control_station_pkg/install.log'
[0.409s] Invoked command in '/home/yasmin/CS_workspace/cs_ws/src/control_station_pkg' returned '0': AMENT_PREFIX_PATH=/home/yasmin/CS_workspace/install/avionics_interfaces:${AMENT_PREFIX_PATH} CMAKE_PREFIX_PATH=/home/yasmin/CS_workspace/install/avionics_interfaces LD_LIBRARY_PATH=/home/yasmin/CS_workspace/install/avionics_interfaces/lib:${LD_LIBRARY_PATH} PYTHONPATH=/home/yasmin/CS_workspace/install/control_station_pkg/lib/python3.8/site-packages:/home/yasmin/CS_workspace/install/avionics_interfaces/lib/python3.8/site-packages:${PYTHONPATH} /usr/bin/python3 setup.py egg_info --egg-base ../../../build/control_station_pkg build --build-base /home/yasmin/CS_workspace/build/control_station_pkg/build install --prefix /home/yasmin/CS_workspace/install/control_station_pkg --record /home/yasmin/CS_workspace/build/control_station_pkg/install.log --single-version-externally-managed
