[0.118s] DEBUG:colcon:Command line arguments: ['/usr/bin/colcon', 'build']
[0.118s] DEBUG:colcon:Parsed command line arguments: Namespace(allow_overriding=[], ament_cmake_args=None, base_paths=['.'], build_base='build', catkin_cmake_args=None, catkin_skip_building_tests=False, cmake_args=None, cmake_clean_cache=False, cmake_clean_first=False, cmake_force_configure=False, cmake_target=None, cmake_target_skip_unavailable=False, continue_on_error=False, event_handlers=None, executor='parallel', ignore_user_meta=False, install_base='install', log_base=None, log_level=None, main=<bound method BuildVerb.main of <colcon_core.verb.build.BuildVerb object at 0xffffb6bdb940>>, merge_install=False, metas=['./colcon.meta'], packages_above=None, packages_above_and_dependencies=None, packages_above_depth=None, packages_end=None, packages_ignore=None, packages_ignore_regex=None, packages_select=None, packages_select_build_failed=False, packages_select_by_dep=None, packages_select_regex=None, packages_select_test_failures=False, packages_skip=None, packages_skip_build_finished=False, packages_skip_by_dep=None, packages_skip_regex=None, packages_skip_test_passed=False, packages_skip_up_to=None, packages_start=None, packages_up_to=None, packages_up_to_regex=None, parallel_workers=4, paths=None, symlink_install=False, test_result_base=None, verb_extension=<colcon_core.verb.build.BuildVerb object at 0xffffb6bdb940>, verb_name='build', verb_parser=<colcon_defaults.argument_parser.defaults.DefaultArgumentsDecorator object at 0xffffb6bdbeb0>)
[0.141s] Level 1:colcon.colcon_core.package_discovery:discover_packages(colcon_meta) check parameters
[0.141s] Level 1:colcon.colcon_core.package_discovery:discover_packages(recursive) check parameters
[0.141s] Level 1:colcon.colcon_core.package_discovery:discover_packages(ignore) check parameters
[0.141s] Level 1:colcon.colcon_core.package_discovery:discover_packages(path) check parameters
[0.141s] Level 1:colcon.colcon_core.package_discovery:discover_packages(colcon_meta) discover
[0.141s] Level 1:colcon.colcon_core.package_discovery:discover_packages(recursive) discover
[0.141s] INFO:colcon.colcon_core.package_discovery:Crawling recursively for packages in '/home/yasmin/CS_workspace'
[0.141s] Level 1:colcon.colcon_core.package_identification:_identify(.) by extensions ['ignore', 'ignore_ament_install']
[0.141s] Level 1:colcon.colcon_core.package_identification:_identify(.) by extension 'ignore'
[0.141s] Level 1:colcon.colcon_core.package_identification:_identify(.) by extension 'ignore_ament_install'
[0.141s] Level 1:colcon.colcon_core.package_identification:_identify(.) by extensions ['colcon_pkg']
[0.141s] Level 1:colcon.colcon_core.package_identification:_identify(.) by extension 'colcon_pkg'
[0.141s] Level 1:colcon.colcon_core.package_identification:_identify(.) by extensions ['colcon_meta']
[0.141s] Level 1:colcon.colcon_core.package_identification:_identify(.) by extension 'colcon_meta'
[0.141s] Level 1:colcon.colcon_core.package_identification:_identify(.) by extensions ['ros']
[0.141s] Level 1:colcon.colcon_core.package_identification:_identify(.) by extension 'ros'
[0.156s] Level 1:colcon.colcon_core.package_identification:_identify(.) by extensions ['cmake', 'python']
[0.156s] Level 1:colcon.colcon_core.package_identification:_identify(.) by extension 'cmake'
[0.156s] Level 1:colcon.colcon_core.package_identification:_identify(.) by extension 'python'
[0.156s] Level 1:colcon.colcon_core.package_identification:_identify(.) by extensions ['python_setup_py']
[0.156s] Level 1:colcon.colcon_core.package_identification:_identify(.) by extension 'python_setup_py'
[0.156s] Level 1:colcon.colcon_core.package_identification:_identify(SCRIPTS) by extensions ['ignore', 'ignore_ament_install']
[0.156s] Level 1:colcon.colcon_core.package_identification:_identify(SCRIPTS) by extension 'ignore'
[0.156s] Level 1:colcon.colcon_core.package_identification:_identify(SCRIPTS) by extension 'ignore_ament_install'
[0.156s] Level 1:colcon.colcon_core.package_identification:_identify(SCRIPTS) by extensions ['colcon_pkg']
[0.156s] Level 1:colcon.colcon_core.package_identification:_identify(SCRIPTS) by extension 'colcon_pkg'
[0.156s] Level 1:colcon.colcon_core.package_identification:_identify(SCRIPTS) by extensions ['colcon_meta']
[0.156s] Level 1:colcon.colcon_core.package_identification:_identify(SCRIPTS) by extension 'colcon_meta'
[0.156s] Level 1:colcon.colcon_core.package_identification:_identify(SCRIPTS) by extensions ['ros']
[0.156s] Level 1:colcon.colcon_core.package_identification:_identify(SCRIPTS) by extension 'ros'
[0.156s] Level 1:colcon.colcon_core.package_identification:_identify(SCRIPTS) by extensions ['cmake', 'python']
[0.156s] Level 1:colcon.colcon_core.package_identification:_identify(SCRIPTS) by extension 'cmake'
[0.156s] Level 1:colcon.colcon_core.package_identification:_identify(SCRIPTS) by extension 'python'
[0.156s] Level 1:colcon.colcon_core.package_identification:_identify(SCRIPTS) by extensions ['python_setup_py']
[0.156s] Level 1:colcon.colcon_core.package_identification:_identify(SCRIPTS) by extension 'python_setup_py'
[0.156s] Level 1:colcon.colcon_core.package_identification:_identify(build) by extensions ['ignore', 'ignore_ament_install']
[0.156s] Level 1:colcon.colcon_core.package_identification:_identify(build) by extension 'ignore'
[0.156s] Level 1:colcon.colcon_core.package_identification:_identify(build) ignored
[0.156s] Level 1:colcon.colcon_core.package_identification:_identify(cs_ws) by extensions ['ignore', 'ignore_ament_install']
[0.156s] Level 1:colcon.colcon_core.package_identification:_identify(cs_ws) by extension 'ignore'
[0.156s] Level 1:colcon.colcon_core.package_identification:_identify(cs_ws) by extension 'ignore_ament_install'
[0.156s] Level 1:colcon.colcon_core.package_identification:_identify(cs_ws) by extensions ['colcon_pkg']
[0.156s] Level 1:colcon.colcon_core.package_identification:_identify(cs_ws) by extension 'colcon_pkg'
[0.156s] Level 1:colcon.colcon_core.package_identification:_identify(cs_ws) by extensions ['colcon_meta']
[0.156s] Level 1:colcon.colcon_core.package_identification:_identify(cs_ws) by extension 'colcon_meta'
[0.156s] Level 1:colcon.colcon_core.package_identification:_identify(cs_ws) by extensions ['ros']
[0.156s] Level 1:colcon.colcon_core.package_identification:_identify(cs_ws) by extension 'ros'
[0.156s] Level 1:colcon.colcon_core.package_identification:_identify(cs_ws) by extensions ['cmake', 'python']
[0.156s] Level 1:colcon.colcon_core.package_identification:_identify(cs_ws) by extension 'cmake'
[0.156s] Level 1:colcon.colcon_core.package_identification:_identify(cs_ws) by extension 'python'
[0.156s] Level 1:colcon.colcon_core.package_identification:_identify(cs_ws) by extensions ['python_setup_py']
[0.156s] Level 1:colcon.colcon_core.package_identification:_identify(cs_ws) by extension 'python_setup_py'
[0.156s] Level 1:colcon.colcon_core.package_identification:_identify(cs_ws/build) by extensions ['ignore', 'ignore_ament_install']
[0.156s] Level 1:colcon.colcon_core.package_identification:_identify(cs_ws/build) by extension 'ignore'
[0.156s] Level 1:colcon.colcon_core.package_identification:_identify(cs_ws/build) ignored
[0.156s] Level 1:colcon.colcon_core.package_identification:_identify(cs_ws/install) by extensions ['ignore', 'ignore_ament_install']
[0.157s] Level 1:colcon.colcon_core.package_identification:_identify(cs_ws/install) by extension 'ignore'
[0.157s] Level 1:colcon.colcon_core.package_identification:_identify(cs_ws/install) ignored
[0.157s] Level 1:colcon.colcon_core.package_identification:_identify(cs_ws/log) by extensions ['ignore', 'ignore_ament_install']
[0.157s] Level 1:colcon.colcon_core.package_identification:_identify(cs_ws/log) by extension 'ignore'
[0.157s] Level 1:colcon.colcon_core.package_identification:_identify(cs_ws/log) ignored
[0.157s] Level 1:colcon.colcon_core.package_identification:_identify(cs_ws/src) by extensions ['ignore', 'ignore_ament_install']
[0.157s] Level 1:colcon.colcon_core.package_identification:_identify(cs_ws/src) by extension 'ignore'
[0.157s] Level 1:colcon.colcon_core.package_identification:_identify(cs_ws/src) by extension 'ignore_ament_install'
[0.157s] Level 1:colcon.colcon_core.package_identification:_identify(cs_ws/src) by extensions ['colcon_pkg']
[0.157s] Level 1:colcon.colcon_core.package_identification:_identify(cs_ws/src) by extension 'colcon_pkg'
[0.157s] Level 1:colcon.colcon_core.package_identification:_identify(cs_ws/src) by extensions ['colcon_meta']
[0.157s] Level 1:colcon.colcon_core.package_identification:_identify(cs_ws/src) by extension 'colcon_meta'
[0.157s] Level 1:colcon.colcon_core.package_identification:_identify(cs_ws/src) by extensions ['ros']
[0.157s] Level 1:colcon.colcon_core.package_identification:_identify(cs_ws/src) by extension 'ros'
[0.158s] Level 1:colcon.colcon_core.package_identification:_identify(cs_ws/src) by extensions ['cmake', 'python']
[0.158s] Level 1:colcon.colcon_core.package_identification:_identify(cs_ws/src) by extension 'cmake'
[0.158s] Level 1:colcon.colcon_core.package_identification:_identify(cs_ws/src) by extension 'python'
[0.158s] Level 1:colcon.colcon_core.package_identification:_identify(cs_ws/src) by extensions ['python_setup_py']
[0.158s] Level 1:colcon.colcon_core.package_identification:_identify(cs_ws/src) by extension 'python_setup_py'
[0.158s] Level 1:colcon.colcon_core.package_identification:_identify(cs_ws/src/avionics_interfaces) by extensions ['ignore', 'ignore_ament_install']
[0.158s] Level 1:colcon.colcon_core.package_identification:_identify(cs_ws/src/avionics_interfaces) by extension 'ignore'
[0.158s] Level 1:colcon.colcon_core.package_identification:_identify(cs_ws/src/avionics_interfaces) by extension 'ignore_ament_install'
[0.158s] Level 1:colcon.colcon_core.package_identification:_identify(cs_ws/src/avionics_interfaces) by extensions ['colcon_pkg']
[0.158s] Level 1:colcon.colcon_core.package_identification:_identify(cs_ws/src/avionics_interfaces) by extension 'colcon_pkg'
[0.158s] Level 1:colcon.colcon_core.package_identification:_identify(cs_ws/src/avionics_interfaces) by extensions ['colcon_meta']
[0.158s] Level 1:colcon.colcon_core.package_identification:_identify(cs_ws/src/avionics_interfaces) by extension 'colcon_meta'
[0.158s] Level 1:colcon.colcon_core.package_identification:_identify(cs_ws/src/avionics_interfaces) by extensions ['ros']
[0.158s] Level 1:colcon.colcon_core.package_identification:_identify(cs_ws/src/avionics_interfaces) by extension 'ros'
[0.159s] DEBUG:colcon.colcon_core.package_identification:Package 'cs_ws/src/avionics_interfaces' with type 'ros.ament_cmake' and name 'avionics_interfaces'
[0.159s] Level 1:colcon.colcon_core.package_identification:_identify(cs_ws/src/control_station_pkg) by extensions ['ignore', 'ignore_ament_install']
[0.159s] Level 1:colcon.colcon_core.package_identification:_identify(cs_ws/src/control_station_pkg) by extension 'ignore'
[0.159s] Level 1:colcon.colcon_core.package_identification:_identify(cs_ws/src/control_station_pkg) by extension 'ignore_ament_install'
[0.159s] Level 1:colcon.colcon_core.package_identification:_identify(cs_ws/src/control_station_pkg) by extensions ['colcon_pkg']
[0.159s] Level 1:colcon.colcon_core.package_identification:_identify(cs_ws/src/control_station_pkg) by extension 'colcon_pkg'
[0.159s] Level 1:colcon.colcon_core.package_identification:_identify(cs_ws/src/control_station_pkg) by extensions ['colcon_meta']
[0.160s] Level 1:colcon.colcon_core.package_identification:_identify(cs_ws/src/control_station_pkg) by extension 'colcon_meta'
[0.160s] Level 1:colcon.colcon_core.package_identification:_identify(cs_ws/src/control_station_pkg) by extensions ['ros']
[0.160s] Level 1:colcon.colcon_core.package_identification:_identify(cs_ws/src/control_station_pkg) by extension 'ros'
[0.160s] DEBUG:colcon.colcon_core.package_identification:Package 'cs_ws/src/control_station_pkg' with type 'ros.ament_python' and name 'control_station_pkg'
[0.160s] Level 1:colcon.colcon_core.package_identification:_identify(cs_ws/src/cs_test_pkg) by extensions ['ignore', 'ignore_ament_install']
[0.160s] Level 1:colcon.colcon_core.package_identification:_identify(cs_ws/src/cs_test_pkg) by extension 'ignore'
[0.160s] Level 1:colcon.colcon_core.package_identification:_identify(cs_ws/src/cs_test_pkg) by extension 'ignore_ament_install'
[0.160s] Level 1:colcon.colcon_core.package_identification:_identify(cs_ws/src/cs_test_pkg) by extensions ['colcon_pkg']
[0.160s] Level 1:colcon.colcon_core.package_identification:_identify(cs_ws/src/cs_test_pkg) by extension 'colcon_pkg'
[0.160s] Level 1:colcon.colcon_core.package_identification:_identify(cs_ws/src/cs_test_pkg) by extensions ['colcon_meta']
[0.160s] Level 1:colcon.colcon_core.package_identification:_identify(cs_ws/src/cs_test_pkg) by extension 'colcon_meta'
[0.160s] Level 1:colcon.colcon_core.package_identification:_identify(cs_ws/src/cs_test_pkg) by extensions ['ros']
[0.160s] Level 1:colcon.colcon_core.package_identification:_identify(cs_ws/src/cs_test_pkg) by extension 'ros'
[0.160s] DEBUG:colcon.colcon_core.package_identification:Package 'cs_ws/src/cs_test_pkg' with type 'ros.ament_python' and name 'cs_test_pkg'
[0.160s] Level 1:colcon.colcon_core.package_identification:_identify(cs_ws/src/rover_pkg) by extensions ['ignore', 'ignore_ament_install']
[0.160s] Level 1:colcon.colcon_core.package_identification:_identify(cs_ws/src/rover_pkg) by extension 'ignore'
[0.160s] Level 1:colcon.colcon_core.package_identification:_identify(cs_ws/src/rover_pkg) by extension 'ignore_ament_install'
[0.160s] Level 1:colcon.colcon_core.package_identification:_identify(cs_ws/src/rover_pkg) by extensions ['colcon_pkg']
[0.161s] Level 1:colcon.colcon_core.package_identification:_identify(cs_ws/src/rover_pkg) by extension 'colcon_pkg'
[0.161s] Level 1:colcon.colcon_core.package_identification:_identify(cs_ws/src/rover_pkg) by extensions ['colcon_meta']
[0.161s] Level 1:colcon.colcon_core.package_identification:_identify(cs_ws/src/rover_pkg) by extension 'colcon_meta'
[0.161s] Level 1:colcon.colcon_core.package_identification:_identify(cs_ws/src/rover_pkg) by extensions ['ros']
[0.161s] Level 1:colcon.colcon_core.package_identification:_identify(cs_ws/src/rover_pkg) by extension 'ros'
[0.161s] DEBUG:colcon.colcon_core.package_identification:Package 'cs_ws/src/rover_pkg' with type 'ros.ament_python' and name 'rover_pkg'
[0.161s] Level 1:colcon.colcon_core.package_identification:_identify(cs_ws/src/xplore_interfaces) by extensions ['ignore', 'ignore_ament_install']
[0.161s] Level 1:colcon.colcon_core.package_identification:_identify(cs_ws/src/xplore_interfaces) by extension 'ignore'
[0.161s] Level 1:colcon.colcon_core.package_identification:_identify(cs_ws/src/xplore_interfaces) by extension 'ignore_ament_install'
[0.161s] Level 1:colcon.colcon_core.package_identification:_identify(cs_ws/src/xplore_interfaces) by extensions ['colcon_pkg']
[0.161s] Level 1:colcon.colcon_core.package_identification:_identify(cs_ws/src/xplore_interfaces) by extension 'colcon_pkg'
[0.161s] Level 1:colcon.colcon_core.package_identification:_identify(cs_ws/src/xplore_interfaces) by extensions ['colcon_meta']
[0.161s] Level 1:colcon.colcon_core.package_identification:_identify(cs_ws/src/xplore_interfaces) by extension 'colcon_meta'
[0.161s] Level 1:colcon.colcon_core.package_identification:_identify(cs_ws/src/xplore_interfaces) by extensions ['ros']
[0.161s] Level 1:colcon.colcon_core.package_identification:_identify(cs_ws/src/xplore_interfaces) by extension 'ros'
[0.161s] DEBUG:colcon.colcon_core.package_identification:Package 'cs_ws/src/xplore_interfaces' with type 'ros.ament_cmake' and name 'xplore_interfaces'
[0.161s] Level 1:colcon.colcon_core.package_identification:_identify(install) by extensions ['ignore', 'ignore_ament_install']
[0.161s] Level 1:colcon.colcon_core.package_identification:_identify(install) by extension 'ignore'
[0.161s] Level 1:colcon.colcon_core.package_identification:_identify(install) ignored
[0.161s] Level 1:colcon.colcon_core.package_identification:_identify(log) by extensions ['ignore', 'ignore_ament_install']
[0.161s] Level 1:colcon.colcon_core.package_identification:_identify(log) by extension 'ignore'
[0.161s] Level 1:colcon.colcon_core.package_identification:_identify(log) ignored
[0.161s] Level 1:colcon.colcon_core.package_identification:_identify(node_modules) by extensions ['ignore', 'ignore_ament_install']
[0.161s] Level 1:colcon.colcon_core.package_identification:_identify(node_modules) by extension 'ignore'
[0.161s] Level 1:colcon.colcon_core.package_identification:_identify(node_modules) by extension 'ignore_ament_install'
[0.161s] Level 1:colcon.colcon_core.package_identification:_identify(node_modules) by extensions ['colcon_pkg']
[0.161s] Level 1:colcon.colcon_core.package_identification:_identify(node_modules) by extension 'colcon_pkg'
[0.161s] Level 1:colcon.colcon_core.package_identification:_identify(node_modules) by extensions ['colcon_meta']
[0.161s] Level 1:colcon.colcon_core.package_identification:_identify(node_modules) by extension 'colcon_meta'
[0.161s] Level 1:colcon.colcon_core.package_identification:_identify(node_modules) by extensions ['ros']
[0.161s] Level 1:colcon.colcon_core.package_identification:_identify(node_modules) by extension 'ros'
[0.161s] Level 1:colcon.colcon_core.package_identification:_identify(node_modules) by extensions ['cmake', 'python']
[0.161s] Level 1:colcon.colcon_core.package_identification:_identify(node_modules) by extension 'cmake'
[0.161s] Level 1:colcon.colcon_core.package_identification:_identify(node_modules) by extension 'python'
[0.161s] Level 1:colcon.colcon_core.package_identification:_identify(node_modules) by extensions ['python_setup_py']
[0.161s] Level 1:colcon.colcon_core.package_identification:_identify(node_modules) by extension 'python_setup_py'
[0.161s] Level 1:colcon.colcon_core.package_identification:_identify(node_modules/@kurkle) by extensions ['ignore', 'ignore_ament_install']
[0.161s] Level 1:colcon.colcon_core.package_identification:_identify(node_modules/@kurkle) by extension 'ignore'
[0.161s] Level 1:colcon.colcon_core.package_identification:_identify(node_modules/@kurkle) by extension 'ignore_ament_install'
[0.162s] Level 1:colcon.colcon_core.package_identification:_identify(node_modules/@kurkle) by extensions ['colcon_pkg']
[0.162s] Level 1:colcon.colcon_core.package_identification:_identify(node_modules/@kurkle) by extension 'colcon_pkg'
[0.162s] Level 1:colcon.colcon_core.package_identification:_identify(node_modules/@kurkle) by extensions ['colcon_meta']
[0.162s] Level 1:colcon.colcon_core.package_identification:_identify(node_modules/@kurkle) by extension 'colcon_meta'
[0.162s] Level 1:colcon.colcon_core.package_identification:_identify(node_modules/@kurkle) by extensions ['ros']
[0.162s] Level 1:colcon.colcon_core.package_identification:_identify(node_modules/@kurkle) by extension 'ros'
[0.162s] Level 1:colcon.colcon_core.package_identification:_identify(node_modules/@kurkle) by extensions ['cmake', 'python']
[0.162s] Level 1:colcon.colcon_core.package_identification:_identify(node_modules/@kurkle) by extension 'cmake'
[0.162s] Level 1:colcon.colcon_core.package_identification:_identify(node_modules/@kurkle) by extension 'python'
[0.162s] Level 1:colcon.colcon_core.package_identification:_identify(node_modules/@kurkle) by extensions ['python_setup_py']
[0.162s] Level 1:colcon.colcon_core.package_identification:_identify(node_modules/@kurkle) by extension 'python_setup_py'
[0.162s] Level 1:colcon.colcon_core.package_identification:_identify(node_modules/@kurkle/color) by extensions ['ignore', 'ignore_ament_install']
[0.162s] Level 1:colcon.colcon_core.package_identification:_identify(node_modules/@kurkle/color) by extension 'ignore'
[0.162s] Level 1:colcon.colcon_core.package_identification:_identify(node_modules/@kurkle/color) by extension 'ignore_ament_install'
[0.162s] Level 1:colcon.colcon_core.package_identification:_identify(node_modules/@kurkle/color) by extensions ['colcon_pkg']
[0.162s] Level 1:colcon.colcon_core.package_identification:_identify(node_modules/@kurkle/color) by extension 'colcon_pkg'
[0.162s] Level 1:colcon.colcon_core.package_identification:_identify(node_modules/@kurkle/color) by extensions ['colcon_meta']
[0.162s] Level 1:colcon.colcon_core.package_identification:_identify(node_modules/@kurkle/color) by extension 'colcon_meta'
[0.162s] Level 1:colcon.colcon_core.package_identification:_identify(node_modules/@kurkle/color) by extensions ['ros']
[0.162s] Level 1:colcon.colcon_core.package_identification:_identify(node_modules/@kurkle/color) by extension 'ros'
[0.162s] Level 1:colcon.colcon_core.package_identification:_identify(node_modules/@kurkle/color) by extensions ['cmake', 'python']
[0.162s] Level 1:colcon.colcon_core.package_identification:_identify(node_modules/@kurkle/color) by extension 'cmake'
[0.162s] Level 1:colcon.colcon_core.package_identification:_identify(node_modules/@kurkle/color) by extension 'python'
[0.162s] Level 1:colcon.colcon_core.package_identification:_identify(node_modules/@kurkle/color) by extensions ['python_setup_py']
[0.162s] Level 1:colcon.colcon_core.package_identification:_identify(node_modules/@kurkle/color) by extension 'python_setup_py'
[0.162s] Level 1:colcon.colcon_core.package_identification:_identify(node_modules/@kurkle/color/dist) by extensions ['ignore', 'ignore_ament_install']
[0.162s] Level 1:colcon.colcon_core.package_identification:_identify(node_modules/@kurkle/color/dist) by extension 'ignore'
[0.162s] Level 1:colcon.colcon_core.package_identification:_identify(node_modules/@kurkle/color/dist) by extension 'ignore_ament_install'
[0.162s] Level 1:colcon.colcon_core.package_identification:_identify(node_modules/@kurkle/color/dist) by extensions ['colcon_pkg']
[0.162s] Level 1:colcon.colcon_core.package_identification:_identify(node_modules/@kurkle/color/dist) by extension 'colcon_pkg'
[0.162s] Level 1:colcon.colcon_core.package_identification:_identify(node_modules/@kurkle/color/dist) by extensions ['colcon_meta']
[0.162s] Level 1:colcon.colcon_core.package_identification:_identify(node_modules/@kurkle/color/dist) by extension 'colcon_meta'
[0.162s] Level 1:colcon.colcon_core.package_identification:_identify(node_modules/@kurkle/color/dist) by extensions ['ros']
[0.162s] Level 1:colcon.colcon_core.package_identification:_identify(node_modules/@kurkle/color/dist) by extension 'ros'
[0.162s] Level 1:colcon.colcon_core.package_identification:_identify(node_modules/@kurkle/color/dist) by extensions ['cmake', 'python']
[0.162s] Level 1:colcon.colcon_core.package_identification:_identify(node_modules/@kurkle/color/dist) by extension 'cmake'
[0.162s] Level 1:colcon.colcon_core.package_identification:_identify(node_modules/@kurkle/color/dist) by extension 'python'
[0.162s] Level 1:colcon.colcon_core.package_identification:_identify(node_modules/@kurkle/color/dist) by extensions ['python_setup_py']
[0.162s] Level 1:colcon.colcon_core.package_identification:_identify(node_modules/@kurkle/color/dist) by extension 'python_setup_py'
[0.162s] Level 1:colcon.colcon_core.package_identification:_identify(node_modules/chart.js) by extensions ['ignore', 'ignore_ament_install']
[0.162s] Level 1:colcon.colcon_core.package_identification:_identify(node_modules/chart.js) by extension 'ignore'
[0.162s] Level 1:colcon.colcon_core.package_identification:_identify(node_modules/chart.js) by extension 'ignore_ament_install'
[0.162s] Level 1:colcon.colcon_core.package_identification:_identify(node_modules/chart.js) by extensions ['colcon_pkg']
[0.162s] Level 1:colcon.colcon_core.package_identification:_identify(node_modules/chart.js) by extension 'colcon_pkg'
[0.162s] Level 1:colcon.colcon_core.package_identification:_identify(node_modules/chart.js) by extensions ['colcon_meta']
[0.162s] Level 1:colcon.colcon_core.package_identification:_identify(node_modules/chart.js) by extension 'colcon_meta'
[0.162s] Level 1:colcon.colcon_core.package_identification:_identify(node_modules/chart.js) by extensions ['ros']
[0.162s] Level 1:colcon.colcon_core.package_identification:_identify(node_modules/chart.js) by extension 'ros'
[0.162s] Level 1:colcon.colcon_core.package_identification:_identify(node_modules/chart.js) by extensions ['cmake', 'python']
[0.162s] Level 1:colcon.colcon_core.package_identification:_identify(node_modules/chart.js) by extension 'cmake'
[0.162s] Level 1:colcon.colcon_core.package_identification:_identify(node_modules/chart.js) by extension 'python'
[0.162s] Level 1:colcon.colcon_core.package_identification:_identify(node_modules/chart.js) by extensions ['python_setup_py']
[0.162s] Level 1:colcon.colcon_core.package_identification:_identify(node_modules/chart.js) by extension 'python_setup_py'
[0.162s] Level 1:colcon.colcon_core.package_identification:_identify(node_modules/chart.js/auto) by extensions ['ignore', 'ignore_ament_install']
[0.162s] Level 1:colcon.colcon_core.package_identification:_identify(node_modules/chart.js/auto) by extension 'ignore'
[0.162s] Level 1:colcon.colcon_core.package_identification:_identify(node_modules/chart.js/auto) by extension 'ignore_ament_install'
[0.162s] Level 1:colcon.colcon_core.package_identification:_identify(node_modules/chart.js/auto) by extensions ['colcon_pkg']
[0.162s] Level 1:colcon.colcon_core.package_identification:_identify(node_modules/chart.js/auto) by extension 'colcon_pkg'
[0.162s] Level 1:colcon.colcon_core.package_identification:_identify(node_modules/chart.js/auto) by extensions ['colcon_meta']
[0.162s] Level 1:colcon.colcon_core.package_identification:_identify(node_modules/chart.js/auto) by extension 'colcon_meta'
[0.163s] Level 1:colcon.colcon_core.package_identification:_identify(node_modules/chart.js/auto) by extensions ['ros']
[0.163s] Level 1:colcon.colcon_core.package_identification:_identify(node_modules/chart.js/auto) by extension 'ros'
[0.163s] Level 1:colcon.colcon_core.package_identification:_identify(node_modules/chart.js/auto) by extensions ['cmake', 'python']
[0.163s] Level 1:colcon.colcon_core.package_identification:_identify(node_modules/chart.js/auto) by extension 'cmake'
[0.163s] Level 1:colcon.colcon_core.package_identification:_identify(node_modules/chart.js/auto) by extension 'python'
[0.163s] Level 1:colcon.colcon_core.package_identification:_identify(node_modules/chart.js/auto) by extensions ['python_setup_py']
[0.163s] Level 1:colcon.colcon_core.package_identification:_identify(node_modules/chart.js/auto) by extension 'python_setup_py'
[0.163s] Level 1:colcon.colcon_core.package_identification:_identify(node_modules/chart.js/dist) by extensions ['ignore', 'ignore_ament_install']
[0.163s] Level 1:colcon.colcon_core.package_identification:_identify(node_modules/chart.js/dist) by extension 'ignore'
[0.163s] Level 1:colcon.colcon_core.package_identification:_identify(node_modules/chart.js/dist) by extension 'ignore_ament_install'
[0.163s] Level 1:colcon.colcon_core.package_identification:_identify(node_modules/chart.js/dist) by extensions ['colcon_pkg']
[0.163s] Level 1:colcon.colcon_core.package_identification:_identify(node_modules/chart.js/dist) by extension 'colcon_pkg'
[0.163s] Level 1:colcon.colcon_core.package_identification:_identify(node_modules/chart.js/dist) by extensions ['colcon_meta']
[0.163s] Level 1:colcon.colcon_core.package_identification:_identify(node_modules/chart.js/dist) by extension 'colcon_meta'
[0.163s] Level 1:colcon.colcon_core.package_identification:_identify(node_modules/chart.js/dist) by extensions ['ros']
[0.163s] Level 1:colcon.colcon_core.package_identification:_identify(node_modules/chart.js/dist) by extension 'ros'
[0.163s] Level 1:colcon.colcon_core.package_identification:_identify(node_modules/chart.js/dist) by extensions ['cmake', 'python']
[0.163s] Level 1:colcon.colcon_core.package_identification:_identify(node_modules/chart.js/dist) by extension 'cmake'
[0.163s] Level 1:colcon.colcon_core.package_identification:_identify(node_modules/chart.js/dist) by extension 'python'
[0.163s] Level 1:colcon.colcon_core.package_identification:_identify(node_modules/chart.js/dist) by extensions ['python_setup_py']
[0.163s] Level 1:colcon.colcon_core.package_identification:_identify(node_modules/chart.js/dist) by extension 'python_setup_py'
[0.163s] Level 1:colcon.colcon_core.package_identification:_identify(node_modules/chart.js/dist/chunks) by extensions ['ignore', 'ignore_ament_install']
[0.163s] Level 1:colcon.colcon_core.package_identification:_identify(node_modules/chart.js/dist/chunks) by extension 'ignore'
[0.163s] Level 1:colcon.colcon_core.package_identification:_identify(node_modules/chart.js/dist/chunks) by extension 'ignore_ament_install'
[0.163s] Level 1:colcon.colcon_core.package_identification:_identify(node_modules/chart.js/dist/chunks) by extensions ['colcon_pkg']
[0.163s] Level 1:colcon.colcon_core.package_identification:_identify(node_modules/chart.js/dist/chunks) by extension 'colcon_pkg'
[0.163s] Level 1:colcon.colcon_core.package_identification:_identify(node_modules/chart.js/dist/chunks) by extensions ['colcon_meta']
[0.163s] Level 1:colcon.colcon_core.package_identification:_identify(node_modules/chart.js/dist/chunks) by extension 'colcon_meta'
[0.163s] Level 1:colcon.colcon_core.package_identification:_identify(node_modules/chart.js/dist/chunks) by extensions ['ros']
[0.163s] Level 1:colcon.colcon_core.package_identification:_identify(node_modules/chart.js/dist/chunks) by extension 'ros'
[0.163s] Level 1:colcon.colcon_core.package_identification:_identify(node_modules/chart.js/dist/chunks) by extensions ['cmake', 'python']
[0.163s] Level 1:colcon.colcon_core.package_identification:_identify(node_modules/chart.js/dist/chunks) by extension 'cmake'
[0.163s] Level 1:colcon.colcon_core.package_identification:_identify(node_modules/chart.js/dist/chunks) by extension 'python'
[0.163s] Level 1:colcon.colcon_core.package_identification:_identify(node_modules/chart.js/dist/chunks) by extensions ['python_setup_py']
[0.163s] Level 1:colcon.colcon_core.package_identification:_identify(node_modules/chart.js/dist/chunks) by extension 'python_setup_py'
[0.163s] Level 1:colcon.colcon_core.package_identification:_identify(node_modules/chart.js/dist/controllers) by extensions ['ignore', 'ignore_ament_install']
[0.163s] Level 1:colcon.colcon_core.package_identification:_identify(node_modules/chart.js/dist/controllers) by extension 'ignore'
[0.163s] Level 1:colcon.colcon_core.package_identification:_identify(node_modules/chart.js/dist/controllers) by extension 'ignore_ament_install'
[0.163s] Level 1:colcon.colcon_core.package_identification:_identify(node_modules/chart.js/dist/controllers) by extensions ['colcon_pkg']
[0.163s] Level 1:colcon.colcon_core.package_identification:_identify(node_modules/chart.js/dist/controllers) by extension 'colcon_pkg'
[0.163s] Level 1:colcon.colcon_core.package_identification:_identify(node_modules/chart.js/dist/controllers) by extensions ['colcon_meta']
[0.163s] Level 1:colcon.colcon_core.package_identification:_identify(node_modules/chart.js/dist/controllers) by extension 'colcon_meta'
[0.163s] Level 1:colcon.colcon_core.package_identification:_identify(node_modules/chart.js/dist/controllers) by extensions ['ros']
[0.163s] Level 1:colcon.colcon_core.package_identification:_identify(node_modules/chart.js/dist/controllers) by extension 'ros'
[0.163s] Level 1:colcon.colcon_core.package_identification:_identify(node_modules/chart.js/dist/controllers) by extensions ['cmake', 'python']
[0.163s] Level 1:colcon.colcon_core.package_identification:_identify(node_modules/chart.js/dist/controllers) by extension 'cmake'
[0.163s] Level 1:colcon.colcon_core.package_identification:_identify(node_modules/chart.js/dist/controllers) by extension 'python'
[0.163s] Level 1:colcon.colcon_core.package_identification:_identify(node_modules/chart.js/dist/controllers) by extensions ['python_setup_py']
[0.163s] Level 1:colcon.colcon_core.package_identification:_identify(node_modules/chart.js/dist/controllers) by extension 'python_setup_py'
[0.163s] Level 1:colcon.colcon_core.package_identification:_identify(node_modules/chart.js/dist/core) by extensions ['ignore', 'ignore_ament_install']
[0.163s] Level 1:colcon.colcon_core.package_identification:_identify(node_modules/chart.js/dist/core) by extension 'ignore'
[0.163s] Level 1:colcon.colcon_core.package_identification:_identify(node_modules/chart.js/dist/core) by extension 'ignore_ament_install'
[0.163s] Level 1:colcon.colcon_core.package_identification:_identify(node_modules/chart.js/dist/core) by extensions ['colcon_pkg']
[0.163s] Level 1:colcon.colcon_core.package_identification:_identify(node_modules/chart.js/dist/core) by extension 'colcon_pkg'
[0.163s] Level 1:colcon.colcon_core.package_identification:_identify(node_modules/chart.js/dist/core) by extensions ['colcon_meta']
[0.164s] Level 1:colcon.colcon_core.package_identification:_identify(node_modules/chart.js/dist/core) by extension 'colcon_meta'
[0.164s] Level 1:colcon.colcon_core.package_identification:_identify(node_modules/chart.js/dist/core) by extensions ['ros']
[0.164s] Level 1:colcon.colcon_core.package_identification:_identify(node_modules/chart.js/dist/core) by extension 'ros'
[0.164s] Level 1:colcon.colcon_core.package_identification:_identify(node_modules/chart.js/dist/core) by extensions ['cmake', 'python']
[0.164s] Level 1:colcon.colcon_core.package_identification:_identify(node_modules/chart.js/dist/core) by extension 'cmake'
[0.164s] Level 1:colcon.colcon_core.package_identification:_identify(node_modules/chart.js/dist/core) by extension 'python'
[0.164s] Level 1:colcon.colcon_core.package_identification:_identify(node_modules/chart.js/dist/core) by extensions ['python_setup_py']
[0.164s] Level 1:colcon.colcon_core.package_identification:_identify(node_modules/chart.js/dist/core) by extension 'python_setup_py'
[0.164s] Level 1:colcon.colcon_core.package_identification:_identify(node_modules/chart.js/dist/elements) by extensions ['ignore', 'ignore_ament_install']
[0.164s] Level 1:colcon.colcon_core.package_identification:_identify(node_modules/chart.js/dist/elements) by extension 'ignore'
[0.164s] Level 1:colcon.colcon_core.package_identification:_identify(node_modules/chart.js/dist/elements) by extension 'ignore_ament_install'
[0.164s] Level 1:colcon.colcon_core.package_identification:_identify(node_modules/chart.js/dist/elements) by extensions ['colcon_pkg']
[0.164s] Level 1:colcon.colcon_core.package_identification:_identify(node_modules/chart.js/dist/elements) by extension 'colcon_pkg'
[0.164s] Level 1:colcon.colcon_core.package_identification:_identify(node_modules/chart.js/dist/elements) by extensions ['colcon_meta']
[0.164s] Level 1:colcon.colcon_core.package_identification:_identify(node_modules/chart.js/dist/elements) by extension 'colcon_meta'
[0.164s] Level 1:colcon.colcon_core.package_identification:_identify(node_modules/chart.js/dist/elements) by extensions ['ros']
[0.164s] Level 1:colcon.colcon_core.package_identification:_identify(node_modules/chart.js/dist/elements) by extension 'ros'
[0.164s] Level 1:colcon.colcon_core.package_identification:_identify(node_modules/chart.js/dist/elements) by extensions ['cmake', 'python']
[0.164s] Level 1:colcon.colcon_core.package_identification:_identify(node_modules/chart.js/dist/elements) by extension 'cmake'
[0.164s] Level 1:colcon.colcon_core.package_identification:_identify(node_modules/chart.js/dist/elements) by extension 'python'
[0.164s] Level 1:colcon.colcon_core.package_identification:_identify(node_modules/chart.js/dist/elements) by extensions ['python_setup_py']
[0.164s] Level 1:colcon.colcon_core.package_identification:_identify(node_modules/chart.js/dist/elements) by extension 'python_setup_py'
[0.164s] Level 1:colcon.colcon_core.package_identification:_identify(node_modules/chart.js/dist/helpers) by extensions ['ignore', 'ignore_ament_install']
[0.164s] Level 1:colcon.colcon_core.package_identification:_identify(node_modules/chart.js/dist/helpers) by extension 'ignore'
[0.164s] Level 1:colcon.colcon_core.package_identification:_identify(node_modules/chart.js/dist/helpers) by extension 'ignore_ament_install'
[0.164s] Level 1:colcon.colcon_core.package_identification:_identify(node_modules/chart.js/dist/helpers) by extensions ['colcon_pkg']
[0.164s] Level 1:colcon.colcon_core.package_identification:_identify(node_modules/chart.js/dist/helpers) by extension 'colcon_pkg'
[0.164s] Level 1:colcon.colcon_core.package_identification:_identify(node_modules/chart.js/dist/helpers) by extensions ['colcon_meta']
[0.164s] Level 1:colcon.colcon_core.package_identification:_identify(node_modules/chart.js/dist/helpers) by extension 'colcon_meta'
[0.164s] Level 1:colcon.colcon_core.package_identification:_identify(node_modules/chart.js/dist/helpers) by extensions ['ros']
[0.164s] Level 1:colcon.colcon_core.package_identification:_identify(node_modules/chart.js/dist/helpers) by extension 'ros'
[0.164s] Level 1:colcon.colcon_core.package_identification:_identify(node_modules/chart.js/dist/helpers) by extensions ['cmake', 'python']
[0.164s] Level 1:colcon.colcon_core.package_identification:_identify(node_modules/chart.js/dist/helpers) by extension 'cmake'
[0.164s] Level 1:colcon.colcon_core.package_identification:_identify(node_modules/chart.js/dist/helpers) by extension 'python'
[0.164s] Level 1:colcon.colcon_core.package_identification:_identify(node_modules/chart.js/dist/helpers) by extensions ['python_setup_py']
[0.164s] Level 1:colcon.colcon_core.package_identification:_identify(node_modules/chart.js/dist/helpers) by extension 'python_setup_py'
[0.164s] Level 1:colcon.colcon_core.package_identification:_identify(node_modules/chart.js/dist/platform) by extensions ['ignore', 'ignore_ament_install']
[0.164s] Level 1:colcon.colcon_core.package_identification:_identify(node_modules/chart.js/dist/platform) by extension 'ignore'
[0.164s] Level 1:colcon.colcon_core.package_identification:_identify(node_modules/chart.js/dist/platform) by extension 'ignore_ament_install'
[0.164s] Level 1:colcon.colcon_core.package_identification:_identify(node_modules/chart.js/dist/platform) by extensions ['colcon_pkg']
[0.164s] Level 1:colcon.colcon_core.package_identification:_identify(node_modules/chart.js/dist/platform) by extension 'colcon_pkg'
[0.164s] Level 1:colcon.colcon_core.package_identification:_identify(node_modules/chart.js/dist/platform) by extensions ['colcon_meta']
[0.164s] Level 1:colcon.colcon_core.package_identification:_identify(node_modules/chart.js/dist/platform) by extension 'colcon_meta'
[0.164s] Level 1:colcon.colcon_core.package_identification:_identify(node_modules/chart.js/dist/platform) by extensions ['ros']
[0.164s] Level 1:colcon.colcon_core.package_identification:_identify(node_modules/chart.js/dist/platform) by extension 'ros'
[0.164s] Level 1:colcon.colcon_core.package_identification:_identify(node_modules/chart.js/dist/platform) by extensions ['cmake', 'python']
[0.164s] Level 1:colcon.colcon_core.package_identification:_identify(node_modules/chart.js/dist/platform) by extension 'cmake'
[0.164s] Level 1:colcon.colcon_core.package_identification:_identify(node_modules/chart.js/dist/platform) by extension 'python'
[0.164s] Level 1:colcon.colcon_core.package_identification:_identify(node_modules/chart.js/dist/platform) by extensions ['python_setup_py']
[0.164s] Level 1:colcon.colcon_core.package_identification:_identify(node_modules/chart.js/dist/platform) by extension 'python_setup_py'
[0.164s] Level 1:colcon.colcon_core.package_identification:_identify(node_modules/chart.js/dist/plugins) by extensions ['ignore', 'ignore_ament_install']
[0.164s] Level 1:colcon.colcon_core.package_identification:_identify(node_modules/chart.js/dist/plugins) by extension 'ignore'
[0.164s] Level 1:colcon.colcon_core.package_identification:_identify(node_modules/chart.js/dist/plugins) by extension 'ignore_ament_install'
[0.164s] Level 1:colcon.colcon_core.package_identification:_identify(node_modules/chart.js/dist/plugins) by extensions ['colcon_pkg']
[0.164s] Level 1:colcon.colcon_core.package_identification:_identify(node_modules/chart.js/dist/plugins) by extension 'colcon_pkg'
[0.164s] Level 1:colcon.colcon_core.package_identification:_identify(node_modules/chart.js/dist/plugins) by extensions ['colcon_meta']
[0.164s] Level 1:colcon.colcon_core.package_identification:_identify(node_modules/chart.js/dist/plugins) by extension 'colcon_meta'
[0.164s] Level 1:colcon.colcon_core.package_identification:_identify(node_modules/chart.js/dist/plugins) by extensions ['ros']
[0.164s] Level 1:colcon.colcon_core.package_identification:_identify(node_modules/chart.js/dist/plugins) by extension 'ros'
[0.165s] Level 1:colcon.colcon_core.package_identification:_identify(node_modules/chart.js/dist/plugins) by extensions ['cmake', 'python']
[0.165s] Level 1:colcon.colcon_core.package_identification:_identify(node_modules/chart.js/dist/plugins) by extension 'cmake'
[0.165s] Level 1:colcon.colcon_core.package_identification:_identify(node_modules/chart.js/dist/plugins) by extension 'python'
[0.165s] Level 1:colcon.colcon_core.package_identification:_identify(node_modules/chart.js/dist/plugins) by extensions ['python_setup_py']
[0.165s] Level 1:colcon.colcon_core.package_identification:_identify(node_modules/chart.js/dist/plugins) by extension 'python_setup_py'
[0.165s] Level 1:colcon.colcon_core.package_identification:_identify(node_modules/chart.js/dist/plugins/plugin.filler) by extensions ['ignore', 'ignore_ament_install']
[0.165s] Level 1:colcon.colcon_core.package_identification:_identify(node_modules/chart.js/dist/plugins/plugin.filler) by extension 'ignore'
[0.165s] Level 1:colcon.colcon_core.package_identification:_identify(node_modules/chart.js/dist/plugins/plugin.filler) by extension 'ignore_ament_install'
[0.165s] Level 1:colcon.colcon_core.package_identification:_identify(node_modules/chart.js/dist/plugins/plugin.filler) by extensions ['colcon_pkg']
[0.165s] Level 1:colcon.colcon_core.package_identification:_identify(node_modules/chart.js/dist/plugins/plugin.filler) by extension 'colcon_pkg'
[0.165s] Level 1:colcon.colcon_core.package_identification:_identify(node_modules/chart.js/dist/plugins/plugin.filler) by extensions ['colcon_meta']
[0.165s] Level 1:colcon.colcon_core.package_identification:_identify(node_modules/chart.js/dist/plugins/plugin.filler) by extension 'colcon_meta'
[0.165s] Level 1:colcon.colcon_core.package_identification:_identify(node_modules/chart.js/dist/plugins/plugin.filler) by extensions ['ros']
[0.165s] Level 1:colcon.colcon_core.package_identification:_identify(node_modules/chart.js/dist/plugins/plugin.filler) by extension 'ros'
[0.165s] Level 1:colcon.colcon_core.package_identification:_identify(node_modules/chart.js/dist/plugins/plugin.filler) by extensions ['cmake', 'python']
[0.165s] Level 1:colcon.colcon_core.package_identification:_identify(node_modules/chart.js/dist/plugins/plugin.filler) by extension 'cmake'
[0.165s] Level 1:colcon.colcon_core.package_identification:_identify(node_modules/chart.js/dist/plugins/plugin.filler) by extension 'python'
[0.165s] Level 1:colcon.colcon_core.package_identification:_identify(node_modules/chart.js/dist/plugins/plugin.filler) by extensions ['python_setup_py']
[0.165s] Level 1:colcon.colcon_core.package_identification:_identify(node_modules/chart.js/dist/plugins/plugin.filler) by extension 'python_setup_py'
[0.165s] Level 1:colcon.colcon_core.package_identification:_identify(node_modules/chart.js/dist/scales) by extensions ['ignore', 'ignore_ament_install']
[0.165s] Level 1:colcon.colcon_core.package_identification:_identify(node_modules/chart.js/dist/scales) by extension 'ignore'
[0.165s] Level 1:colcon.colcon_core.package_identification:_identify(node_modules/chart.js/dist/scales) by extension 'ignore_ament_install'
[0.165s] Level 1:colcon.colcon_core.package_identification:_identify(node_modules/chart.js/dist/scales) by extensions ['colcon_pkg']
[0.165s] Level 1:colcon.colcon_core.package_identification:_identify(node_modules/chart.js/dist/scales) by extension 'colcon_pkg'
[0.165s] Level 1:colcon.colcon_core.package_identification:_identify(node_modules/chart.js/dist/scales) by extensions ['colcon_meta']
[0.165s] Level 1:colcon.colcon_core.package_identification:_identify(node_modules/chart.js/dist/scales) by extension 'colcon_meta'
[0.165s] Level 1:colcon.colcon_core.package_identification:_identify(node_modules/chart.js/dist/scales) by extensions ['ros']
[0.165s] Level 1:colcon.colcon_core.package_identification:_identify(node_modules/chart.js/dist/scales) by extension 'ros'
[0.165s] Level 1:colcon.colcon_core.package_identification:_identify(node_modules/chart.js/dist/scales) by extensions ['cmake', 'python']
[0.165s] Level 1:colcon.colcon_core.package_identification:_identify(node_modules/chart.js/dist/scales) by extension 'cmake'
[0.165s] Level 1:colcon.colcon_core.package_identification:_identify(node_modules/chart.js/dist/scales) by extension 'python'
[0.165s] Level 1:colcon.colcon_core.package_identification:_identify(node_modules/chart.js/dist/scales) by extensions ['python_setup_py']
[0.165s] Level 1:colcon.colcon_core.package_identification:_identify(node_modules/chart.js/dist/scales) by extension 'python_setup_py'
[0.165s] Level 1:colcon.colcon_core.package_identification:_identify(node_modules/chart.js/dist/types) by extensions ['ignore', 'ignore_ament_install']
[0.165s] Level 1:colcon.colcon_core.package_identification:_identify(node_modules/chart.js/dist/types) by extension 'ignore'
[0.165s] Level 1:colcon.colcon_core.package_identification:_identify(node_modules/chart.js/dist/types) by extension 'ignore_ament_install'
[0.165s] Level 1:colcon.colcon_core.package_identification:_identify(node_modules/chart.js/dist/types) by extensions ['colcon_pkg']
[0.165s] Level 1:colcon.colcon_core.package_identification:_identify(node_modules/chart.js/dist/types) by extension 'colcon_pkg'
[0.165s] Level 1:colcon.colcon_core.package_identification:_identify(node_modules/chart.js/dist/types) by extensions ['colcon_meta']
[0.165s] Level 1:colcon.colcon_core.package_identification:_identify(node_modules/chart.js/dist/types) by extension 'colcon_meta'
[0.165s] Level 1:colcon.colcon_core.package_identification:_identify(node_modules/chart.js/dist/types) by extensions ['ros']
[0.165s] Level 1:colcon.colcon_core.package_identification:_identify(node_modules/chart.js/dist/types) by extension 'ros'
[0.165s] Level 1:colcon.colcon_core.package_identification:_identify(node_modules/chart.js/dist/types) by extensions ['cmake', 'python']
[0.165s] Level 1:colcon.colcon_core.package_identification:_identify(node_modules/chart.js/dist/types) by extension 'cmake'
[0.165s] Level 1:colcon.colcon_core.package_identification:_identify(node_modules/chart.js/dist/types) by extension 'python'
[0.165s] Level 1:colcon.colcon_core.package_identification:_identify(node_modules/chart.js/dist/types) by extensions ['python_setup_py']
[0.165s] Level 1:colcon.colcon_core.package_identification:_identify(node_modules/chart.js/dist/types) by extension 'python_setup_py'
[0.165s] Level 1:colcon.colcon_core.package_identification:_identify(node_modules/chart.js/helpers) by extensions ['ignore', 'ignore_ament_install']
[0.165s] Level 1:colcon.colcon_core.package_identification:_identify(node_modules/chart.js/helpers) by extension 'ignore'
[0.165s] Level 1:colcon.colcon_core.package_identification:_identify(node_modules/chart.js/helpers) by extension 'ignore_ament_install'
[0.165s] Level 1:colcon.colcon_core.package_identification:_identify(node_modules/chart.js/helpers) by extensions ['colcon_pkg']
[0.165s] Level 1:colcon.colcon_core.package_identification:_identify(node_modules/chart.js/helpers) by extension 'colcon_pkg'
[0.165s] Level 1:colcon.colcon_core.package_identification:_identify(node_modules/chart.js/helpers) by extensions ['colcon_meta']
[0.165s] Level 1:colcon.colcon_core.package_identification:_identify(node_modules/chart.js/helpers) by extension 'colcon_meta'
[0.165s] Level 1:colcon.colcon_core.package_identification:_identify(node_modules/chart.js/helpers) by extensions ['ros']
[0.165s] Level 1:colcon.colcon_core.package_identification:_identify(node_modules/chart.js/helpers) by extension 'ros'
[0.165s] Level 1:colcon.colcon_core.package_identification:_identify(node_modules/chart.js/helpers) by extensions ['cmake', 'python']
[0.165s] Level 1:colcon.colcon_core.package_identification:_identify(node_modules/chart.js/helpers) by extension 'cmake'
[0.165s] Level 1:colcon.colcon_core.package_identification:_identify(node_modules/chart.js/helpers) by extension 'python'
[0.165s] Level 1:colcon.colcon_core.package_identification:_identify(node_modules/chart.js/helpers) by extensions ['python_setup_py']
[0.165s] Level 1:colcon.colcon_core.package_identification:_identify(node_modules/chart.js/helpers) by extension 'python_setup_py'
[0.165s] Level 1:colcon.colcon_core.package_discovery:discover_packages(recursive) using defaults
[0.166s] Level 1:colcon.colcon_core.package_discovery:discover_packages(ignore) discover
[0.166s] Level 1:colcon.colcon_core.package_discovery:discover_packages(ignore) using defaults
[0.166s] Level 1:colcon.colcon_core.package_discovery:discover_packages(path) discover
[0.166s] Level 1:colcon.colcon_core.package_discovery:discover_packages(path) using defaults
[0.180s] Level 1:colcon.colcon_core.package_discovery:discover_packages(prefix_path) check parameters
[0.180s] Level 1:colcon.colcon_core.package_discovery:discover_packages(prefix_path) discover
[0.183s] DEBUG:colcon.colcon_installed_package_information.package_discovery:Found 256 installed packages in /opt/ros/foxy
[0.184s] Level 1:colcon.colcon_core.package_discovery:discover_packages(prefix_path) using defaults
[0.231s] Level 5:colcon.colcon_core.verb:set package 'avionics_interfaces' build argument 'cmake_args' from command line to 'None'
[0.231s] Level 5:colcon.colcon_core.verb:set package 'avionics_interfaces' build argument 'cmake_target' from command line to 'None'
[0.231s] Level 5:colcon.colcon_core.verb:set package 'avionics_interfaces' build argument 'cmake_target_skip_unavailable' from command line to 'False'
[0.231s] Level 5:colcon.colcon_core.verb:set package 'avionics_interfaces' build argument 'cmake_clean_cache' from command line to 'False'
[0.231s] Level 5:colcon.colcon_core.verb:set package 'avionics_interfaces' build argument 'cmake_clean_first' from command line to 'False'
[0.231s] Level 5:colcon.colcon_core.verb:set package 'avionics_interfaces' build argument 'cmake_force_configure' from command line to 'False'
[0.231s] Level 5:colcon.colcon_core.verb:set package 'avionics_interfaces' build argument 'ament_cmake_args' from command line to 'None'
[0.231s] Level 5:colcon.colcon_core.verb:set package 'avionics_interfaces' build argument 'catkin_cmake_args' from command line to 'None'
[0.231s] Level 5:colcon.colcon_core.verb:set package 'avionics_interfaces' build argument 'catkin_skip_building_tests' from command line to 'False'
[0.231s] DEBUG:colcon.colcon_core.verb:Building package 'avionics_interfaces' with the following arguments: {'ament_cmake_args': None, 'build_base': '/home/yasmin/CS_workspace/build/avionics_interfaces', 'catkin_cmake_args': None, 'catkin_skip_building_tests': False, 'cmake_args': None, 'cmake_clean_cache': False, 'cmake_clean_first': False, 'cmake_force_configure': False, 'cmake_target': None, 'cmake_target_skip_unavailable': False, 'install_base': '/home/yasmin/CS_workspace/install/avionics_interfaces', 'merge_install': False, 'path': '/home/yasmin/CS_workspace/cs_ws/src/avionics_interfaces', 'symlink_install': False, 'test_result_base': None}
[0.231s] Level 5:colcon.colcon_core.verb:set package 'cs_test_pkg' build argument 'cmake_args' from command line to 'None'
[0.232s] Level 5:colcon.colcon_core.verb:set package 'cs_test_pkg' build argument 'cmake_target' from command line to 'None'
[0.232s] Level 5:colcon.colcon_core.verb:set package 'cs_test_pkg' build argument 'cmake_target_skip_unavailable' from command line to 'False'
[0.232s] Level 5:colcon.colcon_core.verb:set package 'cs_test_pkg' build argument 'cmake_clean_cache' from command line to 'False'
[0.232s] Level 5:colcon.colcon_core.verb:set package 'cs_test_pkg' build argument 'cmake_clean_first' from command line to 'False'
[0.232s] Level 5:colcon.colcon_core.verb:set package 'cs_test_pkg' build argument 'cmake_force_configure' from command line to 'False'
[0.232s] Level 5:colcon.colcon_core.verb:set package 'cs_test_pkg' build argument 'ament_cmake_args' from command line to 'None'
[0.232s] Level 5:colcon.colcon_core.verb:set package 'cs_test_pkg' build argument 'catkin_cmake_args' from command line to 'None'
[0.232s] Level 5:colcon.colcon_core.verb:set package 'cs_test_pkg' build argument 'catkin_skip_building_tests' from command line to 'False'
[0.232s] DEBUG:colcon.colcon_core.verb:Building package 'cs_test_pkg' with the following arguments: {'ament_cmake_args': None, 'build_base': '/home/yasmin/CS_workspace/build/cs_test_pkg', 'catkin_cmake_args': None, 'catkin_skip_building_tests': False, 'cmake_args': None, 'cmake_clean_cache': False, 'cmake_clean_first': False, 'cmake_force_configure': False, 'cmake_target': None, 'cmake_target_skip_unavailable': False, 'install_base': '/home/yasmin/CS_workspace/install/cs_test_pkg', 'merge_install': False, 'path': '/home/yasmin/CS_workspace/cs_ws/src/cs_test_pkg', 'symlink_install': False, 'test_result_base': None}
[0.232s] Level 5:colcon.colcon_core.verb:set package 'rover_pkg' build argument 'cmake_args' from command line to 'None'
[0.232s] Level 5:colcon.colcon_core.verb:set package 'rover_pkg' build argument 'cmake_target' from command line to 'None'
[0.232s] Level 5:colcon.colcon_core.verb:set package 'rover_pkg' build argument 'cmake_target_skip_unavailable' from command line to 'False'
[0.232s] Level 5:colcon.colcon_core.verb:set package 'rover_pkg' build argument 'cmake_clean_cache' from command line to 'False'
[0.232s] Level 5:colcon.colcon_core.verb:set package 'rover_pkg' build argument 'cmake_clean_first' from command line to 'False'
[0.232s] Level 5:colcon.colcon_core.verb:set package 'rover_pkg' build argument 'cmake_force_configure' from command line to 'False'
[0.232s] Level 5:colcon.colcon_core.verb:set package 'rover_pkg' build argument 'ament_cmake_args' from command line to 'None'
[0.232s] Level 5:colcon.colcon_core.verb:set package 'rover_pkg' build argument 'catkin_cmake_args' from command line to 'None'
[0.232s] Level 5:colcon.colcon_core.verb:set package 'rover_pkg' build argument 'catkin_skip_building_tests' from command line to 'False'
[0.232s] DEBUG:colcon.colcon_core.verb:Building package 'rover_pkg' with the following arguments: {'ament_cmake_args': None, 'build_base': '/home/yasmin/CS_workspace/build/rover_pkg', 'catkin_cmake_args': None, 'catkin_skip_building_tests': False, 'cmake_args': None, 'cmake_clean_cache': False, 'cmake_clean_first': False, 'cmake_force_configure': False, 'cmake_target': None, 'cmake_target_skip_unavailable': False, 'install_base': '/home/yasmin/CS_workspace/install/rover_pkg', 'merge_install': False, 'path': '/home/yasmin/CS_workspace/cs_ws/src/rover_pkg', 'symlink_install': False, 'test_result_base': None}
[0.233s] Level 5:colcon.colcon_core.verb:set package 'xplore_interfaces' build argument 'cmake_args' from command line to 'None'
[0.233s] Level 5:colcon.colcon_core.verb:set package 'xplore_interfaces' build argument 'cmake_target' from command line to 'None'
[0.233s] Level 5:colcon.colcon_core.verb:set package 'xplore_interfaces' build argument 'cmake_target_skip_unavailable' from command line to 'False'
[0.233s] Level 5:colcon.colcon_core.verb:set package 'xplore_interfaces' build argument 'cmake_clean_cache' from command line to 'False'
[0.233s] Level 5:colcon.colcon_core.verb:set package 'xplore_interfaces' build argument 'cmake_clean_first' from command line to 'False'
[0.233s] Level 5:colcon.colcon_core.verb:set package 'xplore_interfaces' build argument 'cmake_force_configure' from command line to 'False'
[0.233s] Level 5:colcon.colcon_core.verb:set package 'xplore_interfaces' build argument 'ament_cmake_args' from command line to 'None'
[0.233s] Level 5:colcon.colcon_core.verb:set package 'xplore_interfaces' build argument 'catkin_cmake_args' from command line to 'None'
[0.233s] Level 5:colcon.colcon_core.verb:set package 'xplore_interfaces' build argument 'catkin_skip_building_tests' from command line to 'False'
[0.233s] DEBUG:colcon.colcon_core.verb:Building package 'xplore_interfaces' with the following arguments: {'ament_cmake_args': None, 'build_base': '/home/yasmin/CS_workspace/build/xplore_interfaces', 'catkin_cmake_args': None, 'catkin_skip_building_tests': False, 'cmake_args': None, 'cmake_clean_cache': False, 'cmake_clean_first': False, 'cmake_force_configure': False, 'cmake_target': None, 'cmake_target_skip_unavailable': False, 'install_base': '/home/yasmin/CS_workspace/install/xplore_interfaces', 'merge_install': False, 'path': '/home/yasmin/CS_workspace/cs_ws/src/xplore_interfaces', 'symlink_install': False, 'test_result_base': None}
[0.234s] Level 5:colcon.colcon_core.verb:set package 'control_station_pkg' build argument 'cmake_args' from command line to 'None'
[0.234s] Level 5:colcon.colcon_core.verb:set package 'control_station_pkg' build argument 'cmake_target' from command line to 'None'
[0.234s] Level 5:colcon.colcon_core.verb:set package 'control_station_pkg' build argument 'cmake_target_skip_unavailable' from command line to 'False'
[0.234s] Level 5:colcon.colcon_core.verb:set package 'control_station_pkg' build argument 'cmake_clean_cache' from command line to 'False'
[0.234s] Level 5:colcon.colcon_core.verb:set package 'control_station_pkg' build argument 'cmake_clean_first' from command line to 'False'
[0.234s] Level 5:colcon.colcon_core.verb:set package 'control_station_pkg' build argument 'cmake_force_configure' from command line to 'False'
[0.234s] Level 5:colcon.colcon_core.verb:set package 'control_station_pkg' build argument 'ament_cmake_args' from command line to 'None'
[0.234s] Level 5:colcon.colcon_core.verb:set package 'control_station_pkg' build argument 'catkin_cmake_args' from command line to 'None'
[0.234s] Level 5:colcon.colcon_core.verb:set package 'control_station_pkg' build argument 'catkin_skip_building_tests' from command line to 'False'
[0.234s] DEBUG:colcon.colcon_core.verb:Building package 'control_station_pkg' with the following arguments: {'ament_cmake_args': None, 'build_base': '/home/yasmin/CS_workspace/build/control_station_pkg', 'catkin_cmake_args': None, 'catkin_skip_building_tests': False, 'cmake_args': None, 'cmake_clean_cache': False, 'cmake_clean_first': False, 'cmake_force_configure': False, 'cmake_target': None, 'cmake_target_skip_unavailable': False, 'install_base': '/home/yasmin/CS_workspace/install/control_station_pkg', 'merge_install': False, 'path': '/home/yasmin/CS_workspace/cs_ws/src/control_station_pkg', 'symlink_install': False, 'test_result_base': None}
[0.234s] INFO:colcon.colcon_core.executor:Executing jobs using 'parallel' executor
[0.238s] DEBUG:colcon.colcon_parallel_executor.executor.parallel:run_until_complete
[0.238s] INFO:colcon.colcon_ros.task.ament_cmake.build:Building ROS package in '/home/yasmin/CS_workspace/cs_ws/src/avionics_interfaces' with build type 'ament_cmake'
[0.238s] INFO:colcon.colcon_cmake.task.cmake.build:Building CMake package in '/home/yasmin/CS_workspace/cs_ws/src/avionics_interfaces'
[0.242s] INFO:colcon.colcon_core.plugin_system:Skipping extension 'colcon_core.shell.bat': Not used on non-Windows systems
[0.242s] INFO:colcon.colcon_core.shell:Skip shell extension 'powershell' for command environment: Not usable outside of PowerShell
[0.242s] DEBUG:colcon.colcon_core.shell:Skip shell extension 'dsv' for command environment
[0.246s] INFO:colcon.colcon_ros.task.ament_python.build:Building ROS package in '/home/yasmin/CS_workspace/cs_ws/src/cs_test_pkg' with build type 'ament_python'
[0.246s] Level 1:colcon.colcon_core.shell:create_environment_hook('cs_test_pkg', 'ament_prefix_path')
[0.247s] INFO:colcon.colcon_core.shell:Creating environment hook '/home/yasmin/CS_workspace/install/cs_test_pkg/share/cs_test_pkg/hook/ament_prefix_path.ps1'
[0.248s] INFO:colcon.colcon_core.shell:Creating environment descriptor '/home/yasmin/CS_workspace/install/cs_test_pkg/share/cs_test_pkg/hook/ament_prefix_path.dsv'
[0.249s] INFO:colcon.colcon_core.shell:Creating environment hook '/home/yasmin/CS_workspace/install/cs_test_pkg/share/cs_test_pkg/hook/ament_prefix_path.sh'
[0.251s] INFO:colcon.colcon_core.shell:Skip shell extension 'powershell' for command environment: Not usable outside of PowerShell
[0.251s] DEBUG:colcon.colcon_core.shell:Skip shell extension 'dsv' for command environment
[0.254s] INFO:colcon.colcon_ros.task.ament_python.build:Building ROS package in '/home/yasmin/CS_workspace/cs_ws/src/rover_pkg' with build type 'ament_python'
[0.254s] Level 1:colcon.colcon_core.shell:create_environment_hook('rover_pkg', 'ament_prefix_path')
[0.255s] INFO:colcon.colcon_core.shell:Creating environment hook '/home/yasmin/CS_workspace/install/rover_pkg/share/rover_pkg/hook/ament_prefix_path.ps1'
[0.256s] INFO:colcon.colcon_core.shell:Creating environment descriptor '/home/yasmin/CS_workspace/install/rover_pkg/share/rover_pkg/hook/ament_prefix_path.dsv'
[0.256s] INFO:colcon.colcon_core.shell:Creating environment hook '/home/yasmin/CS_workspace/install/rover_pkg/share/rover_pkg/hook/ament_prefix_path.sh'
[0.257s] INFO:colcon.colcon_core.shell:Skip shell extension 'powershell' for command environment: Not usable outside of PowerShell
[0.257s] DEBUG:colcon.colcon_core.shell:Skip shell extension 'dsv' for command environment
[0.260s] INFO:colcon.colcon_ros.task.ament_cmake.build:Building ROS package in '/home/yasmin/CS_workspace/cs_ws/src/xplore_interfaces' with build type 'ament_cmake'
[0.260s] INFO:colcon.colcon_cmake.task.cmake.build:Building CMake package in '/home/yasmin/CS_workspace/cs_ws/src/xplore_interfaces'
[0.261s] INFO:colcon.colcon_core.shell:Skip shell extension 'powershell' for command environment: Not usable outside of PowerShell
[0.261s] DEBUG:colcon.colcon_core.shell:Skip shell extension 'dsv' for command environment
[0.269s] DEBUG:colcon.colcon_core.event_handler.log_command:Invoking command in '/home/yasmin/CS_workspace/build/avionics_interfaces': CMAKE_PREFIX_PATH=/opt/ros/foxy /usr/bin/cmake /home/yasmin/CS_workspace/cs_ws/src/avionics_interfaces -DCMAKE_INSTALL_PREFIX=/home/yasmin/CS_workspace/install/avionics_interfaces
[0.376s] INFO:colcon.colcon_core.task.python.build:Building Python package in '/home/yasmin/CS_workspace/cs_ws/src/cs_test_pkg'
[0.378s] INFO:colcon.colcon_core.shell:Skip shell extension 'powershell' for command environment: Not usable outside of PowerShell
[0.378s] DEBUG:colcon.colcon_core.shell:Skip shell extension 'dsv' for command environment
[0.484s] INFO:colcon.colcon_core.task.python.build:Building Python package in '/home/yasmin/CS_workspace/cs_ws/src/rover_pkg'
[0.486s] INFO:colcon.colcon_core.shell:Skip shell extension 'powershell' for command environment: Not usable outside of PowerShell
[0.486s] DEBUG:colcon.colcon_core.shell:Skip shell extension 'dsv' for command environment
[0.493s] DEBUG:colcon.colcon_core.event_handler.log_command:Invoking command in '/home/yasmin/CS_workspace/build/xplore_interfaces': CMAKE_PREFIX_PATH=/opt/ros/foxy /usr/bin/cmake /home/yasmin/CS_workspace/cs_ws/src/xplore_interfaces -DCMAKE_INSTALL_PREFIX=/home/yasmin/CS_workspace/install/xplore_interfaces
[0.777s] DEBUG:colcon.colcon_core.event_handler.log_command:Invoking command in '/home/yasmin/CS_workspace/cs_ws/src/rover_pkg': PYTHONPATH=/home/yasmin/CS_workspace/install/rover_pkg/lib/python3.8/site-packages:${PYTHONPATH} /usr/bin/python3 setup.py egg_info --egg-base ../../../build/rover_pkg build --build-base /home/yasmin/CS_workspace/build/rover_pkg/build install --prefix /home/yasmin/CS_workspace/install/rover_pkg --record /home/yasmin/CS_workspace/build/rover_pkg/install.log --single-version-externally-managed
[0.781s] DEBUG:colcon.colcon_core.event_handler.log_command:Invoking command in '/home/yasmin/CS_workspace/cs_ws/src/cs_test_pkg': PYTHONPATH=/home/yasmin/CS_workspace/install/cs_test_pkg/lib/python3.8/site-packages:${PYTHONPATH} /usr/bin/python3 setup.py egg_info --egg-base ../../../build/cs_test_pkg build --build-base /home/yasmin/CS_workspace/build/cs_test_pkg/build install --prefix /home/yasmin/CS_workspace/install/cs_test_pkg --record /home/yasmin/CS_workspace/build/cs_test_pkg/install.log --single-version-externally-managed
[0.936s] DEBUG:colcon.colcon_core.event_handler.log_command:Invoked command in '/home/yasmin/CS_workspace/cs_ws/src/rover_pkg' returned '0': PYTHONPATH=/home/yasmin/CS_workspace/install/rover_pkg/lib/python3.8/site-packages:${PYTHONPATH} /usr/bin/python3 setup.py egg_info --egg-base ../../../build/rover_pkg build --build-base /home/yasmin/CS_workspace/build/rover_pkg/build install --prefix /home/yasmin/CS_workspace/install/rover_pkg --record /home/yasmin/CS_workspace/build/rover_pkg/install.log --single-version-externally-managed
[0.945s] Level 1:colcon.colcon_core.environment:checking '/home/yasmin/CS_workspace/install/rover_pkg' for CMake module files
[0.945s] Level 1:colcon.colcon_core.environment:checking '/home/yasmin/CS_workspace/install/rover_pkg' for CMake config files
[0.945s] Level 1:colcon.colcon_core.environment:checking '/home/yasmin/CS_workspace/install/rover_pkg/lib'
[0.945s] Level 1:colcon.colcon_core.environment:checking '/home/yasmin/CS_workspace/install/rover_pkg/bin'
[0.945s] Level 1:colcon.colcon_core.environment:checking '/home/yasmin/CS_workspace/install/rover_pkg/lib/pkgconfig/rover_pkg.pc'
[0.946s] Level 1:colcon.colcon_core.environment:checking '/home/yasmin/CS_workspace/install/rover_pkg/lib/python3.8/site-packages'
[0.946s] Level 1:colcon.colcon_core.shell:create_environment_hook('rover_pkg', 'pythonpath')
[0.947s] INFO:colcon.colcon_core.shell:Creating environment hook '/home/yasmin/CS_workspace/install/rover_pkg/share/rover_pkg/hook/pythonpath.ps1'
[0.947s] INFO:colcon.colcon_core.shell:Creating environment descriptor '/home/yasmin/CS_workspace/install/rover_pkg/share/rover_pkg/hook/pythonpath.dsv'
[0.947s] INFO:colcon.colcon_core.shell:Creating environment hook '/home/yasmin/CS_workspace/install/rover_pkg/share/rover_pkg/hook/pythonpath.sh'
[0.948s] Level 1:colcon.colcon_core.environment:checking '/home/yasmin/CS_workspace/install/rover_pkg/bin'
[0.948s] Level 1:colcon.colcon_core.environment:create_environment_scripts_only(rover_pkg)
[0.949s] INFO:colcon.colcon_core.shell:Creating package script '/home/yasmin/CS_workspace/install/rover_pkg/share/rover_pkg/package.ps1'
[0.950s] INFO:colcon.colcon_core.shell:Creating package descriptor '/home/yasmin/CS_workspace/install/rover_pkg/share/rover_pkg/package.dsv'
[0.950s] INFO:colcon.colcon_core.shell:Creating package script '/home/yasmin/CS_workspace/install/rover_pkg/share/rover_pkg/package.sh'
[0.951s] INFO:colcon.colcon_core.shell:Creating package script '/home/yasmin/CS_workspace/install/rover_pkg/share/rover_pkg/package.bash'
[0.951s] INFO:colcon.colcon_core.shell:Creating package script '/home/yasmin/CS_workspace/install/rover_pkg/share/rover_pkg/package.zsh'
[0.952s] Level 1:colcon.colcon_core.environment:create_file_with_runtime_dependencies(/home/yasmin/CS_workspace/install/rover_pkg/share/colcon-core/packages/rover_pkg)
[0.956s] Level 1:colcon.colcon_core.environment:checking '/home/yasmin/CS_workspace/install/cs_test_pkg' for CMake module files
[0.956s] DEBUG:colcon.colcon_core.event_handler.log_command:Invoked command in '/home/yasmin/CS_workspace/cs_ws/src/cs_test_pkg' returned '0': PYTHONPATH=/home/yasmin/CS_workspace/install/cs_test_pkg/lib/python3.8/site-packages:${PYTHONPATH} /usr/bin/python3 setup.py egg_info --egg-base ../../../build/cs_test_pkg build --build-base /home/yasmin/CS_workspace/build/cs_test_pkg/build install --prefix /home/yasmin/CS_workspace/install/cs_test_pkg --record /home/yasmin/CS_workspace/build/cs_test_pkg/install.log --single-version-externally-managed
[0.956s] Level 1:colcon.colcon_core.environment:checking '/home/yasmin/CS_workspace/install/cs_test_pkg' for CMake config files
[0.957s] Level 1:colcon.colcon_core.environment:checking '/home/yasmin/CS_workspace/install/cs_test_pkg/lib'
[0.957s] Level 1:colcon.colcon_core.environment:checking '/home/yasmin/CS_workspace/install/cs_test_pkg/bin'
[0.957s] Level 1:colcon.colcon_core.environment:checking '/home/yasmin/CS_workspace/install/cs_test_pkg/lib/pkgconfig/cs_test_pkg.pc'
[0.957s] Level 1:colcon.colcon_core.environment:checking '/home/yasmin/CS_workspace/install/cs_test_pkg/lib/python3.8/site-packages'
[0.957s] Level 1:colcon.colcon_core.shell:create_environment_hook('cs_test_pkg', 'pythonpath')
[0.958s] INFO:colcon.colcon_core.shell:Creating environment hook '/home/yasmin/CS_workspace/install/cs_test_pkg/share/cs_test_pkg/hook/pythonpath.ps1'
[0.958s] INFO:colcon.colcon_core.shell:Creating environment descriptor '/home/yasmin/CS_workspace/install/cs_test_pkg/share/cs_test_pkg/hook/pythonpath.dsv'
[0.958s] INFO:colcon.colcon_core.shell:Creating environment hook '/home/yasmin/CS_workspace/install/cs_test_pkg/share/cs_test_pkg/hook/pythonpath.sh'
[0.959s] Level 1:colcon.colcon_core.environment:checking '/home/yasmin/CS_workspace/install/cs_test_pkg/bin'
[0.959s] Level 1:colcon.colcon_core.environment:create_environment_scripts_only(cs_test_pkg)
[0.960s] INFO:colcon.colcon_core.shell:Creating package script '/home/yasmin/CS_workspace/install/cs_test_pkg/share/cs_test_pkg/package.ps1'
[0.960s] INFO:colcon.colcon_core.shell:Creating package descriptor '/home/yasmin/CS_workspace/install/cs_test_pkg/share/cs_test_pkg/package.dsv'
[0.960s] INFO:colcon.colcon_core.shell:Creating package script '/home/yasmin/CS_workspace/install/cs_test_pkg/share/cs_test_pkg/package.sh'
[0.961s] INFO:colcon.colcon_core.shell:Creating package script '/home/yasmin/CS_workspace/install/cs_test_pkg/share/cs_test_pkg/package.bash'
[0.961s] INFO:colcon.colcon_core.shell:Creating package script '/home/yasmin/CS_workspace/install/cs_test_pkg/share/cs_test_pkg/package.zsh'
[0.961s] Level 1:colcon.colcon_core.environment:create_file_with_runtime_dependencies(/home/yasmin/CS_workspace/install/cs_test_pkg/share/colcon-core/packages/cs_test_pkg)
[1.436s] DEBUG:colcon.colcon_core.event_handler.log_command:Invoked command in '/home/yasmin/CS_workspace/build/xplore_interfaces' returned '0': CMAKE_PREFIX_PATH=/opt/ros/foxy /usr/bin/cmake /home/yasmin/CS_workspace/cs_ws/src/xplore_interfaces -DCMAKE_INSTALL_PREFIX=/home/yasmin/CS_workspace/install/xplore_interfaces
[1.438s] DEBUG:colcon.colcon_core.event_handler.log_command:Invoking command in '/home/yasmin/CS_workspace/build/xplore_interfaces': CMAKE_PREFIX_PATH=/opt/ros/foxy /usr/bin/cmake --build /home/yasmin/CS_workspace/build/xplore_interfaces -- -j4 -l4
[2.136s] DEBUG:colcon.colcon_core.event_handler.log_command:Invoked command in '/home/yasmin/CS_workspace/build/avionics_interfaces' returned '0': CMAKE_PREFIX_PATH=/opt/ros/foxy /usr/bin/cmake /home/yasmin/CS_workspace/cs_ws/src/avionics_interfaces -DCMAKE_INSTALL_PREFIX=/home/yasmin/CS_workspace/install/avionics_interfaces
[2.138s] DEBUG:colcon.colcon_core.event_handler.log_command:Invoking command in '/home/yasmin/CS_workspace/build/avionics_interfaces': CMAKE_PREFIX_PATH=/opt/ros/foxy /usr/bin/cmake --build /home/yasmin/CS_workspace/build/avionics_interfaces -- -j4 -l4
[5.152s] DEBUG:colcon.colcon_core.event_handler.log_command:Invoked command in '/home/yasmin/CS_workspace/build/xplore_interfaces' returned '0': CMAKE_PREFIX_PATH=/opt/ros/foxy /usr/bin/cmake --build /home/yasmin/CS_workspace/build/xplore_interfaces -- -j4 -l4
[5.366s] DEBUG:colcon.colcon_core.event_handler.log_command:Invoking command in '/home/yasmin/CS_workspace/build/xplore_interfaces': CMAKE_PREFIX_PATH=/opt/ros/foxy /usr/bin/cmake --install /home/yasmin/CS_workspace/build/xplore_interfaces
[5.430s] Level 1:colcon.colcon_core.environment:create_environment_scripts_only(xplore_interfaces)
[5.433s] Level 1:colcon.colcon_core.environment:checking '/home/yasmin/CS_workspace/install/xplore_interfaces' for CMake module files
[5.433s] DEBUG:colcon.colcon_core.event_handler.log_command:Invoked command in '/home/yasmin/CS_workspace/build/xplore_interfaces' returned '0': CMAKE_PREFIX_PATH=/opt/ros/foxy /usr/bin/cmake --install /home/yasmin/CS_workspace/build/xplore_interfaces
[5.433s] Level 1:colcon.colcon_core.environment:checking '/home/yasmin/CS_workspace/install/xplore_interfaces' for CMake config files
[5.433s] Level 1:colcon.colcon_core.shell:create_environment_hook('xplore_interfaces', 'cmake_prefix_path')
[5.435s] INFO:colcon.colcon_core.shell:Creating environment hook '/home/yasmin/CS_workspace/install/xplore_interfaces/share/xplore_interfaces/hook/cmake_prefix_path.ps1'
[5.435s] INFO:colcon.colcon_core.shell:Creating environment descriptor '/home/yasmin/CS_workspace/install/xplore_interfaces/share/xplore_interfaces/hook/cmake_prefix_path.dsv'
[5.435s] INFO:colcon.colcon_core.shell:Creating environment hook '/home/yasmin/CS_workspace/install/xplore_interfaces/share/xplore_interfaces/hook/cmake_prefix_path.sh'
[5.435s] Level 1:colcon.colcon_core.environment:checking '/home/yasmin/CS_workspace/install/xplore_interfaces/lib'
[5.435s] Level 1:colcon.colcon_core.shell:create_environment_hook('xplore_interfaces', 'ld_library_path_lib')
[5.437s] INFO:colcon.colcon_core.shell:Creating environment hook '/home/yasmin/CS_workspace/install/xplore_interfaces/share/xplore_interfaces/hook/ld_library_path_lib.ps1'
[5.437s] INFO:colcon.colcon_core.shell:Creating environment descriptor '/home/yasmin/CS_workspace/install/xplore_interfaces/share/xplore_interfaces/hook/ld_library_path_lib.dsv'
[5.437s] INFO:colcon.colcon_core.shell:Creating environment hook '/home/yasmin/CS_workspace/install/xplore_interfaces/share/xplore_interfaces/hook/ld_library_path_lib.sh'
[5.437s] Level 1:colcon.colcon_core.environment:checking '/home/yasmin/CS_workspace/install/xplore_interfaces/bin'
[5.437s] Level 1:colcon.colcon_core.environment:checking '/home/yasmin/CS_workspace/install/xplore_interfaces/lib/pkgconfig/xplore_interfaces.pc'
[5.437s] Level 1:colcon.colcon_core.environment:checking '/home/yasmin/CS_workspace/install/xplore_interfaces/lib/python3.8/site-packages'
[5.437s] Level 1:colcon.colcon_core.shell:create_environment_hook('xplore_interfaces', 'pythonpath')
[5.439s] INFO:colcon.colcon_core.shell:Creating environment hook '/home/yasmin/CS_workspace/install/xplore_interfaces/share/xplore_interfaces/hook/pythonpath.ps1'
[5.439s] INFO:colcon.colcon_core.shell:Creating environment descriptor '/home/yasmin/CS_workspace/install/xplore_interfaces/share/xplore_interfaces/hook/pythonpath.dsv'
[5.439s] INFO:colcon.colcon_core.shell:Creating environment hook '/home/yasmin/CS_workspace/install/xplore_interfaces/share/xplore_interfaces/hook/pythonpath.sh'
[5.439s] Level 1:colcon.colcon_core.environment:checking '/home/yasmin/CS_workspace/install/xplore_interfaces/bin'
[5.441s] INFO:colcon.colcon_core.shell:Creating package script '/home/yasmin/CS_workspace/install/xplore_interfaces/share/xplore_interfaces/package.ps1'
[5.441s] INFO:colcon.colcon_core.shell:Creating package descriptor '/home/yasmin/CS_workspace/install/xplore_interfaces/share/xplore_interfaces/package.dsv'
[5.441s] INFO:colcon.colcon_core.shell:Creating package script '/home/yasmin/CS_workspace/install/xplore_interfaces/share/xplore_interfaces/package.sh'
[5.441s] INFO:colcon.colcon_core.shell:Creating package script '/home/yasmin/CS_workspace/install/xplore_interfaces/share/xplore_interfaces/package.bash'
[5.441s] INFO:colcon.colcon_core.shell:Creating package script '/home/yasmin/CS_workspace/install/xplore_interfaces/share/xplore_interfaces/package.zsh'
[5.441s] Level 1:colcon.colcon_core.environment:create_file_with_runtime_dependencies(/home/yasmin/CS_workspace/install/xplore_interfaces/share/colcon-core/packages/xplore_interfaces)
[5.864s] Level 1:colcon.colcon_core.environment:create_environment_scripts_only(xplore_interfaces)
[5.866s] Level 1:colcon.colcon_core.environment:checking '/home/yasmin/CS_workspace/install/xplore_interfaces' for CMake module files
[5.867s] Level 1:colcon.colcon_core.environment:checking '/home/yasmin/CS_workspace/install/xplore_interfaces' for CMake config files
[5.867s] Level 1:colcon.colcon_core.shell:create_environment_hook('xplore_interfaces', 'cmake_prefix_path')
[5.868s] INFO:colcon.colcon_core.shell:Creating environment hook '/home/yasmin/CS_workspace/install/xplore_interfaces/share/xplore_interfaces/hook/cmake_prefix_path.ps1'
[5.868s] INFO:colcon.colcon_core.shell:Creating environment descriptor '/home/yasmin/CS_workspace/install/xplore_interfaces/share/xplore_interfaces/hook/cmake_prefix_path.dsv'
[5.869s] INFO:colcon.colcon_core.shell:Creating environment hook '/home/yasmin/CS_workspace/install/xplore_interfaces/share/xplore_interfaces/hook/cmake_prefix_path.sh'
[5.869s] Level 1:colcon.colcon_core.environment:checking '/home/yasmin/CS_workspace/install/xplore_interfaces/lib'
[5.869s] Level 1:colcon.colcon_core.shell:create_environment_hook('xplore_interfaces', 'ld_library_path_lib')
[5.870s] INFO:colcon.colcon_core.shell:Creating environment hook '/home/yasmin/CS_workspace/install/xplore_interfaces/share/xplore_interfaces/hook/ld_library_path_lib.ps1'
[5.871s] INFO:colcon.colcon_core.shell:Creating environment descriptor '/home/yasmin/CS_workspace/install/xplore_interfaces/share/xplore_interfaces/hook/ld_library_path_lib.dsv'
[5.871s] INFO:colcon.colcon_core.shell:Creating environment hook '/home/yasmin/CS_workspace/install/xplore_interfaces/share/xplore_interfaces/hook/ld_library_path_lib.sh'
[5.871s] Level 1:colcon.colcon_core.environment:checking '/home/yasmin/CS_workspace/install/xplore_interfaces/bin'
[5.871s] Level 1:colcon.colcon_core.environment:checking '/home/yasmin/CS_workspace/install/xplore_interfaces/lib/pkgconfig/xplore_interfaces.pc'
[5.871s] Level 1:colcon.colcon_core.environment:checking '/home/yasmin/CS_workspace/install/xplore_interfaces/lib/python3.8/site-packages'
[5.871s] Level 1:colcon.colcon_core.shell:create_environment_hook('xplore_interfaces', 'pythonpath')
[5.875s] INFO:colcon.colcon_core.shell:Creating environment hook '/home/yasmin/CS_workspace/install/xplore_interfaces/share/xplore_interfaces/hook/pythonpath.ps1'
[5.875s] INFO:colcon.colcon_core.shell:Creating environment descriptor '/home/yasmin/CS_workspace/install/xplore_interfaces/share/xplore_interfaces/hook/pythonpath.dsv'
[5.875s] INFO:colcon.colcon_core.shell:Creating environment hook '/home/yasmin/CS_workspace/install/xplore_interfaces/share/xplore_interfaces/hook/pythonpath.sh'
[5.876s] Level 1:colcon.colcon_core.environment:checking '/home/yasmin/CS_workspace/install/xplore_interfaces/bin'
[5.877s] INFO:colcon.colcon_core.shell:Creating package script '/home/yasmin/CS_workspace/install/xplore_interfaces/share/xplore_interfaces/package.ps1'
[5.877s] INFO:colcon.colcon_core.shell:Creating package descriptor '/home/yasmin/CS_workspace/install/xplore_interfaces/share/xplore_interfaces/package.dsv'
[5.880s] INFO:colcon.colcon_core.shell:Creating package script '/home/yasmin/CS_workspace/install/xplore_interfaces/share/xplore_interfaces/package.sh'
[5.881s] INFO:colcon.colcon_core.shell:Creating package script '/home/yasmin/CS_workspace/install/xplore_interfaces/share/xplore_interfaces/package.bash'
[5.881s] INFO:colcon.colcon_core.shell:Creating package script '/home/yasmin/CS_workspace/install/xplore_interfaces/share/xplore_interfaces/package.zsh'
[5.881s] Level 1:colcon.colcon_core.environment:create_file_with_runtime_dependencies(/home/yasmin/CS_workspace/install/xplore_interfaces/share/colcon-core/packages/xplore_interfaces)
[18.769s] DEBUG:colcon.colcon_core.event_handler.log_command:Invoked command in '/home/yasmin/CS_workspace/build/avionics_interfaces' returned '0': CMAKE_PREFIX_PATH=/opt/ros/foxy /usr/bin/cmake --build /home/yasmin/CS_workspace/build/avionics_interfaces -- -j4 -l4
[19.274s] DEBUG:colcon.colcon_core.event_handler.log_command:Invoking command in '/home/yasmin/CS_workspace/build/avionics_interfaces': CMAKE_PREFIX_PATH=/opt/ros/foxy /usr/bin/cmake --install /home/yasmin/CS_workspace/build/avionics_interfaces
[19.352s] Level 1:colcon.colcon_core.environment:create_environment_scripts_only(avionics_interfaces)
[19.354s] Level 1:colcon.colcon_core.environment:checking '/home/yasmin/CS_workspace/install/avionics_interfaces' for CMake module files
[19.355s] DEBUG:colcon.colcon_core.event_handler.log_command:Invoked command in '/home/yasmin/CS_workspace/build/avionics_interfaces' returned '0': CMAKE_PREFIX_PATH=/opt/ros/foxy /usr/bin/cmake --install /home/yasmin/CS_workspace/build/avionics_interfaces
[19.355s] Level 1:colcon.colcon_core.environment:checking '/home/yasmin/CS_workspace/install/avionics_interfaces' for CMake config files
[19.355s] Level 1:colcon.colcon_core.shell:create_environment_hook('avionics_interfaces', 'cmake_prefix_path')
[19.357s] INFO:colcon.colcon_core.shell:Creating environment hook '/home/yasmin/CS_workspace/install/avionics_interfaces/share/avionics_interfaces/hook/cmake_prefix_path.ps1'
[19.357s] INFO:colcon.colcon_core.shell:Creating environment descriptor '/home/yasmin/CS_workspace/install/avionics_interfaces/share/avionics_interfaces/hook/cmake_prefix_path.dsv'
[19.357s] INFO:colcon.colcon_core.shell:Creating environment hook '/home/yasmin/CS_workspace/install/avionics_interfaces/share/avionics_interfaces/hook/cmake_prefix_path.sh'
[19.357s] Level 1:colcon.colcon_core.environment:checking '/home/yasmin/CS_workspace/install/avionics_interfaces/lib'
[19.357s] Level 1:colcon.colcon_core.shell:create_environment_hook('avionics_interfaces', 'ld_library_path_lib')
[19.359s] INFO:colcon.colcon_core.shell:Creating environment hook '/home/yasmin/CS_workspace/install/avionics_interfaces/share/avionics_interfaces/hook/ld_library_path_lib.ps1'
[19.359s] INFO:colcon.colcon_core.shell:Creating environment descriptor '/home/yasmin/CS_workspace/install/avionics_interfaces/share/avionics_interfaces/hook/ld_library_path_lib.dsv'
[19.359s] INFO:colcon.colcon_core.shell:Creating environment hook '/home/yasmin/CS_workspace/install/avionics_interfaces/share/avionics_interfaces/hook/ld_library_path_lib.sh'
[19.359s] Level 1:colcon.colcon_core.environment:checking '/home/yasmin/CS_workspace/install/avionics_interfaces/bin'
[19.359s] Level 1:colcon.colcon_core.environment:checking '/home/yasmin/CS_workspace/install/avionics_interfaces/lib/pkgconfig/avionics_interfaces.pc'
[19.359s] Level 1:colcon.colcon_core.environment:checking '/home/yasmin/CS_workspace/install/avionics_interfaces/lib/python3.8/site-packages'
[19.359s] Level 1:colcon.colcon_core.shell:create_environment_hook('avionics_interfaces', 'pythonpath')
[19.360s] INFO:colcon.colcon_core.shell:Creating environment hook '/home/yasmin/CS_workspace/install/avionics_interfaces/share/avionics_interfaces/hook/pythonpath.ps1'
[19.361s] INFO:colcon.colcon_core.shell:Creating environment descriptor '/home/yasmin/CS_workspace/install/avionics_interfaces/share/avionics_interfaces/hook/pythonpath.dsv'
[19.361s] INFO:colcon.colcon_core.shell:Creating environment hook '/home/yasmin/CS_workspace/install/avionics_interfaces/share/avionics_interfaces/hook/pythonpath.sh'
[19.361s] Level 1:colcon.colcon_core.environment:checking '/home/yasmin/CS_workspace/install/avionics_interfaces/bin'
[19.362s] INFO:colcon.colcon_core.shell:Creating package script '/home/yasmin/CS_workspace/install/avionics_interfaces/share/avionics_interfaces/package.ps1'
[19.362s] INFO:colcon.colcon_core.shell:Creating package descriptor '/home/yasmin/CS_workspace/install/avionics_interfaces/share/avionics_interfaces/package.dsv'
[19.362s] INFO:colcon.colcon_core.shell:Creating package script '/home/yasmin/CS_workspace/install/avionics_interfaces/share/avionics_interfaces/package.sh'
[19.363s] INFO:colcon.colcon_core.shell:Creating package script '/home/yasmin/CS_workspace/install/avionics_interfaces/share/avionics_interfaces/package.bash'
[19.363s] INFO:colcon.colcon_core.shell:Creating package script '/home/yasmin/CS_workspace/install/avionics_interfaces/share/avionics_interfaces/package.zsh'
[19.363s] Level 1:colcon.colcon_core.environment:create_file_with_runtime_dependencies(/home/yasmin/CS_workspace/install/avionics_interfaces/share/colcon-core/packages/avionics_interfaces)
[19.879s] Level 1:colcon.colcon_core.environment:create_environment_scripts_only(avionics_interfaces)
[19.881s] Level 1:colcon.colcon_core.environment:checking '/home/yasmin/CS_workspace/install/avionics_interfaces' for CMake module files
[19.881s] Level 1:colcon.colcon_core.environment:checking '/home/yasmin/CS_workspace/install/avionics_interfaces' for CMake config files
[19.882s] Level 1:colcon.colcon_core.shell:create_environment_hook('avionics_interfaces', 'cmake_prefix_path')
[19.883s] INFO:colcon.colcon_core.shell:Creating environment hook '/home/yasmin/CS_workspace/install/avionics_interfaces/share/avionics_interfaces/hook/cmake_prefix_path.ps1'
[19.883s] INFO:colcon.colcon_core.shell:Creating environment descriptor '/home/yasmin/CS_workspace/install/avionics_interfaces/share/avionics_interfaces/hook/cmake_prefix_path.dsv'
[19.883s] INFO:colcon.colcon_core.shell:Creating environment hook '/home/yasmin/CS_workspace/install/avionics_interfaces/share/avionics_interfaces/hook/cmake_prefix_path.sh'
[19.884s] Level 1:colcon.colcon_core.environment:checking '/home/yasmin/CS_workspace/install/avionics_interfaces/lib'
[19.884s] Level 1:colcon.colcon_core.shell:create_environment_hook('avionics_interfaces', 'ld_library_path_lib')
[19.885s] INFO:colcon.colcon_core.shell:Creating environment hook '/home/yasmin/CS_workspace/install/avionics_interfaces/share/avionics_interfaces/hook/ld_library_path_lib.ps1'
[19.885s] INFO:colcon.colcon_core.shell:Creating environment descriptor '/home/yasmin/CS_workspace/install/avionics_interfaces/share/avionics_interfaces/hook/ld_library_path_lib.dsv'
[19.885s] INFO:colcon.colcon_core.shell:Creating environment hook '/home/yasmin/CS_workspace/install/avionics_interfaces/share/avionics_interfaces/hook/ld_library_path_lib.sh'
[19.885s] Level 1:colcon.colcon_core.environment:checking '/home/yasmin/CS_workspace/install/avionics_interfaces/bin'
[19.885s] Level 1:colcon.colcon_core.environment:checking '/home/yasmin/CS_workspace/install/avionics_interfaces/lib/pkgconfig/avionics_interfaces.pc'
[19.886s] Level 1:colcon.colcon_core.environment:checking '/home/yasmin/CS_workspace/install/avionics_interfaces/lib/python3.8/site-packages'
[19.886s] Level 1:colcon.colcon_core.shell:create_environment_hook('avionics_interfaces', 'pythonpath')
[19.887s] INFO:colcon.colcon_core.shell:Creating environment hook '/home/yasmin/CS_workspace/install/avionics_interfaces/share/avionics_interfaces/hook/pythonpath.ps1'
[19.887s] INFO:colcon.colcon_core.shell:Creating environment descriptor '/home/yasmin/CS_workspace/install/avionics_interfaces/share/avionics_interfaces/hook/pythonpath.dsv'
[19.887s] INFO:colcon.colcon_core.shell:Creating environment hook '/home/yasmin/CS_workspace/install/avionics_interfaces/share/avionics_interfaces/hook/pythonpath.sh'
[19.888s] Level 1:colcon.colcon_core.environment:checking '/home/yasmin/CS_workspace/install/avionics_interfaces/bin'
[19.889s] INFO:colcon.colcon_core.shell:Creating package script '/home/yasmin/CS_workspace/install/avionics_interfaces/share/avionics_interfaces/package.ps1'
[19.889s] INFO:colcon.colcon_core.shell:Creating package descriptor '/home/yasmin/CS_workspace/install/avionics_interfaces/share/avionics_interfaces/package.dsv'
[19.889s] INFO:colcon.colcon_core.shell:Creating package script '/home/yasmin/CS_workspace/install/avionics_interfaces/share/avionics_interfaces/package.sh'
[19.890s] INFO:colcon.colcon_core.shell:Creating package script '/home/yasmin/CS_workspace/install/avionics_interfaces/share/avionics_interfaces/package.bash'
[19.890s] INFO:colcon.colcon_core.shell:Creating package script '/home/yasmin/CS_workspace/install/avionics_interfaces/share/avionics_interfaces/package.zsh'
[19.890s] Level 1:colcon.colcon_core.environment:create_file_with_runtime_dependencies(/home/yasmin/CS_workspace/install/avionics_interfaces/share/colcon-core/packages/avionics_interfaces)
[19.891s] INFO:colcon.colcon_ros.task.ament_python.build:Building ROS package in '/home/yasmin/CS_workspace/cs_ws/src/control_station_pkg' with build type 'ament_python'
[19.891s] Level 1:colcon.colcon_core.shell:create_environment_hook('control_station_pkg', 'ament_prefix_path')
[19.892s] INFO:colcon.colcon_core.shell:Creating environment hook '/home/yasmin/CS_workspace/install/control_station_pkg/share/control_station_pkg/hook/ament_prefix_path.ps1'
[19.893s] INFO:colcon.colcon_core.shell:Creating environment descriptor '/home/yasmin/CS_workspace/install/control_station_pkg/share/control_station_pkg/hook/ament_prefix_path.dsv'
[19.893s] INFO:colcon.colcon_core.shell:Creating environment hook '/home/yasmin/CS_workspace/install/control_station_pkg/share/control_station_pkg/hook/ament_prefix_path.sh'
[19.894s] INFO:colcon.colcon_core.shell:Skip shell extension 'powershell' for command environment: Not usable outside of PowerShell
[19.894s] DEBUG:colcon.colcon_core.shell:Skip shell extension 'dsv' for command environment
[19.994s] INFO:colcon.colcon_core.task.python.build:Building Python package in '/home/yasmin/CS_workspace/cs_ws/src/control_station_pkg'
[19.996s] INFO:colcon.colcon_core.shell:Skip shell extension 'powershell' for command environment: Not usable outside of PowerShell
[19.996s] DEBUG:colcon.colcon_core.shell:Skip shell extension 'dsv' for command environment
[20.170s] DEBUG:colcon.colcon_core.event_handler.log_command:Invoking command in '/home/yasmin/CS_workspace/cs_ws/src/control_station_pkg': AMENT_PREFIX_PATH=/home/yasmin/CS_workspace/install/avionics_interfaces:${AMENT_PREFIX_PATH} CMAKE_PREFIX_PATH=/home/yasmin/CS_workspace/install/avionics_interfaces LD_LIBRARY_PATH=/home/yasmin/CS_workspace/install/avionics_interfaces/lib:${LD_LIBRARY_PATH} PYTHONPATH=/home/yasmin/CS_workspace/install/control_station_pkg/lib/python3.8/site-packages:/home/yasmin/CS_workspace/install/avionics_interfaces/lib/python3.8/site-packages:${PYTHONPATH} /usr/bin/python3 setup.py egg_info --egg-base ../../../build/control_station_pkg build --build-base /home/yasmin/CS_workspace/build/control_station_pkg/build install --prefix /home/yasmin/CS_workspace/install/control_station_pkg --record /home/yasmin/CS_workspace/build/control_station_pkg/install.log --single-version-externally-managed
[20.300s] Level 1:colcon.colcon_core.environment:checking '/home/yasmin/CS_workspace/install/control_station_pkg' for CMake module files
[20.301s] DEBUG:colcon.colcon_core.event_handler.log_command:Invoked command in '/home/yasmin/CS_workspace/cs_ws/src/control_station_pkg' returned '0': AMENT_PREFIX_PATH=/home/yasmin/CS_workspace/install/avionics_interfaces:${AMENT_PREFIX_PATH} CMAKE_PREFIX_PATH=/home/yasmin/CS_workspace/install/avionics_interfaces LD_LIBRARY_PATH=/home/yasmin/CS_workspace/install/avionics_interfaces/lib:${LD_LIBRARY_PATH} PYTHONPATH=/home/yasmin/CS_workspace/install/control_station_pkg/lib/python3.8/site-packages:/home/yasmin/CS_workspace/install/avionics_interfaces/lib/python3.8/site-packages:${PYTHONPATH} /usr/bin/python3 setup.py egg_info --egg-base ../../../build/control_station_pkg build --build-base /home/yasmin/CS_workspace/build/control_station_pkg/build install --prefix /home/yasmin/CS_workspace/install/control_station_pkg --record /home/yasmin/CS_workspace/build/control_station_pkg/install.log --single-version-externally-managed
[20.301s] Level 1:colcon.colcon_core.environment:checking '/home/yasmin/CS_workspace/install/control_station_pkg' for CMake config files
[20.301s] Level 1:colcon.colcon_core.environment:checking '/home/yasmin/CS_workspace/install/control_station_pkg/lib'
[20.301s] Level 1:colcon.colcon_core.environment:checking '/home/yasmin/CS_workspace/install/control_station_pkg/bin'
[20.301s] Level 1:colcon.colcon_core.environment:checking '/home/yasmin/CS_workspace/install/control_station_pkg/lib/pkgconfig/control_station_pkg.pc'
[20.301s] Level 1:colcon.colcon_core.environment:checking '/home/yasmin/CS_workspace/install/control_station_pkg/lib/python3.8/site-packages'
[20.301s] Level 1:colcon.colcon_core.shell:create_environment_hook('control_station_pkg', 'pythonpath')
[20.303s] INFO:colcon.colcon_core.shell:Creating environment hook '/home/yasmin/CS_workspace/install/control_station_pkg/share/control_station_pkg/hook/pythonpath.ps1'
[20.303s] INFO:colcon.colcon_core.shell:Creating environment descriptor '/home/yasmin/CS_workspace/install/control_station_pkg/share/control_station_pkg/hook/pythonpath.dsv'
[20.303s] INFO:colcon.colcon_core.shell:Creating environment hook '/home/yasmin/CS_workspace/install/control_station_pkg/share/control_station_pkg/hook/pythonpath.sh'
[20.303s] Level 1:colcon.colcon_core.environment:checking '/home/yasmin/CS_workspace/install/control_station_pkg/bin'
[20.303s] Level 1:colcon.colcon_core.environment:create_environment_scripts_only(control_station_pkg)
[20.305s] INFO:colcon.colcon_core.shell:Creating package script '/home/yasmin/CS_workspace/install/control_station_pkg/share/control_station_pkg/package.ps1'
[20.305s] INFO:colcon.colcon_core.shell:Creating package descriptor '/home/yasmin/CS_workspace/install/control_station_pkg/share/control_station_pkg/package.dsv'
[20.305s] INFO:colcon.colcon_core.shell:Creating package script '/home/yasmin/CS_workspace/install/control_station_pkg/share/control_station_pkg/package.sh'
[20.305s] INFO:colcon.colcon_core.shell:Creating package script '/home/yasmin/CS_workspace/install/control_station_pkg/share/control_station_pkg/package.bash'
[20.305s] INFO:colcon.colcon_core.shell:Creating package script '/home/yasmin/CS_workspace/install/control_station_pkg/share/control_station_pkg/package.zsh'
[20.305s] Level 1:colcon.colcon_core.environment:create_file_with_runtime_dependencies(/home/yasmin/CS_workspace/install/control_station_pkg/share/colcon-core/packages/control_station_pkg)
[20.306s] DEBUG:colcon.colcon_parallel_executor.executor.parallel:closing loop
[20.306s] DEBUG:colcon.colcon_parallel_executor.executor.parallel:loop closed
[20.306s] DEBUG:colcon.colcon_parallel_executor.executor.parallel:run_until_complete finished with '0'
[20.306s] DEBUG:colcon.colcon_core.event_reactor:joining thread
[20.313s] INFO:colcon.colcon_core.plugin_system:Skipping extension 'colcon_notification.desktop_notification.terminal_notifier': Not used on non-Darwin systems
[20.313s] INFO:colcon.colcon_core.plugin_system:Skipping extension 'colcon_notification.desktop_notification.win32': Not used on non-Windows systems
[20.313s] INFO:colcon.colcon_notification.desktop_notification:Sending desktop notification using 'notify2'
[20.323s] DEBUG:colcon.colcon_core.event_reactor:joined thread
[20.324s] INFO:colcon.colcon_core.shell:Creating prefix script '/home/yasmin/CS_workspace/install/local_setup.ps1'
[20.325s] INFO:colcon.colcon_core.shell:Creating prefix util module '/home/yasmin/CS_workspace/install/_local_setup_util_ps1.py'
[20.326s] INFO:colcon.colcon_core.shell:Creating prefix chain script '/home/yasmin/CS_workspace/install/setup.ps1'
[20.327s] INFO:colcon.colcon_core.shell:Creating prefix script '/home/yasmin/CS_workspace/install/local_setup.sh'
[20.328s] INFO:colcon.colcon_core.shell:Creating prefix util module '/home/yasmin/CS_workspace/install/_local_setup_util_sh.py'
[20.328s] INFO:colcon.colcon_core.shell:Creating prefix chain script '/home/yasmin/CS_workspace/install/setup.sh'
[20.329s] INFO:colcon.colcon_core.shell:Creating prefix script '/home/yasmin/CS_workspace/install/local_setup.bash'
[20.329s] INFO:colcon.colcon_core.shell:Creating prefix chain script '/home/yasmin/CS_workspace/install/setup.bash'
[20.330s] INFO:colcon.colcon_core.shell:Creating prefix script '/home/yasmin/CS_workspace/install/local_setup.zsh'
[20.331s] INFO:colcon.colcon_core.shell:Creating prefix chain script '/home/yasmin/CS_workspace/install/setup.zsh'
