running egg_info
writing ../../../build/rover_pkg/rover_pkg.egg-info/PKG-INFO
writing dependency_links to ../../../build/rover_pkg/rover_pkg.egg-info/dependency_links.txt
writing entry points to ../../../build/rover_pkg/rover_pkg.egg-info/entry_points.txt
writing requirements to ../../../build/rover_pkg/rover_pkg.egg-info/requires.txt
writing top-level names to ../../../build/rover_pkg/rover_pkg.egg-info/top_level.txt
reading manifest file '../../../build/rover_pkg/rover_pkg.egg-info/SOURCES.txt'
writing manifest file '../../../build/rover_pkg/rover_pkg.egg-info/SOURCES.txt'
running build
running build_py
running install
running install_lib
running install_data
running install_egg_info
removing '/home/evan/Desktop/Xplore/CS_workspace/install/rover_pkg/lib/python3.8/site-packages/rover_pkg-0.0.0-py3.8.egg-info' (and everything under it)
Copying ../../../build/rover_pkg/rover_pkg.egg-info to /home/evan/Desktop/Xplore/CS_workspace/install/rover_pkg/lib/python3.8/site-packages/rover_pkg-0.0.0-py3.8.egg-info
running install_scripts
Installing cameras_publisher script to /home/evan/Desktop/Xplore/CS_workspace/install/rover_pkg/lib/rover_pkg
Installing gripper_camera script to /home/evan/Desktop/Xplore/CS_workspace/install/rover_pkg/lib/rover_pkg
Installing rover script to /home/evan/Desktop/Xplore/CS_workspace/install/rover_pkg/lib/rover_pkg
writing list of installed files to '/home/evan/Desktop/Xplore/CS_workspace/build/rover_pkg/install.log'
