[1.359s] Invoking command in '/home/evan/Desktop/Xplore/CS_workspace/cs_ws/src/control_station_pkg': PYTHONPATH=/home/evan/Desktop/Xplore/CS_workspace/build/control_station_pkg/prefix_override:/home/evan/Desktop/Xplore/CS_workspace/install/control_station_pkg/lib/python3.8/site-packages:${PYTHONPATH} /usr/bin/python3 setup.py egg_info --egg-base ../../../build/control_station_pkg build --build-base /home/evan/Desktop/Xplore/CS_workspace/build/control_station_pkg/build install --record /home/evan/Desktop/Xplore/CS_workspace/build/control_station_pkg/install.log --single-version-externally-managed
[1.627s] running egg_info
[1.628s] writing ../../../build/control_station_pkg/control_station_pkg.egg-info/PKG-INFO
[1.628s] writing dependency_links to ../../../build/control_station_pkg/control_station_pkg.egg-info/dependency_links.txt
[1.628s] writing entry points to ../../../build/control_station_pkg/control_station_pkg.egg-info/entry_points.txt
[1.629s] writing requirements to ../../../build/control_station_pkg/control_station_pkg.egg-info/requires.txt
[1.629s] writing top-level names to ../../../build/control_station_pkg/control_station_pkg.egg-info/top_level.txt
[1.667s] reading manifest file '../../../build/control_station_pkg/control_station_pkg.egg-info/SOURCES.txt'
[1.668s] writing manifest file '../../../build/control_station_pkg/control_station_pkg.egg-info/SOURCES.txt'
[1.669s] running build
[1.669s] running build_py
[1.669s] running install
[1.670s] running install_lib
[1.672s] running install_data
[1.673s] running install_egg_info
[1.675s] removing '/home/evan/Desktop/Xplore/CS_workspace/install/control_station_pkg/lib/python3.8/site-packages/control_station_pkg-0.0.0-py3.8.egg-info' (and everything under it)
[1.684s] Copying ../../../build/control_station_pkg/control_station_pkg.egg-info to /home/evan/Desktop/Xplore/CS_workspace/install/control_station_pkg/lib/python3.8/site-packages/control_station_pkg-0.0.0-py3.8.egg-info
[1.684s] running install_scripts
[1.704s] Installing cameras_reciever script to /home/evan/Desktop/Xplore/CS_workspace/install/control_station_pkg/lib/control_station_pkg
[1.704s] Installing control_station script to /home/evan/Desktop/Xplore/CS_workspace/install/control_station_pkg/lib/control_station_pkg
[1.704s] writing list of installed files to '/home/evan/Desktop/Xplore/CS_workspace/build/control_station_pkg/install.log'
[1.731s] Invoked command in '/home/evan/Desktop/Xplore/CS_workspace/cs_ws/src/control_station_pkg' returned '0': PYTHONPATH=/home/evan/Desktop/Xplore/CS_workspace/build/control_station_pkg/prefix_override:/home/evan/Desktop/Xplore/CS_workspace/install/control_station_pkg/lib/python3.8/site-packages:${PYTHONPATH} /usr/bin/python3 setup.py egg_info --egg-base ../../../build/control_station_pkg build --build-base /home/evan/Desktop/Xplore/CS_workspace/build/control_station_pkg/build install --record /home/evan/Desktop/Xplore/CS_workspace/build/control_station_pkg/install.log --single-version-externally-managed
