[1.369s] Invoking command in '/home/zedrichu/Xplore|CS/control/cs_ws/src/rover_pkg': PYTHONPATH=/home/zedrichu/Xplore|CS/control/cs_ws/install/rover_pkg/lib/python3.10/site-packages:${PYTHONPATH} /usr/bin/python3 setup.py egg_info --egg-base ../../build/rover_pkg build --build-base /home/zedrichu/Xplore|CS/control/cs_ws/build/rover_pkg/build install --prefix /home/zedrichu/Xplore|CS/control/cs_ws/install/rover_pkg --record /home/zedrichu/Xplore|CS/control/cs_ws/build/rover_pkg/install.log --single-version-externally-managed
[1.772s] running egg_info
[1.773s] writing ../../build/rover_pkg/rover_pkg.egg-info/PKG-INFO
[1.773s] writing dependency_links to ../../build/rover_pkg/rover_pkg.egg-info/dependency_links.txt
[1.773s] writing entry points to ../../build/rover_pkg/rover_pkg.egg-info/entry_points.txt
[1.774s] writing requirements to ../../build/rover_pkg/rover_pkg.egg-info/requires.txt
[1.774s] writing top-level names to ../../build/rover_pkg/rover_pkg.egg-info/top_level.txt
[1.776s] reading manifest file '../../build/rover_pkg/rover_pkg.egg-info/SOURCES.txt'
[1.777s] writing manifest file '../../build/rover_pkg/rover_pkg.egg-info/SOURCES.txt'
[1.777s] running build
[1.778s] running build_py
[1.778s] running install
[1.778s] running install_lib
[1.780s] running install_data
[1.780s] running install_egg_info
[1.782s] removing '/home/zedrichu/Xplore|CS/control/cs_ws/install/rover_pkg/lib/python3.10/site-packages/rover_pkg-0.0.0-py3.10.egg-info' (and everything under it)
[1.783s] Copying ../../build/rover_pkg/rover_pkg.egg-info to /home/zedrichu/Xplore|CS/control/cs_ws/install/rover_pkg/lib/python3.10/site-packages/rover_pkg-0.0.0-py3.10.egg-info
[1.785s] running install_scripts
[1.811s] Installing rover script to /home/zedrichu/Xplore|CS/control/cs_ws/install/rover_pkg/lib/rover_pkg
[1.812s] writing list of installed files to '/home/zedrichu/Xplore|CS/control/cs_ws/build/rover_pkg/install.log'
[1.848s] Invoked command in '/home/zedrichu/Xplore|CS/control/cs_ws/src/rover_pkg' returned '0': PYTHONPATH=/home/zedrichu/Xplore|CS/control/cs_ws/install/rover_pkg/lib/python3.10/site-packages:${PYTHONPATH} /usr/bin/python3 setup.py egg_info --egg-base ../../build/rover_pkg build --build-base /home/zedrichu/Xplore|CS/control/cs_ws/build/rover_pkg/build install --prefix /home/zedrichu/Xplore|CS/control/cs_ws/install/rover_pkg --record /home/zedrichu/Xplore|CS/control/cs_ws/build/rover_pkg/install.log --single-version-externally-managed
