[1.203s] DEBUG:colcon:Command line arguments: ['/usr/bin/colcon', 'build']
[1.203s] DEBUG:colcon:Parsed command line arguments: Namespace(log_base=None, log_level=None, verb_name='build', build_base='build', install_base='install', merge_install=False, symlink_install=False, test_result_base=None, continue_on_error=False, executor='parallel', parallel_workers=12, event_handlers=None, ignore_user_meta=False, metas=['./colcon.meta'], base_paths=['.'], packages_ignore=None, packages_ignore_regex=None, paths=None, packages_up_to=None, packages_up_to_regex=None, packages_above=None, packages_above_and_dependencies=None, packages_above_depth=None, packages_select_by_dep=None, packages_skip_by_dep=None, packages_skip_up_to=None, packages_select_build_failed=False, packages_skip_build_finished=False, packages_select_test_failures=False, packages_skip_test_passed=False, packages_select=None, packages_skip=None, packages_select_regex=None, packages_skip_regex=None, packages_start=None, packages_end=None, allow_overriding=[], cmake_args=None, cmake_target=None, cmake_target_skip_unavailable=False, cmake_clean_cache=False, cmake_clean_first=False, cmake_force_configure=False, ament_cmake_args=None, catkin_cmake_args=None, catkin_skip_building_tests=False, verb_parser=<colcon_defaults.argument_parser.defaults.DefaultArgumentsDecorator object at 0x7f015f0ad660>, verb_extension=<colcon_core.verb.build.BuildVerb object at 0x7f015f81c940>, main=<bound method BuildVerb.main of <colcon_core.verb.build.BuildVerb object at 0x7f015f81c940>>)
[1.276s] Level 1:colcon.colcon_core.package_discovery:discover_packages(colcon_meta) check parameters
[1.276s] Level 1:colcon.colcon_core.package_discovery:discover_packages(recursive) check parameters
[1.276s] Level 1:colcon.colcon_core.package_discovery:discover_packages(ignore) check parameters
[1.276s] Level 1:colcon.colcon_core.package_discovery:discover_packages(path) check parameters
[1.276s] Level 1:colcon.colcon_core.package_discovery:discover_packages(colcon_meta) discover
[1.276s] Level 1:colcon.colcon_core.package_discovery:discover_packages(recursive) discover
[1.277s] INFO:colcon.colcon_core.package_discovery:Crawling recursively for packages in '/home/zedrichu/Xplore|CS/control/cs_ws'
[1.277s] Level 1:colcon.colcon_core.package_identification:_identify(.) by extensions ['ignore', 'ignore_ament_install']
[1.277s] Level 1:colcon.colcon_core.package_identification:_identify(.) by extension 'ignore'
[1.277s] Level 1:colcon.colcon_core.package_identification:_identify(.) by extension 'ignore_ament_install'
[1.277s] Level 1:colcon.colcon_core.package_identification:_identify(.) by extensions ['colcon_pkg']
[1.277s] Level 1:colcon.colcon_core.package_identification:_identify(.) by extension 'colcon_pkg'
[1.277s] Level 1:colcon.colcon_core.package_identification:_identify(.) by extensions ['colcon_meta']
[1.277s] Level 1:colcon.colcon_core.package_identification:_identify(.) by extension 'colcon_meta'
[1.277s] Level 1:colcon.colcon_core.package_identification:_identify(.) by extensions ['ros']
[1.277s] Level 1:colcon.colcon_core.package_identification:_identify(.) by extension 'ros'
[1.303s] Level 1:colcon.colcon_core.package_identification:_identify(.) by extensions ['cmake', 'python']
[1.303s] Level 1:colcon.colcon_core.package_identification:_identify(.) by extension 'cmake'
[1.303s] Level 1:colcon.colcon_core.package_identification:_identify(.) by extension 'python'
[1.303s] Level 1:colcon.colcon_core.package_identification:_identify(.) by extensions ['python_setup_py']
[1.304s] Level 1:colcon.colcon_core.package_identification:_identify(.) by extension 'python_setup_py'
[1.304s] Level 1:colcon.colcon_core.package_identification:_identify(build) by extensions ['ignore', 'ignore_ament_install']
[1.304s] Level 1:colcon.colcon_core.package_identification:_identify(build) by extension 'ignore'
[1.304s] Level 1:colcon.colcon_core.package_identification:_identify(build) ignored
[1.304s] Level 1:colcon.colcon_core.package_identification:_identify(install) by extensions ['ignore', 'ignore_ament_install']
[1.304s] Level 1:colcon.colcon_core.package_identification:_identify(install) by extension 'ignore'
[1.304s] Level 1:colcon.colcon_core.package_identification:_identify(install) ignored
[1.304s] Level 1:colcon.colcon_core.package_identification:_identify(log) by extensions ['ignore', 'ignore_ament_install']
[1.305s] Level 1:colcon.colcon_core.package_identification:_identify(log) by extension 'ignore'
[1.305s] Level 1:colcon.colcon_core.package_identification:_identify(log) ignored
[1.305s] Level 1:colcon.colcon_core.package_identification:_identify(src) by extensions ['ignore', 'ignore_ament_install']
[1.305s] Level 1:colcon.colcon_core.package_identification:_identify(src) by extension 'ignore'
[1.305s] Level 1:colcon.colcon_core.package_identification:_identify(src) by extension 'ignore_ament_install'
[1.305s] Level 1:colcon.colcon_core.package_identification:_identify(src) by extensions ['colcon_pkg']
[1.305s] Level 1:colcon.colcon_core.package_identification:_identify(src) by extension 'colcon_pkg'
[1.305s] Level 1:colcon.colcon_core.package_identification:_identify(src) by extensions ['colcon_meta']
[1.305s] Level 1:colcon.colcon_core.package_identification:_identify(src) by extension 'colcon_meta'
[1.305s] Level 1:colcon.colcon_core.package_identification:_identify(src) by extensions ['ros']
[1.305s] Level 1:colcon.colcon_core.package_identification:_identify(src) by extension 'ros'
[1.305s] Level 1:colcon.colcon_core.package_identification:_identify(src) by extensions ['cmake', 'python']
[1.305s] Level 1:colcon.colcon_core.package_identification:_identify(src) by extension 'cmake'
[1.306s] Level 1:colcon.colcon_core.package_identification:_identify(src) by extension 'python'
[1.306s] Level 1:colcon.colcon_core.package_identification:_identify(src) by extensions ['python_setup_py']
[1.306s] Level 1:colcon.colcon_core.package_identification:_identify(src) by extension 'python_setup_py'
[1.306s] Level 1:colcon.colcon_core.package_identification:_identify(src/control_station_pkg) by extensions ['ignore', 'ignore_ament_install']
[1.306s] Level 1:colcon.colcon_core.package_identification:_identify(src/control_station_pkg) by extension 'ignore'
[1.306s] Level 1:colcon.colcon_core.package_identification:_identify(src/control_station_pkg) by extension 'ignore_ament_install'
[1.306s] Level 1:colcon.colcon_core.package_identification:_identify(src/control_station_pkg) by extensions ['colcon_pkg']
[1.306s] Level 1:colcon.colcon_core.package_identification:_identify(src/control_station_pkg) by extension 'colcon_pkg'
[1.306s] Level 1:colcon.colcon_core.package_identification:_identify(src/control_station_pkg) by extensions ['colcon_meta']
[1.306s] Level 1:colcon.colcon_core.package_identification:_identify(src/control_station_pkg) by extension 'colcon_meta'
[1.306s] Level 1:colcon.colcon_core.package_identification:_identify(src/control_station_pkg) by extensions ['ros']
[1.306s] Level 1:colcon.colcon_core.package_identification:_identify(src/control_station_pkg) by extension 'ros'
[1.312s] DEBUG:colcon.colcon_core.package_identification:Package 'src/control_station_pkg' with type 'ros.ament_python' and name 'control_station_pkg'
[1.312s] Level 1:colcon.colcon_core.package_identification:_identify(src/rover_pkg) by extensions ['ignore', 'ignore_ament_install']
[1.312s] Level 1:colcon.colcon_core.package_identification:_identify(src/rover_pkg) by extension 'ignore'
[1.312s] Level 1:colcon.colcon_core.package_identification:_identify(src/rover_pkg) by extension 'ignore_ament_install'
[1.312s] Level 1:colcon.colcon_core.package_identification:_identify(src/rover_pkg) by extensions ['colcon_pkg']
[1.312s] Level 1:colcon.colcon_core.package_identification:_identify(src/rover_pkg) by extension 'colcon_pkg'
[1.312s] Level 1:colcon.colcon_core.package_identification:_identify(src/rover_pkg) by extensions ['colcon_meta']
[1.312s] Level 1:colcon.colcon_core.package_identification:_identify(src/rover_pkg) by extension 'colcon_meta'
[1.312s] Level 1:colcon.colcon_core.package_identification:_identify(src/rover_pkg) by extensions ['ros']
[1.312s] Level 1:colcon.colcon_core.package_identification:_identify(src/rover_pkg) by extension 'ros'
[1.313s] DEBUG:colcon.colcon_core.package_identification:Package 'src/rover_pkg' with type 'ros.ament_python' and name 'rover_pkg'
[1.313s] Level 1:colcon.colcon_core.package_discovery:discover_packages(recursive) using defaults
[1.313s] Level 1:colcon.colcon_core.package_discovery:discover_packages(ignore) discover
[1.313s] Level 1:colcon.colcon_core.package_discovery:discover_packages(ignore) using defaults
[1.314s] Level 1:colcon.colcon_core.package_discovery:discover_packages(path) discover
[1.314s] Level 1:colcon.colcon_core.package_discovery:discover_packages(path) using defaults
[1.369s] Level 1:colcon.colcon_core.package_discovery:discover_packages(prefix_path) check parameters
[1.369s] Level 1:colcon.colcon_core.package_discovery:discover_packages(prefix_path) discover
[1.378s] DEBUG:colcon.colcon_installed_package_information.package_discovery:Found 270 installed packages in /opt/ros/humble
[1.381s] Level 1:colcon.colcon_core.package_discovery:discover_packages(prefix_path) using defaults
[1.474s] Level 5:colcon.colcon_core.verb:set package 'control_station_pkg' build argument 'cmake_args' from command line to 'None'
[1.474s] Level 5:colcon.colcon_core.verb:set package 'control_station_pkg' build argument 'cmake_target' from command line to 'None'
[1.474s] Level 5:colcon.colcon_core.verb:set package 'control_station_pkg' build argument 'cmake_target_skip_unavailable' from command line to 'False'
[1.474s] Level 5:colcon.colcon_core.verb:set package 'control_station_pkg' build argument 'cmake_clean_cache' from command line to 'False'
[1.475s] Level 5:colcon.colcon_core.verb:set package 'control_station_pkg' build argument 'cmake_clean_first' from command line to 'False'
[1.475s] Level 5:colcon.colcon_core.verb:set package 'control_station_pkg' build argument 'cmake_force_configure' from command line to 'False'
[1.475s] Level 5:colcon.colcon_core.verb:set package 'control_station_pkg' build argument 'ament_cmake_args' from command line to 'None'
[1.475s] Level 5:colcon.colcon_core.verb:set package 'control_station_pkg' build argument 'catkin_cmake_args' from command line to 'None'
[1.475s] Level 5:colcon.colcon_core.verb:set package 'control_station_pkg' build argument 'catkin_skip_building_tests' from command line to 'False'
[1.475s] DEBUG:colcon.colcon_core.verb:Building package 'control_station_pkg' with the following arguments: {'ament_cmake_args': None, 'build_base': '/home/zedrichu/Xplore|CS/control/cs_ws/build/control_station_pkg', 'catkin_cmake_args': None, 'catkin_skip_building_tests': False, 'cmake_args': None, 'cmake_clean_cache': False, 'cmake_clean_first': False, 'cmake_force_configure': False, 'cmake_target': None, 'cmake_target_skip_unavailable': False, 'install_base': '/home/zedrichu/Xplore|CS/control/cs_ws/install/control_station_pkg', 'merge_install': False, 'path': '/home/zedrichu/Xplore|CS/control/cs_ws/src/control_station_pkg', 'symlink_install': False, 'test_result_base': None}
[1.476s] Level 5:colcon.colcon_core.verb:set package 'rover_pkg' build argument 'cmake_args' from command line to 'None'
[1.476s] Level 5:colcon.colcon_core.verb:set package 'rover_pkg' build argument 'cmake_target' from command line to 'None'
[1.476s] Level 5:colcon.colcon_core.verb:set package 'rover_pkg' build argument 'cmake_target_skip_unavailable' from command line to 'False'
[1.476s] Level 5:colcon.colcon_core.verb:set package 'rover_pkg' build argument 'cmake_clean_cache' from command line to 'False'
[1.477s] Level 5:colcon.colcon_core.verb:set package 'rover_pkg' build argument 'cmake_clean_first' from command line to 'False'
[1.477s] Level 5:colcon.colcon_core.verb:set package 'rover_pkg' build argument 'cmake_force_configure' from command line to 'False'
[1.477s] Level 5:colcon.colcon_core.verb:set package 'rover_pkg' build argument 'ament_cmake_args' from command line to 'None'
[1.477s] Level 5:colcon.colcon_core.verb:set package 'rover_pkg' build argument 'catkin_cmake_args' from command line to 'None'
[1.477s] Level 5:colcon.colcon_core.verb:set package 'rover_pkg' build argument 'catkin_skip_building_tests' from command line to 'False'
[1.477s] DEBUG:colcon.colcon_core.verb:Building package 'rover_pkg' with the following arguments: {'ament_cmake_args': None, 'build_base': '/home/zedrichu/Xplore|CS/control/cs_ws/build/rover_pkg', 'catkin_cmake_args': None, 'catkin_skip_building_tests': False, 'cmake_args': None, 'cmake_clean_cache': False, 'cmake_clean_first': False, 'cmake_force_configure': False, 'cmake_target': None, 'cmake_target_skip_unavailable': False, 'install_base': '/home/zedrichu/Xplore|CS/control/cs_ws/install/rover_pkg', 'merge_install': False, 'path': '/home/zedrichu/Xplore|CS/control/cs_ws/src/rover_pkg', 'symlink_install': False, 'test_result_base': None}
[1.478s] INFO:colcon.colcon_core.executor:Executing jobs using 'parallel' executor
[1.483s] DEBUG:colcon.colcon_parallel_executor.executor.parallel:run_until_complete
[1.484s] INFO:colcon.colcon_ros.task.ament_python.build:Building ROS package in '/home/zedrichu/Xplore|CS/control/cs_ws/src/control_station_pkg' with build type 'ament_python'
[1.484s] Level 1:colcon.colcon_core.shell:create_environment_hook('control_station_pkg', 'ament_prefix_path')
[1.498s] INFO:colcon.colcon_core.plugin_system:Skipping extension 'colcon_core.shell.bat': Not used on non-Windows systems
[1.498s] INFO:colcon.colcon_core.shell:Creating environment hook '/home/zedrichu/Xplore|CS/control/cs_ws/install/control_station_pkg/share/control_station_pkg/hook/ament_prefix_path.ps1'
[1.501s] INFO:colcon.colcon_core.shell:Creating environment descriptor '/home/zedrichu/Xplore|CS/control/cs_ws/install/control_station_pkg/share/control_station_pkg/hook/ament_prefix_path.dsv'
[1.502s] INFO:colcon.colcon_core.shell:Creating environment hook '/home/zedrichu/Xplore|CS/control/cs_ws/install/control_station_pkg/share/control_station_pkg/hook/ament_prefix_path.sh'
[1.504s] INFO:colcon.colcon_core.shell:Skip shell extension 'powershell' for command environment: Not usable outside of PowerShell
[1.504s] DEBUG:colcon.colcon_core.shell:Skip shell extension 'dsv' for command environment
[1.510s] INFO:colcon.colcon_ros.task.ament_python.build:Building ROS package in '/home/zedrichu/Xplore|CS/control/cs_ws/src/rover_pkg' with build type 'ament_python'
[1.510s] Level 1:colcon.colcon_core.shell:create_environment_hook('rover_pkg', 'ament_prefix_path')
[1.512s] INFO:colcon.colcon_core.shell:Creating environment hook '/home/zedrichu/Xplore|CS/control/cs_ws/install/rover_pkg/share/rover_pkg/hook/ament_prefix_path.ps1'
[1.514s] INFO:colcon.colcon_core.shell:Creating environment descriptor '/home/zedrichu/Xplore|CS/control/cs_ws/install/rover_pkg/share/rover_pkg/hook/ament_prefix_path.dsv'
[1.514s] INFO:colcon.colcon_core.shell:Creating environment hook '/home/zedrichu/Xplore|CS/control/cs_ws/install/rover_pkg/share/rover_pkg/hook/ament_prefix_path.sh'
[1.516s] INFO:colcon.colcon_core.shell:Skip shell extension 'powershell' for command environment: Not usable outside of PowerShell
[1.516s] DEBUG:colcon.colcon_core.shell:Skip shell extension 'dsv' for command environment
[1.893s] INFO:colcon.colcon_core.task.python.build:Building Python package in '/home/zedrichu/Xplore|CS/control/cs_ws/src/control_station_pkg'
[1.895s] INFO:colcon.colcon_core.shell:Skip shell extension 'powershell' for command environment: Not usable outside of PowerShell
[1.895s] DEBUG:colcon.colcon_core.shell:Skip shell extension 'dsv' for command environment
[2.265s] INFO:colcon.colcon_core.task.python.build:Building Python package in '/home/zedrichu/Xplore|CS/control/cs_ws/src/rover_pkg'
[2.267s] INFO:colcon.colcon_core.shell:Skip shell extension 'powershell' for command environment: Not usable outside of PowerShell
[2.267s] DEBUG:colcon.colcon_core.shell:Skip shell extension 'dsv' for command environment
[2.937s] DEBUG:colcon.colcon_core.event_handler.log_command:Invoking command in '/home/zedrichu/Xplore|CS/control/cs_ws/src/control_station_pkg': PYTHONPATH=/home/zedrichu/Xplore|CS/control/cs_ws/install/control_station_pkg/lib/python3.10/site-packages:${PYTHONPATH} /usr/bin/python3 setup.py egg_info --egg-base ../../build/control_station_pkg build --build-base /home/zedrichu/Xplore|CS/control/cs_ws/build/control_station_pkg/build install --prefix /home/zedrichu/Xplore|CS/control/cs_ws/install/control_station_pkg --record /home/zedrichu/Xplore|CS/control/cs_ws/build/control_station_pkg/install.log --single-version-externally-managed
[2.945s] DEBUG:colcon.colcon_core.event_handler.log_command:Invoking command in '/home/zedrichu/Xplore|CS/control/cs_ws/src/rover_pkg': PYTHONPATH=/home/zedrichu/Xplore|CS/control/cs_ws/install/rover_pkg/lib/python3.10/site-packages:${PYTHONPATH} /usr/bin/python3 setup.py egg_info --egg-base ../../build/rover_pkg build --build-base /home/zedrichu/Xplore|CS/control/cs_ws/build/rover_pkg/build install --prefix /home/zedrichu/Xplore|CS/control/cs_ws/install/rover_pkg --record /home/zedrichu/Xplore|CS/control/cs_ws/build/rover_pkg/install.log --single-version-externally-managed
[3.361s] DEBUG:colcon.colcon_core.event_handler.log_command:Invoked command in '/home/zedrichu/Xplore|CS/control/cs_ws/src/control_station_pkg' returned '0': PYTHONPATH=/home/zedrichu/Xplore|CS/control/cs_ws/install/control_station_pkg/lib/python3.10/site-packages:${PYTHONPATH} /usr/bin/python3 setup.py egg_info --egg-base ../../build/control_station_pkg build --build-base /home/zedrichu/Xplore|CS/control/cs_ws/build/control_station_pkg/build install --prefix /home/zedrichu/Xplore|CS/control/cs_ws/install/control_station_pkg --record /home/zedrichu/Xplore|CS/control/cs_ws/build/control_station_pkg/install.log --single-version-externally-managed
[3.378s] Level 1:colcon.colcon_core.environment:checking '/home/zedrichu/Xplore|CS/control/cs_ws/install/control_station_pkg' for CMake module files
[3.378s] Level 1:colcon.colcon_core.environment:checking '/home/zedrichu/Xplore|CS/control/cs_ws/install/control_station_pkg' for CMake config files
[3.379s] Level 1:colcon.colcon_core.environment:checking '/home/zedrichu/Xplore|CS/control/cs_ws/install/control_station_pkg/lib'
[3.379s] Level 1:colcon.colcon_core.environment:checking '/home/zedrichu/Xplore|CS/control/cs_ws/install/control_station_pkg/bin'
[3.379s] Level 1:colcon.colcon_core.environment:checking '/home/zedrichu/Xplore|CS/control/cs_ws/install/control_station_pkg/lib/pkgconfig/control_station_pkg.pc'
[3.380s] Level 1:colcon.colcon_core.environment:checking '/home/zedrichu/Xplore|CS/control/cs_ws/install/control_station_pkg/lib/python3.10/site-packages'
[3.380s] Level 1:colcon.colcon_core.shell:create_environment_hook('control_station_pkg', 'pythonpath')
[3.381s] INFO:colcon.colcon_core.shell:Creating environment hook '/home/zedrichu/Xplore|CS/control/cs_ws/install/control_station_pkg/share/control_station_pkg/hook/pythonpath.ps1'
[3.382s] INFO:colcon.colcon_core.shell:Creating environment descriptor '/home/zedrichu/Xplore|CS/control/cs_ws/install/control_station_pkg/share/control_station_pkg/hook/pythonpath.dsv'
[3.383s] INFO:colcon.colcon_core.shell:Creating environment hook '/home/zedrichu/Xplore|CS/control/cs_ws/install/control_station_pkg/share/control_station_pkg/hook/pythonpath.sh'
[3.383s] Level 1:colcon.colcon_core.environment:checking '/home/zedrichu/Xplore|CS/control/cs_ws/install/control_station_pkg/bin'
[3.383s] Level 1:colcon.colcon_core.environment:create_environment_scripts_only(control_station_pkg)
[3.385s] INFO:colcon.colcon_core.shell:Creating package script '/home/zedrichu/Xplore|CS/control/cs_ws/install/control_station_pkg/share/control_station_pkg/package.ps1'
[3.387s] INFO:colcon.colcon_core.shell:Creating package descriptor '/home/zedrichu/Xplore|CS/control/cs_ws/install/control_station_pkg/share/control_station_pkg/package.dsv'
[3.388s] INFO:colcon.colcon_core.shell:Creating package script '/home/zedrichu/Xplore|CS/control/cs_ws/install/control_station_pkg/share/control_station_pkg/package.sh'
[3.389s] INFO:colcon.colcon_core.shell:Creating package script '/home/zedrichu/Xplore|CS/control/cs_ws/install/control_station_pkg/share/control_station_pkg/package.bash'
[3.392s] INFO:colcon.colcon_core.shell:Creating package script '/home/zedrichu/Xplore|CS/control/cs_ws/install/control_station_pkg/share/control_station_pkg/package.zsh'
[3.393s] Level 1:colcon.colcon_core.environment:create_file_with_runtime_dependencies(/home/zedrichu/Xplore|CS/control/cs_ws/install/control_station_pkg/share/colcon-core/packages/control_station_pkg)
[3.399s] Level 1:colcon.colcon_core.environment:checking '/home/zedrichu/Xplore|CS/control/cs_ws/install/rover_pkg' for CMake module files
[3.401s] Level 1:colcon.colcon_core.environment:checking '/home/zedrichu/Xplore|CS/control/cs_ws/install/rover_pkg' for CMake config files
[3.401s] DEBUG:colcon.colcon_core.event_handler.log_command:Invoked command in '/home/zedrichu/Xplore|CS/control/cs_ws/src/rover_pkg' returned '0': PYTHONPATH=/home/zedrichu/Xplore|CS/control/cs_ws/install/rover_pkg/lib/python3.10/site-packages:${PYTHONPATH} /usr/bin/python3 setup.py egg_info --egg-base ../../build/rover_pkg build --build-base /home/zedrichu/Xplore|CS/control/cs_ws/build/rover_pkg/build install --prefix /home/zedrichu/Xplore|CS/control/cs_ws/install/rover_pkg --record /home/zedrichu/Xplore|CS/control/cs_ws/build/rover_pkg/install.log --single-version-externally-managed
[3.402s] Level 1:colcon.colcon_core.environment:checking '/home/zedrichu/Xplore|CS/control/cs_ws/install/rover_pkg/lib'
[3.402s] Level 1:colcon.colcon_core.environment:checking '/home/zedrichu/Xplore|CS/control/cs_ws/install/rover_pkg/bin'
[3.402s] Level 1:colcon.colcon_core.environment:checking '/home/zedrichu/Xplore|CS/control/cs_ws/install/rover_pkg/lib/pkgconfig/rover_pkg.pc'
[3.402s] Level 1:colcon.colcon_core.environment:checking '/home/zedrichu/Xplore|CS/control/cs_ws/install/rover_pkg/lib/python3.10/site-packages'
[3.403s] Level 1:colcon.colcon_core.shell:create_environment_hook('rover_pkg', 'pythonpath')
[3.405s] INFO:colcon.colcon_core.shell:Creating environment hook '/home/zedrichu/Xplore|CS/control/cs_ws/install/rover_pkg/share/rover_pkg/hook/pythonpath.ps1'
[3.405s] INFO:colcon.colcon_core.shell:Creating environment descriptor '/home/zedrichu/Xplore|CS/control/cs_ws/install/rover_pkg/share/rover_pkg/hook/pythonpath.dsv'
[3.406s] INFO:colcon.colcon_core.shell:Creating environment hook '/home/zedrichu/Xplore|CS/control/cs_ws/install/rover_pkg/share/rover_pkg/hook/pythonpath.sh'
[3.406s] Level 1:colcon.colcon_core.environment:checking '/home/zedrichu/Xplore|CS/control/cs_ws/install/rover_pkg/bin'
[3.406s] Level 1:colcon.colcon_core.environment:create_environment_scripts_only(rover_pkg)
[3.408s] INFO:colcon.colcon_core.shell:Creating package script '/home/zedrichu/Xplore|CS/control/cs_ws/install/rover_pkg/share/rover_pkg/package.ps1'
[3.409s] INFO:colcon.colcon_core.shell:Creating package descriptor '/home/zedrichu/Xplore|CS/control/cs_ws/install/rover_pkg/share/rover_pkg/package.dsv'
[3.410s] INFO:colcon.colcon_core.shell:Creating package script '/home/zedrichu/Xplore|CS/control/cs_ws/install/rover_pkg/share/rover_pkg/package.sh'
[3.410s] INFO:colcon.colcon_core.shell:Creating package script '/home/zedrichu/Xplore|CS/control/cs_ws/install/rover_pkg/share/rover_pkg/package.bash'
[3.411s] INFO:colcon.colcon_core.shell:Creating package script '/home/zedrichu/Xplore|CS/control/cs_ws/install/rover_pkg/share/rover_pkg/package.zsh'
[3.411s] Level 1:colcon.colcon_core.environment:create_file_with_runtime_dependencies(/home/zedrichu/Xplore|CS/control/cs_ws/install/rover_pkg/share/colcon-core/packages/rover_pkg)
[3.412s] DEBUG:colcon.colcon_parallel_executor.executor.parallel:closing loop
[3.413s] DEBUG:colcon.colcon_parallel_executor.executor.parallel:loop closed
[3.413s] DEBUG:colcon.colcon_parallel_executor.executor.parallel:run_until_complete finished with '0'
[3.413s] DEBUG:colcon.colcon_core.event_reactor:joining thread
[3.434s] INFO:colcon.colcon_core.plugin_system:Skipping extension 'colcon_notification.desktop_notification.terminal_notifier': Not used on non-Darwin systems
[3.435s] INFO:colcon.colcon_core.plugin_system:Skipping extension 'colcon_notification.desktop_notification.win32': Not used on non-Windows systems
[3.435s] INFO:colcon.colcon_notification.desktop_notification:Sending desktop notification using 'notify2'
[3.448s] DEBUG:colcon.colcon_notification.desktop_notification.notify2:Failed to initialize notify2: org.freedesktop.DBus.Error.Spawn.ExecFailed: /usr/bin/dbus-launch terminated abnormally with the following error: Autolaunch error: X11 initialization failed.

[3.448s] DEBUG:colcon.colcon_core.event_reactor:joined thread
[3.452s] INFO:colcon.colcon_core.shell:Creating prefix script '/home/zedrichu/Xplore|CS/control/cs_ws/install/local_setup.ps1'
[3.454s] INFO:colcon.colcon_core.shell:Creating prefix util module '/home/zedrichu/Xplore|CS/control/cs_ws/install/_local_setup_util_ps1.py'
[3.456s] INFO:colcon.colcon_core.shell:Creating prefix chain script '/home/zedrichu/Xplore|CS/control/cs_ws/install/setup.ps1'
[3.458s] INFO:colcon.colcon_core.shell:Creating prefix script '/home/zedrichu/Xplore|CS/control/cs_ws/install/local_setup.sh'
[3.459s] INFO:colcon.colcon_core.shell:Creating prefix util module '/home/zedrichu/Xplore|CS/control/cs_ws/install/_local_setup_util_sh.py'
[3.460s] INFO:colcon.colcon_core.shell:Creating prefix chain script '/home/zedrichu/Xplore|CS/control/cs_ws/install/setup.sh'
[3.462s] INFO:colcon.colcon_core.shell:Creating prefix script '/home/zedrichu/Xplore|CS/control/cs_ws/install/local_setup.bash'
[3.463s] INFO:colcon.colcon_core.shell:Creating prefix chain script '/home/zedrichu/Xplore|CS/control/cs_ws/install/setup.bash'
[3.466s] INFO:colcon.colcon_core.shell:Creating prefix script '/home/zedrichu/Xplore|CS/control/cs_ws/install/local_setup.zsh'
[3.467s] INFO:colcon.colcon_core.shell:Creating prefix chain script '/home/zedrichu/Xplore|CS/control/cs_ws/install/setup.zsh'
