[0.389s] DEBUG:colcon:Command line arguments: ['/usr/bin/colcon', 'build']
[0.389s] DEBUG:colcon:Parsed command line arguments: Namespace(allow_overriding=[], ament_cmake_args=None, base_paths=['.'], build_base='build', catkin_cmake_args=None, catkin_skip_building_tests=False, cmake_args=None, cmake_clean_cache=False, cmake_clean_first=False, cmake_force_configure=False, cmake_target=None, cmake_target_skip_unavailable=False, continue_on_error=False, event_handlers=None, executor='parallel', ignore_user_meta=False, install_base='install', log_base=None, log_level=None, main=<bound method BuildVerb.main of <colcon_core.verb.build.BuildVerb object at 0x7fe4b2dc8580>>, merge_install=False, metas=['./colcon.meta'], packages_above=None, packages_above_and_dependencies=None, packages_above_depth=None, packages_end=None, packages_ignore=None, packages_ignore_regex=None, packages_select=None, packages_select_build_failed=False, packages_select_by_dep=None, packages_select_regex=None, packages_select_test_failures=False, packages_skip=None, packages_skip_build_finished=False, packages_skip_by_dep=None, packages_skip_regex=None, packages_skip_test_passed=False, packages_skip_up_to=None, packages_start=None, packages_up_to=None, packages_up_to_regex=None, parallel_workers=4, paths=None, symlink_install=False, test_result_base=None, verb_extension=<colcon_core.verb.build.BuildVerb object at 0x7fe4b2dc8580>, verb_name='build', verb_parser=<colcon_defaults.argument_parser.defaults.DefaultArgumentsDecorator object at 0x7fe4b2dc8ac0>)
[0.421s] Level 1:colcon.colcon_core.package_discovery:discover_packages(colcon_meta) check parameters
[0.422s] Level 1:colcon.colcon_core.package_discovery:discover_packages(recursive) check parameters
[0.422s] Level 1:colcon.colcon_core.package_discovery:discover_packages(ignore) check parameters
[0.422s] Level 1:colcon.colcon_core.package_discovery:discover_packages(path) check parameters
[0.422s] Level 1:colcon.colcon_core.package_discovery:discover_packages(colcon_meta) discover
[0.422s] Level 1:colcon.colcon_core.package_discovery:discover_packages(recursive) discover
[0.422s] INFO:colcon.colcon_core.package_discovery:Crawling recursively for packages in '/home/evan/Desktop/Xplore/CS_workspace'
[0.422s] Level 1:colcon.colcon_core.package_identification:_identify(.) by extensions ['ignore', 'ignore_ament_install']
[0.422s] Level 1:colcon.colcon_core.package_identification:_identify(.) by extension 'ignore'
[0.422s] Level 1:colcon.colcon_core.package_identification:_identify(.) by extension 'ignore_ament_install'
[0.422s] Level 1:colcon.colcon_core.package_identification:_identify(.) by extensions ['colcon_pkg']
[0.422s] Level 1:colcon.colcon_core.package_identification:_identify(.) by extension 'colcon_pkg'
[0.422s] Level 1:colcon.colcon_core.package_identification:_identify(.) by extensions ['colcon_meta']
[0.422s] Level 1:colcon.colcon_core.package_identification:_identify(.) by extension 'colcon_meta'
[0.423s] Level 1:colcon.colcon_core.package_identification:_identify(.) by extensions ['ros']
[0.423s] Level 1:colcon.colcon_core.package_identification:_identify(.) by extension 'ros'
[0.444s] Level 1:colcon.colcon_core.package_identification:_identify(.) by extensions ['cmake', 'python']
[0.444s] Level 1:colcon.colcon_core.package_identification:_identify(.) by extension 'cmake'
[0.444s] Level 1:colcon.colcon_core.package_identification:_identify(.) by extension 'python'
[0.444s] Level 1:colcon.colcon_core.package_identification:_identify(.) by extensions ['python_setup_py']
[0.444s] Level 1:colcon.colcon_core.package_identification:_identify(.) by extension 'python_setup_py'
[0.444s] Level 1:colcon.colcon_core.package_identification:_identify(SCRIPTS) by extensions ['ignore', 'ignore_ament_install']
[0.444s] Level 1:colcon.colcon_core.package_identification:_identify(SCRIPTS) by extension 'ignore'
[0.445s] Level 1:colcon.colcon_core.package_identification:_identify(SCRIPTS) by extension 'ignore_ament_install'
[0.445s] Level 1:colcon.colcon_core.package_identification:_identify(SCRIPTS) by extensions ['colcon_pkg']
[0.445s] Level 1:colcon.colcon_core.package_identification:_identify(SCRIPTS) by extension 'colcon_pkg'
[0.445s] Level 1:colcon.colcon_core.package_identification:_identify(SCRIPTS) by extensions ['colcon_meta']
[0.445s] Level 1:colcon.colcon_core.package_identification:_identify(SCRIPTS) by extension 'colcon_meta'
[0.445s] Level 1:colcon.colcon_core.package_identification:_identify(SCRIPTS) by extensions ['ros']
[0.445s] Level 1:colcon.colcon_core.package_identification:_identify(SCRIPTS) by extension 'ros'
[0.445s] Level 1:colcon.colcon_core.package_identification:_identify(SCRIPTS) by extensions ['cmake', 'python']
[0.445s] Level 1:colcon.colcon_core.package_identification:_identify(SCRIPTS) by extension 'cmake'
[0.445s] Level 1:colcon.colcon_core.package_identification:_identify(SCRIPTS) by extension 'python'
[0.445s] Level 1:colcon.colcon_core.package_identification:_identify(SCRIPTS) by extensions ['python_setup_py']
[0.445s] Level 1:colcon.colcon_core.package_identification:_identify(SCRIPTS) by extension 'python_setup_py'
[0.445s] Level 1:colcon.colcon_core.package_identification:_identify(build) by extensions ['ignore', 'ignore_ament_install']
[0.445s] Level 1:colcon.colcon_core.package_identification:_identify(build) by extension 'ignore'
[0.445s] Level 1:colcon.colcon_core.package_identification:_identify(build) ignored
[0.446s] Level 1:colcon.colcon_core.package_identification:_identify(cs_ws) by extensions ['ignore', 'ignore_ament_install']
[0.446s] Level 1:colcon.colcon_core.package_identification:_identify(cs_ws) by extension 'ignore'
[0.446s] Level 1:colcon.colcon_core.package_identification:_identify(cs_ws) by extension 'ignore_ament_install'
[0.446s] Level 1:colcon.colcon_core.package_identification:_identify(cs_ws) by extensions ['colcon_pkg']
[0.446s] Level 1:colcon.colcon_core.package_identification:_identify(cs_ws) by extension 'colcon_pkg'
[0.446s] Level 1:colcon.colcon_core.package_identification:_identify(cs_ws) by extensions ['colcon_meta']
[0.446s] Level 1:colcon.colcon_core.package_identification:_identify(cs_ws) by extension 'colcon_meta'
[0.446s] Level 1:colcon.colcon_core.package_identification:_identify(cs_ws) by extensions ['ros']
[0.446s] Level 1:colcon.colcon_core.package_identification:_identify(cs_ws) by extension 'ros'
[0.446s] Level 1:colcon.colcon_core.package_identification:_identify(cs_ws) by extensions ['cmake', 'python']
[0.446s] Level 1:colcon.colcon_core.package_identification:_identify(cs_ws) by extension 'cmake'
[0.446s] Level 1:colcon.colcon_core.package_identification:_identify(cs_ws) by extension 'python'
[0.446s] Level 1:colcon.colcon_core.package_identification:_identify(cs_ws) by extensions ['python_setup_py']
[0.446s] Level 1:colcon.colcon_core.package_identification:_identify(cs_ws) by extension 'python_setup_py'
[0.446s] Level 1:colcon.colcon_core.package_identification:_identify(cs_ws/build) by extensions ['ignore', 'ignore_ament_install']
[0.447s] Level 1:colcon.colcon_core.package_identification:_identify(cs_ws/build) by extension 'ignore'
[0.447s] Level 1:colcon.colcon_core.package_identification:_identify(cs_ws/build) ignored
[0.447s] Level 1:colcon.colcon_core.package_identification:_identify(cs_ws/install) by extensions ['ignore', 'ignore_ament_install']
[0.447s] Level 1:colcon.colcon_core.package_identification:_identify(cs_ws/install) by extension 'ignore'
[0.447s] Level 1:colcon.colcon_core.package_identification:_identify(cs_ws/install) ignored
[0.447s] Level 1:colcon.colcon_core.package_identification:_identify(cs_ws/log) by extensions ['ignore', 'ignore_ament_install']
[0.447s] Level 1:colcon.colcon_core.package_identification:_identify(cs_ws/log) by extension 'ignore'
[0.447s] Level 1:colcon.colcon_core.package_identification:_identify(cs_ws/log) ignored
[0.447s] Level 1:colcon.colcon_core.package_identification:_identify(cs_ws/src) by extensions ['ignore', 'ignore_ament_install']
[0.447s] Level 1:colcon.colcon_core.package_identification:_identify(cs_ws/src) by extension 'ignore'
[0.448s] Level 1:colcon.colcon_core.package_identification:_identify(cs_ws/src) by extension 'ignore_ament_install'
[0.448s] Level 1:colcon.colcon_core.package_identification:_identify(cs_ws/src) by extensions ['colcon_pkg']
[0.448s] Level 1:colcon.colcon_core.package_identification:_identify(cs_ws/src) by extension 'colcon_pkg'
[0.448s] Level 1:colcon.colcon_core.package_identification:_identify(cs_ws/src) by extensions ['colcon_meta']
[0.448s] Level 1:colcon.colcon_core.package_identification:_identify(cs_ws/src) by extension 'colcon_meta'
[0.448s] Level 1:colcon.colcon_core.package_identification:_identify(cs_ws/src) by extensions ['ros']
[0.448s] Level 1:colcon.colcon_core.package_identification:_identify(cs_ws/src) by extension 'ros'
[0.448s] Level 1:colcon.colcon_core.package_identification:_identify(cs_ws/src) by extensions ['cmake', 'python']
[0.448s] Level 1:colcon.colcon_core.package_identification:_identify(cs_ws/src) by extension 'cmake'
[0.448s] Level 1:colcon.colcon_core.package_identification:_identify(cs_ws/src) by extension 'python'
[0.448s] Level 1:colcon.colcon_core.package_identification:_identify(cs_ws/src) by extensions ['python_setup_py']
[0.448s] Level 1:colcon.colcon_core.package_identification:_identify(cs_ws/src) by extension 'python_setup_py'
[0.448s] Level 1:colcon.colcon_core.package_identification:_identify(cs_ws/src/control_station_pkg) by extensions ['ignore', 'ignore_ament_install']
[0.448s] Level 1:colcon.colcon_core.package_identification:_identify(cs_ws/src/control_station_pkg) by extension 'ignore'
[0.448s] Level 1:colcon.colcon_core.package_identification:_identify(cs_ws/src/control_station_pkg) by extension 'ignore_ament_install'
[0.448s] Level 1:colcon.colcon_core.package_identification:_identify(cs_ws/src/control_station_pkg) by extensions ['colcon_pkg']
[0.448s] Level 1:colcon.colcon_core.package_identification:_identify(cs_ws/src/control_station_pkg) by extension 'colcon_pkg'
[0.449s] Level 1:colcon.colcon_core.package_identification:_identify(cs_ws/src/control_station_pkg) by extensions ['colcon_meta']
[0.449s] Level 1:colcon.colcon_core.package_identification:_identify(cs_ws/src/control_station_pkg) by extension 'colcon_meta'
[0.449s] Level 1:colcon.colcon_core.package_identification:_identify(cs_ws/src/control_station_pkg) by extensions ['ros']
[0.449s] Level 1:colcon.colcon_core.package_identification:_identify(cs_ws/src/control_station_pkg) by extension 'ros'
[0.452s] DEBUG:colcon.colcon_core.package_identification:Package 'cs_ws/src/control_station_pkg' with type 'ros.ament_python' and name 'control_station_pkg'
[0.453s] Level 1:colcon.colcon_core.package_identification:_identify(cs_ws/src/cs_test_pkg) by extensions ['ignore', 'ignore_ament_install']
[0.454s] Level 1:colcon.colcon_core.package_identification:_identify(cs_ws/src/cs_test_pkg) by extension 'ignore'
[0.454s] Level 1:colcon.colcon_core.package_identification:_identify(cs_ws/src/cs_test_pkg) by extension 'ignore_ament_install'
[0.454s] Level 1:colcon.colcon_core.package_identification:_identify(cs_ws/src/cs_test_pkg) by extensions ['colcon_pkg']
[0.454s] Level 1:colcon.colcon_core.package_identification:_identify(cs_ws/src/cs_test_pkg) by extension 'colcon_pkg'
[0.454s] Level 1:colcon.colcon_core.package_identification:_identify(cs_ws/src/cs_test_pkg) by extensions ['colcon_meta']
[0.454s] Level 1:colcon.colcon_core.package_identification:_identify(cs_ws/src/cs_test_pkg) by extension 'colcon_meta'
[0.454s] Level 1:colcon.colcon_core.package_identification:_identify(cs_ws/src/cs_test_pkg) by extensions ['ros']
[0.454s] Level 1:colcon.colcon_core.package_identification:_identify(cs_ws/src/cs_test_pkg) by extension 'ros'
[0.455s] DEBUG:colcon.colcon_core.package_identification:Package 'cs_ws/src/cs_test_pkg' with type 'ros.ament_python' and name 'cs_test_pkg'
[0.455s] Level 1:colcon.colcon_core.package_identification:_identify(cs_ws/src/rover_pkg) by extensions ['ignore', 'ignore_ament_install']
[0.455s] Level 1:colcon.colcon_core.package_identification:_identify(cs_ws/src/rover_pkg) by extension 'ignore'
[0.455s] Level 1:colcon.colcon_core.package_identification:_identify(cs_ws/src/rover_pkg) by extension 'ignore_ament_install'
[0.455s] Level 1:colcon.colcon_core.package_identification:_identify(cs_ws/src/rover_pkg) by extensions ['colcon_pkg']
[0.455s] Level 1:colcon.colcon_core.package_identification:_identify(cs_ws/src/rover_pkg) by extension 'colcon_pkg'
[0.455s] Level 1:colcon.colcon_core.package_identification:_identify(cs_ws/src/rover_pkg) by extensions ['colcon_meta']
[0.455s] Level 1:colcon.colcon_core.package_identification:_identify(cs_ws/src/rover_pkg) by extension 'colcon_meta'
[0.455s] Level 1:colcon.colcon_core.package_identification:_identify(cs_ws/src/rover_pkg) by extensions ['ros']
[0.455s] Level 1:colcon.colcon_core.package_identification:_identify(cs_ws/src/rover_pkg) by extension 'ros'
[0.456s] DEBUG:colcon.colcon_core.package_identification:Package 'cs_ws/src/rover_pkg' with type 'ros.ament_python' and name 'rover_pkg'
[0.456s] Level 1:colcon.colcon_core.package_identification:_identify(cs_ws/src/xplore_interfaces) by extensions ['ignore', 'ignore_ament_install']
[0.456s] Level 1:colcon.colcon_core.package_identification:_identify(cs_ws/src/xplore_interfaces) by extension 'ignore'
[0.456s] Level 1:colcon.colcon_core.package_identification:_identify(cs_ws/src/xplore_interfaces) by extension 'ignore_ament_install'
[0.456s] Level 1:colcon.colcon_core.package_identification:_identify(cs_ws/src/xplore_interfaces) by extensions ['colcon_pkg']
[0.456s] Level 1:colcon.colcon_core.package_identification:_identify(cs_ws/src/xplore_interfaces) by extension 'colcon_pkg'
[0.456s] Level 1:colcon.colcon_core.package_identification:_identify(cs_ws/src/xplore_interfaces) by extensions ['colcon_meta']
[0.457s] Level 1:colcon.colcon_core.package_identification:_identify(cs_ws/src/xplore_interfaces) by extension 'colcon_meta'
[0.457s] Level 1:colcon.colcon_core.package_identification:_identify(cs_ws/src/xplore_interfaces) by extensions ['ros']
[0.457s] Level 1:colcon.colcon_core.package_identification:_identify(cs_ws/src/xplore_interfaces) by extension 'ros'
[0.457s] DEBUG:colcon.colcon_core.package_identification:Package 'cs_ws/src/xplore_interfaces' with type 'ros.ament_cmake' and name 'xplore_interfaces'
[0.457s] Level 1:colcon.colcon_core.package_identification:_identify(install) by extensions ['ignore', 'ignore_ament_install']
[0.458s] Level 1:colcon.colcon_core.package_identification:_identify(install) by extension 'ignore'
[0.458s] Level 1:colcon.colcon_core.package_identification:_identify(install) ignored
[0.458s] Level 1:colcon.colcon_core.package_identification:_identify(log) by extensions ['ignore', 'ignore_ament_install']
[0.458s] Level 1:colcon.colcon_core.package_identification:_identify(log) by extension 'ignore'
[0.458s] Level 1:colcon.colcon_core.package_identification:_identify(log) ignored
[0.458s] Level 1:colcon.colcon_core.package_identification:_identify(node_modules) by extensions ['ignore', 'ignore_ament_install']
[0.458s] Level 1:colcon.colcon_core.package_identification:_identify(node_modules) by extension 'ignore'
[0.458s] Level 1:colcon.colcon_core.package_identification:_identify(node_modules) by extension 'ignore_ament_install'
[0.458s] Level 1:colcon.colcon_core.package_identification:_identify(node_modules) by extensions ['colcon_pkg']
[0.458s] Level 1:colcon.colcon_core.package_identification:_identify(node_modules) by extension 'colcon_pkg'
[0.458s] Level 1:colcon.colcon_core.package_identification:_identify(node_modules) by extensions ['colcon_meta']
[0.458s] Level 1:colcon.colcon_core.package_identification:_identify(node_modules) by extension 'colcon_meta'
[0.458s] Level 1:colcon.colcon_core.package_identification:_identify(node_modules) by extensions ['ros']
[0.458s] Level 1:colcon.colcon_core.package_identification:_identify(node_modules) by extension 'ros'
[0.459s] Level 1:colcon.colcon_core.package_identification:_identify(node_modules) by extensions ['cmake', 'python']
[0.459s] Level 1:colcon.colcon_core.package_identification:_identify(node_modules) by extension 'cmake'
[0.459s] Level 1:colcon.colcon_core.package_identification:_identify(node_modules) by extension 'python'
[0.459s] Level 1:colcon.colcon_core.package_identification:_identify(node_modules) by extensions ['python_setup_py']
[0.459s] Level 1:colcon.colcon_core.package_identification:_identify(node_modules) by extension 'python_setup_py'
[0.459s] Level 1:colcon.colcon_core.package_identification:_identify(node_modules/@kurkle) by extensions ['ignore', 'ignore_ament_install']
[0.459s] Level 1:colcon.colcon_core.package_identification:_identify(node_modules/@kurkle) by extension 'ignore'
[0.459s] Level 1:colcon.colcon_core.package_identification:_identify(node_modules/@kurkle) by extension 'ignore_ament_install'
[0.459s] Level 1:colcon.colcon_core.package_identification:_identify(node_modules/@kurkle) by extensions ['colcon_pkg']
[0.459s] Level 1:colcon.colcon_core.package_identification:_identify(node_modules/@kurkle) by extension 'colcon_pkg'
[0.459s] Level 1:colcon.colcon_core.package_identification:_identify(node_modules/@kurkle) by extensions ['colcon_meta']
[0.459s] Level 1:colcon.colcon_core.package_identification:_identify(node_modules/@kurkle) by extension 'colcon_meta'
[0.459s] Level 1:colcon.colcon_core.package_identification:_identify(node_modules/@kurkle) by extensions ['ros']
[0.459s] Level 1:colcon.colcon_core.package_identification:_identify(node_modules/@kurkle) by extension 'ros'
[0.459s] Level 1:colcon.colcon_core.package_identification:_identify(node_modules/@kurkle) by extensions ['cmake', 'python']
[0.460s] Level 1:colcon.colcon_core.package_identification:_identify(node_modules/@kurkle) by extension 'cmake'
[0.460s] Level 1:colcon.colcon_core.package_identification:_identify(node_modules/@kurkle) by extension 'python'
[0.460s] Level 1:colcon.colcon_core.package_identification:_identify(node_modules/@kurkle) by extensions ['python_setup_py']
[0.460s] Level 1:colcon.colcon_core.package_identification:_identify(node_modules/@kurkle) by extension 'python_setup_py'
[0.460s] Level 1:colcon.colcon_core.package_identification:_identify(node_modules/@kurkle/color) by extensions ['ignore', 'ignore_ament_install']
[0.460s] Level 1:colcon.colcon_core.package_identification:_identify(node_modules/@kurkle/color) by extension 'ignore'
[0.460s] Level 1:colcon.colcon_core.package_identification:_identify(node_modules/@kurkle/color) by extension 'ignore_ament_install'
[0.460s] Level 1:colcon.colcon_core.package_identification:_identify(node_modules/@kurkle/color) by extensions ['colcon_pkg']
[0.460s] Level 1:colcon.colcon_core.package_identification:_identify(node_modules/@kurkle/color) by extension 'colcon_pkg'
[0.460s] Level 1:colcon.colcon_core.package_identification:_identify(node_modules/@kurkle/color) by extensions ['colcon_meta']
[0.460s] Level 1:colcon.colcon_core.package_identification:_identify(node_modules/@kurkle/color) by extension 'colcon_meta'
[0.460s] Level 1:colcon.colcon_core.package_identification:_identify(node_modules/@kurkle/color) by extensions ['ros']
[0.460s] Level 1:colcon.colcon_core.package_identification:_identify(node_modules/@kurkle/color) by extension 'ros'
[0.460s] Level 1:colcon.colcon_core.package_identification:_identify(node_modules/@kurkle/color) by extensions ['cmake', 'python']
[0.460s] Level 1:colcon.colcon_core.package_identification:_identify(node_modules/@kurkle/color) by extension 'cmake'
[0.460s] Level 1:colcon.colcon_core.package_identification:_identify(node_modules/@kurkle/color) by extension 'python'
[0.461s] Level 1:colcon.colcon_core.package_identification:_identify(node_modules/@kurkle/color) by extensions ['python_setup_py']
[0.461s] Level 1:colcon.colcon_core.package_identification:_identify(node_modules/@kurkle/color) by extension 'python_setup_py'
[0.461s] Level 1:colcon.colcon_core.package_identification:_identify(node_modules/@kurkle/color/dist) by extensions ['ignore', 'ignore_ament_install']
[0.461s] Level 1:colcon.colcon_core.package_identification:_identify(node_modules/@kurkle/color/dist) by extension 'ignore'
[0.461s] Level 1:colcon.colcon_core.package_identification:_identify(node_modules/@kurkle/color/dist) by extension 'ignore_ament_install'
[0.461s] Level 1:colcon.colcon_core.package_identification:_identify(node_modules/@kurkle/color/dist) by extensions ['colcon_pkg']
[0.461s] Level 1:colcon.colcon_core.package_identification:_identify(node_modules/@kurkle/color/dist) by extension 'colcon_pkg'
[0.461s] Level 1:colcon.colcon_core.package_identification:_identify(node_modules/@kurkle/color/dist) by extensions ['colcon_meta']
[0.461s] Level 1:colcon.colcon_core.package_identification:_identify(node_modules/@kurkle/color/dist) by extension 'colcon_meta'
[0.461s] Level 1:colcon.colcon_core.package_identification:_identify(node_modules/@kurkle/color/dist) by extensions ['ros']
[0.461s] Level 1:colcon.colcon_core.package_identification:_identify(node_modules/@kurkle/color/dist) by extension 'ros'
[0.461s] Level 1:colcon.colcon_core.package_identification:_identify(node_modules/@kurkle/color/dist) by extensions ['cmake', 'python']
[0.461s] Level 1:colcon.colcon_core.package_identification:_identify(node_modules/@kurkle/color/dist) by extension 'cmake'
[0.461s] Level 1:colcon.colcon_core.package_identification:_identify(node_modules/@kurkle/color/dist) by extension 'python'
[0.461s] Level 1:colcon.colcon_core.package_identification:_identify(node_modules/@kurkle/color/dist) by extensions ['python_setup_py']
[0.461s] Level 1:colcon.colcon_core.package_identification:_identify(node_modules/@kurkle/color/dist) by extension 'python_setup_py'
[0.462s] Level 1:colcon.colcon_core.package_identification:_identify(node_modules/chart.js) by extensions ['ignore', 'ignore_ament_install']
[0.462s] Level 1:colcon.colcon_core.package_identification:_identify(node_modules/chart.js) by extension 'ignore'
[0.462s] Level 1:colcon.colcon_core.package_identification:_identify(node_modules/chart.js) by extension 'ignore_ament_install'
[0.462s] Level 1:colcon.colcon_core.package_identification:_identify(node_modules/chart.js) by extensions ['colcon_pkg']
[0.462s] Level 1:colcon.colcon_core.package_identification:_identify(node_modules/chart.js) by extension 'colcon_pkg'
[0.462s] Level 1:colcon.colcon_core.package_identification:_identify(node_modules/chart.js) by extensions ['colcon_meta']
[0.462s] Level 1:colcon.colcon_core.package_identification:_identify(node_modules/chart.js) by extension 'colcon_meta'
[0.462s] Level 1:colcon.colcon_core.package_identification:_identify(node_modules/chart.js) by extensions ['ros']
[0.462s] Level 1:colcon.colcon_core.package_identification:_identify(node_modules/chart.js) by extension 'ros'
[0.462s] Level 1:colcon.colcon_core.package_identification:_identify(node_modules/chart.js) by extensions ['cmake', 'python']
[0.462s] Level 1:colcon.colcon_core.package_identification:_identify(node_modules/chart.js) by extension 'cmake'
[0.462s] Level 1:colcon.colcon_core.package_identification:_identify(node_modules/chart.js) by extension 'python'
[0.462s] Level 1:colcon.colcon_core.package_identification:_identify(node_modules/chart.js) by extensions ['python_setup_py']
[0.462s] Level 1:colcon.colcon_core.package_identification:_identify(node_modules/chart.js) by extension 'python_setup_py'
[0.462s] Level 1:colcon.colcon_core.package_identification:_identify(node_modules/chart.js/auto) by extensions ['ignore', 'ignore_ament_install']
[0.462s] Level 1:colcon.colcon_core.package_identification:_identify(node_modules/chart.js/auto) by extension 'ignore'
[0.463s] Level 1:colcon.colcon_core.package_identification:_identify(node_modules/chart.js/auto) by extension 'ignore_ament_install'
[0.463s] Level 1:colcon.colcon_core.package_identification:_identify(node_modules/chart.js/auto) by extensions ['colcon_pkg']
[0.463s] Level 1:colcon.colcon_core.package_identification:_identify(node_modules/chart.js/auto) by extension 'colcon_pkg'
[0.463s] Level 1:colcon.colcon_core.package_identification:_identify(node_modules/chart.js/auto) by extensions ['colcon_meta']
[0.463s] Level 1:colcon.colcon_core.package_identification:_identify(node_modules/chart.js/auto) by extension 'colcon_meta'
[0.463s] Level 1:colcon.colcon_core.package_identification:_identify(node_modules/chart.js/auto) by extensions ['ros']
[0.463s] Level 1:colcon.colcon_core.package_identification:_identify(node_modules/chart.js/auto) by extension 'ros'
[0.463s] Level 1:colcon.colcon_core.package_identification:_identify(node_modules/chart.js/auto) by extensions ['cmake', 'python']
[0.463s] Level 1:colcon.colcon_core.package_identification:_identify(node_modules/chart.js/auto) by extension 'cmake'
[0.463s] Level 1:colcon.colcon_core.package_identification:_identify(node_modules/chart.js/auto) by extension 'python'
[0.463s] Level 1:colcon.colcon_core.package_identification:_identify(node_modules/chart.js/auto) by extensions ['python_setup_py']
[0.463s] Level 1:colcon.colcon_core.package_identification:_identify(node_modules/chart.js/auto) by extension 'python_setup_py'
[0.463s] Level 1:colcon.colcon_core.package_identification:_identify(node_modules/chart.js/dist) by extensions ['ignore', 'ignore_ament_install']
[0.463s] Level 1:colcon.colcon_core.package_identification:_identify(node_modules/chart.js/dist) by extension 'ignore'
[0.463s] Level 1:colcon.colcon_core.package_identification:_identify(node_modules/chart.js/dist) by extension 'ignore_ament_install'
[0.464s] Level 1:colcon.colcon_core.package_identification:_identify(node_modules/chart.js/dist) by extensions ['colcon_pkg']
[0.464s] Level 1:colcon.colcon_core.package_identification:_identify(node_modules/chart.js/dist) by extension 'colcon_pkg'
[0.464s] Level 1:colcon.colcon_core.package_identification:_identify(node_modules/chart.js/dist) by extensions ['colcon_meta']
[0.464s] Level 1:colcon.colcon_core.package_identification:_identify(node_modules/chart.js/dist) by extension 'colcon_meta'
[0.464s] Level 1:colcon.colcon_core.package_identification:_identify(node_modules/chart.js/dist) by extensions ['ros']
[0.464s] Level 1:colcon.colcon_core.package_identification:_identify(node_modules/chart.js/dist) by extension 'ros'
[0.464s] Level 1:colcon.colcon_core.package_identification:_identify(node_modules/chart.js/dist) by extensions ['cmake', 'python']
[0.464s] Level 1:colcon.colcon_core.package_identification:_identify(node_modules/chart.js/dist) by extension 'cmake'
[0.464s] Level 1:colcon.colcon_core.package_identification:_identify(node_modules/chart.js/dist) by extension 'python'
[0.464s] Level 1:colcon.colcon_core.package_identification:_identify(node_modules/chart.js/dist) by extensions ['python_setup_py']
[0.464s] Level 1:colcon.colcon_core.package_identification:_identify(node_modules/chart.js/dist) by extension 'python_setup_py'
[0.464s] Level 1:colcon.colcon_core.package_identification:_identify(node_modules/chart.js/dist/chunks) by extensions ['ignore', 'ignore_ament_install']
[0.464s] Level 1:colcon.colcon_core.package_identification:_identify(node_modules/chart.js/dist/chunks) by extension 'ignore'
[0.465s] Level 1:colcon.colcon_core.package_identification:_identify(node_modules/chart.js/dist/chunks) by extension 'ignore_ament_install'
[0.465s] Level 1:colcon.colcon_core.package_identification:_identify(node_modules/chart.js/dist/chunks) by extensions ['colcon_pkg']
[0.465s] Level 1:colcon.colcon_core.package_identification:_identify(node_modules/chart.js/dist/chunks) by extension 'colcon_pkg'
[0.465s] Level 1:colcon.colcon_core.package_identification:_identify(node_modules/chart.js/dist/chunks) by extensions ['colcon_meta']
[0.465s] Level 1:colcon.colcon_core.package_identification:_identify(node_modules/chart.js/dist/chunks) by extension 'colcon_meta'
[0.465s] Level 1:colcon.colcon_core.package_identification:_identify(node_modules/chart.js/dist/chunks) by extensions ['ros']
[0.465s] Level 1:colcon.colcon_core.package_identification:_identify(node_modules/chart.js/dist/chunks) by extension 'ros'
[0.465s] Level 1:colcon.colcon_core.package_identification:_identify(node_modules/chart.js/dist/chunks) by extensions ['cmake', 'python']
[0.465s] Level 1:colcon.colcon_core.package_identification:_identify(node_modules/chart.js/dist/chunks) by extension 'cmake'
[0.465s] Level 1:colcon.colcon_core.package_identification:_identify(node_modules/chart.js/dist/chunks) by extension 'python'
[0.465s] Level 1:colcon.colcon_core.package_identification:_identify(node_modules/chart.js/dist/chunks) by extensions ['python_setup_py']
[0.465s] Level 1:colcon.colcon_core.package_identification:_identify(node_modules/chart.js/dist/chunks) by extension 'python_setup_py'
[0.466s] Level 1:colcon.colcon_core.package_identification:_identify(node_modules/chart.js/dist/controllers) by extensions ['ignore', 'ignore_ament_install']
[0.466s] Level 1:colcon.colcon_core.package_identification:_identify(node_modules/chart.js/dist/controllers) by extension 'ignore'
[0.466s] Level 1:colcon.colcon_core.package_identification:_identify(node_modules/chart.js/dist/controllers) by extension 'ignore_ament_install'
[0.466s] Level 1:colcon.colcon_core.package_identification:_identify(node_modules/chart.js/dist/controllers) by extensions ['colcon_pkg']
[0.466s] Level 1:colcon.colcon_core.package_identification:_identify(node_modules/chart.js/dist/controllers) by extension 'colcon_pkg'
[0.466s] Level 1:colcon.colcon_core.package_identification:_identify(node_modules/chart.js/dist/controllers) by extensions ['colcon_meta']
[0.466s] Level 1:colcon.colcon_core.package_identification:_identify(node_modules/chart.js/dist/controllers) by extension 'colcon_meta'
[0.466s] Level 1:colcon.colcon_core.package_identification:_identify(node_modules/chart.js/dist/controllers) by extensions ['ros']
[0.466s] Level 1:colcon.colcon_core.package_identification:_identify(node_modules/chart.js/dist/controllers) by extension 'ros'
[0.466s] Level 1:colcon.colcon_core.package_identification:_identify(node_modules/chart.js/dist/controllers) by extensions ['cmake', 'python']
[0.466s] Level 1:colcon.colcon_core.package_identification:_identify(node_modules/chart.js/dist/controllers) by extension 'cmake'
[0.466s] Level 1:colcon.colcon_core.package_identification:_identify(node_modules/chart.js/dist/controllers) by extension 'python'
[0.466s] Level 1:colcon.colcon_core.package_identification:_identify(node_modules/chart.js/dist/controllers) by extensions ['python_setup_py']
[0.467s] Level 1:colcon.colcon_core.package_identification:_identify(node_modules/chart.js/dist/controllers) by extension 'python_setup_py'
[0.467s] Level 1:colcon.colcon_core.package_identification:_identify(node_modules/chart.js/dist/core) by extensions ['ignore', 'ignore_ament_install']
[0.467s] Level 1:colcon.colcon_core.package_identification:_identify(node_modules/chart.js/dist/core) by extension 'ignore'
[0.467s] Level 1:colcon.colcon_core.package_identification:_identify(node_modules/chart.js/dist/core) by extension 'ignore_ament_install'
[0.467s] Level 1:colcon.colcon_core.package_identification:_identify(node_modules/chart.js/dist/core) by extensions ['colcon_pkg']
[0.467s] Level 1:colcon.colcon_core.package_identification:_identify(node_modules/chart.js/dist/core) by extension 'colcon_pkg'
[0.467s] Level 1:colcon.colcon_core.package_identification:_identify(node_modules/chart.js/dist/core) by extensions ['colcon_meta']
[0.468s] Level 1:colcon.colcon_core.package_identification:_identify(node_modules/chart.js/dist/core) by extension 'colcon_meta'
[0.468s] Level 1:colcon.colcon_core.package_identification:_identify(node_modules/chart.js/dist/core) by extensions ['ros']
[0.468s] Level 1:colcon.colcon_core.package_identification:_identify(node_modules/chart.js/dist/core) by extension 'ros'
[0.468s] Level 1:colcon.colcon_core.package_identification:_identify(node_modules/chart.js/dist/core) by extensions ['cmake', 'python']
[0.468s] Level 1:colcon.colcon_core.package_identification:_identify(node_modules/chart.js/dist/core) by extension 'cmake'
[0.468s] Level 1:colcon.colcon_core.package_identification:_identify(node_modules/chart.js/dist/core) by extension 'python'
[0.468s] Level 1:colcon.colcon_core.package_identification:_identify(node_modules/chart.js/dist/core) by extensions ['python_setup_py']
[0.468s] Level 1:colcon.colcon_core.package_identification:_identify(node_modules/chart.js/dist/core) by extension 'python_setup_py'
[0.468s] Level 1:colcon.colcon_core.package_identification:_identify(node_modules/chart.js/dist/elements) by extensions ['ignore', 'ignore_ament_install']
[0.468s] Level 1:colcon.colcon_core.package_identification:_identify(node_modules/chart.js/dist/elements) by extension 'ignore'
[0.468s] Level 1:colcon.colcon_core.package_identification:_identify(node_modules/chart.js/dist/elements) by extension 'ignore_ament_install'
[0.468s] Level 1:colcon.colcon_core.package_identification:_identify(node_modules/chart.js/dist/elements) by extensions ['colcon_pkg']
[0.468s] Level 1:colcon.colcon_core.package_identification:_identify(node_modules/chart.js/dist/elements) by extension 'colcon_pkg'
[0.469s] Level 1:colcon.colcon_core.package_identification:_identify(node_modules/chart.js/dist/elements) by extensions ['colcon_meta']
[0.469s] Level 1:colcon.colcon_core.package_identification:_identify(node_modules/chart.js/dist/elements) by extension 'colcon_meta'
[0.469s] Level 1:colcon.colcon_core.package_identification:_identify(node_modules/chart.js/dist/elements) by extensions ['ros']
[0.469s] Level 1:colcon.colcon_core.package_identification:_identify(node_modules/chart.js/dist/elements) by extension 'ros'
[0.469s] Level 1:colcon.colcon_core.package_identification:_identify(node_modules/chart.js/dist/elements) by extensions ['cmake', 'python']
[0.469s] Level 1:colcon.colcon_core.package_identification:_identify(node_modules/chart.js/dist/elements) by extension 'cmake'
[0.469s] Level 1:colcon.colcon_core.package_identification:_identify(node_modules/chart.js/dist/elements) by extension 'python'
[0.469s] Level 1:colcon.colcon_core.package_identification:_identify(node_modules/chart.js/dist/elements) by extensions ['python_setup_py']
[0.469s] Level 1:colcon.colcon_core.package_identification:_identify(node_modules/chart.js/dist/elements) by extension 'python_setup_py'
[0.469s] Level 1:colcon.colcon_core.package_identification:_identify(node_modules/chart.js/dist/helpers) by extensions ['ignore', 'ignore_ament_install']
[0.469s] Level 1:colcon.colcon_core.package_identification:_identify(node_modules/chart.js/dist/helpers) by extension 'ignore'
[0.469s] Level 1:colcon.colcon_core.package_identification:_identify(node_modules/chart.js/dist/helpers) by extension 'ignore_ament_install'
[0.469s] Level 1:colcon.colcon_core.package_identification:_identify(node_modules/chart.js/dist/helpers) by extensions ['colcon_pkg']
[0.469s] Level 1:colcon.colcon_core.package_identification:_identify(node_modules/chart.js/dist/helpers) by extension 'colcon_pkg'
[0.469s] Level 1:colcon.colcon_core.package_identification:_identify(node_modules/chart.js/dist/helpers) by extensions ['colcon_meta']
[0.470s] Level 1:colcon.colcon_core.package_identification:_identify(node_modules/chart.js/dist/helpers) by extension 'colcon_meta'
[0.470s] Level 1:colcon.colcon_core.package_identification:_identify(node_modules/chart.js/dist/helpers) by extensions ['ros']
[0.470s] Level 1:colcon.colcon_core.package_identification:_identify(node_modules/chart.js/dist/helpers) by extension 'ros'
[0.470s] Level 1:colcon.colcon_core.package_identification:_identify(node_modules/chart.js/dist/helpers) by extensions ['cmake', 'python']
[0.470s] Level 1:colcon.colcon_core.package_identification:_identify(node_modules/chart.js/dist/helpers) by extension 'cmake'
[0.470s] Level 1:colcon.colcon_core.package_identification:_identify(node_modules/chart.js/dist/helpers) by extension 'python'
[0.470s] Level 1:colcon.colcon_core.package_identification:_identify(node_modules/chart.js/dist/helpers) by extensions ['python_setup_py']
[0.470s] Level 1:colcon.colcon_core.package_identification:_identify(node_modules/chart.js/dist/helpers) by extension 'python_setup_py'
[0.470s] Level 1:colcon.colcon_core.package_identification:_identify(node_modules/chart.js/dist/platform) by extensions ['ignore', 'ignore_ament_install']
[0.470s] Level 1:colcon.colcon_core.package_identification:_identify(node_modules/chart.js/dist/platform) by extension 'ignore'
[0.470s] Level 1:colcon.colcon_core.package_identification:_identify(node_modules/chart.js/dist/platform) by extension 'ignore_ament_install'
[0.470s] Level 1:colcon.colcon_core.package_identification:_identify(node_modules/chart.js/dist/platform) by extensions ['colcon_pkg']
[0.470s] Level 1:colcon.colcon_core.package_identification:_identify(node_modules/chart.js/dist/platform) by extension 'colcon_pkg'
[0.471s] Level 1:colcon.colcon_core.package_identification:_identify(node_modules/chart.js/dist/platform) by extensions ['colcon_meta']
[0.471s] Level 1:colcon.colcon_core.package_identification:_identify(node_modules/chart.js/dist/platform) by extension 'colcon_meta'
[0.471s] Level 1:colcon.colcon_core.package_identification:_identify(node_modules/chart.js/dist/platform) by extensions ['ros']
[0.471s] Level 1:colcon.colcon_core.package_identification:_identify(node_modules/chart.js/dist/platform) by extension 'ros'
[0.471s] Level 1:colcon.colcon_core.package_identification:_identify(node_modules/chart.js/dist/platform) by extensions ['cmake', 'python']
[0.471s] Level 1:colcon.colcon_core.package_identification:_identify(node_modules/chart.js/dist/platform) by extension 'cmake'
[0.471s] Level 1:colcon.colcon_core.package_identification:_identify(node_modules/chart.js/dist/platform) by extension 'python'
[0.471s] Level 1:colcon.colcon_core.package_identification:_identify(node_modules/chart.js/dist/platform) by extensions ['python_setup_py']
[0.471s] Level 1:colcon.colcon_core.package_identification:_identify(node_modules/chart.js/dist/platform) by extension 'python_setup_py'
[0.471s] Level 1:colcon.colcon_core.package_identification:_identify(node_modules/chart.js/dist/plugins) by extensions ['ignore', 'ignore_ament_install']
[0.471s] Level 1:colcon.colcon_core.package_identification:_identify(node_modules/chart.js/dist/plugins) by extension 'ignore'
[0.471s] Level 1:colcon.colcon_core.package_identification:_identify(node_modules/chart.js/dist/plugins) by extension 'ignore_ament_install'
[0.471s] Level 1:colcon.colcon_core.package_identification:_identify(node_modules/chart.js/dist/plugins) by extensions ['colcon_pkg']
[0.471s] Level 1:colcon.colcon_core.package_identification:_identify(node_modules/chart.js/dist/plugins) by extension 'colcon_pkg'
[0.471s] Level 1:colcon.colcon_core.package_identification:_identify(node_modules/chart.js/dist/plugins) by extensions ['colcon_meta']
[0.471s] Level 1:colcon.colcon_core.package_identification:_identify(node_modules/chart.js/dist/plugins) by extension 'colcon_meta'
[0.472s] Level 1:colcon.colcon_core.package_identification:_identify(node_modules/chart.js/dist/plugins) by extensions ['ros']
[0.472s] Level 1:colcon.colcon_core.package_identification:_identify(node_modules/chart.js/dist/plugins) by extension 'ros'
[0.472s] Level 1:colcon.colcon_core.package_identification:_identify(node_modules/chart.js/dist/plugins) by extensions ['cmake', 'python']
[0.472s] Level 1:colcon.colcon_core.package_identification:_identify(node_modules/chart.js/dist/plugins) by extension 'cmake'
[0.472s] Level 1:colcon.colcon_core.package_identification:_identify(node_modules/chart.js/dist/plugins) by extension 'python'
[0.472s] Level 1:colcon.colcon_core.package_identification:_identify(node_modules/chart.js/dist/plugins) by extensions ['python_setup_py']
[0.472s] Level 1:colcon.colcon_core.package_identification:_identify(node_modules/chart.js/dist/plugins) by extension 'python_setup_py'
[0.472s] Level 1:colcon.colcon_core.package_identification:_identify(node_modules/chart.js/dist/plugins/plugin.filler) by extensions ['ignore', 'ignore_ament_install']
[0.472s] Level 1:colcon.colcon_core.package_identification:_identify(node_modules/chart.js/dist/plugins/plugin.filler) by extension 'ignore'
[0.472s] Level 1:colcon.colcon_core.package_identification:_identify(node_modules/chart.js/dist/plugins/plugin.filler) by extension 'ignore_ament_install'
[0.472s] Level 1:colcon.colcon_core.package_identification:_identify(node_modules/chart.js/dist/plugins/plugin.filler) by extensions ['colcon_pkg']
[0.472s] Level 1:colcon.colcon_core.package_identification:_identify(node_modules/chart.js/dist/plugins/plugin.filler) by extension 'colcon_pkg'
[0.472s] Level 1:colcon.colcon_core.package_identification:_identify(node_modules/chart.js/dist/plugins/plugin.filler) by extensions ['colcon_meta']
[0.472s] Level 1:colcon.colcon_core.package_identification:_identify(node_modules/chart.js/dist/plugins/plugin.filler) by extension 'colcon_meta'
[0.472s] Level 1:colcon.colcon_core.package_identification:_identify(node_modules/chart.js/dist/plugins/plugin.filler) by extensions ['ros']
[0.473s] Level 1:colcon.colcon_core.package_identification:_identify(node_modules/chart.js/dist/plugins/plugin.filler) by extension 'ros'
[0.473s] Level 1:colcon.colcon_core.package_identification:_identify(node_modules/chart.js/dist/plugins/plugin.filler) by extensions ['cmake', 'python']
[0.473s] Level 1:colcon.colcon_core.package_identification:_identify(node_modules/chart.js/dist/plugins/plugin.filler) by extension 'cmake'
[0.473s] Level 1:colcon.colcon_core.package_identification:_identify(node_modules/chart.js/dist/plugins/plugin.filler) by extension 'python'
[0.473s] Level 1:colcon.colcon_core.package_identification:_identify(node_modules/chart.js/dist/plugins/plugin.filler) by extensions ['python_setup_py']
[0.473s] Level 1:colcon.colcon_core.package_identification:_identify(node_modules/chart.js/dist/plugins/plugin.filler) by extension 'python_setup_py'
[0.473s] Level 1:colcon.colcon_core.package_identification:_identify(node_modules/chart.js/dist/scales) by extensions ['ignore', 'ignore_ament_install']
[0.473s] Level 1:colcon.colcon_core.package_identification:_identify(node_modules/chart.js/dist/scales) by extension 'ignore'
[0.473s] Level 1:colcon.colcon_core.package_identification:_identify(node_modules/chart.js/dist/scales) by extension 'ignore_ament_install'
[0.473s] Level 1:colcon.colcon_core.package_identification:_identify(node_modules/chart.js/dist/scales) by extensions ['colcon_pkg']
[0.473s] Level 1:colcon.colcon_core.package_identification:_identify(node_modules/chart.js/dist/scales) by extension 'colcon_pkg'
[0.473s] Level 1:colcon.colcon_core.package_identification:_identify(node_modules/chart.js/dist/scales) by extensions ['colcon_meta']
[0.473s] Level 1:colcon.colcon_core.package_identification:_identify(node_modules/chart.js/dist/scales) by extension 'colcon_meta'
[0.473s] Level 1:colcon.colcon_core.package_identification:_identify(node_modules/chart.js/dist/scales) by extensions ['ros']
[0.474s] Level 1:colcon.colcon_core.package_identification:_identify(node_modules/chart.js/dist/scales) by extension 'ros'
[0.474s] Level 1:colcon.colcon_core.package_identification:_identify(node_modules/chart.js/dist/scales) by extensions ['cmake', 'python']
[0.474s] Level 1:colcon.colcon_core.package_identification:_identify(node_modules/chart.js/dist/scales) by extension 'cmake'
[0.474s] Level 1:colcon.colcon_core.package_identification:_identify(node_modules/chart.js/dist/scales) by extension 'python'
[0.474s] Level 1:colcon.colcon_core.package_identification:_identify(node_modules/chart.js/dist/scales) by extensions ['python_setup_py']
[0.474s] Level 1:colcon.colcon_core.package_identification:_identify(node_modules/chart.js/dist/scales) by extension 'python_setup_py'
[0.474s] Level 1:colcon.colcon_core.package_identification:_identify(node_modules/chart.js/dist/types) by extensions ['ignore', 'ignore_ament_install']
[0.474s] Level 1:colcon.colcon_core.package_identification:_identify(node_modules/chart.js/dist/types) by extension 'ignore'
[0.474s] Level 1:colcon.colcon_core.package_identification:_identify(node_modules/chart.js/dist/types) by extension 'ignore_ament_install'
[0.474s] Level 1:colcon.colcon_core.package_identification:_identify(node_modules/chart.js/dist/types) by extensions ['colcon_pkg']
[0.474s] Level 1:colcon.colcon_core.package_identification:_identify(node_modules/chart.js/dist/types) by extension 'colcon_pkg'
[0.475s] Level 1:colcon.colcon_core.package_identification:_identify(node_modules/chart.js/dist/types) by extensions ['colcon_meta']
[0.475s] Level 1:colcon.colcon_core.package_identification:_identify(node_modules/chart.js/dist/types) by extension 'colcon_meta'
[0.475s] Level 1:colcon.colcon_core.package_identification:_identify(node_modules/chart.js/dist/types) by extensions ['ros']
[0.475s] Level 1:colcon.colcon_core.package_identification:_identify(node_modules/chart.js/dist/types) by extension 'ros'
[0.475s] Level 1:colcon.colcon_core.package_identification:_identify(node_modules/chart.js/dist/types) by extensions ['cmake', 'python']
[0.475s] Level 1:colcon.colcon_core.package_identification:_identify(node_modules/chart.js/dist/types) by extension 'cmake'
[0.475s] Level 1:colcon.colcon_core.package_identification:_identify(node_modules/chart.js/dist/types) by extension 'python'
[0.475s] Level 1:colcon.colcon_core.package_identification:_identify(node_modules/chart.js/dist/types) by extensions ['python_setup_py']
[0.475s] Level 1:colcon.colcon_core.package_identification:_identify(node_modules/chart.js/dist/types) by extension 'python_setup_py'
[0.475s] Level 1:colcon.colcon_core.package_identification:_identify(node_modules/chart.js/helpers) by extensions ['ignore', 'ignore_ament_install']
[0.475s] Level 1:colcon.colcon_core.package_identification:_identify(node_modules/chart.js/helpers) by extension 'ignore'
[0.475s] Level 1:colcon.colcon_core.package_identification:_identify(node_modules/chart.js/helpers) by extension 'ignore_ament_install'
[0.476s] Level 1:colcon.colcon_core.package_identification:_identify(node_modules/chart.js/helpers) by extensions ['colcon_pkg']
[0.476s] Level 1:colcon.colcon_core.package_identification:_identify(node_modules/chart.js/helpers) by extension 'colcon_pkg'
[0.476s] Level 1:colcon.colcon_core.package_identification:_identify(node_modules/chart.js/helpers) by extensions ['colcon_meta']
[0.476s] Level 1:colcon.colcon_core.package_identification:_identify(node_modules/chart.js/helpers) by extension 'colcon_meta'
[0.476s] Level 1:colcon.colcon_core.package_identification:_identify(node_modules/chart.js/helpers) by extensions ['ros']
[0.476s] Level 1:colcon.colcon_core.package_identification:_identify(node_modules/chart.js/helpers) by extension 'ros'
[0.476s] Level 1:colcon.colcon_core.package_identification:_identify(node_modules/chart.js/helpers) by extensions ['cmake', 'python']
[0.476s] Level 1:colcon.colcon_core.package_identification:_identify(node_modules/chart.js/helpers) by extension 'cmake'
[0.476s] Level 1:colcon.colcon_core.package_identification:_identify(node_modules/chart.js/helpers) by extension 'python'
[0.476s] Level 1:colcon.colcon_core.package_identification:_identify(node_modules/chart.js/helpers) by extensions ['python_setup_py']
[0.476s] Level 1:colcon.colcon_core.package_identification:_identify(node_modules/chart.js/helpers) by extension 'python_setup_py'
[0.476s] Level 1:colcon.colcon_core.package_discovery:discover_packages(recursive) using defaults
[0.476s] Level 1:colcon.colcon_core.package_discovery:discover_packages(ignore) discover
[0.476s] Level 1:colcon.colcon_core.package_discovery:discover_packages(ignore) using defaults
[0.476s] Level 1:colcon.colcon_core.package_discovery:discover_packages(path) discover
[0.476s] Level 1:colcon.colcon_core.package_discovery:discover_packages(path) using defaults
[0.500s] Level 1:colcon.colcon_core.package_discovery:discover_packages(prefix_path) check parameters
[0.500s] Level 1:colcon.colcon_core.package_discovery:discover_packages(prefix_path) discover
[0.505s] DEBUG:colcon.colcon_installed_package_information.package_discovery:Found 4 installed packages in /home/evan/Desktop/Xplore/CS_workspace/install
[0.507s] DEBUG:colcon.colcon_installed_package_information.package_discovery:Found 304 installed packages in /opt/ros/foxy
[0.509s] Level 1:colcon.colcon_core.package_discovery:discover_packages(prefix_path) using defaults
[0.599s] Level 5:colcon.colcon_core.verb:set package 'control_station_pkg' build argument 'cmake_args' from command line to 'None'
[0.599s] Level 5:colcon.colcon_core.verb:set package 'control_station_pkg' build argument 'cmake_target' from command line to 'None'
[0.599s] Level 5:colcon.colcon_core.verb:set package 'control_station_pkg' build argument 'cmake_target_skip_unavailable' from command line to 'False'
[0.599s] Level 5:colcon.colcon_core.verb:set package 'control_station_pkg' build argument 'cmake_clean_cache' from command line to 'False'
[0.599s] Level 5:colcon.colcon_core.verb:set package 'control_station_pkg' build argument 'cmake_clean_first' from command line to 'False'
[0.599s] Level 5:colcon.colcon_core.verb:set package 'control_station_pkg' build argument 'cmake_force_configure' from command line to 'False'
[0.599s] Level 5:colcon.colcon_core.verb:set package 'control_station_pkg' build argument 'ament_cmake_args' from command line to 'None'
[0.599s] Level 5:colcon.colcon_core.verb:set package 'control_station_pkg' build argument 'catkin_cmake_args' from command line to 'None'
[0.599s] Level 5:colcon.colcon_core.verb:set package 'control_station_pkg' build argument 'catkin_skip_building_tests' from command line to 'False'
[0.599s] DEBUG:colcon.colcon_core.verb:Building package 'control_station_pkg' with the following arguments: {'ament_cmake_args': None, 'build_base': '/home/evan/Desktop/Xplore/CS_workspace/build/control_station_pkg', 'catkin_cmake_args': None, 'catkin_skip_building_tests': False, 'cmake_args': None, 'cmake_clean_cache': False, 'cmake_clean_first': False, 'cmake_force_configure': False, 'cmake_target': None, 'cmake_target_skip_unavailable': False, 'install_base': '/home/evan/Desktop/Xplore/CS_workspace/install/control_station_pkg', 'merge_install': False, 'path': '/home/evan/Desktop/Xplore/CS_workspace/cs_ws/src/control_station_pkg', 'symlink_install': False, 'test_result_base': None}
[0.600s] Level 5:colcon.colcon_core.verb:set package 'cs_test_pkg' build argument 'cmake_args' from command line to 'None'
[0.600s] Level 5:colcon.colcon_core.verb:set package 'cs_test_pkg' build argument 'cmake_target' from command line to 'None'
[0.600s] Level 5:colcon.colcon_core.verb:set package 'cs_test_pkg' build argument 'cmake_target_skip_unavailable' from command line to 'False'
[0.600s] Level 5:colcon.colcon_core.verb:set package 'cs_test_pkg' build argument 'cmake_clean_cache' from command line to 'False'
[0.600s] Level 5:colcon.colcon_core.verb:set package 'cs_test_pkg' build argument 'cmake_clean_first' from command line to 'False'
[0.600s] Level 5:colcon.colcon_core.verb:set package 'cs_test_pkg' build argument 'cmake_force_configure' from command line to 'False'
[0.600s] Level 5:colcon.colcon_core.verb:set package 'cs_test_pkg' build argument 'ament_cmake_args' from command line to 'None'
[0.600s] Level 5:colcon.colcon_core.verb:set package 'cs_test_pkg' build argument 'catkin_cmake_args' from command line to 'None'
[0.600s] Level 5:colcon.colcon_core.verb:set package 'cs_test_pkg' build argument 'catkin_skip_building_tests' from command line to 'False'
[0.600s] DEBUG:colcon.colcon_core.verb:Building package 'cs_test_pkg' with the following arguments: {'ament_cmake_args': None, 'build_base': '/home/evan/Desktop/Xplore/CS_workspace/build/cs_test_pkg', 'catkin_cmake_args': None, 'catkin_skip_building_tests': False, 'cmake_args': None, 'cmake_clean_cache': False, 'cmake_clean_first': False, 'cmake_force_configure': False, 'cmake_target': None, 'cmake_target_skip_unavailable': False, 'install_base': '/home/evan/Desktop/Xplore/CS_workspace/install/cs_test_pkg', 'merge_install': False, 'path': '/home/evan/Desktop/Xplore/CS_workspace/cs_ws/src/cs_test_pkg', 'symlink_install': False, 'test_result_base': None}
[0.602s] Level 5:colcon.colcon_core.verb:set package 'rover_pkg' build argument 'cmake_args' from command line to 'None'
[0.602s] Level 5:colcon.colcon_core.verb:set package 'rover_pkg' build argument 'cmake_target' from command line to 'None'
[0.602s] Level 5:colcon.colcon_core.verb:set package 'rover_pkg' build argument 'cmake_target_skip_unavailable' from command line to 'False'
[0.602s] Level 5:colcon.colcon_core.verb:set package 'rover_pkg' build argument 'cmake_clean_cache' from command line to 'False'
[0.602s] Level 5:colcon.colcon_core.verb:set package 'rover_pkg' build argument 'cmake_clean_first' from command line to 'False'
[0.602s] Level 5:colcon.colcon_core.verb:set package 'rover_pkg' build argument 'cmake_force_configure' from command line to 'False'
[0.602s] Level 5:colcon.colcon_core.verb:set package 'rover_pkg' build argument 'ament_cmake_args' from command line to 'None'
[0.602s] Level 5:colcon.colcon_core.verb:set package 'rover_pkg' build argument 'catkin_cmake_args' from command line to 'None'
[0.602s] Level 5:colcon.colcon_core.verb:set package 'rover_pkg' build argument 'catkin_skip_building_tests' from command line to 'False'
[0.602s] DEBUG:colcon.colcon_core.verb:Building package 'rover_pkg' with the following arguments: {'ament_cmake_args': None, 'build_base': '/home/evan/Desktop/Xplore/CS_workspace/build/rover_pkg', 'catkin_cmake_args': None, 'catkin_skip_building_tests': False, 'cmake_args': None, 'cmake_clean_cache': False, 'cmake_clean_first': False, 'cmake_force_configure': False, 'cmake_target': None, 'cmake_target_skip_unavailable': False, 'install_base': '/home/evan/Desktop/Xplore/CS_workspace/install/rover_pkg', 'merge_install': False, 'path': '/home/evan/Desktop/Xplore/CS_workspace/cs_ws/src/rover_pkg', 'symlink_install': False, 'test_result_base': None}
[0.605s] Level 5:colcon.colcon_core.verb:set package 'xplore_interfaces' build argument 'cmake_args' from command line to 'None'
[0.605s] Level 5:colcon.colcon_core.verb:set package 'xplore_interfaces' build argument 'cmake_target' from command line to 'None'
[0.605s] Level 5:colcon.colcon_core.verb:set package 'xplore_interfaces' build argument 'cmake_target_skip_unavailable' from command line to 'False'
[0.605s] Level 5:colcon.colcon_core.verb:set package 'xplore_interfaces' build argument 'cmake_clean_cache' from command line to 'False'
[0.605s] Level 5:colcon.colcon_core.verb:set package 'xplore_interfaces' build argument 'cmake_clean_first' from command line to 'False'
[0.605s] Level 5:colcon.colcon_core.verb:set package 'xplore_interfaces' build argument 'cmake_force_configure' from command line to 'False'
[0.605s] Level 5:colcon.colcon_core.verb:set package 'xplore_interfaces' build argument 'ament_cmake_args' from command line to 'None'
[0.605s] Level 5:colcon.colcon_core.verb:set package 'xplore_interfaces' build argument 'catkin_cmake_args' from command line to 'None'
[0.605s] Level 5:colcon.colcon_core.verb:set package 'xplore_interfaces' build argument 'catkin_skip_building_tests' from command line to 'False'
[0.605s] DEBUG:colcon.colcon_core.verb:Building package 'xplore_interfaces' with the following arguments: {'ament_cmake_args': None, 'build_base': '/home/evan/Desktop/Xplore/CS_workspace/build/xplore_interfaces', 'catkin_cmake_args': None, 'catkin_skip_building_tests': False, 'cmake_args': None, 'cmake_clean_cache': False, 'cmake_clean_first': False, 'cmake_force_configure': False, 'cmake_target': None, 'cmake_target_skip_unavailable': False, 'install_base': '/home/evan/Desktop/Xplore/CS_workspace/install/xplore_interfaces', 'merge_install': False, 'path': '/home/evan/Desktop/Xplore/CS_workspace/cs_ws/src/xplore_interfaces', 'symlink_install': False, 'test_result_base': None}
[0.606s] INFO:colcon.colcon_core.executor:Executing jobs using 'parallel' executor
[0.610s] DEBUG:colcon.colcon_parallel_executor.executor.parallel:run_until_complete
[0.610s] INFO:colcon.colcon_ros.task.ament_python.build:Building ROS package in '/home/evan/Desktop/Xplore/CS_workspace/cs_ws/src/control_station_pkg' with build type 'ament_python'
[0.610s] Level 1:colcon.colcon_core.shell:create_environment_hook('control_station_pkg', 'ament_prefix_path')
[0.615s] INFO:colcon.colcon_core.plugin_system:Skipping extension 'colcon_core.shell.bat': Not used on non-Windows systems
[0.615s] INFO:colcon.colcon_core.shell:Creating environment hook '/home/evan/Desktop/Xplore/CS_workspace/install/control_station_pkg/share/control_station_pkg/hook/ament_prefix_path.ps1'
[0.616s] INFO:colcon.colcon_core.shell:Creating environment descriptor '/home/evan/Desktop/Xplore/CS_workspace/install/control_station_pkg/share/control_station_pkg/hook/ament_prefix_path.dsv'
[0.617s] INFO:colcon.colcon_core.shell:Creating environment hook '/home/evan/Desktop/Xplore/CS_workspace/install/control_station_pkg/share/control_station_pkg/hook/ament_prefix_path.sh'
[0.619s] INFO:colcon.colcon_core.shell:Skip shell extension 'powershell' for command environment: Not usable outside of PowerShell
[0.620s] DEBUG:colcon.colcon_core.shell:Skip shell extension 'dsv' for command environment
[0.630s] INFO:colcon.colcon_ros.task.ament_python.build:Building ROS package in '/home/evan/Desktop/Xplore/CS_workspace/cs_ws/src/cs_test_pkg' with build type 'ament_python'
[0.630s] Level 1:colcon.colcon_core.shell:create_environment_hook('cs_test_pkg', 'ament_prefix_path')
[0.632s] INFO:colcon.colcon_core.shell:Creating environment hook '/home/evan/Desktop/Xplore/CS_workspace/install/cs_test_pkg/share/cs_test_pkg/hook/ament_prefix_path.ps1'
[0.633s] INFO:colcon.colcon_core.shell:Creating environment descriptor '/home/evan/Desktop/Xplore/CS_workspace/install/cs_test_pkg/share/cs_test_pkg/hook/ament_prefix_path.dsv'
[0.633s] INFO:colcon.colcon_core.shell:Creating environment hook '/home/evan/Desktop/Xplore/CS_workspace/install/cs_test_pkg/share/cs_test_pkg/hook/ament_prefix_path.sh'
[0.636s] INFO:colcon.colcon_core.shell:Skip shell extension 'powershell' for command environment: Not usable outside of PowerShell
[0.637s] DEBUG:colcon.colcon_core.shell:Skip shell extension 'dsv' for command environment
[0.645s] INFO:colcon.colcon_ros.task.ament_python.build:Building ROS package in '/home/evan/Desktop/Xplore/CS_workspace/cs_ws/src/rover_pkg' with build type 'ament_python'
[0.646s] Level 1:colcon.colcon_core.shell:create_environment_hook('rover_pkg', 'ament_prefix_path')
[0.648s] INFO:colcon.colcon_core.shell:Creating environment hook '/home/evan/Desktop/Xplore/CS_workspace/install/rover_pkg/share/rover_pkg/hook/ament_prefix_path.ps1'
[0.649s] INFO:colcon.colcon_core.shell:Creating environment descriptor '/home/evan/Desktop/Xplore/CS_workspace/install/rover_pkg/share/rover_pkg/hook/ament_prefix_path.dsv'
[0.649s] INFO:colcon.colcon_core.shell:Creating environment hook '/home/evan/Desktop/Xplore/CS_workspace/install/rover_pkg/share/rover_pkg/hook/ament_prefix_path.sh'
[0.651s] INFO:colcon.colcon_core.shell:Skip shell extension 'powershell' for command environment: Not usable outside of PowerShell
[0.651s] DEBUG:colcon.colcon_core.shell:Skip shell extension 'dsv' for command environment
[0.660s] INFO:colcon.colcon_ros.task.ament_cmake.build:Building ROS package in '/home/evan/Desktop/Xplore/CS_workspace/cs_ws/src/xplore_interfaces' with build type 'ament_cmake'
[0.661s] INFO:colcon.colcon_cmake.task.cmake.build:Building CMake package in '/home/evan/Desktop/Xplore/CS_workspace/cs_ws/src/xplore_interfaces'
[0.664s] INFO:colcon.colcon_core.shell:Skip shell extension 'powershell' for command environment: Not usable outside of PowerShell
[0.664s] DEBUG:colcon.colcon_core.shell:Skip shell extension 'dsv' for command environment
[0.963s] INFO:colcon.colcon_core.task.python.build:Building Python package in '/home/evan/Desktop/Xplore/CS_workspace/cs_ws/src/control_station_pkg'
[0.965s] INFO:colcon.colcon_core.shell:Skip shell extension 'powershell' for command environment: Not usable outside of PowerShell
[0.966s] DEBUG:colcon.colcon_core.shell:Skip shell extension 'dsv' for command environment
[1.279s] INFO:colcon.colcon_core.task.python.build:Building Python package in '/home/evan/Desktop/Xplore/CS_workspace/cs_ws/src/cs_test_pkg'
[1.281s] INFO:colcon.colcon_core.shell:Skip shell extension 'powershell' for command environment: Not usable outside of PowerShell
[1.281s] DEBUG:colcon.colcon_core.shell:Skip shell extension 'dsv' for command environment
[1.570s] INFO:colcon.colcon_core.task.python.build:Building Python package in '/home/evan/Desktop/Xplore/CS_workspace/cs_ws/src/rover_pkg'
[1.573s] INFO:colcon.colcon_core.shell:Skip shell extension 'powershell' for command environment: Not usable outside of PowerShell
[1.574s] DEBUG:colcon.colcon_core.shell:Skip shell extension 'dsv' for command environment
[1.587s] DEBUG:colcon.colcon_core.event_handler.log_command:Invoking command in '/home/evan/Desktop/Xplore/CS_workspace/build/xplore_interfaces': CMAKE_PREFIX_PATH=${CMAKE_PREFIX_PATH}:/home/evan/Desktop/Xplore/CS_workspace/install/rover_pkg:/home/evan/Desktop/Xplore/CS_workspace/install/cs_test_pkg:/home/evan/Desktop/Xplore/CS_workspace/install/control_station_pkg:/opt/ros/foxy /usr/local/bin/cmake --build /home/evan/Desktop/Xplore/CS_workspace/build/xplore_interfaces -- -j4 -l4
[1.866s] DEBUG:colcon.colcon_core.event_handler.log_command:Invoked command in '/home/evan/Desktop/Xplore/CS_workspace/build/xplore_interfaces' returned '0': CMAKE_PREFIX_PATH=${CMAKE_PREFIX_PATH}:/home/evan/Desktop/Xplore/CS_workspace/install/rover_pkg:/home/evan/Desktop/Xplore/CS_workspace/install/cs_test_pkg:/home/evan/Desktop/Xplore/CS_workspace/install/control_station_pkg:/opt/ros/foxy /usr/local/bin/cmake --build /home/evan/Desktop/Xplore/CS_workspace/build/xplore_interfaces -- -j4 -l4
[2.012s] DEBUG:colcon.colcon_core.event_handler.log_command:Invoking command in '/home/evan/Desktop/Xplore/CS_workspace/build/xplore_interfaces': CMAKE_PREFIX_PATH=${CMAKE_PREFIX_PATH}:/home/evan/Desktop/Xplore/CS_workspace/install/rover_pkg:/home/evan/Desktop/Xplore/CS_workspace/install/cs_test_pkg:/home/evan/Desktop/Xplore/CS_workspace/install/control_station_pkg:/opt/ros/foxy /usr/local/bin/cmake --install /home/evan/Desktop/Xplore/CS_workspace/build/xplore_interfaces
[2.158s] Level 1:colcon.colcon_core.environment:create_environment_scripts_only(xplore_interfaces)
[2.159s] DEBUG:colcon.colcon_core.event_handler.log_command:Invoked command in '/home/evan/Desktop/Xplore/CS_workspace/build/xplore_interfaces' returned '0': CMAKE_PREFIX_PATH=${CMAKE_PREFIX_PATH}:/home/evan/Desktop/Xplore/CS_workspace/install/rover_pkg:/home/evan/Desktop/Xplore/CS_workspace/install/cs_test_pkg:/home/evan/Desktop/Xplore/CS_workspace/install/control_station_pkg:/opt/ros/foxy /usr/local/bin/cmake --install /home/evan/Desktop/Xplore/CS_workspace/build/xplore_interfaces
[2.166s] Level 1:colcon.colcon_core.environment:checking '/home/evan/Desktop/Xplore/CS_workspace/install/xplore_interfaces' for CMake module files
[2.167s] Level 1:colcon.colcon_core.environment:checking '/home/evan/Desktop/Xplore/CS_workspace/install/xplore_interfaces' for CMake config files
[2.168s] Level 1:colcon.colcon_core.shell:create_environment_hook('xplore_interfaces', 'cmake_prefix_path')
[2.171s] INFO:colcon.colcon_core.shell:Creating environment hook '/home/evan/Desktop/Xplore/CS_workspace/install/xplore_interfaces/share/xplore_interfaces/hook/cmake_prefix_path.ps1'
[2.172s] INFO:colcon.colcon_core.shell:Creating environment descriptor '/home/evan/Desktop/Xplore/CS_workspace/install/xplore_interfaces/share/xplore_interfaces/hook/cmake_prefix_path.dsv'
[2.173s] INFO:colcon.colcon_core.shell:Creating environment hook '/home/evan/Desktop/Xplore/CS_workspace/install/xplore_interfaces/share/xplore_interfaces/hook/cmake_prefix_path.sh'
[2.175s] Level 1:colcon.colcon_core.environment:checking '/home/evan/Desktop/Xplore/CS_workspace/install/xplore_interfaces/lib'
[2.176s] Level 1:colcon.colcon_core.shell:create_environment_hook('xplore_interfaces', 'ld_library_path_lib')
[2.178s] INFO:colcon.colcon_core.shell:Creating environment hook '/home/evan/Desktop/Xplore/CS_workspace/install/xplore_interfaces/share/xplore_interfaces/hook/ld_library_path_lib.ps1'
[2.179s] INFO:colcon.colcon_core.shell:Creating environment descriptor '/home/evan/Desktop/Xplore/CS_workspace/install/xplore_interfaces/share/xplore_interfaces/hook/ld_library_path_lib.dsv'
[2.181s] INFO:colcon.colcon_core.shell:Creating environment hook '/home/evan/Desktop/Xplore/CS_workspace/install/xplore_interfaces/share/xplore_interfaces/hook/ld_library_path_lib.sh'
[2.184s] Level 1:colcon.colcon_core.environment:checking '/home/evan/Desktop/Xplore/CS_workspace/install/xplore_interfaces/bin'
[2.184s] Level 1:colcon.colcon_core.environment:checking '/home/evan/Desktop/Xplore/CS_workspace/install/xplore_interfaces/lib/pkgconfig/xplore_interfaces.pc'
[2.185s] Level 1:colcon.colcon_core.environment:checking '/home/evan/Desktop/Xplore/CS_workspace/install/xplore_interfaces/lib/python3.8/site-packages'
[2.185s] Level 1:colcon.colcon_core.shell:create_environment_hook('xplore_interfaces', 'pythonpath')
[2.189s] INFO:colcon.colcon_core.shell:Creating environment hook '/home/evan/Desktop/Xplore/CS_workspace/install/xplore_interfaces/share/xplore_interfaces/hook/pythonpath.ps1'
[2.190s] INFO:colcon.colcon_core.shell:Creating environment descriptor '/home/evan/Desktop/Xplore/CS_workspace/install/xplore_interfaces/share/xplore_interfaces/hook/pythonpath.dsv'
[2.191s] INFO:colcon.colcon_core.shell:Creating environment hook '/home/evan/Desktop/Xplore/CS_workspace/install/xplore_interfaces/share/xplore_interfaces/hook/pythonpath.sh'
[2.193s] Level 1:colcon.colcon_core.environment:checking '/home/evan/Desktop/Xplore/CS_workspace/install/xplore_interfaces/bin'
[2.195s] INFO:colcon.colcon_core.shell:Creating package script '/home/evan/Desktop/Xplore/CS_workspace/install/xplore_interfaces/share/xplore_interfaces/package.ps1'
[2.196s] INFO:colcon.colcon_core.shell:Creating package descriptor '/home/evan/Desktop/Xplore/CS_workspace/install/xplore_interfaces/share/xplore_interfaces/package.dsv'
[2.197s] INFO:colcon.colcon_core.shell:Creating package script '/home/evan/Desktop/Xplore/CS_workspace/install/xplore_interfaces/share/xplore_interfaces/package.sh'
[2.199s] INFO:colcon.colcon_core.shell:Creating package script '/home/evan/Desktop/Xplore/CS_workspace/install/xplore_interfaces/share/xplore_interfaces/package.bash'
[2.200s] INFO:colcon.colcon_core.shell:Creating package script '/home/evan/Desktop/Xplore/CS_workspace/install/xplore_interfaces/share/xplore_interfaces/package.zsh'
[2.203s] Level 1:colcon.colcon_core.environment:create_file_with_runtime_dependencies(/home/evan/Desktop/Xplore/CS_workspace/install/xplore_interfaces/share/colcon-core/packages/xplore_interfaces)
[2.215s] DEBUG:colcon.colcon_core.event_handler.log_command:Invoking command in '/home/evan/Desktop/Xplore/CS_workspace/cs_ws/src/control_station_pkg': PYTHONPATH=/home/evan/Desktop/Xplore/CS_workspace/build/control_station_pkg/prefix_override:/home/evan/Desktop/Xplore/CS_workspace/install/control_station_pkg/lib/python3.8/site-packages:${PYTHONPATH} /usr/bin/python3 setup.py egg_info --egg-base ../../../build/control_station_pkg build --build-base /home/evan/Desktop/Xplore/CS_workspace/build/control_station_pkg/build install --record /home/evan/Desktop/Xplore/CS_workspace/build/control_station_pkg/install.log --single-version-externally-managed
[2.228s] DEBUG:colcon.colcon_core.event_handler.log_command:Invoking command in '/home/evan/Desktop/Xplore/CS_workspace/cs_ws/src/cs_test_pkg': PYTHONPATH=/home/evan/Desktop/Xplore/CS_workspace/build/cs_test_pkg/prefix_override:/home/evan/Desktop/Xplore/CS_workspace/install/cs_test_pkg/lib/python3.8/site-packages:${PYTHONPATH} /usr/bin/python3 setup.py egg_info --egg-base ../../../build/cs_test_pkg build --build-base /home/evan/Desktop/Xplore/CS_workspace/build/cs_test_pkg/build install --record /home/evan/Desktop/Xplore/CS_workspace/build/cs_test_pkg/install.log --install-scripts $base/lib/cs_test_pkg --single-version-externally-managed
[2.270s] DEBUG:colcon.colcon_core.event_handler.log_command:Invoking command in '/home/evan/Desktop/Xplore/CS_workspace/cs_ws/src/rover_pkg': PYTHONPATH=/home/evan/Desktop/Xplore/CS_workspace/build/rover_pkg/prefix_override:/home/evan/Desktop/Xplore/CS_workspace/install/rover_pkg/lib/python3.8/site-packages:${PYTHONPATH} /usr/bin/python3 setup.py egg_info --egg-base ../../../build/rover_pkg build --build-base /home/evan/Desktop/Xplore/CS_workspace/build/rover_pkg/build install --record /home/evan/Desktop/Xplore/CS_workspace/build/rover_pkg/install.log --single-version-externally-managed
[2.351s] Level 1:colcon.colcon_core.environment:create_environment_scripts_only(xplore_interfaces)
[2.355s] Level 1:colcon.colcon_core.environment:checking '/home/evan/Desktop/Xplore/CS_workspace/install/xplore_interfaces' for CMake module files
[2.357s] Level 1:colcon.colcon_core.environment:checking '/home/evan/Desktop/Xplore/CS_workspace/install/xplore_interfaces' for CMake config files
[2.358s] Level 1:colcon.colcon_core.shell:create_environment_hook('xplore_interfaces', 'cmake_prefix_path')
[2.360s] INFO:colcon.colcon_core.shell:Creating environment hook '/home/evan/Desktop/Xplore/CS_workspace/install/xplore_interfaces/share/xplore_interfaces/hook/cmake_prefix_path.ps1'
[2.361s] INFO:colcon.colcon_core.shell:Creating environment descriptor '/home/evan/Desktop/Xplore/CS_workspace/install/xplore_interfaces/share/xplore_interfaces/hook/cmake_prefix_path.dsv'
[2.362s] INFO:colcon.colcon_core.shell:Creating environment hook '/home/evan/Desktop/Xplore/CS_workspace/install/xplore_interfaces/share/xplore_interfaces/hook/cmake_prefix_path.sh'
[2.363s] Level 1:colcon.colcon_core.environment:checking '/home/evan/Desktop/Xplore/CS_workspace/install/xplore_interfaces/lib'
[2.363s] Level 1:colcon.colcon_core.shell:create_environment_hook('xplore_interfaces', 'ld_library_path_lib')
[2.365s] INFO:colcon.colcon_core.shell:Creating environment hook '/home/evan/Desktop/Xplore/CS_workspace/install/xplore_interfaces/share/xplore_interfaces/hook/ld_library_path_lib.ps1'
[2.365s] INFO:colcon.colcon_core.shell:Creating environment descriptor '/home/evan/Desktop/Xplore/CS_workspace/install/xplore_interfaces/share/xplore_interfaces/hook/ld_library_path_lib.dsv'
[2.366s] INFO:colcon.colcon_core.shell:Creating environment hook '/home/evan/Desktop/Xplore/CS_workspace/install/xplore_interfaces/share/xplore_interfaces/hook/ld_library_path_lib.sh'
[2.370s] Level 1:colcon.colcon_core.environment:checking '/home/evan/Desktop/Xplore/CS_workspace/install/xplore_interfaces/bin'
[2.371s] Level 1:colcon.colcon_core.environment:checking '/home/evan/Desktop/Xplore/CS_workspace/install/xplore_interfaces/lib/pkgconfig/xplore_interfaces.pc'
[2.371s] Level 1:colcon.colcon_core.environment:checking '/home/evan/Desktop/Xplore/CS_workspace/install/xplore_interfaces/lib/python3.8/site-packages'
[2.371s] Level 1:colcon.colcon_core.shell:create_environment_hook('xplore_interfaces', 'pythonpath')
[2.374s] INFO:colcon.colcon_core.shell:Creating environment hook '/home/evan/Desktop/Xplore/CS_workspace/install/xplore_interfaces/share/xplore_interfaces/hook/pythonpath.ps1'
[2.375s] INFO:colcon.colcon_core.shell:Creating environment descriptor '/home/evan/Desktop/Xplore/CS_workspace/install/xplore_interfaces/share/xplore_interfaces/hook/pythonpath.dsv'
[2.376s] INFO:colcon.colcon_core.shell:Creating environment hook '/home/evan/Desktop/Xplore/CS_workspace/install/xplore_interfaces/share/xplore_interfaces/hook/pythonpath.sh'
[2.378s] Level 1:colcon.colcon_core.environment:checking '/home/evan/Desktop/Xplore/CS_workspace/install/xplore_interfaces/bin'
[2.380s] INFO:colcon.colcon_core.shell:Creating package script '/home/evan/Desktop/Xplore/CS_workspace/install/xplore_interfaces/share/xplore_interfaces/package.ps1'
[2.381s] INFO:colcon.colcon_core.shell:Creating package descriptor '/home/evan/Desktop/Xplore/CS_workspace/install/xplore_interfaces/share/xplore_interfaces/package.dsv'
[2.383s] INFO:colcon.colcon_core.shell:Creating package script '/home/evan/Desktop/Xplore/CS_workspace/install/xplore_interfaces/share/xplore_interfaces/package.sh'
[2.384s] INFO:colcon.colcon_core.shell:Creating package script '/home/evan/Desktop/Xplore/CS_workspace/install/xplore_interfaces/share/xplore_interfaces/package.bash'
[2.386s] INFO:colcon.colcon_core.shell:Creating package script '/home/evan/Desktop/Xplore/CS_workspace/install/xplore_interfaces/share/xplore_interfaces/package.zsh'
[2.387s] Level 1:colcon.colcon_core.environment:create_file_with_runtime_dependencies(/home/evan/Desktop/Xplore/CS_workspace/install/xplore_interfaces/share/colcon-core/packages/xplore_interfaces)
[2.644s] Level 1:colcon.colcon_core.environment:checking '/home/evan/Desktop/Xplore/CS_workspace/install/control_station_pkg' for CMake module files
[2.645s] Level 1:colcon.colcon_core.environment:checking '/home/evan/Desktop/Xplore/CS_workspace/install/control_station_pkg' for CMake config files
[2.645s] Level 1:colcon.colcon_core.environment:checking '/home/evan/Desktop/Xplore/CS_workspace/install/control_station_pkg/lib'
[2.645s] Level 1:colcon.colcon_core.environment:checking '/home/evan/Desktop/Xplore/CS_workspace/install/control_station_pkg/bin'
[2.645s] Level 1:colcon.colcon_core.environment:checking '/home/evan/Desktop/Xplore/CS_workspace/install/control_station_pkg/lib/pkgconfig/control_station_pkg.pc'
[2.646s] Level 1:colcon.colcon_core.environment:checking '/home/evan/Desktop/Xplore/CS_workspace/install/control_station_pkg/lib/python3.8/site-packages'
[2.646s] Level 1:colcon.colcon_core.shell:create_environment_hook('control_station_pkg', 'pythonpath')
[2.647s] INFO:colcon.colcon_core.shell:Creating environment hook '/home/evan/Desktop/Xplore/CS_workspace/install/control_station_pkg/share/control_station_pkg/hook/pythonpath.ps1'
[2.648s] INFO:colcon.colcon_core.shell:Creating environment descriptor '/home/evan/Desktop/Xplore/CS_workspace/install/control_station_pkg/share/control_station_pkg/hook/pythonpath.dsv'
[2.648s] INFO:colcon.colcon_core.shell:Creating environment hook '/home/evan/Desktop/Xplore/CS_workspace/install/control_station_pkg/share/control_station_pkg/hook/pythonpath.sh'
[2.648s] Level 1:colcon.colcon_core.environment:checking '/home/evan/Desktop/Xplore/CS_workspace/install/control_station_pkg/bin'
[2.649s] Level 1:colcon.colcon_core.environment:create_environment_scripts_only(control_station_pkg)
[2.649s] DEBUG:colcon.colcon_core.event_handler.log_command:Invoked command in '/home/evan/Desktop/Xplore/CS_workspace/cs_ws/src/control_station_pkg' returned '0': PYTHONPATH=/home/evan/Desktop/Xplore/CS_workspace/build/control_station_pkg/prefix_override:/home/evan/Desktop/Xplore/CS_workspace/install/control_station_pkg/lib/python3.8/site-packages:${PYTHONPATH} /usr/bin/python3 setup.py egg_info --egg-base ../../../build/control_station_pkg build --build-base /home/evan/Desktop/Xplore/CS_workspace/build/control_station_pkg/build install --record /home/evan/Desktop/Xplore/CS_workspace/build/control_station_pkg/install.log --single-version-externally-managed
[2.651s] INFO:colcon.colcon_core.shell:Creating package script '/home/evan/Desktop/Xplore/CS_workspace/install/control_station_pkg/share/control_station_pkg/package.ps1'
[2.656s] INFO:colcon.colcon_core.shell:Creating package descriptor '/home/evan/Desktop/Xplore/CS_workspace/install/control_station_pkg/share/control_station_pkg/package.dsv'
[2.656s] INFO:colcon.colcon_core.shell:Creating package script '/home/evan/Desktop/Xplore/CS_workspace/install/control_station_pkg/share/control_station_pkg/package.sh'
[2.657s] INFO:colcon.colcon_core.shell:Creating package script '/home/evan/Desktop/Xplore/CS_workspace/install/control_station_pkg/share/control_station_pkg/package.bash'
[2.657s] INFO:colcon.colcon_core.shell:Creating package script '/home/evan/Desktop/Xplore/CS_workspace/install/control_station_pkg/share/control_station_pkg/package.zsh'
[2.658s] Level 1:colcon.colcon_core.environment:create_file_with_runtime_dependencies(/home/evan/Desktop/Xplore/CS_workspace/install/control_station_pkg/share/colcon-core/packages/control_station_pkg)
[2.680s] Level 1:colcon.colcon_core.environment:checking '/home/evan/Desktop/Xplore/CS_workspace/install/cs_test_pkg' for CMake module files
[2.682s] DEBUG:colcon.colcon_core.event_handler.log_command:Invoked command in '/home/evan/Desktop/Xplore/CS_workspace/cs_ws/src/cs_test_pkg' returned '0': PYTHONPATH=/home/evan/Desktop/Xplore/CS_workspace/build/cs_test_pkg/prefix_override:/home/evan/Desktop/Xplore/CS_workspace/install/cs_test_pkg/lib/python3.8/site-packages:${PYTHONPATH} /usr/bin/python3 setup.py egg_info --egg-base ../../../build/cs_test_pkg build --build-base /home/evan/Desktop/Xplore/CS_workspace/build/cs_test_pkg/build install --record /home/evan/Desktop/Xplore/CS_workspace/build/cs_test_pkg/install.log --install-scripts $base/lib/cs_test_pkg --single-version-externally-managed
[2.683s] Level 1:colcon.colcon_core.environment:checking '/home/evan/Desktop/Xplore/CS_workspace/install/cs_test_pkg' for CMake config files
[2.684s] Level 1:colcon.colcon_core.environment:checking '/home/evan/Desktop/Xplore/CS_workspace/install/cs_test_pkg/lib'
[2.684s] Level 1:colcon.colcon_core.environment:checking '/home/evan/Desktop/Xplore/CS_workspace/install/cs_test_pkg/bin'
[2.684s] Level 1:colcon.colcon_core.environment:checking '/home/evan/Desktop/Xplore/CS_workspace/install/cs_test_pkg/lib/pkgconfig/cs_test_pkg.pc'
[2.685s] Level 1:colcon.colcon_core.environment:checking '/home/evan/Desktop/Xplore/CS_workspace/install/cs_test_pkg/lib/python3.8/site-packages'
[2.685s] Level 1:colcon.colcon_core.shell:create_environment_hook('cs_test_pkg', 'pythonpath')
[2.687s] INFO:colcon.colcon_core.shell:Creating environment hook '/home/evan/Desktop/Xplore/CS_workspace/install/cs_test_pkg/share/cs_test_pkg/hook/pythonpath.ps1'
[2.690s] INFO:colcon.colcon_core.shell:Creating environment descriptor '/home/evan/Desktop/Xplore/CS_workspace/install/cs_test_pkg/share/cs_test_pkg/hook/pythonpath.dsv'
[2.690s] INFO:colcon.colcon_core.shell:Creating environment hook '/home/evan/Desktop/Xplore/CS_workspace/install/cs_test_pkg/share/cs_test_pkg/hook/pythonpath.sh'
[2.691s] Level 1:colcon.colcon_core.environment:checking '/home/evan/Desktop/Xplore/CS_workspace/install/cs_test_pkg/bin'
[2.691s] Level 1:colcon.colcon_core.environment:create_environment_scripts_only(cs_test_pkg)
[2.693s] INFO:colcon.colcon_core.shell:Creating package script '/home/evan/Desktop/Xplore/CS_workspace/install/cs_test_pkg/share/cs_test_pkg/package.ps1'
[2.694s] INFO:colcon.colcon_core.shell:Creating package descriptor '/home/evan/Desktop/Xplore/CS_workspace/install/cs_test_pkg/share/cs_test_pkg/package.dsv'
[2.695s] INFO:colcon.colcon_core.shell:Creating package script '/home/evan/Desktop/Xplore/CS_workspace/install/cs_test_pkg/share/cs_test_pkg/package.sh'
[2.695s] INFO:colcon.colcon_core.shell:Creating package script '/home/evan/Desktop/Xplore/CS_workspace/install/cs_test_pkg/share/cs_test_pkg/package.bash'
[2.696s] INFO:colcon.colcon_core.shell:Creating package script '/home/evan/Desktop/Xplore/CS_workspace/install/cs_test_pkg/share/cs_test_pkg/package.zsh'
[2.696s] Level 1:colcon.colcon_core.environment:create_file_with_runtime_dependencies(/home/evan/Desktop/Xplore/CS_workspace/install/cs_test_pkg/share/colcon-core/packages/cs_test_pkg)
[2.746s] Level 1:colcon.colcon_core.environment:checking '/home/evan/Desktop/Xplore/CS_workspace/install/rover_pkg' for CMake module files
[2.747s] DEBUG:colcon.colcon_core.event_handler.log_command:Invoked command in '/home/evan/Desktop/Xplore/CS_workspace/cs_ws/src/rover_pkg' returned '0': PYTHONPATH=/home/evan/Desktop/Xplore/CS_workspace/build/rover_pkg/prefix_override:/home/evan/Desktop/Xplore/CS_workspace/install/rover_pkg/lib/python3.8/site-packages:${PYTHONPATH} /usr/bin/python3 setup.py egg_info --egg-base ../../../build/rover_pkg build --build-base /home/evan/Desktop/Xplore/CS_workspace/build/rover_pkg/build install --record /home/evan/Desktop/Xplore/CS_workspace/build/rover_pkg/install.log --single-version-externally-managed
[2.747s] Level 1:colcon.colcon_core.environment:checking '/home/evan/Desktop/Xplore/CS_workspace/install/rover_pkg' for CMake config files
[2.748s] Level 1:colcon.colcon_core.environment:checking '/home/evan/Desktop/Xplore/CS_workspace/install/rover_pkg/lib'
[2.748s] Level 1:colcon.colcon_core.environment:checking '/home/evan/Desktop/Xplore/CS_workspace/install/rover_pkg/bin'
[2.748s] Level 1:colcon.colcon_core.environment:checking '/home/evan/Desktop/Xplore/CS_workspace/install/rover_pkg/lib/pkgconfig/rover_pkg.pc'
[2.748s] Level 1:colcon.colcon_core.environment:checking '/home/evan/Desktop/Xplore/CS_workspace/install/rover_pkg/lib/python3.8/site-packages'
[2.748s] Level 1:colcon.colcon_core.shell:create_environment_hook('rover_pkg', 'pythonpath')
[2.750s] INFO:colcon.colcon_core.shell:Creating environment hook '/home/evan/Desktop/Xplore/CS_workspace/install/rover_pkg/share/rover_pkg/hook/pythonpath.ps1'
[2.751s] INFO:colcon.colcon_core.shell:Creating environment descriptor '/home/evan/Desktop/Xplore/CS_workspace/install/rover_pkg/share/rover_pkg/hook/pythonpath.dsv'
[2.751s] INFO:colcon.colcon_core.shell:Creating environment hook '/home/evan/Desktop/Xplore/CS_workspace/install/rover_pkg/share/rover_pkg/hook/pythonpath.sh'
[2.752s] Level 1:colcon.colcon_core.environment:checking '/home/evan/Desktop/Xplore/CS_workspace/install/rover_pkg/bin'
[2.753s] Level 1:colcon.colcon_core.environment:create_environment_scripts_only(rover_pkg)
[2.755s] INFO:colcon.colcon_core.shell:Creating package script '/home/evan/Desktop/Xplore/CS_workspace/install/rover_pkg/share/rover_pkg/package.ps1'
[2.756s] INFO:colcon.colcon_core.shell:Creating package descriptor '/home/evan/Desktop/Xplore/CS_workspace/install/rover_pkg/share/rover_pkg/package.dsv'
[2.757s] INFO:colcon.colcon_core.shell:Creating package script '/home/evan/Desktop/Xplore/CS_workspace/install/rover_pkg/share/rover_pkg/package.sh'
[2.757s] INFO:colcon.colcon_core.shell:Creating package script '/home/evan/Desktop/Xplore/CS_workspace/install/rover_pkg/share/rover_pkg/package.bash'
[2.757s] INFO:colcon.colcon_core.shell:Creating package script '/home/evan/Desktop/Xplore/CS_workspace/install/rover_pkg/share/rover_pkg/package.zsh'
[2.758s] Level 1:colcon.colcon_core.environment:create_file_with_runtime_dependencies(/home/evan/Desktop/Xplore/CS_workspace/install/rover_pkg/share/colcon-core/packages/rover_pkg)
[2.758s] DEBUG:colcon.colcon_parallel_executor.executor.parallel:closing loop
[2.758s] DEBUG:colcon.colcon_parallel_executor.executor.parallel:loop closed
[2.758s] DEBUG:colcon.colcon_parallel_executor.executor.parallel:run_until_complete finished with '0'
[2.758s] DEBUG:colcon.colcon_core.event_reactor:joining thread
[2.767s] INFO:colcon.colcon_core.plugin_system:Skipping extension 'colcon_notification.desktop_notification.terminal_notifier': Not used on non-Darwin systems
[2.767s] INFO:colcon.colcon_core.plugin_system:Skipping extension 'colcon_notification.desktop_notification.win32': Not used on non-Windows systems
[2.767s] INFO:colcon.colcon_notification.desktop_notification:Sending desktop notification using 'notify2'
[2.793s] DEBUG:colcon.colcon_core.event_reactor:joined thread
[2.795s] INFO:colcon.colcon_core.shell:Creating prefix script '/home/evan/Desktop/Xplore/CS_workspace/install/local_setup.ps1'
[2.796s] INFO:colcon.colcon_core.shell:Creating prefix util module '/home/evan/Desktop/Xplore/CS_workspace/install/_local_setup_util_ps1.py'
[2.797s] INFO:colcon.colcon_core.shell:Creating prefix chain script '/home/evan/Desktop/Xplore/CS_workspace/install/setup.ps1'
[2.799s] INFO:colcon.colcon_core.shell:Creating prefix script '/home/evan/Desktop/Xplore/CS_workspace/install/local_setup.sh'
[2.799s] INFO:colcon.colcon_core.shell:Creating prefix util module '/home/evan/Desktop/Xplore/CS_workspace/install/_local_setup_util_sh.py'
[2.799s] INFO:colcon.colcon_core.shell:Creating prefix chain script '/home/evan/Desktop/Xplore/CS_workspace/install/setup.sh'
[2.801s] INFO:colcon.colcon_core.shell:Creating prefix script '/home/evan/Desktop/Xplore/CS_workspace/install/local_setup.bash'
[2.803s] INFO:colcon.colcon_core.shell:Creating prefix chain script '/home/evan/Desktop/Xplore/CS_workspace/install/setup.bash'
[2.805s] INFO:colcon.colcon_core.shell:Creating prefix script '/home/evan/Desktop/Xplore/CS_workspace/install/local_setup.zsh'
[2.806s] INFO:colcon.colcon_core.shell:Creating prefix chain script '/home/evan/Desktop/Xplore/CS_workspace/install/setup.zsh'
