[1.395s] Invoking command in '/home/evan/Desktop/Xplore/CS_workspace/cs_ws/src/rover_pkg': PYTHONPATH=/home/evan/Desktop/Xplore/CS_workspace/build/rover_pkg/prefix_override:/home/evan/Desktop/Xplore/CS_workspace/install/rover_pkg/lib/python3.8/site-packages:${PYTHONPATH} /usr/bin/python3 setup.py egg_info --egg-base ../../../build/rover_pkg build --build-base /home/evan/Desktop/Xplore/CS_workspace/build/rover_pkg/build install --record /home/evan/Desktop/Xplore/CS_workspace/build/rover_pkg/install.log --single-version-externally-managed
[1.675s] running egg_info
[1.676s] writing ../../../build/rover_pkg/rover_pkg.egg-info/PKG-INFO
[1.676s] writing dependency_links to ../../../build/rover_pkg/rover_pkg.egg-info/dependency_links.txt
[1.676s] writing entry points to ../../../build/rover_pkg/rover_pkg.egg-info/entry_points.txt
[1.676s] writing requirements to ../../../build/rover_pkg/rover_pkg.egg-info/requires.txt
[1.677s] writing top-level names to ../../../build/rover_pkg/rover_pkg.egg-info/top_level.txt
[1.717s] reading manifest file '../../../build/rover_pkg/rover_pkg.egg-info/SOURCES.txt'
[1.723s] writing manifest file '../../../build/rover_pkg/rover_pkg.egg-info/SOURCES.txt'
[1.723s] running build
[1.723s] running build_py
[1.723s] running install
[1.723s] running install_lib
[1.723s] running install_data
[1.723s] running install_egg_info
[1.725s] removing '/home/evan/Desktop/Xplore/CS_workspace/install/rover_pkg/lib/python3.8/site-packages/rover_pkg-0.0.0-py3.8.egg-info' (and everything under it)
[1.725s] Copying ../../../build/rover_pkg/rover_pkg.egg-info to /home/evan/Desktop/Xplore/CS_workspace/install/rover_pkg/lib/python3.8/site-packages/rover_pkg-0.0.0-py3.8.egg-info
[1.725s] running install_scripts
[1.747s] Installing cameras_publisher script to /home/evan/Desktop/Xplore/CS_workspace/install/rover_pkg/lib/rover_pkg
[1.747s] Installing gripper_camera script to /home/evan/Desktop/Xplore/CS_workspace/install/rover_pkg/lib/rover_pkg
[1.747s] Installing rover script to /home/evan/Desktop/Xplore/CS_workspace/install/rover_pkg/lib/rover_pkg
[1.748s] writing list of installed files to '/home/evan/Desktop/Xplore/CS_workspace/build/rover_pkg/install.log'
[1.777s] Invoked command in '/home/evan/Desktop/Xplore/CS_workspace/cs_ws/src/rover_pkg' returned '0': PYTHONPATH=/home/evan/Desktop/Xplore/CS_workspace/build/rover_pkg/prefix_override:/home/evan/Desktop/Xplore/CS_workspace/install/rover_pkg/lib/python3.8/site-packages:${PYTHONPATH} /usr/bin/python3 setup.py egg_info --egg-base ../../../build/rover_pkg build --build-base /home/evan/Desktop/Xplore/CS_workspace/build/rover_pkg/build install --record /home/evan/Desktop/Xplore/CS_workspace/build/rover_pkg/install.log --single-version-externally-managed
