[1.393s] Invoking command in '/home/zedrichu/Xplore|CS/control/cs_ws/src/control_station_pkg': PYTHONPATH=/home/zedrichu/Xplore|CS/control/cs_ws/install/control_station_pkg/lib/python3.10/site-packages:${PYTHONPATH} /usr/bin/python3 setup.py egg_info --egg-base ../../build/control_station_pkg build --build-base /home/zedrichu/Xplore|CS/control/cs_ws/build/control_station_pkg/build install --prefix /home/zedrichu/Xplore|CS/control/cs_ws/install/control_station_pkg --record /home/zedrichu/Xplore|CS/control/cs_ws/build/control_station_pkg/install.log --single-version-externally-managed
[1.800s] running egg_info
[1.801s] writing ../../build/control_station_pkg/control_station_pkg.egg-info/PKG-INFO
[1.801s] writing dependency_links to ../../build/control_station_pkg/control_station_pkg.egg-info/dependency_links.txt
[1.802s] writing entry points to ../../build/control_station_pkg/control_station_pkg.egg-info/entry_points.txt
[1.802s] writing requirements to ../../build/control_station_pkg/control_station_pkg.egg-info/requires.txt
[1.802s] writing top-level names to ../../build/control_station_pkg/control_station_pkg.egg-info/top_level.txt
[1.804s] reading manifest file '../../build/control_station_pkg/control_station_pkg.egg-info/SOURCES.txt'
[1.805s] writing manifest file '../../build/control_station_pkg/control_station_pkg.egg-info/SOURCES.txt'
[1.806s] running build
[1.806s] running build_py
[1.806s] running install
[1.806s] running install_lib
[1.808s] running install_data
[1.808s] running install_egg_info
[1.810s] removing '/home/zedrichu/Xplore|CS/control/cs_ws/install/control_station_pkg/lib/python3.10/site-packages/control_station_pkg-0.0.0-py3.10.egg-info' (and everything under it)
[1.811s] Copying ../../build/control_station_pkg/control_station_pkg.egg-info to /home/zedrichu/Xplore|CS/control/cs_ws/install/control_station_pkg/lib/python3.10/site-packages/control_station_pkg-0.0.0-py3.10.egg-info
[1.812s] running install_scripts
[1.843s] Installing control_station script to /home/zedrichu/Xplore|CS/control/cs_ws/install/control_station_pkg/lib/control_station_pkg
[1.844s] writing list of installed files to '/home/zedrichu/Xplore|CS/control/cs_ws/build/control_station_pkg/install.log'
[1.893s] Invoked command in '/home/zedrichu/Xplore|CS/control/cs_ws/src/control_station_pkg' returned '0': PYTHONPATH=/home/zedrichu/Xplore|CS/control/cs_ws/install/control_station_pkg/lib/python3.10/site-packages:${PYTHONPATH} /usr/bin/python3 setup.py egg_info --egg-base ../../build/control_station_pkg build --build-base /home/zedrichu/Xplore|CS/control/cs_ws/build/control_station_pkg/build install --prefix /home/zedrichu/Xplore|CS/control/cs_ws/install/control_station_pkg --record /home/zedrichu/Xplore|CS/control/cs_ws/build/control_station_pkg/install.log --single-version-externally-managed
