-- The C compiler identification is GNU 9.4.0
-- The CXX compiler identification is GNU 9.4.0
-- Check for working C compiler: /usr/bin/cc
-- Check for working C compiler: /usr/bin/cc -- works
-- Detecting C compiler ABI info
-- Detecting C compiler ABI info - done
-- Detecting C compile features
-- Detecting C compile features - done
-- Check for working CXX compiler: /usr/bin/c++
-- Check for working CXX compiler: /usr/bin/c++ -- works
-- Detecting CXX compiler ABI info
-- Detecting CXX compiler ABI info - done
-- Detecting CXX compile features
-- Detecting CXX compile features - done
-- Found ament_cmake: 0.9.11 (/opt/ros/foxy/share/ament_cmake/cmake)
-- Found PythonInterp: /usr/bin/python3 (found suitable version "3.8.10", minimum required is "3") 
-- Using PYTHON_EXECUTABLE: /usr/bin/python3
-- Found ament_lint_auto: 0.9.7 (/opt/ros/foxy/share/ament_lint_auto/cmake)
-- Found rosidl_default_generators: 1.0.1 (/opt/ros/foxy/share/rosidl_default_generators/cmake)
-- Using all available rosidl_typesupport_c: rosidl_typesupport_fastrtps_c;rosidl_typesupport_introspection_c
-- Found rosidl_adapter: 1.3.0 (/opt/ros/foxy/share/rosidl_adapter/cmake)
-- Found OpenSSL: /usr/lib/aarch64-linux-gnu/libcrypto.so (found version "1.1.1f")  
-- Found FastRTPS: /opt/ros/foxy/include  
-- Using all available rosidl_typesupport_cpp: rosidl_typesupport_fastrtps_cpp;rosidl_typesupport_introspection_cpp
-- Found PythonInterp: /usr/bin/python3 (found version "3.8.10") 
-- Found ament_cmake_ros: 0.9.2 (/opt/ros/foxy/share/ament_cmake_ros/cmake)
-- Using all available rosidl_typesupport_c: rosidl_typesupport_fastrtps_c;rosidl_typesupport_introspection_c
-- Using all available rosidl_typesupport_cpp: rosidl_typesupport_fastrtps_cpp;rosidl_typesupport_introspection_cpp
-- Found PythonInterp: /usr/bin/python3 (found suitable version "3.8.10", minimum required is "3.5") 
-- Found python_cmake_module: 0.8.1 (/opt/ros/foxy/share/python_cmake_module/cmake)
-- Found PythonLibs: /usr/lib/aarch64-linux-gnu/libpython3.8.so (found suitable version "3.8.10", minimum required is "3.5") 
-- Using PYTHON_EXECUTABLE: /usr/bin/python3
-- Using PYTHON_INCLUDE_DIRS: /usr/include/python3.8
-- Using PYTHON_LIBRARIES: /usr/lib/aarch64-linux-gnu/libpython3.8.so
-- Found PythonExtra: .so  
-- Added test 'copyright' to check source files copyright and LICENSE
-- Added test 'lint_cmake' to check CMake code style
-- Added test 'xmllint' to check XML markup files
-- Configuring done
-- Generating done
-- Build files have been written to: /home/yasmin/CS_workspace/build/xplore_interfaces
[35m[1mScanning dependencies of target xplore_interfaces__cpp[0m
[  2%] [34m[1mGenerating C++ code for ROS interfaces[0m
[  4%] [34m[1mGenerating C code for ROS interfaces[0m
[  4%] Built target xplore_interfaces__cpp
[  6%] [34m[1mGenerating C++ type support for eProsima Fast-RTPS[0m
[  8%] [34m[1mGenerating C++ type support dispatch for ROS interfaces[0m
[ 10%] [34m[1mGenerating C++ introspection for ROS interfaces[0m
[35m[1mScanning dependencies of target xplore_interfaces__rosidl_generator_c[0m
[ 12%] [32mBuilding C object CMakeFiles/xplore_interfaces__rosidl_generator_c.dir/rosidl_generator_c/xplore_interfaces/msg/detail/camera_error__functions.c.o[0m
[ 14%] [32mBuilding C object CMakeFiles/xplore_interfaces__rosidl_generator_c.dir/rosidl_generator_c/xplore_interfaces/srv/detail/disable_camera__functions.c.o[0m
[35m[1mScanning dependencies of target xplore_interfaces__rosidl_typesupport_cpp[0m
[ 17%] [32mBuilding CXX object CMakeFiles/xplore_interfaces__rosidl_typesupport_cpp.dir/rosidl_typesupport_cpp/xplore_interfaces/msg/camera_error__type_support.cpp.o[0m
[35m[1mScanning dependencies of target xplore_interfaces__rosidl_typesupport_introspection_cpp[0m
[ 19%] [32mBuilding C object CMakeFiles/xplore_interfaces__rosidl_generator_c.dir/rosidl_generator_c/xplore_interfaces/srv/detail/enable_camera__functions.c.o[0m
[ 21%] [32mBuilding CXX object CMakeFiles/xplore_interfaces__rosidl_typesupport_introspection_cpp.dir/rosidl_typesupport_introspection_cpp/xplore_interfaces/msg/detail/camera_error__type_support.cpp.o[0m
[35m[1mScanning dependencies of target xplore_interfaces__rosidl_typesupport_fastrtps_cpp[0m
[ 23%] [32m[1mLinking C shared library libxplore_interfaces__rosidl_generator_c.so[0m
[ 25%] [32mBuilding CXX object CMakeFiles/xplore_interfaces__rosidl_typesupport_fastrtps_cpp.dir/rosidl_typesupport_fastrtps_cpp/xplore_interfaces/msg/detail/dds_fastrtps/camera_error__type_support.cpp.o[0m
[ 25%] Built target xplore_interfaces__rosidl_generator_c
[ 27%] [32mBuilding CXX object CMakeFiles/xplore_interfaces__rosidl_typesupport_introspection_cpp.dir/rosidl_typesupport_introspection_cpp/xplore_interfaces/srv/detail/disable_camera__type_support.cpp.o[0m
[ 29%] [32mBuilding CXX object CMakeFiles/xplore_interfaces__rosidl_typesupport_introspection_cpp.dir/rosidl_typesupport_introspection_cpp/xplore_interfaces/srv/detail/enable_camera__type_support.cpp.o[0m
[ 31%] [32mBuilding CXX object CMakeFiles/xplore_interfaces__rosidl_typesupport_cpp.dir/rosidl_typesupport_cpp/xplore_interfaces/srv/disable_camera__type_support.cpp.o[0m
[ 34%] [32mBuilding CXX object CMakeFiles/xplore_interfaces__rosidl_typesupport_cpp.dir/rosidl_typesupport_cpp/xplore_interfaces/srv/enable_camera__type_support.cpp.o[0m
[ 36%] [32mBuilding CXX object CMakeFiles/xplore_interfaces__rosidl_typesupport_fastrtps_cpp.dir/rosidl_typesupport_fastrtps_cpp/xplore_interfaces/srv/detail/dds_fastrtps/disable_camera__type_support.cpp.o[0m
[ 38%] [32m[1mLinking CXX shared library libxplore_interfaces__rosidl_typesupport_introspection_cpp.so[0m
[ 38%] Built target xplore_interfaces__rosidl_typesupport_introspection_cpp
[ 40%] [34m[1mGenerating C introspection for ROS interfaces[0m
[ 42%] [34m[1mGenerating C type support dispatch for ROS interfaces[0m
[ 44%] [32m[1mLinking CXX shared library libxplore_interfaces__rosidl_typesupport_cpp.so[0m
[ 46%] [32mBuilding CXX object CMakeFiles/xplore_interfaces__rosidl_typesupport_fastrtps_cpp.dir/rosidl_typesupport_fastrtps_cpp/xplore_interfaces/srv/detail/dds_fastrtps/enable_camera__type_support.cpp.o[0m
[ 46%] Built target xplore_interfaces__rosidl_typesupport_cpp
[35m[1mScanning dependencies of target xplore_interfaces__rosidl_typesupport_c[0m
[35m[1mScanning dependencies of target xplore_interfaces__rosidl_typesupport_introspection_c[0m
[ 48%] [32mBuilding CXX object CMakeFiles/xplore_interfaces__rosidl_typesupport_c.dir/rosidl_typesupport_c/xplore_interfaces/msg/camera_error__type_support.cpp.o[0m
[ 51%] [32mBuilding CXX object CMakeFiles/xplore_interfaces__rosidl_typesupport_c.dir/rosidl_typesupport_c/xplore_interfaces/srv/disable_camera__type_support.cpp.o[0m
[ 53%] [32m[1mLinking CXX shared library libxplore_interfaces__rosidl_typesupport_fastrtps_cpp.so[0m
[ 55%] [32mBuilding C object CMakeFiles/xplore_interfaces__rosidl_typesupport_introspection_c.dir/rosidl_typesupport_introspection_c/xplore_interfaces/msg/detail/camera_error__type_support.c.o[0m
[ 57%] [32mBuilding CXX object CMakeFiles/xplore_interfaces__rosidl_typesupport_c.dir/rosidl_typesupport_c/xplore_interfaces/srv/enable_camera__type_support.cpp.o[0m
[ 59%] [32m[1mLinking CXX shared library libxplore_interfaces__rosidl_typesupport_c.so[0m
[ 61%] [32mBuilding C object CMakeFiles/xplore_interfaces__rosidl_typesupport_introspection_c.dir/rosidl_typesupport_introspection_c/xplore_interfaces/srv/detail/disable_camera__type_support.c.o[0m
[ 61%] Built target xplore_interfaces__rosidl_typesupport_fastrtps_cpp
[ 63%] [32mBuilding C object CMakeFiles/xplore_interfaces__rosidl_typesupport_introspection_c.dir/rosidl_typesupport_introspection_c/xplore_interfaces/srv/detail/enable_camera__type_support.c.o[0m
[ 65%] [34m[1mGenerating C type support for eProsima Fast-RTPS[0m
[ 65%] Built target xplore_interfaces__rosidl_typesupport_c
[ 68%] [32m[1mLinking C shared library libxplore_interfaces__rosidl_typesupport_introspection_c.so[0m
[ 68%] Built target xplore_interfaces__rosidl_typesupport_introspection_c
[35m[1mScanning dependencies of target xplore_interfaces__rosidl_typesupport_fastrtps_c[0m
[ 70%] [32mBuilding CXX object CMakeFiles/xplore_interfaces__rosidl_typesupport_fastrtps_c.dir/rosidl_typesupport_fastrtps_c/xplore_interfaces/msg/detail/camera_error__type_support_c.cpp.o[0m
[ 72%] [32mBuilding CXX object CMakeFiles/xplore_interfaces__rosidl_typesupport_fastrtps_c.dir/rosidl_typesupport_fastrtps_c/xplore_interfaces/srv/detail/enable_camera__type_support_c.cpp.o[0m
[ 74%] [32mBuilding CXX object CMakeFiles/xplore_interfaces__rosidl_typesupport_fastrtps_c.dir/rosidl_typesupport_fastrtps_c/xplore_interfaces/srv/detail/disable_camera__type_support_c.cpp.o[0m
[ 76%] [32m[1mLinking CXX shared library libxplore_interfaces__rosidl_typesupport_fastrtps_c.so[0m
[ 76%] Built target xplore_interfaces__rosidl_typesupport_fastrtps_c
[35m[1mScanning dependencies of target xplore_interfaces[0m
[ 76%] Built target xplore_interfaces
[35m[1mScanning dependencies of target xplore_interfaces__py[0m
[ 78%] [34m[1mGenerating Python code for ROS interfaces[0m
[ 78%] Built target xplore_interfaces__py
[35m[1mScanning dependencies of target xplore_interfaces__python[0m
[ 80%] [32mBuilding C object CMakeFiles/xplore_interfaces__python.dir/rosidl_generator_py/xplore_interfaces/msg/_camera_error_s.c.o[0m
[ 82%] [32mBuilding C object CMakeFiles/xplore_interfaces__python.dir/rosidl_generator_py/xplore_interfaces/srv/_disable_camera_s.c.o[0m
[ 85%] [32mBuilding C object CMakeFiles/xplore_interfaces__python.dir/rosidl_generator_py/xplore_interfaces/srv/_enable_camera_s.c.o[0m
[ 87%] [32m[1mLinking C shared library rosidl_generator_py/xplore_interfaces/libxplore_interfaces__python.so[0m
[ 87%] Built target xplore_interfaces__python
[35m[1mScanning dependencies of target xplore_interfaces__rosidl_typesupport_introspection_c__pyext[0m
[35m[1mScanning dependencies of target xplore_interfaces__rosidl_typesupport_fastrtps_c__pyext[0m
[35m[1mScanning dependencies of target xplore_interfaces__rosidl_typesupport_c__pyext[0m
[ 89%] [32mBuilding C object CMakeFiles/xplore_interfaces__rosidl_typesupport_fastrtps_c__pyext.dir/rosidl_generator_py/xplore_interfaces/_xplore_interfaces_s.ep.rosidl_typesupport_fastrtps_c.c.o[0m
[ 91%] [32mBuilding C object CMakeFiles/xplore_interfaces__rosidl_typesupport_introspection_c__pyext.dir/rosidl_generator_py/xplore_interfaces/_xplore_interfaces_s.ep.rosidl_typesupport_introspection_c.c.o[0m
[ 93%] [32mBuilding C object CMakeFiles/xplore_interfaces__rosidl_typesupport_c__pyext.dir/rosidl_generator_py/xplore_interfaces/_xplore_interfaces_s.ep.rosidl_typesupport_c.c.o[0m
[ 95%] [32m[1mLinking CXX shared library rosidl_generator_py/xplore_interfaces/xplore_interfaces_s__rosidl_typesupport_fastrtps_c.cpython-38-aarch64-linux-gnu.so[0m
[ 97%] [32m[1mLinking C shared library rosidl_generator_py/xplore_interfaces/xplore_interfaces_s__rosidl_typesupport_c.cpython-38-aarch64-linux-gnu.so[0m
[100%] [32m[1mLinking C shared library rosidl_generator_py/xplore_interfaces/xplore_interfaces_s__rosidl_typesupport_introspection_c.cpython-38-aarch64-linux-gnu.so[0m
[100%] Built target xplore_interfaces__rosidl_typesupport_introspection_c__pyext
[100%] Built target xplore_interfaces__rosidl_typesupport_c__pyext
[100%] Built target xplore_interfaces__rosidl_typesupport_fastrtps_c__pyext
-- Install configuration: ""
-- Installing: /home/yasmin/CS_workspace/install/xplore_interfaces/share/ament_index/resource_index/rosidl_interfaces/xplore_interfaces
-- Installing: /home/yasmin/CS_workspace/install/xplore_interfaces/include/xplore_interfaces
-- Installing: /home/yasmin/CS_workspace/install/xplore_interfaces/include/xplore_interfaces/msg
-- Installing: /home/yasmin/CS_workspace/install/xplore_interfaces/include/xplore_interfaces/msg/detail
-- Installing: /home/yasmin/CS_workspace/install/xplore_interfaces/include/xplore_interfaces/msg/detail/camera_error__functions.c
-- Installing: /home/yasmin/CS_workspace/install/xplore_interfaces/include/xplore_interfaces/msg/detail/camera_error__struct.h
-- Installing: /home/yasmin/CS_workspace/install/xplore_interfaces/include/xplore_interfaces/msg/detail/camera_error__functions.h
-- Installing: /home/yasmin/CS_workspace/install/xplore_interfaces/include/xplore_interfaces/msg/detail/camera_error__type_support.h
-- Installing: /home/yasmin/CS_workspace/install/xplore_interfaces/include/xplore_interfaces/msg/camera_error.h
-- Installing: /home/yasmin/CS_workspace/install/xplore_interfaces/include/xplore_interfaces/msg/rosidl_generator_c__visibility_control.h
-- Installing: /home/yasmin/CS_workspace/install/xplore_interfaces/include/xplore_interfaces/srv
-- Installing: /home/yasmin/CS_workspace/install/xplore_interfaces/include/xplore_interfaces/srv/detail
-- Installing: /home/yasmin/CS_workspace/install/xplore_interfaces/include/xplore_interfaces/srv/detail/enable_camera__functions.c
-- Installing: /home/yasmin/CS_workspace/install/xplore_interfaces/include/xplore_interfaces/srv/detail/disable_camera__type_support.h
-- Installing: /home/yasmin/CS_workspace/install/xplore_interfaces/include/xplore_interfaces/srv/detail/disable_camera__functions.c
-- Installing: /home/yasmin/CS_workspace/install/xplore_interfaces/include/xplore_interfaces/srv/detail/enable_camera__type_support.h
-- Installing: /home/yasmin/CS_workspace/install/xplore_interfaces/include/xplore_interfaces/srv/detail/disable_camera__functions.h
-- Installing: /home/yasmin/CS_workspace/install/xplore_interfaces/include/xplore_interfaces/srv/detail/disable_camera__struct.h
-- Installing: /home/yasmin/CS_workspace/install/xplore_interfaces/include/xplore_interfaces/srv/detail/enable_camera__struct.h
-- Installing: /home/yasmin/CS_workspace/install/xplore_interfaces/include/xplore_interfaces/srv/detail/enable_camera__functions.h
-- Installing: /home/yasmin/CS_workspace/install/xplore_interfaces/include/xplore_interfaces/srv/enable_camera.h
-- Installing: /home/yasmin/CS_workspace/install/xplore_interfaces/include/xplore_interfaces/srv/disable_camera.h
-- Installing: /home/yasmin/CS_workspace/install/xplore_interfaces/share/xplore_interfaces/environment/library_path.sh
-- Installing: /home/yasmin/CS_workspace/install/xplore_interfaces/share/xplore_interfaces/environment/library_path.dsv
-- Installing: /home/yasmin/CS_workspace/install/xplore_interfaces/lib/libxplore_interfaces__rosidl_generator_c.so
-- Set runtime path of "/home/yasmin/CS_workspace/install/xplore_interfaces/lib/libxplore_interfaces__rosidl_generator_c.so" to ""
-- Up-to-date: /home/yasmin/CS_workspace/install/xplore_interfaces/include/xplore_interfaces
-- Up-to-date: /home/yasmin/CS_workspace/install/xplore_interfaces/include/xplore_interfaces/msg
-- Up-to-date: /home/yasmin/CS_workspace/install/xplore_interfaces/include/xplore_interfaces/msg/detail
-- Installing: /home/yasmin/CS_workspace/install/xplore_interfaces/include/xplore_interfaces/msg/detail/camera_error__rosidl_typesupport_fastrtps_c.h
-- Installing: /home/yasmin/CS_workspace/install/xplore_interfaces/include/xplore_interfaces/msg/rosidl_typesupport_fastrtps_c__visibility_control.h
-- Up-to-date: /home/yasmin/CS_workspace/install/xplore_interfaces/include/xplore_interfaces/srv
-- Up-to-date: /home/yasmin/CS_workspace/install/xplore_interfaces/include/xplore_interfaces/srv/detail
-- Installing: /home/yasmin/CS_workspace/install/xplore_interfaces/include/xplore_interfaces/srv/detail/enable_camera__rosidl_typesupport_fastrtps_c.h
-- Installing: /home/yasmin/CS_workspace/install/xplore_interfaces/include/xplore_interfaces/srv/detail/disable_camera__rosidl_typesupport_fastrtps_c.h
-- Installing: /home/yasmin/CS_workspace/install/xplore_interfaces/lib/libxplore_interfaces__rosidl_typesupport_fastrtps_c.so
-- Set runtime path of "/home/yasmin/CS_workspace/install/xplore_interfaces/lib/libxplore_interfaces__rosidl_typesupport_fastrtps_c.so" to ""
-- Up-to-date: /home/yasmin/CS_workspace/install/xplore_interfaces/include/xplore_interfaces
-- Up-to-date: /home/yasmin/CS_workspace/install/xplore_interfaces/include/xplore_interfaces/msg
-- Up-to-date: /home/yasmin/CS_workspace/install/xplore_interfaces/include/xplore_interfaces/msg/detail
-- Installing: /home/yasmin/CS_workspace/install/xplore_interfaces/include/xplore_interfaces/msg/detail/camera_error__rosidl_typesupport_fastrtps_cpp.hpp
-- Installing: /home/yasmin/CS_workspace/install/xplore_interfaces/include/xplore_interfaces/msg/detail/dds_fastrtps
-- Installing: /home/yasmin/CS_workspace/install/xplore_interfaces/include/xplore_interfaces/msg/rosidl_typesupport_fastrtps_cpp__visibility_control.h
-- Up-to-date: /home/yasmin/CS_workspace/install/xplore_interfaces/include/xplore_interfaces/srv
-- Up-to-date: /home/yasmin/CS_workspace/install/xplore_interfaces/include/xplore_interfaces/srv/detail
-- Installing: /home/yasmin/CS_workspace/install/xplore_interfaces/include/xplore_interfaces/srv/detail/disable_camera__rosidl_typesupport_fastrtps_cpp.hpp
-- Installing: /home/yasmin/CS_workspace/install/xplore_interfaces/include/xplore_interfaces/srv/detail/enable_camera__rosidl_typesupport_fastrtps_cpp.hpp
-- Installing: /home/yasmin/CS_workspace/install/xplore_interfaces/include/xplore_interfaces/srv/detail/dds_fastrtps
-- Installing: /home/yasmin/CS_workspace/install/xplore_interfaces/lib/libxplore_interfaces__rosidl_typesupport_fastrtps_cpp.so
-- Set runtime path of "/home/yasmin/CS_workspace/install/xplore_interfaces/lib/libxplore_interfaces__rosidl_typesupport_fastrtps_cpp.so" to ""
-- Up-to-date: /home/yasmin/CS_workspace/install/xplore_interfaces/include/xplore_interfaces
-- Up-to-date: /home/yasmin/CS_workspace/install/xplore_interfaces/include/xplore_interfaces/msg
-- Up-to-date: /home/yasmin/CS_workspace/install/xplore_interfaces/include/xplore_interfaces/msg/detail
-- Installing: /home/yasmin/CS_workspace/install/xplore_interfaces/include/xplore_interfaces/msg/detail/camera_error__rosidl_typesupport_introspection_c.h
-- Installing: /home/yasmin/CS_workspace/install/xplore_interfaces/include/xplore_interfaces/msg/detail/camera_error__type_support.c
-- Installing: /home/yasmin/CS_workspace/install/xplore_interfaces/include/xplore_interfaces/msg/rosidl_typesupport_introspection_c__visibility_control.h
-- Up-to-date: /home/yasmin/CS_workspace/install/xplore_interfaces/include/xplore_interfaces/srv
-- Up-to-date: /home/yasmin/CS_workspace/install/xplore_interfaces/include/xplore_interfaces/srv/detail
-- Installing: /home/yasmin/CS_workspace/install/xplore_interfaces/include/xplore_interfaces/srv/detail/disable_camera__rosidl_typesupport_introspection_c.h
-- Installing: /home/yasmin/CS_workspace/install/xplore_interfaces/include/xplore_interfaces/srv/detail/enable_camera__rosidl_typesupport_introspection_c.h
-- Installing: /home/yasmin/CS_workspace/install/xplore_interfaces/include/xplore_interfaces/srv/detail/enable_camera__type_support.c
-- Installing: /home/yasmin/CS_workspace/install/xplore_interfaces/include/xplore_interfaces/srv/detail/disable_camera__type_support.c
-- Installing: /home/yasmin/CS_workspace/install/xplore_interfaces/lib/libxplore_interfaces__rosidl_typesupport_introspection_c.so
-- Set runtime path of "/home/yasmin/CS_workspace/install/xplore_interfaces/lib/libxplore_interfaces__rosidl_typesupport_introspection_c.so" to ""
-- Installing: /home/yasmin/CS_workspace/install/xplore_interfaces/lib/libxplore_interfaces__rosidl_typesupport_c.so
-- Set runtime path of "/home/yasmin/CS_workspace/install/xplore_interfaces/lib/libxplore_interfaces__rosidl_typesupport_c.so" to ""
-- Up-to-date: /home/yasmin/CS_workspace/install/xplore_interfaces/include/xplore_interfaces
-- Up-to-date: /home/yasmin/CS_workspace/install/xplore_interfaces/include/xplore_interfaces/msg
-- Up-to-date: /home/yasmin/CS_workspace/install/xplore_interfaces/include/xplore_interfaces/msg/detail
-- Installing: /home/yasmin/CS_workspace/install/xplore_interfaces/include/xplore_interfaces/msg/detail/camera_error__traits.hpp
-- Installing: /home/yasmin/CS_workspace/install/xplore_interfaces/include/xplore_interfaces/msg/detail/camera_error__struct.hpp
-- Installing: /home/yasmin/CS_workspace/install/xplore_interfaces/include/xplore_interfaces/msg/detail/camera_error__builder.hpp
-- Installing: /home/yasmin/CS_workspace/install/xplore_interfaces/include/xplore_interfaces/msg/camera_error.hpp
-- Up-to-date: /home/yasmin/CS_workspace/install/xplore_interfaces/include/xplore_interfaces/srv
-- Installing: /home/yasmin/CS_workspace/install/xplore_interfaces/include/xplore_interfaces/srv/enable_camera.hpp
-- Up-to-date: /home/yasmin/CS_workspace/install/xplore_interfaces/include/xplore_interfaces/srv/detail
-- Installing: /home/yasmin/CS_workspace/install/xplore_interfaces/include/xplore_interfaces/srv/detail/disable_camera__builder.hpp
-- Installing: /home/yasmin/CS_workspace/install/xplore_interfaces/include/xplore_interfaces/srv/detail/enable_camera__builder.hpp
-- Installing: /home/yasmin/CS_workspace/install/xplore_interfaces/include/xplore_interfaces/srv/detail/enable_camera__struct.hpp
-- Installing: /home/yasmin/CS_workspace/install/xplore_interfaces/include/xplore_interfaces/srv/detail/disable_camera__traits.hpp
-- Installing: /home/yasmin/CS_workspace/install/xplore_interfaces/include/xplore_interfaces/srv/detail/enable_camera__traits.hpp
-- Installing: /home/yasmin/CS_workspace/install/xplore_interfaces/include/xplore_interfaces/srv/detail/disable_camera__struct.hpp
-- Installing: /home/yasmin/CS_workspace/install/xplore_interfaces/include/xplore_interfaces/srv/disable_camera.hpp
-- Up-to-date: /home/yasmin/CS_workspace/install/xplore_interfaces/include/xplore_interfaces
-- Up-to-date: /home/yasmin/CS_workspace/install/xplore_interfaces/include/xplore_interfaces/msg
-- Up-to-date: /home/yasmin/CS_workspace/install/xplore_interfaces/include/xplore_interfaces/msg/detail
-- Installing: /home/yasmin/CS_workspace/install/xplore_interfaces/include/xplore_interfaces/msg/detail/camera_error__type_support.cpp
-- Installing: /home/yasmin/CS_workspace/install/xplore_interfaces/include/xplore_interfaces/msg/detail/camera_error__rosidl_typesupport_introspection_cpp.hpp
-- Up-to-date: /home/yasmin/CS_workspace/install/xplore_interfaces/include/xplore_interfaces/srv
-- Up-to-date: /home/yasmin/CS_workspace/install/xplore_interfaces/include/xplore_interfaces/srv/detail
-- Installing: /home/yasmin/CS_workspace/install/xplore_interfaces/include/xplore_interfaces/srv/detail/disable_camera__type_support.cpp
-- Installing: /home/yasmin/CS_workspace/install/xplore_interfaces/include/xplore_interfaces/srv/detail/enable_camera__rosidl_typesupport_introspection_cpp.hpp
-- Installing: /home/yasmin/CS_workspace/install/xplore_interfaces/include/xplore_interfaces/srv/detail/enable_camera__type_support.cpp
-- Installing: /home/yasmin/CS_workspace/install/xplore_interfaces/include/xplore_interfaces/srv/detail/disable_camera__rosidl_typesupport_introspection_cpp.hpp
-- Installing: /home/yasmin/CS_workspace/install/xplore_interfaces/lib/libxplore_interfaces__rosidl_typesupport_introspection_cpp.so
-- Set runtime path of "/home/yasmin/CS_workspace/install/xplore_interfaces/lib/libxplore_interfaces__rosidl_typesupport_introspection_cpp.so" to ""
-- Installing: /home/yasmin/CS_workspace/install/xplore_interfaces/lib/libxplore_interfaces__rosidl_typesupport_cpp.so
-- Set runtime path of "/home/yasmin/CS_workspace/install/xplore_interfaces/lib/libxplore_interfaces__rosidl_typesupport_cpp.so" to ""
-- Installing: /home/yasmin/CS_workspace/install/xplore_interfaces/share/xplore_interfaces/environment/pythonpath.sh
-- Installing: /home/yasmin/CS_workspace/install/xplore_interfaces/share/xplore_interfaces/environment/pythonpath.dsv
-- Installing: /home/yasmin/CS_workspace/install/xplore_interfaces/lib/python3.8/site-packages/xplore_interfaces/__init__.py
Compiling '/home/yasmin/CS_workspace/install/xplore_interfaces/lib/python3.8/site-packages/xplore_interfaces/__init__.py'...
-- Installing: /home/yasmin/CS_workspace/install/xplore_interfaces/lib/python3.8/site-packages/xplore_interfaces/msg
-- Installing: /home/yasmin/CS_workspace/install/xplore_interfaces/lib/python3.8/site-packages/xplore_interfaces/msg/_camera_error.py
-- Installing: /home/yasmin/CS_workspace/install/xplore_interfaces/lib/python3.8/site-packages/xplore_interfaces/msg/_camera_error_s.c
-- Installing: /home/yasmin/CS_workspace/install/xplore_interfaces/lib/python3.8/site-packages/xplore_interfaces/msg/__init__.py
-- Installing: /home/yasmin/CS_workspace/install/xplore_interfaces/lib/python3.8/site-packages/xplore_interfaces/srv
-- Installing: /home/yasmin/CS_workspace/install/xplore_interfaces/lib/python3.8/site-packages/xplore_interfaces/srv/_enable_camera_s.c
-- Installing: /home/yasmin/CS_workspace/install/xplore_interfaces/lib/python3.8/site-packages/xplore_interfaces/srv/_enable_camera.py
-- Installing: /home/yasmin/CS_workspace/install/xplore_interfaces/lib/python3.8/site-packages/xplore_interfaces/srv/_disable_camera_s.c
-- Installing: /home/yasmin/CS_workspace/install/xplore_interfaces/lib/python3.8/site-packages/xplore_interfaces/srv/_disable_camera.py
-- Installing: /home/yasmin/CS_workspace/install/xplore_interfaces/lib/python3.8/site-packages/xplore_interfaces/srv/__init__.py
-- Installing: /home/yasmin/CS_workspace/install/xplore_interfaces/lib/python3.8/site-packages/xplore_interfaces/xplore_interfaces_s__rosidl_typesupport_fastrtps_c.cpython-38-aarch64-linux-gnu.so
-- Set runtime path of "/home/yasmin/CS_workspace/install/xplore_interfaces/lib/python3.8/site-packages/xplore_interfaces/xplore_interfaces_s__rosidl_typesupport_fastrtps_c.cpython-38-aarch64-linux-gnu.so" to ""
-- Installing: /home/yasmin/CS_workspace/install/xplore_interfaces/lib/python3.8/site-packages/xplore_interfaces/xplore_interfaces_s__rosidl_typesupport_introspection_c.cpython-38-aarch64-linux-gnu.so
-- Set runtime path of "/home/yasmin/CS_workspace/install/xplore_interfaces/lib/python3.8/site-packages/xplore_interfaces/xplore_interfaces_s__rosidl_typesupport_introspection_c.cpython-38-aarch64-linux-gnu.so" to ""
-- Installing: /home/yasmin/CS_workspace/install/xplore_interfaces/lib/python3.8/site-packages/xplore_interfaces/xplore_interfaces_s__rosidl_typesupport_c.cpython-38-aarch64-linux-gnu.so
-- Set runtime path of "/home/yasmin/CS_workspace/install/xplore_interfaces/lib/python3.8/site-packages/xplore_interfaces/xplore_interfaces_s__rosidl_typesupport_c.cpython-38-aarch64-linux-gnu.so" to ""
-- Installing: /home/yasmin/CS_workspace/install/xplore_interfaces/lib/libxplore_interfaces__python.so
-- Set runtime path of "/home/yasmin/CS_workspace/install/xplore_interfaces/lib/libxplore_interfaces__python.so" to ""
-- Installing: /home/yasmin/CS_workspace/install/xplore_interfaces/share/xplore_interfaces/msg/CameraError.idl
-- Installing: /home/yasmin/CS_workspace/install/xplore_interfaces/share/xplore_interfaces/srv/DisableCamera.idl
-- Installing: /home/yasmin/CS_workspace/install/xplore_interfaces/share/xplore_interfaces/srv/EnableCamera.idl
-- Installing: /home/yasmin/CS_workspace/install/xplore_interfaces/share/xplore_interfaces/msg/CameraError.msg
-- Installing: /home/yasmin/CS_workspace/install/xplore_interfaces/share/xplore_interfaces/srv/DisableCamera.srv
-- Installing: /home/yasmin/CS_workspace/install/xplore_interfaces/share/xplore_interfaces/srv/DisableCamera_Request.msg
-- Installing: /home/yasmin/CS_workspace/install/xplore_interfaces/share/xplore_interfaces/srv/DisableCamera_Response.msg
-- Installing: /home/yasmin/CS_workspace/install/xplore_interfaces/share/xplore_interfaces/srv/EnableCamera.srv
-- Installing: /home/yasmin/CS_workspace/install/xplore_interfaces/share/xplore_interfaces/srv/EnableCamera_Request.msg
-- Installing: /home/yasmin/CS_workspace/install/xplore_interfaces/share/xplore_interfaces/srv/EnableCamera_Response.msg
-- Installing: /home/yasmin/CS_workspace/install/xplore_interfaces/share/ament_index/resource_index/package_run_dependencies/xplore_interfaces
-- Installing: /home/yasmin/CS_workspace/install/xplore_interfaces/share/ament_index/resource_index/parent_prefix_path/xplore_interfaces
-- Installing: /home/yasmin/CS_workspace/install/xplore_interfaces/share/xplore_interfaces/environment/ament_prefix_path.sh
-- Installing: /home/yasmin/CS_workspace/install/xplore_interfaces/share/xplore_interfaces/environment/ament_prefix_path.dsv
-- Installing: /home/yasmin/CS_workspace/install/xplore_interfaces/share/xplore_interfaces/environment/path.sh
-- Installing: /home/yasmin/CS_workspace/install/xplore_interfaces/share/xplore_interfaces/environment/path.dsv
-- Installing: /home/yasmin/CS_workspace/install/xplore_interfaces/share/xplore_interfaces/local_setup.bash
-- Installing: /home/yasmin/CS_workspace/install/xplore_interfaces/share/xplore_interfaces/local_setup.sh
-- Installing: /home/yasmin/CS_workspace/install/xplore_interfaces/share/xplore_interfaces/local_setup.zsh
-- Installing: /home/yasmin/CS_workspace/install/xplore_interfaces/share/xplore_interfaces/local_setup.dsv
-- Installing: /home/yasmin/CS_workspace/install/xplore_interfaces/share/xplore_interfaces/package.dsv
-- Installing: /home/yasmin/CS_workspace/install/xplore_interfaces/share/ament_index/resource_index/packages/xplore_interfaces
-- Installing: /home/yasmin/CS_workspace/install/xplore_interfaces/share/xplore_interfaces/cmake/xplore_interfaces__rosidl_generator_cExport.cmake
-- Installing: /home/yasmin/CS_workspace/install/xplore_interfaces/share/xplore_interfaces/cmake/xplore_interfaces__rosidl_generator_cExport-noconfig.cmake
-- Installing: /home/yasmin/CS_workspace/install/xplore_interfaces/share/xplore_interfaces/cmake/xplore_interfaces__rosidl_typesupport_introspection_cExport.cmake
-- Installing: /home/yasmin/CS_workspace/install/xplore_interfaces/share/xplore_interfaces/cmake/xplore_interfaces__rosidl_typesupport_introspection_cExport-noconfig.cmake
-- Installing: /home/yasmin/CS_workspace/install/xplore_interfaces/share/xplore_interfaces/cmake/xplore_interfaces__rosidl_typesupport_cExport.cmake
-- Installing: /home/yasmin/CS_workspace/install/xplore_interfaces/share/xplore_interfaces/cmake/xplore_interfaces__rosidl_typesupport_cExport-noconfig.cmake
-- Installing: /home/yasmin/CS_workspace/install/xplore_interfaces/share/xplore_interfaces/cmake/xplore_interfaces__rosidl_generator_cppExport.cmake
-- Installing: /home/yasmin/CS_workspace/install/xplore_interfaces/share/xplore_interfaces/cmake/xplore_interfaces__rosidl_typesupport_introspection_cppExport.cmake
-- Installing: /home/yasmin/CS_workspace/install/xplore_interfaces/share/xplore_interfaces/cmake/xplore_interfaces__rosidl_typesupport_introspection_cppExport-noconfig.cmake
-- Installing: /home/yasmin/CS_workspace/install/xplore_interfaces/share/xplore_interfaces/cmake/xplore_interfaces__rosidl_typesupport_cppExport.cmake
-- Installing: /home/yasmin/CS_workspace/install/xplore_interfaces/share/xplore_interfaces/cmake/xplore_interfaces__rosidl_typesupport_cppExport-noconfig.cmake
-- Installing: /home/yasmin/CS_workspace/install/xplore_interfaces/share/xplore_interfaces/cmake/rosidl_cmake-extras.cmake
-- Installing: /home/yasmin/CS_workspace/install/xplore_interfaces/share/xplore_interfaces/cmake/ament_cmake_export_dependencies-extras.cmake
-- Installing: /home/yasmin/CS_workspace/install/xplore_interfaces/share/xplore_interfaces/cmake/ament_cmake_export_libraries-extras.cmake
-- Installing: /home/yasmin/CS_workspace/install/xplore_interfaces/share/xplore_interfaces/cmake/ament_cmake_export_targets-extras.cmake
-- Installing: /home/yasmin/CS_workspace/install/xplore_interfaces/share/xplore_interfaces/cmake/ament_cmake_export_include_directories-extras.cmake
-- Installing: /home/yasmin/CS_workspace/install/xplore_interfaces/share/xplore_interfaces/cmake/rosidl_cmake_export_typesupport_libraries-extras.cmake
-- Installing: /home/yasmin/CS_workspace/install/xplore_interfaces/share/xplore_interfaces/cmake/rosidl_cmake_export_typesupport_targets-extras.cmake
-- Installing: /home/yasmin/CS_workspace/install/xplore_interfaces/share/xplore_interfaces/cmake/xplore_interfacesConfig.cmake
-- Installing: /home/yasmin/CS_workspace/install/xplore_interfaces/share/xplore_interfaces/cmake/xplore_interfacesConfig-version.cmake
-- Installing: /home/yasmin/CS_workspace/install/xplore_interfaces/share/xplore_interfaces/package.xml
