[0.230s] Invoking command in '/home/yasmin/CS_workspace/build/xplore_interfaces': CMAKE_PREFIX_PATH=/opt/ros/foxy /usr/bin/cmake /home/yasmin/CS_workspace/cs_ws/src/xplore_interfaces -DCMAKE_INSTALL_PREFIX=/home/yasmin/CS_workspace/install/xplore_interfaces
[0.287s] -- The C compiler identification is GNU 9.4.0
[0.322s] -- The CXX compiler identification is GNU 9.4.0
[0.324s] -- Check for working C compiler: /usr/bin/cc
[0.389s] -- Check for working C compiler: /usr/bin/cc -- works
[0.389s] -- Detecting C compiler ABI info
[0.460s] -- Detecting C compiler ABI info - done
[0.460s] -- Detecting C compile features
[0.460s] -- Detecting C compile features - done
[0.461s] -- Check for working CXX compiler: /usr/bin/c++
[0.554s] -- Check for working CXX compiler: /usr/bin/c++ -- works
[0.555s] -- Detecting CXX compiler ABI info
[0.632s] -- Detecting CXX compiler ABI info - done
[0.638s] -- Detecting CXX compile features
[0.638s] -- Detecting CXX compile features - done
[0.640s] -- Found ament_cmake: 0.9.11 (/opt/ros/foxy/share/ament_cmake/cmake)
[0.654s] -- Found PythonInterp: /usr/bin/python3 (found suitable version "3.8.10", minimum required is "3") 
[0.654s] -- Using PYTHON_EXECUTABLE: /usr/bin/python3
[0.749s] -- Found ament_lint_auto: 0.9.7 (/opt/ros/foxy/share/ament_lint_auto/cmake)
[0.804s] -- Found rosidl_default_generators: 1.0.1 (/opt/ros/foxy/share/rosidl_default_generators/cmake)
[0.805s] -- Using all available rosidl_typesupport_c: rosidl_typesupport_fastrtps_c;rosidl_typesupport_introspection_c
[0.809s] -- Found rosidl_adapter: 1.3.0 (/opt/ros/foxy/share/rosidl_adapter/cmake)
[0.865s] -- Found OpenSSL: /usr/lib/aarch64-linux-gnu/libcrypto.so (found version "1.1.1f")  
[0.882s] -- Found FastRTPS: /opt/ros/foxy/include  
[0.927s] -- Using all available rosidl_typesupport_cpp: rosidl_typesupport_fastrtps_cpp;rosidl_typesupport_introspection_cpp
[0.951s] -- Found PythonInterp: /usr/bin/python3 (found version "3.8.10") 
[0.995s] -- Found ament_cmake_ros: 0.9.2 (/opt/ros/foxy/share/ament_cmake_ros/cmake)
[1.061s] -- Using all available rosidl_typesupport_c: rosidl_typesupport_fastrtps_c;rosidl_typesupport_introspection_c
[1.066s] -- Using all available rosidl_typesupport_cpp: rosidl_typesupport_fastrtps_cpp;rosidl_typesupport_introspection_cpp
[1.079s] -- Found PythonInterp: /usr/bin/python3 (found suitable version "3.8.10", minimum required is "3.5") 
[1.081s] -- Found python_cmake_module: 0.8.1 (/opt/ros/foxy/share/python_cmake_module/cmake)
[1.099s] -- Found PythonLibs: /usr/lib/aarch64-linux-gnu/libpython3.8.so (found suitable version "3.8.10", minimum required is "3.5") 
[1.099s] -- Using PYTHON_EXECUTABLE: /usr/bin/python3
[1.099s] -- Using PYTHON_INCLUDE_DIRS: /usr/include/python3.8
[1.099s] -- Using PYTHON_LIBRARIES: /usr/lib/aarch64-linux-gnu/libpython3.8.so
[1.111s] -- Found PythonExtra: .so  
[1.137s] -- Added test 'copyright' to check source files copyright and LICENSE
[1.138s] -- Added test 'lint_cmake' to check CMake code style
[1.139s] -- Added test 'xmllint' to check XML markup files
[1.145s] -- Configuring done
[1.167s] -- Generating done
[1.169s] -- Build files have been written to: /home/yasmin/CS_workspace/build/xplore_interfaces
[1.173s] Invoked command in '/home/yasmin/CS_workspace/build/xplore_interfaces' returned '0': CMAKE_PREFIX_PATH=/opt/ros/foxy /usr/bin/cmake /home/yasmin/CS_workspace/cs_ws/src/xplore_interfaces -DCMAKE_INSTALL_PREFIX=/home/yasmin/CS_workspace/install/xplore_interfaces
[1.175s] Invoking command in '/home/yasmin/CS_workspace/build/xplore_interfaces': CMAKE_PREFIX_PATH=/opt/ros/foxy /usr/bin/cmake --build /home/yasmin/CS_workspace/build/xplore_interfaces -- -j4 -l4
[1.212s] [35m[1mScanning dependencies of target xplore_interfaces__cpp[0m
[1.217s] [  2%] [34m[1mGenerating C++ code for ROS interfaces[0m
[1.220s] [  4%] [34m[1mGenerating C code for ROS interfaces[0m
[1.477s] [  4%] Built target xplore_interfaces__cpp
[1.497s] [  6%] [34m[1mGenerating C++ type support for eProsima Fast-RTPS[0m
[1.497s] [  8%] [34m[1mGenerating C++ type support dispatch for ROS interfaces[0m
[1.561s] [ 10%] [34m[1mGenerating C++ introspection for ROS interfaces[0m
[1.561s] [35m[1mScanning dependencies of target xplore_interfaces__rosidl_generator_c[0m
[1.621s] [ 12%] [32mBuilding C object CMakeFiles/xplore_interfaces__rosidl_generator_c.dir/rosidl_generator_c/xplore_interfaces/msg/detail/camera_error__functions.c.o[0m
[1.752s] [ 14%] [32mBuilding C object CMakeFiles/xplore_interfaces__rosidl_generator_c.dir/rosidl_generator_c/xplore_interfaces/srv/detail/disable_camera__functions.c.o[0m
[1.783s] [35m[1mScanning dependencies of target xplore_interfaces__rosidl_typesupport_cpp[0m
[1.798s] [ 17%] [32mBuilding CXX object CMakeFiles/xplore_interfaces__rosidl_typesupport_cpp.dir/rosidl_typesupport_cpp/xplore_interfaces/msg/camera_error__type_support.cpp.o[0m
[1.808s] [35m[1mScanning dependencies of target xplore_interfaces__rosidl_typesupport_introspection_cpp[0m
[1.856s] [ 19%] [32mBuilding C object CMakeFiles/xplore_interfaces__rosidl_generator_c.dir/rosidl_generator_c/xplore_interfaces/srv/detail/enable_camera__functions.c.o[0m
[1.867s] [ 21%] [32mBuilding CXX object CMakeFiles/xplore_interfaces__rosidl_typesupport_introspection_cpp.dir/rosidl_typesupport_introspection_cpp/xplore_interfaces/msg/detail/camera_error__type_support.cpp.o[0m
[1.933s] [35m[1mScanning dependencies of target xplore_interfaces__rosidl_typesupport_fastrtps_cpp[0m
[1.969s] [ 23%] [32m[1mLinking C shared library libxplore_interfaces__rosidl_generator_c.so[0m
[1.984s] [ 25%] [32mBuilding CXX object CMakeFiles/xplore_interfaces__rosidl_typesupport_fastrtps_cpp.dir/rosidl_typesupport_fastrtps_cpp/xplore_interfaces/msg/detail/dds_fastrtps/camera_error__type_support.cpp.o[0m
[2.009s] [ 25%] Built target xplore_interfaces__rosidl_generator_c
[2.016s] [ 27%] [32mBuilding CXX object CMakeFiles/xplore_interfaces__rosidl_typesupport_introspection_cpp.dir/rosidl_typesupport_introspection_cpp/xplore_interfaces/srv/detail/disable_camera__type_support.cpp.o[0m
[2.202s] [ 29%] [32mBuilding CXX object CMakeFiles/xplore_interfaces__rosidl_typesupport_introspection_cpp.dir/rosidl_typesupport_introspection_cpp/xplore_interfaces/srv/detail/enable_camera__type_support.cpp.o[0m
[2.216s] [ 31%] [32mBuilding CXX object CMakeFiles/xplore_interfaces__rosidl_typesupport_cpp.dir/rosidl_typesupport_cpp/xplore_interfaces/srv/disable_camera__type_support.cpp.o[0m
[2.358s] [ 34%] [32mBuilding CXX object CMakeFiles/xplore_interfaces__rosidl_typesupport_cpp.dir/rosidl_typesupport_cpp/xplore_interfaces/srv/enable_camera__type_support.cpp.o[0m
[2.431s] [ 36%] [32mBuilding CXX object CMakeFiles/xplore_interfaces__rosidl_typesupport_fastrtps_cpp.dir/rosidl_typesupport_fastrtps_cpp/xplore_interfaces/srv/detail/dds_fastrtps/disable_camera__type_support.cpp.o[0m
[2.475s] [ 38%] [32m[1mLinking CXX shared library libxplore_interfaces__rosidl_typesupport_introspection_cpp.so[0m
[2.574s] [ 38%] Built target xplore_interfaces__rosidl_typesupport_introspection_cpp
[2.616s] [ 40%] [34m[1mGenerating C introspection for ROS interfaces[0m
[2.638s] [ 42%] [34m[1mGenerating C type support dispatch for ROS interfaces[0m
[2.680s] [ 44%] [32m[1mLinking CXX shared library libxplore_interfaces__rosidl_typesupport_cpp.so[0m
[2.806s] [ 46%] [32mBuilding CXX object CMakeFiles/xplore_interfaces__rosidl_typesupport_fastrtps_cpp.dir/rosidl_typesupport_fastrtps_cpp/xplore_interfaces/srv/detail/dds_fastrtps/enable_camera__type_support.cpp.o[0m
[2.808s] [ 46%] Built target xplore_interfaces__rosidl_typesupport_cpp
[3.004s] [35m[1mScanning dependencies of target xplore_interfaces__rosidl_typesupport_c[0m
[3.023s] [35m[1mScanning dependencies of target xplore_interfaces__rosidl_typesupport_introspection_c[0m
[3.042s] [ 48%] [32mBuilding CXX object CMakeFiles/xplore_interfaces__rosidl_typesupport_c.dir/rosidl_typesupport_c/xplore_interfaces/msg/camera_error__type_support.cpp.o[0m
[3.052s] [ 51%] [32mBuilding CXX object CMakeFiles/xplore_interfaces__rosidl_typesupport_c.dir/rosidl_typesupport_c/xplore_interfaces/srv/disable_camera__type_support.cpp.o[0m
[3.055s] [ 53%] [32m[1mLinking CXX shared library libxplore_interfaces__rosidl_typesupport_fastrtps_cpp.so[0m
[3.070s] [ 55%] [32mBuilding C object CMakeFiles/xplore_interfaces__rosidl_typesupport_introspection_c.dir/rosidl_typesupport_introspection_c/xplore_interfaces/msg/detail/camera_error__type_support.c.o[0m
[3.071s] [ 57%] [32mBuilding CXX object CMakeFiles/xplore_interfaces__rosidl_typesupport_c.dir/rosidl_typesupport_c/xplore_interfaces/srv/enable_camera__type_support.cpp.o[0m
[3.131s] [ 59%] [32m[1mLinking CXX shared library libxplore_interfaces__rosidl_typesupport_c.so[0m
[3.136s] [ 61%] [32mBuilding C object CMakeFiles/xplore_interfaces__rosidl_typesupport_introspection_c.dir/rosidl_typesupport_introspection_c/xplore_interfaces/srv/detail/disable_camera__type_support.c.o[0m
[3.148s] [ 61%] Built target xplore_interfaces__rosidl_typesupport_fastrtps_cpp
[3.167s] [ 63%] [32mBuilding C object CMakeFiles/xplore_interfaces__rosidl_typesupport_introspection_c.dir/rosidl_typesupport_introspection_c/xplore_interfaces/srv/detail/enable_camera__type_support.c.o[0m
[3.177s] [ 65%] [34m[1mGenerating C type support for eProsima Fast-RTPS[0m
[3.208s] [ 65%] Built target xplore_interfaces__rosidl_typesupport_c
[3.226s] [ 68%] [32m[1mLinking C shared library libxplore_interfaces__rosidl_typesupport_introspection_c.so[0m
[3.273s] [ 68%] Built target xplore_interfaces__rosidl_typesupport_introspection_c
[3.424s] [35m[1mScanning dependencies of target xplore_interfaces__rosidl_typesupport_fastrtps_c[0m
[3.450s] [ 70%] [32mBuilding CXX object CMakeFiles/xplore_interfaces__rosidl_typesupport_fastrtps_c.dir/rosidl_typesupport_fastrtps_c/xplore_interfaces/msg/detail/camera_error__type_support_c.cpp.o[0m
[3.469s] [ 72%] [32mBuilding CXX object CMakeFiles/xplore_interfaces__rosidl_typesupport_fastrtps_c.dir/rosidl_typesupport_fastrtps_c/xplore_interfaces/srv/detail/enable_camera__type_support_c.cpp.o[0m
[3.471s] [ 74%] [32mBuilding CXX object CMakeFiles/xplore_interfaces__rosidl_typesupport_fastrtps_c.dir/rosidl_typesupport_fastrtps_c/xplore_interfaces/srv/detail/disable_camera__type_support_c.cpp.o[0m
[3.775s] [ 76%] [32m[1mLinking CXX shared library libxplore_interfaces__rosidl_typesupport_fastrtps_c.so[0m
[3.834s] [ 76%] Built target xplore_interfaces__rosidl_typesupport_fastrtps_c
[3.842s] [35m[1mScanning dependencies of target xplore_interfaces[0m
[3.851s] [ 76%] Built target xplore_interfaces
[3.864s] [35m[1mScanning dependencies of target xplore_interfaces__py[0m
[3.872s] [ 78%] [34m[1mGenerating Python code for ROS interfaces[0m
[4.450s] [ 78%] Built target xplore_interfaces__py
[4.458s] [35m[1mScanning dependencies of target xplore_interfaces__python[0m
[4.549s] [ 80%] [32mBuilding C object CMakeFiles/xplore_interfaces__python.dir/rosidl_generator_py/xplore_interfaces/msg/_camera_error_s.c.o[0m
[4.551s] [ 82%] [32mBuilding C object CMakeFiles/xplore_interfaces__python.dir/rosidl_generator_py/xplore_interfaces/srv/_disable_camera_s.c.o[0m
[4.578s] [ 85%] [32mBuilding C object CMakeFiles/xplore_interfaces__python.dir/rosidl_generator_py/xplore_interfaces/srv/_enable_camera_s.c.o[0m
[4.662s] [ 87%] [32m[1mLinking C shared library rosidl_generator_py/xplore_interfaces/libxplore_interfaces__python.so[0m
[4.688s] [ 87%] Built target xplore_interfaces__python
[4.699s] [35m[1mScanning dependencies of target xplore_interfaces__rosidl_typesupport_introspection_c__pyext[0m
[4.699s] [35m[1mScanning dependencies of target xplore_interfaces__rosidl_typesupport_fastrtps_c__pyext[0m
[4.704s] [35m[1mScanning dependencies of target xplore_interfaces__rosidl_typesupport_c__pyext[0m
[4.719s] [ 89%] [32mBuilding C object CMakeFiles/xplore_interfaces__rosidl_typesupport_fastrtps_c__pyext.dir/rosidl_generator_py/xplore_interfaces/_xplore_interfaces_s.ep.rosidl_typesupport_fastrtps_c.c.o[0m
[4.724s] [ 91%] [32mBuilding C object CMakeFiles/xplore_interfaces__rosidl_typesupport_introspection_c__pyext.dir/rosidl_generator_py/xplore_interfaces/_xplore_interfaces_s.ep.rosidl_typesupport_introspection_c.c.o[0m
[4.737s] [ 93%] [32mBuilding C object CMakeFiles/xplore_interfaces__rosidl_typesupport_c__pyext.dir/rosidl_generator_py/xplore_interfaces/_xplore_interfaces_s.ep.rosidl_typesupport_c.c.o[0m
[4.795s] [ 95%] [32m[1mLinking CXX shared library rosidl_generator_py/xplore_interfaces/xplore_interfaces_s__rosidl_typesupport_fastrtps_c.cpython-38-aarch64-linux-gnu.so[0m
[4.799s] [ 97%] [32m[1mLinking C shared library rosidl_generator_py/xplore_interfaces/xplore_interfaces_s__rosidl_typesupport_c.cpython-38-aarch64-linux-gnu.so[0m
[4.802s] [100%] [32m[1mLinking C shared library rosidl_generator_py/xplore_interfaces/xplore_interfaces_s__rosidl_typesupport_introspection_c.cpython-38-aarch64-linux-gnu.so[0m
[4.840s] [100%] Built target xplore_interfaces__rosidl_typesupport_introspection_c__pyext
[4.845s] [100%] Built target xplore_interfaces__rosidl_typesupport_c__pyext
[4.846s] [100%] Built target xplore_interfaces__rosidl_typesupport_fastrtps_c__pyext
[4.889s] Invoked command in '/home/yasmin/CS_workspace/build/xplore_interfaces' returned '0': CMAKE_PREFIX_PATH=/opt/ros/foxy /usr/bin/cmake --build /home/yasmin/CS_workspace/build/xplore_interfaces -- -j4 -l4
[5.104s] Invoking command in '/home/yasmin/CS_workspace/build/xplore_interfaces': CMAKE_PREFIX_PATH=/opt/ros/foxy /usr/bin/cmake --install /home/yasmin/CS_workspace/build/xplore_interfaces
[5.119s] -- Install configuration: ""
[5.119s] -- Installing: /home/yasmin/CS_workspace/install/xplore_interfaces/share/ament_index/resource_index/rosidl_interfaces/xplore_interfaces
[5.120s] -- Installing: /home/yasmin/CS_workspace/install/xplore_interfaces/include/xplore_interfaces
[5.120s] -- Installing: /home/yasmin/CS_workspace/install/xplore_interfaces/include/xplore_interfaces/msg
[5.120s] -- Installing: /home/yasmin/CS_workspace/install/xplore_interfaces/include/xplore_interfaces/msg/detail
[5.120s] -- Installing: /home/yasmin/CS_workspace/install/xplore_interfaces/include/xplore_interfaces/msg/detail/camera_error__functions.c
[5.120s] -- Installing: /home/yasmin/CS_workspace/install/xplore_interfaces/include/xplore_interfaces/msg/detail/camera_error__struct.h
[5.120s] -- Installing: /home/yasmin/CS_workspace/install/xplore_interfaces/include/xplore_interfaces/msg/detail/camera_error__functions.h
[5.123s] -- Installing: /home/yasmin/CS_workspace/install/xplore_interfaces/include/xplore_interfaces/msg/detail/camera_error__type_support.h
[5.123s] -- Installing: /home/yasmin/CS_workspace/install/xplore_interfaces/include/xplore_interfaces/msg/camera_error.h
[5.123s] -- Installing: /home/yasmin/CS_workspace/install/xplore_interfaces/include/xplore_interfaces/msg/rosidl_generator_c__visibility_control.h
[5.123s] -- Installing: /home/yasmin/CS_workspace/install/xplore_interfaces/include/xplore_interfaces/srv
[5.123s] -- Installing: /home/yasmin/CS_workspace/install/xplore_interfaces/include/xplore_interfaces/srv/detail
[5.123s] -- Installing: /home/yasmin/CS_workspace/install/xplore_interfaces/include/xplore_interfaces/srv/detail/enable_camera__functions.c
[5.123s] -- Installing: /home/yasmin/CS_workspace/install/xplore_interfaces/include/xplore_interfaces/srv/detail/disable_camera__type_support.h
[5.123s] -- Installing: /home/yasmin/CS_workspace/install/xplore_interfaces/include/xplore_interfaces/srv/detail/disable_camera__functions.c
[5.123s] -- Installing: /home/yasmin/CS_workspace/install/xplore_interfaces/include/xplore_interfaces/srv/detail/enable_camera__type_support.h
[5.123s] -- Installing: /home/yasmin/CS_workspace/install/xplore_interfaces/include/xplore_interfaces/srv/detail/disable_camera__functions.h
[5.123s] -- Installing: /home/yasmin/CS_workspace/install/xplore_interfaces/include/xplore_interfaces/srv/detail/disable_camera__struct.h
[5.123s] -- Installing: /home/yasmin/CS_workspace/install/xplore_interfaces/include/xplore_interfaces/srv/detail/enable_camera__struct.h
[5.123s] -- Installing: /home/yasmin/CS_workspace/install/xplore_interfaces/include/xplore_interfaces/srv/detail/enable_camera__functions.h
[5.123s] -- Installing: /home/yasmin/CS_workspace/install/xplore_interfaces/include/xplore_interfaces/srv/enable_camera.h
[5.123s] -- Installing: /home/yasmin/CS_workspace/install/xplore_interfaces/include/xplore_interfaces/srv/disable_camera.h
[5.124s] -- Installing: /home/yasmin/CS_workspace/install/xplore_interfaces/share/xplore_interfaces/environment/library_path.sh
[5.124s] -- Installing: /home/yasmin/CS_workspace/install/xplore_interfaces/share/xplore_interfaces/environment/library_path.dsv
[5.124s] -- Installing: /home/yasmin/CS_workspace/install/xplore_interfaces/lib/libxplore_interfaces__rosidl_generator_c.so
[5.124s] -- Set runtime path of "/home/yasmin/CS_workspace/install/xplore_interfaces/lib/libxplore_interfaces__rosidl_generator_c.so" to ""
[5.124s] -- Up-to-date: /home/yasmin/CS_workspace/install/xplore_interfaces/include/xplore_interfaces
[5.124s] -- Up-to-date: /home/yasmin/CS_workspace/install/xplore_interfaces/include/xplore_interfaces/msg
[5.124s] -- Up-to-date: /home/yasmin/CS_workspace/install/xplore_interfaces/include/xplore_interfaces/msg/detail
[5.124s] -- Installing: /home/yasmin/CS_workspace/install/xplore_interfaces/include/xplore_interfaces/msg/detail/camera_error__rosidl_typesupport_fastrtps_c.h
[5.124s] -- Installing: /home/yasmin/CS_workspace/install/xplore_interfaces/include/xplore_interfaces/msg/rosidl_typesupport_fastrtps_c__visibility_control.h
[5.125s] -- Up-to-date: /home/yasmin/CS_workspace/install/xplore_interfaces/include/xplore_interfaces/srv
[5.125s] -- Up-to-date: /home/yasmin/CS_workspace/install/xplore_interfaces/include/xplore_interfaces/srv/detail
[5.125s] -- Installing: /home/yasmin/CS_workspace/install/xplore_interfaces/include/xplore_interfaces/srv/detail/enable_camera__rosidl_typesupport_fastrtps_c.h
[5.125s] -- Installing: /home/yasmin/CS_workspace/install/xplore_interfaces/include/xplore_interfaces/srv/detail/disable_camera__rosidl_typesupport_fastrtps_c.h
[5.125s] -- Installing: /home/yasmin/CS_workspace/install/xplore_interfaces/lib/libxplore_interfaces__rosidl_typesupport_fastrtps_c.so
[5.125s] -- Set runtime path of "/home/yasmin/CS_workspace/install/xplore_interfaces/lib/libxplore_interfaces__rosidl_typesupport_fastrtps_c.so" to ""
[5.125s] -- Up-to-date: /home/yasmin/CS_workspace/install/xplore_interfaces/include/xplore_interfaces
[5.125s] -- Up-to-date: /home/yasmin/CS_workspace/install/xplore_interfaces/include/xplore_interfaces/msg
[5.125s] -- Up-to-date: /home/yasmin/CS_workspace/install/xplore_interfaces/include/xplore_interfaces/msg/detail
[5.125s] -- Installing: /home/yasmin/CS_workspace/install/xplore_interfaces/include/xplore_interfaces/msg/detail/camera_error__rosidl_typesupport_fastrtps_cpp.hpp
[5.125s] -- Installing: /home/yasmin/CS_workspace/install/xplore_interfaces/include/xplore_interfaces/msg/detail/dds_fastrtps
[5.126s] -- Installing: /home/yasmin/CS_workspace/install/xplore_interfaces/include/xplore_interfaces/msg/rosidl_typesupport_fastrtps_cpp__visibility_control.h
[5.126s] -- Up-to-date: /home/yasmin/CS_workspace/install/xplore_interfaces/include/xplore_interfaces/srv
[5.126s] -- Up-to-date: /home/yasmin/CS_workspace/install/xplore_interfaces/include/xplore_interfaces/srv/detail
[5.126s] -- Installing: /home/yasmin/CS_workspace/install/xplore_interfaces/include/xplore_interfaces/srv/detail/disable_camera__rosidl_typesupport_fastrtps_cpp.hpp
[5.126s] -- Installing: /home/yasmin/CS_workspace/install/xplore_interfaces/include/xplore_interfaces/srv/detail/enable_camera__rosidl_typesupport_fastrtps_cpp.hpp
[5.126s] -- Installing: /home/yasmin/CS_workspace/install/xplore_interfaces/include/xplore_interfaces/srv/detail/dds_fastrtps
[5.126s] -- Installing: /home/yasmin/CS_workspace/install/xplore_interfaces/lib/libxplore_interfaces__rosidl_typesupport_fastrtps_cpp.so
[5.126s] -- Set runtime path of "/home/yasmin/CS_workspace/install/xplore_interfaces/lib/libxplore_interfaces__rosidl_typesupport_fastrtps_cpp.so" to ""
[5.126s] -- Up-to-date: /home/yasmin/CS_workspace/install/xplore_interfaces/include/xplore_interfaces
[5.126s] -- Up-to-date: /home/yasmin/CS_workspace/install/xplore_interfaces/include/xplore_interfaces/msg
[5.126s] -- Up-to-date: /home/yasmin/CS_workspace/install/xplore_interfaces/include/xplore_interfaces/msg/detail
[5.126s] -- Installing: /home/yasmin/CS_workspace/install/xplore_interfaces/include/xplore_interfaces/msg/detail/camera_error__rosidl_typesupport_introspection_c.h
[5.127s] -- Installing: /home/yasmin/CS_workspace/install/xplore_interfaces/include/xplore_interfaces/msg/detail/camera_error__type_support.c
[5.127s] -- Installing: /home/yasmin/CS_workspace/install/xplore_interfaces/include/xplore_interfaces/msg/rosidl_typesupport_introspection_c__visibility_control.h
[5.127s] -- Up-to-date: /home/yasmin/CS_workspace/install/xplore_interfaces/include/xplore_interfaces/srv
[5.127s] -- Up-to-date: /home/yasmin/CS_workspace/install/xplore_interfaces/include/xplore_interfaces/srv/detail
[5.127s] -- Installing: /home/yasmin/CS_workspace/install/xplore_interfaces/include/xplore_interfaces/srv/detail/disable_camera__rosidl_typesupport_introspection_c.h
[5.127s] -- Installing: /home/yasmin/CS_workspace/install/xplore_interfaces/include/xplore_interfaces/srv/detail/enable_camera__rosidl_typesupport_introspection_c.h
[5.127s] -- Installing: /home/yasmin/CS_workspace/install/xplore_interfaces/include/xplore_interfaces/srv/detail/enable_camera__type_support.c
[5.127s] -- Installing: /home/yasmin/CS_workspace/install/xplore_interfaces/include/xplore_interfaces/srv/detail/disable_camera__type_support.c
[5.127s] -- Installing: /home/yasmin/CS_workspace/install/xplore_interfaces/lib/libxplore_interfaces__rosidl_typesupport_introspection_c.so
[5.127s] -- Set runtime path of "/home/yasmin/CS_workspace/install/xplore_interfaces/lib/libxplore_interfaces__rosidl_typesupport_introspection_c.so" to ""
[5.127s] -- Installing: /home/yasmin/CS_workspace/install/xplore_interfaces/lib/libxplore_interfaces__rosidl_typesupport_c.so
[5.128s] -- Set runtime path of "/home/yasmin/CS_workspace/install/xplore_interfaces/lib/libxplore_interfaces__rosidl_typesupport_c.so" to ""
[5.128s] -- Up-to-date: /home/yasmin/CS_workspace/install/xplore_interfaces/include/xplore_interfaces
[5.128s] -- Up-to-date: /home/yasmin/CS_workspace/install/xplore_interfaces/include/xplore_interfaces/msg
[5.128s] -- Up-to-date: /home/yasmin/CS_workspace/install/xplore_interfaces/include/xplore_interfaces/msg/detail
[5.128s] -- Installing: /home/yasmin/CS_workspace/install/xplore_interfaces/include/xplore_interfaces/msg/detail/camera_error__traits.hpp
[5.128s] -- Installing: /home/yasmin/CS_workspace/install/xplore_interfaces/include/xplore_interfaces/msg/detail/camera_error__struct.hpp
[5.128s] -- Installing: /home/yasmin/CS_workspace/install/xplore_interfaces/include/xplore_interfaces/msg/detail/camera_error__builder.hpp
[5.128s] -- Installing: /home/yasmin/CS_workspace/install/xplore_interfaces/include/xplore_interfaces/msg/camera_error.hpp
[5.128s] -- Up-to-date: /home/yasmin/CS_workspace/install/xplore_interfaces/include/xplore_interfaces/srv
[5.128s] -- Installing: /home/yasmin/CS_workspace/install/xplore_interfaces/include/xplore_interfaces/srv/enable_camera.hpp
[5.128s] -- Up-to-date: /home/yasmin/CS_workspace/install/xplore_interfaces/include/xplore_interfaces/srv/detail
[5.128s] -- Installing: /home/yasmin/CS_workspace/install/xplore_interfaces/include/xplore_interfaces/srv/detail/disable_camera__builder.hpp
[5.128s] -- Installing: /home/yasmin/CS_workspace/install/xplore_interfaces/include/xplore_interfaces/srv/detail/enable_camera__builder.hpp
[5.128s] -- Installing: /home/yasmin/CS_workspace/install/xplore_interfaces/include/xplore_interfaces/srv/detail/enable_camera__struct.hpp
[5.128s] -- Installing: /home/yasmin/CS_workspace/install/xplore_interfaces/include/xplore_interfaces/srv/detail/disable_camera__traits.hpp
[5.129s] -- Installing: /home/yasmin/CS_workspace/install/xplore_interfaces/include/xplore_interfaces/srv/detail/enable_camera__traits.hpp
[5.129s] -- Installing: /home/yasmin/CS_workspace/install/xplore_interfaces/include/xplore_interfaces/srv/detail/disable_camera__struct.hpp
[5.129s] -- Installing: /home/yasmin/CS_workspace/install/xplore_interfaces/include/xplore_interfaces/srv/disable_camera.hpp
[5.129s] -- Up-to-date: /home/yasmin/CS_workspace/install/xplore_interfaces/include/xplore_interfaces
[5.129s] -- Up-to-date: /home/yasmin/CS_workspace/install/xplore_interfaces/include/xplore_interfaces/msg
[5.129s] -- Up-to-date: /home/yasmin/CS_workspace/install/xplore_interfaces/include/xplore_interfaces/msg/detail
[5.129s] -- Installing: /home/yasmin/CS_workspace/install/xplore_interfaces/include/xplore_interfaces/msg/detail/camera_error__type_support.cpp
[5.129s] -- Installing: /home/yasmin/CS_workspace/install/xplore_interfaces/include/xplore_interfaces/msg/detail/camera_error__rosidl_typesupport_introspection_cpp.hpp
[5.129s] -- Up-to-date: /home/yasmin/CS_workspace/install/xplore_interfaces/include/xplore_interfaces/srv
[5.129s] -- Up-to-date: /home/yasmin/CS_workspace/install/xplore_interfaces/include/xplore_interfaces/srv/detail
[5.129s] -- Installing: /home/yasmin/CS_workspace/install/xplore_interfaces/include/xplore_interfaces/srv/detail/disable_camera__type_support.cpp
[5.129s] -- Installing: /home/yasmin/CS_workspace/install/xplore_interfaces/include/xplore_interfaces/srv/detail/enable_camera__rosidl_typesupport_introspection_cpp.hpp
[5.130s] -- Installing: /home/yasmin/CS_workspace/install/xplore_interfaces/include/xplore_interfaces/srv/detail/enable_camera__type_support.cpp
[5.130s] -- Installing: /home/yasmin/CS_workspace/install/xplore_interfaces/include/xplore_interfaces/srv/detail/disable_camera__rosidl_typesupport_introspection_cpp.hpp
[5.130s] -- Installing: /home/yasmin/CS_workspace/install/xplore_interfaces/lib/libxplore_interfaces__rosidl_typesupport_introspection_cpp.so
[5.130s] -- Set runtime path of "/home/yasmin/CS_workspace/install/xplore_interfaces/lib/libxplore_interfaces__rosidl_typesupport_introspection_cpp.so" to ""
[5.130s] -- Installing: /home/yasmin/CS_workspace/install/xplore_interfaces/lib/libxplore_interfaces__rosidl_typesupport_cpp.so
[5.130s] -- Set runtime path of "/home/yasmin/CS_workspace/install/xplore_interfaces/lib/libxplore_interfaces__rosidl_typesupport_cpp.so" to ""
[5.131s] -- Installing: /home/yasmin/CS_workspace/install/xplore_interfaces/share/xplore_interfaces/environment/pythonpath.sh
[5.131s] -- Installing: /home/yasmin/CS_workspace/install/xplore_interfaces/share/xplore_interfaces/environment/pythonpath.dsv
[5.131s] -- Installing: /home/yasmin/CS_workspace/install/xplore_interfaces/lib/python3.8/site-packages/xplore_interfaces/__init__.py
[5.149s] Compiling '/home/yasmin/CS_workspace/install/xplore_interfaces/lib/python3.8/site-packages/xplore_interfaces/__init__.py'...
[5.152s] -- Installing: /home/yasmin/CS_workspace/install/xplore_interfaces/lib/python3.8/site-packages/xplore_interfaces/msg
[5.152s] -- Installing: /home/yasmin/CS_workspace/install/xplore_interfaces/lib/python3.8/site-packages/xplore_interfaces/msg/_camera_error.py
[5.152s] -- Installing: /home/yasmin/CS_workspace/install/xplore_interfaces/lib/python3.8/site-packages/xplore_interfaces/msg/_camera_error_s.c
[5.152s] -- Installing: /home/yasmin/CS_workspace/install/xplore_interfaces/lib/python3.8/site-packages/xplore_interfaces/msg/__init__.py
[5.153s] -- Installing: /home/yasmin/CS_workspace/install/xplore_interfaces/lib/python3.8/site-packages/xplore_interfaces/srv
[5.153s] -- Installing: /home/yasmin/CS_workspace/install/xplore_interfaces/lib/python3.8/site-packages/xplore_interfaces/srv/_enable_camera_s.c
[5.153s] -- Installing: /home/yasmin/CS_workspace/install/xplore_interfaces/lib/python3.8/site-packages/xplore_interfaces/srv/_enable_camera.py
[5.154s] -- Installing: /home/yasmin/CS_workspace/install/xplore_interfaces/lib/python3.8/site-packages/xplore_interfaces/srv/_disable_camera_s.c
[5.154s] -- Installing: /home/yasmin/CS_workspace/install/xplore_interfaces/lib/python3.8/site-packages/xplore_interfaces/srv/_disable_camera.py
[5.154s] -- Installing: /home/yasmin/CS_workspace/install/xplore_interfaces/lib/python3.8/site-packages/xplore_interfaces/srv/__init__.py
[5.154s] -- Installing: /home/yasmin/CS_workspace/install/xplore_interfaces/lib/python3.8/site-packages/xplore_interfaces/xplore_interfaces_s__rosidl_typesupport_fastrtps_c.cpython-38-aarch64-linux-gnu.so
[5.155s] -- Set runtime path of "/home/yasmin/CS_workspace/install/xplore_interfaces/lib/python3.8/site-packages/xplore_interfaces/xplore_interfaces_s__rosidl_typesupport_fastrtps_c.cpython-38-aarch64-linux-gnu.so" to ""
[5.155s] -- Installing: /home/yasmin/CS_workspace/install/xplore_interfaces/lib/python3.8/site-packages/xplore_interfaces/xplore_interfaces_s__rosidl_typesupport_introspection_c.cpython-38-aarch64-linux-gnu.so
[5.156s] -- Set runtime path of "/home/yasmin/CS_workspace/install/xplore_interfaces/lib/python3.8/site-packages/xplore_interfaces/xplore_interfaces_s__rosidl_typesupport_introspection_c.cpython-38-aarch64-linux-gnu.so" to ""
[5.156s] -- Installing: /home/yasmin/CS_workspace/install/xplore_interfaces/lib/python3.8/site-packages/xplore_interfaces/xplore_interfaces_s__rosidl_typesupport_c.cpython-38-aarch64-linux-gnu.so
[5.156s] -- Set runtime path of "/home/yasmin/CS_workspace/install/xplore_interfaces/lib/python3.8/site-packages/xplore_interfaces/xplore_interfaces_s__rosidl_typesupport_c.cpython-38-aarch64-linux-gnu.so" to ""
[5.156s] -- Installing: /home/yasmin/CS_workspace/install/xplore_interfaces/lib/libxplore_interfaces__python.so
[5.157s] -- Set runtime path of "/home/yasmin/CS_workspace/install/xplore_interfaces/lib/libxplore_interfaces__python.so" to ""
[5.157s] -- Installing: /home/yasmin/CS_workspace/install/xplore_interfaces/share/xplore_interfaces/msg/CameraError.idl
[5.157s] -- Installing: /home/yasmin/CS_workspace/install/xplore_interfaces/share/xplore_interfaces/srv/DisableCamera.idl
[5.157s] -- Installing: /home/yasmin/CS_workspace/install/xplore_interfaces/share/xplore_interfaces/srv/EnableCamera.idl
[5.158s] -- Installing: /home/yasmin/CS_workspace/install/xplore_interfaces/share/xplore_interfaces/msg/CameraError.msg
[5.158s] -- Installing: /home/yasmin/CS_workspace/install/xplore_interfaces/share/xplore_interfaces/srv/DisableCamera.srv
[5.158s] -- Installing: /home/yasmin/CS_workspace/install/xplore_interfaces/share/xplore_interfaces/srv/DisableCamera_Request.msg
[5.158s] -- Installing: /home/yasmin/CS_workspace/install/xplore_interfaces/share/xplore_interfaces/srv/DisableCamera_Response.msg
[5.158s] -- Installing: /home/yasmin/CS_workspace/install/xplore_interfaces/share/xplore_interfaces/srv/EnableCamera.srv
[5.159s] -- Installing: /home/yasmin/CS_workspace/install/xplore_interfaces/share/xplore_interfaces/srv/EnableCamera_Request.msg
[5.159s] -- Installing: /home/yasmin/CS_workspace/install/xplore_interfaces/share/xplore_interfaces/srv/EnableCamera_Response.msg
[5.160s] -- Installing: /home/yasmin/CS_workspace/install/xplore_interfaces/share/ament_index/resource_index/package_run_dependencies/xplore_interfaces
[5.160s] -- Installing: /home/yasmin/CS_workspace/install/xplore_interfaces/share/ament_index/resource_index/parent_prefix_path/xplore_interfaces
[5.160s] -- Installing: /home/yasmin/CS_workspace/install/xplore_interfaces/share/xplore_interfaces/environment/ament_prefix_path.sh
[5.160s] -- Installing: /home/yasmin/CS_workspace/install/xplore_interfaces/share/xplore_interfaces/environment/ament_prefix_path.dsv
[5.161s] -- Installing: /home/yasmin/CS_workspace/install/xplore_interfaces/share/xplore_interfaces/environment/path.sh
[5.161s] -- Installing: /home/yasmin/CS_workspace/install/xplore_interfaces/share/xplore_interfaces/environment/path.dsv
[5.161s] -- Installing: /home/yasmin/CS_workspace/install/xplore_interfaces/share/xplore_interfaces/local_setup.bash
[5.162s] -- Installing: /home/yasmin/CS_workspace/install/xplore_interfaces/share/xplore_interfaces/local_setup.sh
[5.162s] -- Installing: /home/yasmin/CS_workspace/install/xplore_interfaces/share/xplore_interfaces/local_setup.zsh
[5.162s] -- Installing: /home/yasmin/CS_workspace/install/xplore_interfaces/share/xplore_interfaces/local_setup.dsv
[5.162s] -- Installing: /home/yasmin/CS_workspace/install/xplore_interfaces/share/xplore_interfaces/package.dsv
[5.162s] -- Installing: /home/yasmin/CS_workspace/install/xplore_interfaces/share/ament_index/resource_index/packages/xplore_interfaces
[5.163s] -- Installing: /home/yasmin/CS_workspace/install/xplore_interfaces/share/xplore_interfaces/cmake/xplore_interfaces__rosidl_generator_cExport.cmake
[5.163s] -- Installing: /home/yasmin/CS_workspace/install/xplore_interfaces/share/xplore_interfaces/cmake/xplore_interfaces__rosidl_generator_cExport-noconfig.cmake
[5.163s] -- Installing: /home/yasmin/CS_workspace/install/xplore_interfaces/share/xplore_interfaces/cmake/xplore_interfaces__rosidl_typesupport_introspection_cExport.cmake
[5.163s] -- Installing: /home/yasmin/CS_workspace/install/xplore_interfaces/share/xplore_interfaces/cmake/xplore_interfaces__rosidl_typesupport_introspection_cExport-noconfig.cmake
[5.163s] -- Installing: /home/yasmin/CS_workspace/install/xplore_interfaces/share/xplore_interfaces/cmake/xplore_interfaces__rosidl_typesupport_cExport.cmake
[5.163s] -- Installing: /home/yasmin/CS_workspace/install/xplore_interfaces/share/xplore_interfaces/cmake/xplore_interfaces__rosidl_typesupport_cExport-noconfig.cmake
[5.164s] -- Installing: /home/yasmin/CS_workspace/install/xplore_interfaces/share/xplore_interfaces/cmake/xplore_interfaces__rosidl_generator_cppExport.cmake
[5.164s] -- Installing: /home/yasmin/CS_workspace/install/xplore_interfaces/share/xplore_interfaces/cmake/xplore_interfaces__rosidl_typesupport_introspection_cppExport.cmake
[5.164s] -- Installing: /home/yasmin/CS_workspace/install/xplore_interfaces/share/xplore_interfaces/cmake/xplore_interfaces__rosidl_typesupport_introspection_cppExport-noconfig.cmake
[5.164s] -- Installing: /home/yasmin/CS_workspace/install/xplore_interfaces/share/xplore_interfaces/cmake/xplore_interfaces__rosidl_typesupport_cppExport.cmake
[5.164s] -- Installing: /home/yasmin/CS_workspace/install/xplore_interfaces/share/xplore_interfaces/cmake/xplore_interfaces__rosidl_typesupport_cppExport-noconfig.cmake
[5.164s] -- Installing: /home/yasmin/CS_workspace/install/xplore_interfaces/share/xplore_interfaces/cmake/rosidl_cmake-extras.cmake
[5.165s] -- Installing: /home/yasmin/CS_workspace/install/xplore_interfaces/share/xplore_interfaces/cmake/ament_cmake_export_dependencies-extras.cmake
[5.165s] -- Installing: /home/yasmin/CS_workspace/install/xplore_interfaces/share/xplore_interfaces/cmake/ament_cmake_export_libraries-extras.cmake
[5.165s] -- Installing: /home/yasmin/CS_workspace/install/xplore_interfaces/share/xplore_interfaces/cmake/ament_cmake_export_targets-extras.cmake
[5.165s] -- Installing: /home/yasmin/CS_workspace/install/xplore_interfaces/share/xplore_interfaces/cmake/ament_cmake_export_include_directories-extras.cmake
[5.165s] -- Installing: /home/yasmin/CS_workspace/install/xplore_interfaces/share/xplore_interfaces/cmake/rosidl_cmake_export_typesupport_libraries-extras.cmake
[5.165s] -- Installing: /home/yasmin/CS_workspace/install/xplore_interfaces/share/xplore_interfaces/cmake/rosidl_cmake_export_typesupport_targets-extras.cmake
[5.166s] -- Installing: /home/yasmin/CS_workspace/install/xplore_interfaces/share/xplore_interfaces/cmake/xplore_interfacesConfig.cmake
[5.166s] -- Installing: /home/yasmin/CS_workspace/install/xplore_interfaces/share/xplore_interfaces/cmake/xplore_interfacesConfig-version.cmake
[5.166s] -- Installing: /home/yasmin/CS_workspace/install/xplore_interfaces/share/xplore_interfaces/package.xml
[5.170s] Invoked command in '/home/yasmin/CS_workspace/build/xplore_interfaces' returned '0': CMAKE_PREFIX_PATH=/opt/ros/foxy /usr/bin/cmake --install /home/yasmin/CS_workspace/build/xplore_interfaces
