/home/yasmin/CS_workspace/install/control_station_pkg/lib/python3.8/site-packages/control_station_pkg/cameras_reciever.py
/home/yasmin/CS_workspace/install/control_station_pkg/lib/python3.8/site-packages/control_station_pkg/control_station.py
/home/yasmin/CS_workspace/install/control_station_pkg/lib/python3.8/site-packages/control_station_pkg/manage.py
/home/yasmin/CS_workspace/install/control_station_pkg/lib/python3.8/site-packages/control_station_pkg/camera_subscriber.py
/home/yasmin/CS_workspace/install/control_station_pkg/lib/python3.8/site-packages/control_station_pkg/__init__.py
/home/yasmin/CS_workspace/install/control_station_pkg/lib/python3.8/site-packages/control_station_pkg/__pycache__/cameras_reciever.cpython-38.pyc
/home/yasmin/CS_workspace/install/control_station_pkg/lib/python3.8/site-packages/control_station_pkg/__pycache__/control_station.cpython-38.pyc
/home/yasmin/CS_workspace/install/control_station_pkg/lib/python3.8/site-packages/control_station_pkg/__pycache__/manage.cpython-38.pyc
/home/yasmin/CS_workspace/install/control_station_pkg/lib/python3.8/site-packages/control_station_pkg/__pycache__/camera_subscriber.cpython-38.pyc
/home/yasmin/CS_workspace/install/control_station_pkg/lib/python3.8/site-packages/control_station_pkg/__pycache__/__init__.cpython-38.pyc
/home/yasmin/CS_workspace/install/control_station_pkg/share/ament_index/resource_index/packages/control_station_pkg
/home/yasmin/CS_workspace/install/control_station_pkg/share/control_station_pkg/package.xml
/home/yasmin/CS_workspace/install/control_station_pkg/lib/python3.8/site-packages/control_station_pkg-0.0.0-py3.8.egg-info/SOURCES.txt
/home/yasmin/CS_workspace/install/control_station_pkg/lib/python3.8/site-packages/control_station_pkg-0.0.0-py3.8.egg-info/requires.txt
/home/yasmin/CS_workspace/install/control_station_pkg/lib/python3.8/site-packages/control_station_pkg-0.0.0-py3.8.egg-info/entry_points.txt
/home/yasmin/CS_workspace/install/control_station_pkg/lib/python3.8/site-packages/control_station_pkg-0.0.0-py3.8.egg-info/top_level.txt
/home/yasmin/CS_workspace/install/control_station_pkg/lib/python3.8/site-packages/control_station_pkg-0.0.0-py3.8.egg-info/PKG-INFO
/home/yasmin/CS_workspace/install/control_station_pkg/lib/python3.8/site-packages/control_station_pkg-0.0.0-py3.8.egg-info/dependency_links.txt
/home/yasmin/CS_workspace/install/control_station_pkg/lib/python3.8/site-packages/control_station_pkg-0.0.0-py3.8.egg-info/zip-safe
/home/yasmin/CS_workspace/install/control_station_pkg/lib/control_station_pkg/camera_subscriber
/home/yasmin/CS_workspace/install/control_station_pkg/lib/control_station_pkg/cameras_reciever
/home/yasmin/CS_workspace/install/control_station_pkg/lib/control_station_pkg/control_station
