[0.923s] Invoking command in '/home/evan/Desktop/Xplore/CS_workspace/build/xplore_interfaces': CMAKE_PREFIX_PATH=${CMAKE_PREFIX_PATH}:/home/evan/Desktop/Xplore/CS_workspace/install/rover_pkg:/home/evan/Desktop/Xplore/CS_workspace/install/cs_test_pkg:/home/evan/Desktop/Xplore/CS_workspace/install/control_station_pkg:/opt/ros/foxy /usr/local/bin/cmake --build /home/evan/Desktop/Xplore/CS_workspace/build/xplore_interfaces -- -j4 -l4
[0.976s] [  2%] Built target xplore_interfaces__cpp
[0.989s] [ 12%] Built target xplore_interfaces__rosidl_generator_c
[1.014s] [ 23%] Built target xplore_interfaces__rosidl_typesupport_cpp
[1.027s] [ 34%] Built target xplore_interfaces__rosidl_typesupport_introspection_cpp
[1.043s] [ 44%] Built target xplore_interfaces__rosidl_typesupport_fastrtps_cpp
[1.044s] [ 55%] Built target xplore_interfaces__rosidl_typesupport_introspection_c
[1.076s] [ 65%] Built target xplore_interfaces__rosidl_typesupport_c
[1.082s] [ 76%] Built target xplore_interfaces__rosidl_typesupport_fastrtps_c
[1.097s] [ 76%] Built target xplore_interfaces
[1.112s] [ 78%] Built target xplore_interfaces__py
[1.128s] [ 87%] Built target xplore_interfaces__python
[1.175s] [ 91%] Built target xplore_interfaces__rosidl_typesupport_c__pyext
[1.180s] [ 95%] Built target xplore_interfaces__rosidl_typesupport_fastrtps_c__pyext
[1.184s] [100%] Built target xplore_interfaces__rosidl_typesupport_introspection_c__pyext
[1.198s] Invoked command in '/home/evan/Desktop/Xplore/CS_workspace/build/xplore_interfaces' returned '0': CMAKE_PREFIX_PATH=${CMAKE_PREFIX_PATH}:/home/evan/Desktop/Xplore/CS_workspace/install/rover_pkg:/home/evan/Desktop/Xplore/CS_workspace/install/cs_test_pkg:/home/evan/Desktop/Xplore/CS_workspace/install/control_station_pkg:/opt/ros/foxy /usr/local/bin/cmake --build /home/evan/Desktop/Xplore/CS_workspace/build/xplore_interfaces -- -j4 -l4
[1.344s] Invoking command in '/home/evan/Desktop/Xplore/CS_workspace/build/xplore_interfaces': CMAKE_PREFIX_PATH=${CMAKE_PREFIX_PATH}:/home/evan/Desktop/Xplore/CS_workspace/install/rover_pkg:/home/evan/Desktop/Xplore/CS_workspace/install/cs_test_pkg:/home/evan/Desktop/Xplore/CS_workspace/install/control_station_pkg:/opt/ros/foxy /usr/local/bin/cmake --install /home/evan/Desktop/Xplore/CS_workspace/build/xplore_interfaces
[1.356s] -- Install configuration: ""
[1.356s] -- Up-to-date: /home/evan/Desktop/Xplore/CS_workspace/install/xplore_interfaces/share/ament_index/resource_index/rosidl_interfaces/xplore_interfaces
[1.356s] -- Up-to-date: /home/evan/Desktop/Xplore/CS_workspace/install/xplore_interfaces/include/xplore_interfaces
[1.356s] -- Up-to-date: /home/evan/Desktop/Xplore/CS_workspace/install/xplore_interfaces/include/xplore_interfaces/srv
[1.356s] -- Up-to-date: /home/evan/Desktop/Xplore/CS_workspace/install/xplore_interfaces/include/xplore_interfaces/srv/disable_camera.h
[1.356s] -- Up-to-date: /home/evan/Desktop/Xplore/CS_workspace/install/xplore_interfaces/include/xplore_interfaces/srv/enable_camera.h
[1.356s] -- Up-to-date: /home/evan/Desktop/Xplore/CS_workspace/install/xplore_interfaces/include/xplore_interfaces/srv/detail
[1.356s] -- Up-to-date: /home/evan/Desktop/Xplore/CS_workspace/install/xplore_interfaces/include/xplore_interfaces/srv/detail/disable_camera__struct.h
[1.356s] -- Up-to-date: /home/evan/Desktop/Xplore/CS_workspace/install/xplore_interfaces/include/xplore_interfaces/srv/detail/disable_camera__functions.c
[1.356s] -- Up-to-date: /home/evan/Desktop/Xplore/CS_workspace/install/xplore_interfaces/include/xplore_interfaces/srv/detail/disable_camera__functions.h
[1.356s] -- Up-to-date: /home/evan/Desktop/Xplore/CS_workspace/install/xplore_interfaces/include/xplore_interfaces/srv/detail/enable_camera__type_support.h
[1.357s] -- Up-to-date: /home/evan/Desktop/Xplore/CS_workspace/install/xplore_interfaces/include/xplore_interfaces/srv/detail/enable_camera__functions.c
[1.357s] -- Up-to-date: /home/evan/Desktop/Xplore/CS_workspace/install/xplore_interfaces/include/xplore_interfaces/srv/detail/disable_camera__type_support.h
[1.357s] -- Up-to-date: /home/evan/Desktop/Xplore/CS_workspace/install/xplore_interfaces/include/xplore_interfaces/srv/detail/enable_camera__struct.h
[1.357s] -- Up-to-date: /home/evan/Desktop/Xplore/CS_workspace/install/xplore_interfaces/include/xplore_interfaces/srv/detail/enable_camera__functions.h
[1.357s] -- Up-to-date: /home/evan/Desktop/Xplore/CS_workspace/install/xplore_interfaces/include/xplore_interfaces/msg
[1.357s] -- Up-to-date: /home/evan/Desktop/Xplore/CS_workspace/install/xplore_interfaces/include/xplore_interfaces/msg/detail
[1.357s] -- Up-to-date: /home/evan/Desktop/Xplore/CS_workspace/install/xplore_interfaces/include/xplore_interfaces/msg/detail/camera_error__functions.h
[1.358s] -- Up-to-date: /home/evan/Desktop/Xplore/CS_workspace/install/xplore_interfaces/include/xplore_interfaces/msg/detail/camera_error__struct.h
[1.358s] -- Up-to-date: /home/evan/Desktop/Xplore/CS_workspace/install/xplore_interfaces/include/xplore_interfaces/msg/detail/camera_error__functions.c
[1.358s] -- Up-to-date: /home/evan/Desktop/Xplore/CS_workspace/install/xplore_interfaces/include/xplore_interfaces/msg/detail/camera_error__type_support.h
[1.358s] -- Up-to-date: /home/evan/Desktop/Xplore/CS_workspace/install/xplore_interfaces/include/xplore_interfaces/msg/rosidl_generator_c__visibility_control.h
[1.358s] -- Up-to-date: /home/evan/Desktop/Xplore/CS_workspace/install/xplore_interfaces/include/xplore_interfaces/msg/camera_error.h
[1.358s] -- Up-to-date: /home/evan/Desktop/Xplore/CS_workspace/install/xplore_interfaces/share/xplore_interfaces/environment/library_path.sh
[1.358s] -- Up-to-date: /home/evan/Desktop/Xplore/CS_workspace/install/xplore_interfaces/share/xplore_interfaces/environment/library_path.dsv
[1.358s] -- Up-to-date: /home/evan/Desktop/Xplore/CS_workspace/install/xplore_interfaces/lib/libxplore_interfaces__rosidl_generator_c.so
[1.358s] -- Up-to-date: /home/evan/Desktop/Xplore/CS_workspace/install/xplore_interfaces/include/xplore_interfaces
[1.358s] -- Up-to-date: /home/evan/Desktop/Xplore/CS_workspace/install/xplore_interfaces/include/xplore_interfaces/srv
[1.358s] -- Up-to-date: /home/evan/Desktop/Xplore/CS_workspace/install/xplore_interfaces/include/xplore_interfaces/srv/detail
[1.358s] -- Up-to-date: /home/evan/Desktop/Xplore/CS_workspace/install/xplore_interfaces/include/xplore_interfaces/srv/detail/disable_camera__rosidl_typesupport_fastrtps_c.h
[1.358s] -- Up-to-date: /home/evan/Desktop/Xplore/CS_workspace/install/xplore_interfaces/include/xplore_interfaces/srv/detail/enable_camera__rosidl_typesupport_fastrtps_c.h
[1.358s] -- Up-to-date: /home/evan/Desktop/Xplore/CS_workspace/install/xplore_interfaces/include/xplore_interfaces/msg
[1.359s] -- Up-to-date: /home/evan/Desktop/Xplore/CS_workspace/install/xplore_interfaces/include/xplore_interfaces/msg/rosidl_typesupport_fastrtps_c__visibility_control.h
[1.359s] -- Up-to-date: /home/evan/Desktop/Xplore/CS_workspace/install/xplore_interfaces/include/xplore_interfaces/msg/detail
[1.359s] -- Up-to-date: /home/evan/Desktop/Xplore/CS_workspace/install/xplore_interfaces/include/xplore_interfaces/msg/detail/camera_error__rosidl_typesupport_fastrtps_c.h
[1.359s] -- Up-to-date: /home/evan/Desktop/Xplore/CS_workspace/install/xplore_interfaces/lib/libxplore_interfaces__rosidl_typesupport_fastrtps_c.so
[1.366s] -- Up-to-date: /home/evan/Desktop/Xplore/CS_workspace/install/xplore_interfaces/include/xplore_interfaces
[1.366s] -- Up-to-date: /home/evan/Desktop/Xplore/CS_workspace/install/xplore_interfaces/include/xplore_interfaces/srv
[1.366s] -- Up-to-date: /home/evan/Desktop/Xplore/CS_workspace/install/xplore_interfaces/include/xplore_interfaces/srv/detail
[1.366s] -- Up-to-date: /home/evan/Desktop/Xplore/CS_workspace/install/xplore_interfaces/include/xplore_interfaces/srv/detail/disable_camera__rosidl_typesupport_fastrtps_cpp.hpp
[1.366s] -- Up-to-date: /home/evan/Desktop/Xplore/CS_workspace/install/xplore_interfaces/include/xplore_interfaces/srv/detail/dds_fastrtps
[1.366s] -- Up-to-date: /home/evan/Desktop/Xplore/CS_workspace/install/xplore_interfaces/include/xplore_interfaces/srv/detail/enable_camera__rosidl_typesupport_fastrtps_cpp.hpp
[1.367s] -- Up-to-date: /home/evan/Desktop/Xplore/CS_workspace/install/xplore_interfaces/include/xplore_interfaces/msg
[1.367s] -- Up-to-date: /home/evan/Desktop/Xplore/CS_workspace/install/xplore_interfaces/include/xplore_interfaces/msg/detail
[1.367s] -- Up-to-date: /home/evan/Desktop/Xplore/CS_workspace/install/xplore_interfaces/include/xplore_interfaces/msg/detail/dds_fastrtps
[1.367s] -- Up-to-date: /home/evan/Desktop/Xplore/CS_workspace/install/xplore_interfaces/include/xplore_interfaces/msg/detail/camera_error__rosidl_typesupport_fastrtps_cpp.hpp
[1.367s] -- Up-to-date: /home/evan/Desktop/Xplore/CS_workspace/install/xplore_interfaces/include/xplore_interfaces/msg/rosidl_typesupport_fastrtps_cpp__visibility_control.h
[1.368s] -- Up-to-date: /home/evan/Desktop/Xplore/CS_workspace/install/xplore_interfaces/lib/libxplore_interfaces__rosidl_typesupport_fastrtps_cpp.so
[1.368s] -- Up-to-date: /home/evan/Desktop/Xplore/CS_workspace/install/xplore_interfaces/include/xplore_interfaces
[1.368s] -- Up-to-date: /home/evan/Desktop/Xplore/CS_workspace/install/xplore_interfaces/include/xplore_interfaces/srv
[1.368s] -- Up-to-date: /home/evan/Desktop/Xplore/CS_workspace/install/xplore_interfaces/include/xplore_interfaces/srv/detail
[1.368s] -- Up-to-date: /home/evan/Desktop/Xplore/CS_workspace/install/xplore_interfaces/include/xplore_interfaces/srv/detail/enable_camera__type_support.c
[1.368s] -- Up-to-date: /home/evan/Desktop/Xplore/CS_workspace/install/xplore_interfaces/include/xplore_interfaces/srv/detail/enable_camera__rosidl_typesupport_introspection_c.h
[1.368s] -- Up-to-date: /home/evan/Desktop/Xplore/CS_workspace/install/xplore_interfaces/include/xplore_interfaces/srv/detail/disable_camera__type_support.c
[1.368s] -- Up-to-date: /home/evan/Desktop/Xplore/CS_workspace/install/xplore_interfaces/include/xplore_interfaces/srv/detail/disable_camera__rosidl_typesupport_introspection_c.h
[1.369s] -- Up-to-date: /home/evan/Desktop/Xplore/CS_workspace/install/xplore_interfaces/include/xplore_interfaces/msg
[1.369s] -- Up-to-date: /home/evan/Desktop/Xplore/CS_workspace/install/xplore_interfaces/include/xplore_interfaces/msg/rosidl_typesupport_introspection_c__visibility_control.h
[1.369s] -- Up-to-date: /home/evan/Desktop/Xplore/CS_workspace/install/xplore_interfaces/include/xplore_interfaces/msg/detail
[1.369s] -- Up-to-date: /home/evan/Desktop/Xplore/CS_workspace/install/xplore_interfaces/include/xplore_interfaces/msg/detail/camera_error__rosidl_typesupport_introspection_c.h
[1.369s] -- Up-to-date: /home/evan/Desktop/Xplore/CS_workspace/install/xplore_interfaces/include/xplore_interfaces/msg/detail/camera_error__type_support.c
[1.369s] -- Up-to-date: /home/evan/Desktop/Xplore/CS_workspace/install/xplore_interfaces/lib/libxplore_interfaces__rosidl_typesupport_introspection_c.so
[1.369s] -- Up-to-date: /home/evan/Desktop/Xplore/CS_workspace/install/xplore_interfaces/lib/libxplore_interfaces__rosidl_typesupport_c.so
[1.369s] -- Up-to-date: /home/evan/Desktop/Xplore/CS_workspace/install/xplore_interfaces/include/xplore_interfaces
[1.369s] -- Up-to-date: /home/evan/Desktop/Xplore/CS_workspace/install/xplore_interfaces/include/xplore_interfaces/srv
[1.369s] -- Up-to-date: /home/evan/Desktop/Xplore/CS_workspace/install/xplore_interfaces/include/xplore_interfaces/srv/disable_camera.hpp
[1.369s] -- Up-to-date: /home/evan/Desktop/Xplore/CS_workspace/install/xplore_interfaces/include/xplore_interfaces/srv/detail
[1.370s] -- Up-to-date: /home/evan/Desktop/Xplore/CS_workspace/install/xplore_interfaces/include/xplore_interfaces/srv/detail/disable_camera__traits.hpp
[1.370s] -- Up-to-date: /home/evan/Desktop/Xplore/CS_workspace/install/xplore_interfaces/include/xplore_interfaces/srv/detail/enable_camera__traits.hpp
[1.370s] -- Up-to-date: /home/evan/Desktop/Xplore/CS_workspace/install/xplore_interfaces/include/xplore_interfaces/srv/detail/enable_camera__builder.hpp
[1.370s] -- Up-to-date: /home/evan/Desktop/Xplore/CS_workspace/install/xplore_interfaces/include/xplore_interfaces/srv/detail/enable_camera__struct.hpp
[1.370s] -- Up-to-date: /home/evan/Desktop/Xplore/CS_workspace/install/xplore_interfaces/include/xplore_interfaces/srv/detail/disable_camera__struct.hpp
[1.370s] -- Up-to-date: /home/evan/Desktop/Xplore/CS_workspace/install/xplore_interfaces/include/xplore_interfaces/srv/detail/disable_camera__builder.hpp
[1.370s] -- Up-to-date: /home/evan/Desktop/Xplore/CS_workspace/install/xplore_interfaces/include/xplore_interfaces/srv/enable_camera.hpp
[1.371s] -- Up-to-date: /home/evan/Desktop/Xplore/CS_workspace/install/xplore_interfaces/include/xplore_interfaces/msg
[1.371s] -- Up-to-date: /home/evan/Desktop/Xplore/CS_workspace/install/xplore_interfaces/include/xplore_interfaces/msg/camera_error.hpp
[1.371s] -- Up-to-date: /home/evan/Desktop/Xplore/CS_workspace/install/xplore_interfaces/include/xplore_interfaces/msg/detail
[1.371s] -- Up-to-date: /home/evan/Desktop/Xplore/CS_workspace/install/xplore_interfaces/include/xplore_interfaces/msg/detail/camera_error__struct.hpp
[1.371s] -- Up-to-date: /home/evan/Desktop/Xplore/CS_workspace/install/xplore_interfaces/include/xplore_interfaces/msg/detail/camera_error__builder.hpp
[1.371s] -- Up-to-date: /home/evan/Desktop/Xplore/CS_workspace/install/xplore_interfaces/include/xplore_interfaces/msg/detail/camera_error__traits.hpp
[1.371s] -- Up-to-date: /home/evan/Desktop/Xplore/CS_workspace/install/xplore_interfaces/include/xplore_interfaces
[1.371s] -- Up-to-date: /home/evan/Desktop/Xplore/CS_workspace/install/xplore_interfaces/include/xplore_interfaces/srv
[1.371s] -- Up-to-date: /home/evan/Desktop/Xplore/CS_workspace/install/xplore_interfaces/include/xplore_interfaces/srv/detail
[1.371s] -- Up-to-date: /home/evan/Desktop/Xplore/CS_workspace/install/xplore_interfaces/include/xplore_interfaces/srv/detail/disable_camera__rosidl_typesupport_introspection_cpp.hpp
[1.372s] -- Up-to-date: /home/evan/Desktop/Xplore/CS_workspace/install/xplore_interfaces/include/xplore_interfaces/srv/detail/enable_camera__rosidl_typesupport_introspection_cpp.hpp
[1.372s] -- Up-to-date: /home/evan/Desktop/Xplore/CS_workspace/install/xplore_interfaces/include/xplore_interfaces/srv/detail/enable_camera__type_support.cpp
[1.372s] -- Up-to-date: /home/evan/Desktop/Xplore/CS_workspace/install/xplore_interfaces/include/xplore_interfaces/srv/detail/disable_camera__type_support.cpp
[1.372s] -- Up-to-date: /home/evan/Desktop/Xplore/CS_workspace/install/xplore_interfaces/include/xplore_interfaces/msg
[1.372s] -- Up-to-date: /home/evan/Desktop/Xplore/CS_workspace/install/xplore_interfaces/include/xplore_interfaces/msg/detail
[1.372s] -- Up-to-date: /home/evan/Desktop/Xplore/CS_workspace/install/xplore_interfaces/include/xplore_interfaces/msg/detail/camera_error__rosidl_typesupport_introspection_cpp.hpp
[1.372s] -- Up-to-date: /home/evan/Desktop/Xplore/CS_workspace/install/xplore_interfaces/include/xplore_interfaces/msg/detail/camera_error__type_support.cpp
[1.372s] -- Up-to-date: /home/evan/Desktop/Xplore/CS_workspace/install/xplore_interfaces/lib/libxplore_interfaces__rosidl_typesupport_introspection_cpp.so
[1.372s] -- Up-to-date: /home/evan/Desktop/Xplore/CS_workspace/install/xplore_interfaces/lib/libxplore_interfaces__rosidl_typesupport_cpp.so
[1.372s] -- Up-to-date: /home/evan/Desktop/Xplore/CS_workspace/install/xplore_interfaces/share/xplore_interfaces/environment/pythonpath.sh
[1.372s] -- Up-to-date: /home/evan/Desktop/Xplore/CS_workspace/install/xplore_interfaces/share/xplore_interfaces/environment/pythonpath.dsv
[1.373s] -- Up-to-date: /home/evan/Desktop/Xplore/CS_workspace/install/xplore_interfaces/lib/python3.8/site-packages/xplore_interfaces/__init__.py
[1.446s] -- Up-to-date: /home/evan/Desktop/Xplore/CS_workspace/install/xplore_interfaces/lib/python3.8/site-packages/xplore_interfaces/msg
[1.447s] -- Up-to-date: /home/evan/Desktop/Xplore/CS_workspace/install/xplore_interfaces/lib/python3.8/site-packages/xplore_interfaces/msg/__init__.py
[1.447s] -- Up-to-date: /home/evan/Desktop/Xplore/CS_workspace/install/xplore_interfaces/lib/python3.8/site-packages/xplore_interfaces/msg/_camera_error_s.c
[1.447s] -- Up-to-date: /home/evan/Desktop/Xplore/CS_workspace/install/xplore_interfaces/lib/python3.8/site-packages/xplore_interfaces/msg/_camera_error.py
[1.448s] -- Up-to-date: /home/evan/Desktop/Xplore/CS_workspace/install/xplore_interfaces/lib/python3.8/site-packages/xplore_interfaces/srv
[1.448s] -- Up-to-date: /home/evan/Desktop/Xplore/CS_workspace/install/xplore_interfaces/lib/python3.8/site-packages/xplore_interfaces/srv/__init__.py
[1.448s] -- Up-to-date: /home/evan/Desktop/Xplore/CS_workspace/install/xplore_interfaces/lib/python3.8/site-packages/xplore_interfaces/srv/_disable_camera_s.c
[1.448s] -- Up-to-date: /home/evan/Desktop/Xplore/CS_workspace/install/xplore_interfaces/lib/python3.8/site-packages/xplore_interfaces/srv/_enable_camera.py
[1.449s] -- Up-to-date: /home/evan/Desktop/Xplore/CS_workspace/install/xplore_interfaces/lib/python3.8/site-packages/xplore_interfaces/srv/_enable_camera_s.c
[1.449s] -- Up-to-date: /home/evan/Desktop/Xplore/CS_workspace/install/xplore_interfaces/lib/python3.8/site-packages/xplore_interfaces/srv/_disable_camera.py
[1.449s] -- Up-to-date: /home/evan/Desktop/Xplore/CS_workspace/install/xplore_interfaces/lib/python3.8/site-packages/xplore_interfaces/xplore_interfaces_s__rosidl_typesupport_fastrtps_c.cpython-38-x86_64-linux-gnu.so
[1.449s] -- Up-to-date: /home/evan/Desktop/Xplore/CS_workspace/install/xplore_interfaces/lib/python3.8/site-packages/xplore_interfaces/xplore_interfaces_s__rosidl_typesupport_introspection_c.cpython-38-x86_64-linux-gnu.so
[1.450s] -- Up-to-date: /home/evan/Desktop/Xplore/CS_workspace/install/xplore_interfaces/lib/python3.8/site-packages/xplore_interfaces/xplore_interfaces_s__rosidl_typesupport_c.cpython-38-x86_64-linux-gnu.so
[1.450s] -- Up-to-date: /home/evan/Desktop/Xplore/CS_workspace/install/xplore_interfaces/lib/libxplore_interfaces__python.so
[1.451s] -- Up-to-date: /home/evan/Desktop/Xplore/CS_workspace/install/xplore_interfaces/share/xplore_interfaces/msg/CameraError.idl
[1.451s] -- Up-to-date: /home/evan/Desktop/Xplore/CS_workspace/install/xplore_interfaces/share/xplore_interfaces/srv/DisableCamera.idl
[1.451s] -- Up-to-date: /home/evan/Desktop/Xplore/CS_workspace/install/xplore_interfaces/share/xplore_interfaces/srv/EnableCamera.idl
[1.451s] -- Up-to-date: /home/evan/Desktop/Xplore/CS_workspace/install/xplore_interfaces/share/xplore_interfaces/msg/CameraError.msg
[1.452s] -- Up-to-date: /home/evan/Desktop/Xplore/CS_workspace/install/xplore_interfaces/share/xplore_interfaces/srv/DisableCamera.srv
[1.452s] -- Up-to-date: /home/evan/Desktop/Xplore/CS_workspace/install/xplore_interfaces/share/xplore_interfaces/srv/DisableCamera_Request.msg
[1.452s] -- Up-to-date: /home/evan/Desktop/Xplore/CS_workspace/install/xplore_interfaces/share/xplore_interfaces/srv/DisableCamera_Response.msg
[1.452s] -- Up-to-date: /home/evan/Desktop/Xplore/CS_workspace/install/xplore_interfaces/share/xplore_interfaces/srv/EnableCamera.srv
[1.453s] -- Up-to-date: /home/evan/Desktop/Xplore/CS_workspace/install/xplore_interfaces/share/xplore_interfaces/srv/EnableCamera_Request.msg
[1.453s] -- Up-to-date: /home/evan/Desktop/Xplore/CS_workspace/install/xplore_interfaces/share/xplore_interfaces/srv/EnableCamera_Response.msg
[1.454s] -- Up-to-date: /home/evan/Desktop/Xplore/CS_workspace/install/xplore_interfaces/share/ament_index/resource_index/package_run_dependencies/xplore_interfaces
[1.455s] -- Up-to-date: /home/evan/Desktop/Xplore/CS_workspace/install/xplore_interfaces/share/ament_index/resource_index/parent_prefix_path/xplore_interfaces
[1.455s] -- Up-to-date: /home/evan/Desktop/Xplore/CS_workspace/install/xplore_interfaces/share/xplore_interfaces/environment/ament_prefix_path.sh
[1.455s] -- Up-to-date: /home/evan/Desktop/Xplore/CS_workspace/install/xplore_interfaces/share/xplore_interfaces/environment/ament_prefix_path.dsv
[1.455s] -- Up-to-date: /home/evan/Desktop/Xplore/CS_workspace/install/xplore_interfaces/share/xplore_interfaces/environment/path.sh
[1.456s] -- Up-to-date: /home/evan/Desktop/Xplore/CS_workspace/install/xplore_interfaces/share/xplore_interfaces/environment/path.dsv
[1.456s] -- Up-to-date: /home/evan/Desktop/Xplore/CS_workspace/install/xplore_interfaces/share/xplore_interfaces/local_setup.bash
[1.456s] -- Up-to-date: /home/evan/Desktop/Xplore/CS_workspace/install/xplore_interfaces/share/xplore_interfaces/local_setup.sh
[1.456s] -- Up-to-date: /home/evan/Desktop/Xplore/CS_workspace/install/xplore_interfaces/share/xplore_interfaces/local_setup.zsh
[1.457s] -- Up-to-date: /home/evan/Desktop/Xplore/CS_workspace/install/xplore_interfaces/share/xplore_interfaces/local_setup.dsv
[1.457s] -- Installing: /home/evan/Desktop/Xplore/CS_workspace/install/xplore_interfaces/share/xplore_interfaces/package.dsv
[1.458s] -- Up-to-date: /home/evan/Desktop/Xplore/CS_workspace/install/xplore_interfaces/share/ament_index/resource_index/packages/xplore_interfaces
[1.458s] -- Up-to-date: /home/evan/Desktop/Xplore/CS_workspace/install/xplore_interfaces/share/xplore_interfaces/cmake/xplore_interfaces__rosidl_generator_cExport.cmake
[1.458s] -- Up-to-date: /home/evan/Desktop/Xplore/CS_workspace/install/xplore_interfaces/share/xplore_interfaces/cmake/xplore_interfaces__rosidl_generator_cExport-noconfig.cmake
[1.459s] -- Up-to-date: /home/evan/Desktop/Xplore/CS_workspace/install/xplore_interfaces/share/xplore_interfaces/cmake/xplore_interfaces__rosidl_typesupport_introspection_cExport.cmake
[1.459s] -- Up-to-date: /home/evan/Desktop/Xplore/CS_workspace/install/xplore_interfaces/share/xplore_interfaces/cmake/xplore_interfaces__rosidl_typesupport_introspection_cExport-noconfig.cmake
[1.459s] -- Up-to-date: /home/evan/Desktop/Xplore/CS_workspace/install/xplore_interfaces/share/xplore_interfaces/cmake/xplore_interfaces__rosidl_typesupport_cExport.cmake
[1.459s] -- Up-to-date: /home/evan/Desktop/Xplore/CS_workspace/install/xplore_interfaces/share/xplore_interfaces/cmake/xplore_interfaces__rosidl_typesupport_cExport-noconfig.cmake
[1.460s] -- Up-to-date: /home/evan/Desktop/Xplore/CS_workspace/install/xplore_interfaces/share/xplore_interfaces/cmake/xplore_interfaces__rosidl_generator_cppExport.cmake
[1.460s] -- Up-to-date: /home/evan/Desktop/Xplore/CS_workspace/install/xplore_interfaces/share/xplore_interfaces/cmake/xplore_interfaces__rosidl_typesupport_introspection_cppExport.cmake
[1.460s] -- Up-to-date: /home/evan/Desktop/Xplore/CS_workspace/install/xplore_interfaces/share/xplore_interfaces/cmake/xplore_interfaces__rosidl_typesupport_introspection_cppExport-noconfig.cmake
[1.460s] -- Up-to-date: /home/evan/Desktop/Xplore/CS_workspace/install/xplore_interfaces/share/xplore_interfaces/cmake/xplore_interfaces__rosidl_typesupport_cppExport.cmake
[1.461s] -- Up-to-date: /home/evan/Desktop/Xplore/CS_workspace/install/xplore_interfaces/share/xplore_interfaces/cmake/xplore_interfaces__rosidl_typesupport_cppExport-noconfig.cmake
[1.461s] -- Up-to-date: /home/evan/Desktop/Xplore/CS_workspace/install/xplore_interfaces/share/xplore_interfaces/cmake/rosidl_cmake-extras.cmake
[1.461s] -- Up-to-date: /home/evan/Desktop/Xplore/CS_workspace/install/xplore_interfaces/share/xplore_interfaces/cmake/ament_cmake_export_dependencies-extras.cmake
[1.461s] -- Up-to-date: /home/evan/Desktop/Xplore/CS_workspace/install/xplore_interfaces/share/xplore_interfaces/cmake/ament_cmake_export_libraries-extras.cmake
[1.462s] -- Up-to-date: /home/evan/Desktop/Xplore/CS_workspace/install/xplore_interfaces/share/xplore_interfaces/cmake/ament_cmake_export_targets-extras.cmake
[1.462s] -- Up-to-date: /home/evan/Desktop/Xplore/CS_workspace/install/xplore_interfaces/share/xplore_interfaces/cmake/ament_cmake_export_include_directories-extras.cmake
[1.462s] -- Up-to-date: /home/evan/Desktop/Xplore/CS_workspace/install/xplore_interfaces/share/xplore_interfaces/cmake/rosidl_cmake_export_typesupport_libraries-extras.cmake
[1.462s] -- Up-to-date: /home/evan/Desktop/Xplore/CS_workspace/install/xplore_interfaces/share/xplore_interfaces/cmake/rosidl_cmake_export_typesupport_targets-extras.cmake
[1.462s] -- Up-to-date: /home/evan/Desktop/Xplore/CS_workspace/install/xplore_interfaces/share/xplore_interfaces/cmake/xplore_interfacesConfig.cmake
[1.462s] -- Up-to-date: /home/evan/Desktop/Xplore/CS_workspace/install/xplore_interfaces/share/xplore_interfaces/cmake/xplore_interfacesConfig-version.cmake
[1.463s] -- Up-to-date: /home/evan/Desktop/Xplore/CS_workspace/install/xplore_interfaces/share/xplore_interfaces/package.xml
[1.475s] Invoked command in '/home/evan/Desktop/Xplore/CS_workspace/build/xplore_interfaces' returned '0': CMAKE_PREFIX_PATH=${CMAKE_PREFIX_PATH}:/home/evan/Desktop/Xplore/CS_workspace/install/rover_pkg:/home/evan/Desktop/Xplore/CS_workspace/install/cs_test_pkg:/home/evan/Desktop/Xplore/CS_workspace/install/control_station_pkg:/opt/ros/foxy /usr/local/bin/cmake --install /home/evan/Desktop/Xplore/CS_workspace/build/xplore_interfaces
