running egg_info
writing ../../../build/control_station_pkg/control_station_pkg.egg-info/PKG-INFO
writing dependency_links to ../../../build/control_station_pkg/control_station_pkg.egg-info/dependency_links.txt
writing entry points to ../../../build/control_station_pkg/control_station_pkg.egg-info/entry_points.txt
writing requirements to ../../../build/control_station_pkg/control_station_pkg.egg-info/requires.txt
writing top-level names to ../../../build/control_station_pkg/control_station_pkg.egg-info/top_level.txt
reading manifest file '../../../build/control_station_pkg/control_station_pkg.egg-info/SOURCES.txt'
writing manifest file '../../../build/control_station_pkg/control_station_pkg.egg-info/SOURCES.txt'
running build
running build_py
running install
running install_lib
running install_data
running install_egg_info
removing '/home/evan/Desktop/Xplore/CS_workspace/install/control_station_pkg/lib/python3.8/site-packages/control_station_pkg-0.0.0-py3.8.egg-info' (and everything under it)
Copying ../../../build/control_station_pkg/control_station_pkg.egg-info to /home/evan/Desktop/Xplore/CS_workspace/install/control_station_pkg/lib/python3.8/site-packages/control_station_pkg-0.0.0-py3.8.egg-info
running install_scripts
Installing cameras_reciever script to /home/evan/Desktop/Xplore/CS_workspace/install/control_station_pkg/lib/control_station_pkg
Installing control_station script to /home/evan/Desktop/Xplore/CS_workspace/install/control_station_pkg/lib/control_station_pkg
writing list of installed files to '/home/evan/Desktop/Xplore/CS_workspace/build/control_station_pkg/install.log'
