[1.451s] Invoking command in '/home/zedrichu/Xplore|CS/control/cs_ws/src/control_station_pkg': PYTHONPATH=/home/zedrichu/Xplore|CS/control/cs_ws/install/control_station_pkg/lib/python3.10/site-packages:${PYTHONPATH} /usr/bin/python3 setup.py egg_info --egg-base ../../build/control_station_pkg build --build-base /home/zedrichu/Xplore|CS/control/cs_ws/build/control_station_pkg/build install --prefix /home/zedrichu/Xplore|CS/control/cs_ws/install/control_station_pkg --record /home/zedrichu/Xplore|CS/control/cs_ws/build/control_station_pkg/install.log --single-version-externally-managed
[1.799s] running egg_info
[1.800s] creating ../../build/control_station_pkg/control_station_pkg.egg-info
[1.800s] writing ../../build/control_station_pkg/control_station_pkg.egg-info/PKG-INFO
[1.801s] writing dependency_links to ../../build/control_station_pkg/control_station_pkg.egg-info/dependency_links.txt
[1.801s] writing entry points to ../../build/control_station_pkg/control_station_pkg.egg-info/entry_points.txt
[1.801s] writing requirements to ../../build/control_station_pkg/control_station_pkg.egg-info/requires.txt
[1.801s] writing top-level names to ../../build/control_station_pkg/control_station_pkg.egg-info/top_level.txt
[1.801s] writing manifest file '../../build/control_station_pkg/control_station_pkg.egg-info/SOURCES.txt'
[1.803s] reading manifest file '../../build/control_station_pkg/control_station_pkg.egg-info/SOURCES.txt'
[1.804s] writing manifest file '../../build/control_station_pkg/control_station_pkg.egg-info/SOURCES.txt'
[1.805s] running build
[1.805s] running build_py
[1.806s] creating /home/zedrichu/Xplore|CS/control/cs_ws/build/control_station_pkg/build
[1.807s] creating /home/zedrichu/Xplore|CS/control/cs_ws/build/control_station_pkg/build/lib
[1.807s] creating /home/zedrichu/Xplore|CS/control/cs_ws/build/control_station_pkg/build/lib/control_station_pkg
[1.807s] copying control_station_pkg/__init__.py -> /home/zedrichu/Xplore|CS/control/cs_ws/build/control_station_pkg/build/lib/control_station_pkg
[1.808s] copying control_station_pkg/control_station.py -> /home/zedrichu/Xplore|CS/control/cs_ws/build/control_station_pkg/build/lib/control_station_pkg
[1.808s] running install
[1.809s] /usr/lib/python3/dist-packages/setuptools/command/install.py:34: SetuptoolsDeprecationWarning: setup.py install is deprecated. Use build and pip and other standards-based tools.
[1.810s]   warnings.warn(
[1.810s] running install_lib
[1.811s] creating /home/zedrichu/Xplore|CS/control/cs_ws/install/control_station_pkg/lib/python3.10/site-packages/control_station_pkg
[1.811s] copying /home/zedrichu/Xplore|CS/control/cs_ws/build/control_station_pkg/build/lib/control_station_pkg/__init__.py -> /home/zedrichu/Xplore|CS/control/cs_ws/install/control_station_pkg/lib/python3.10/site-packages/control_station_pkg
[1.812s] copying /home/zedrichu/Xplore|CS/control/cs_ws/build/control_station_pkg/build/lib/control_station_pkg/control_station.py -> /home/zedrichu/Xplore|CS/control/cs_ws/install/control_station_pkg/lib/python3.10/site-packages/control_station_pkg
[1.812s] byte-compiling /home/zedrichu/Xplore|CS/control/cs_ws/install/control_station_pkg/lib/python3.10/site-packages/control_station_pkg/__init__.py to __init__.cpython-310.pyc
[1.813s] byte-compiling /home/zedrichu/Xplore|CS/control/cs_ws/install/control_station_pkg/lib/python3.10/site-packages/control_station_pkg/control_station.py to control_station.cpython-310.pyc
[1.813s] running install_data
[1.814s] creating /home/zedrichu/Xplore|CS/control/cs_ws/install/control_station_pkg/share/ament_index
[1.814s] creating /home/zedrichu/Xplore|CS/control/cs_ws/install/control_station_pkg/share/ament_index/resource_index
[1.814s] creating /home/zedrichu/Xplore|CS/control/cs_ws/install/control_station_pkg/share/ament_index/resource_index/packages
[1.817s] copying resource/control_station_pkg -> /home/zedrichu/Xplore|CS/control/cs_ws/install/control_station_pkg/share/ament_index/resource_index/packages
[1.817s] copying package.xml -> /home/zedrichu/Xplore|CS/control/cs_ws/install/control_station_pkg/share/control_station_pkg
[1.817s] running install_egg_info
[1.818s] Copying ../../build/control_station_pkg/control_station_pkg.egg-info to /home/zedrichu/Xplore|CS/control/cs_ws/install/control_station_pkg/lib/python3.10/site-packages/control_station_pkg-0.0.0-py3.10.egg-info
[1.818s] running install_scripts
[1.844s] Installing control_station script to /home/zedrichu/Xplore|CS/control/cs_ws/install/control_station_pkg/lib/control_station_pkg
[1.844s] writing list of installed files to '/home/zedrichu/Xplore|CS/control/cs_ws/build/control_station_pkg/install.log'
[1.876s] Invoked command in '/home/zedrichu/Xplore|CS/control/cs_ws/src/control_station_pkg' returned '0': PYTHONPATH=/home/zedrichu/Xplore|CS/control/cs_ws/install/control_station_pkg/lib/python3.10/site-packages:${PYTHONPATH} /usr/bin/python3 setup.py egg_info --egg-base ../../build/control_station_pkg build --build-base /home/zedrichu/Xplore|CS/control/cs_ws/build/control_station_pkg/build install --prefix /home/zedrichu/Xplore|CS/control/cs_ws/install/control_station_pkg --record /home/zedrichu/Xplore|CS/control/cs_ws/build/control_station_pkg/install.log --single-version-externally-managed
