[1.433s] Invoking command in '/home/zedrichu/Xplore|CS/control/cs_ws/src/rover_pkg': PYTHONPATH=/home/zedrichu/Xplore|CS/control/cs_ws/install/rover_pkg/lib/python3.10/site-packages:${PYTHONPATH} /usr/bin/python3 setup.py egg_info --egg-base ../../build/rover_pkg build --build-base /home/zedrichu/Xplore|CS/control/cs_ws/build/rover_pkg/build install --prefix /home/zedrichu/Xplore|CS/control/cs_ws/install/rover_pkg --record /home/zedrichu/Xplore|CS/control/cs_ws/build/rover_pkg/install.log --single-version-externally-managed
[1.779s] running egg_info
[1.781s] creating ../../build/rover_pkg/rover_pkg.egg-info
[1.782s] writing ../../build/rover_pkg/rover_pkg.egg-info/PKG-INFO
[1.782s] writing dependency_links to ../../build/rover_pkg/rover_pkg.egg-info/dependency_links.txt
[1.782s] writing entry points to ../../build/rover_pkg/rover_pkg.egg-info/entry_points.txt
[1.782s] writing requirements to ../../build/rover_pkg/rover_pkg.egg-info/requires.txt
[1.783s] writing top-level names to ../../build/rover_pkg/rover_pkg.egg-info/top_level.txt
[1.784s] writing manifest file '../../build/rover_pkg/rover_pkg.egg-info/SOURCES.txt'
[1.786s] reading manifest file '../../build/rover_pkg/rover_pkg.egg-info/SOURCES.txt'
[1.786s] writing manifest file '../../build/rover_pkg/rover_pkg.egg-info/SOURCES.txt'
[1.786s] running build
[1.786s] running build_py
[1.788s] creating /home/zedrichu/Xplore|CS/control/cs_ws/build/rover_pkg/build
[1.788s] creating /home/zedrichu/Xplore|CS/control/cs_ws/build/rover_pkg/build/lib
[1.788s] creating /home/zedrichu/Xplore|CS/control/cs_ws/build/rover_pkg/build/lib/rover_pkg
[1.788s] copying rover_pkg/rover.py -> /home/zedrichu/Xplore|CS/control/cs_ws/build/rover_pkg/build/lib/rover_pkg
[1.789s] copying rover_pkg/__init__.py -> /home/zedrichu/Xplore|CS/control/cs_ws/build/rover_pkg/build/lib/rover_pkg
[1.789s] running install
[1.790s] running install_lib
[1.790s] /usr/lib/python3/dist-packages/setuptools/command/install.py:34: SetuptoolsDeprecationWarning: setup.py install is deprecated. Use build and pip and other standards-based tools.
[1.791s]   warnings.warn(
[1.791s] creating /home/zedrichu/Xplore|CS/control/cs_ws/install/rover_pkg/lib/python3.10/site-packages/rover_pkg
[1.791s] copying /home/zedrichu/Xplore|CS/control/cs_ws/build/rover_pkg/build/lib/rover_pkg/rover.py -> /home/zedrichu/Xplore|CS/control/cs_ws/install/rover_pkg/lib/python3.10/site-packages/rover_pkg
[1.791s] copying /home/zedrichu/Xplore|CS/control/cs_ws/build/rover_pkg/build/lib/rover_pkg/__init__.py -> /home/zedrichu/Xplore|CS/control/cs_ws/install/rover_pkg/lib/python3.10/site-packages/rover_pkg
[1.791s] byte-compiling /home/zedrichu/Xplore|CS/control/cs_ws/install/rover_pkg/lib/python3.10/site-packages/rover_pkg/rover.py to rover.cpython-310.pyc
[1.791s] byte-compiling /home/zedrichu/Xplore|CS/control/cs_ws/install/rover_pkg/lib/python3.10/site-packages/rover_pkg/__init__.py to __init__.cpython-310.pyc
[1.791s] running install_data
[1.791s] creating /home/zedrichu/Xplore|CS/control/cs_ws/install/rover_pkg/share/ament_index
[1.792s] creating /home/zedrichu/Xplore|CS/control/cs_ws/install/rover_pkg/share/ament_index/resource_index
[1.792s] creating /home/zedrichu/Xplore|CS/control/cs_ws/install/rover_pkg/share/ament_index/resource_index/packages
[1.792s] copying resource/rover_pkg -> /home/zedrichu/Xplore|CS/control/cs_ws/install/rover_pkg/share/ament_index/resource_index/packages
[1.792s] copying package.xml -> /home/zedrichu/Xplore|CS/control/cs_ws/install/rover_pkg/share/rover_pkg
[1.792s] running install_egg_info
[1.792s] Copying ../../build/rover_pkg/rover_pkg.egg-info to /home/zedrichu/Xplore|CS/control/cs_ws/install/rover_pkg/lib/python3.10/site-packages/rover_pkg-0.0.0-py3.10.egg-info
[1.793s] running install_scripts
[1.822s] Installing rover script to /home/zedrichu/Xplore|CS/control/cs_ws/install/rover_pkg/lib/rover_pkg
[1.822s] writing list of installed files to '/home/zedrichu/Xplore|CS/control/cs_ws/build/rover_pkg/install.log'
[1.888s] Invoked command in '/home/zedrichu/Xplore|CS/control/cs_ws/src/rover_pkg' returned '0': PYTHONPATH=/home/zedrichu/Xplore|CS/control/cs_ws/install/rover_pkg/lib/python3.10/site-packages:${PYTHONPATH} /usr/bin/python3 setup.py egg_info --egg-base ../../build/rover_pkg build --build-base /home/zedrichu/Xplore|CS/control/cs_ws/build/rover_pkg/build install --prefix /home/zedrichu/Xplore|CS/control/cs_ws/install/rover_pkg --record /home/zedrichu/Xplore|CS/control/cs_ws/build/rover_pkg/install.log --single-version-externally-managed
